//----------------------------------------------------------------------------//
// Generated by LegUp High-Level Synthesis Tool Version 4.0 (http://legup.org)
// Compiled: Mon Jun  4 15:32:40 2018
// University of Toronto
// For research and academic purposes only. Commercial use is prohibited.
// Please send bugs to: legup@eecg.toronto.edu
// Date: Tue Sep  4 16:40:48 2018
//----------------------------------------------------------------------------//

Target Family: StratixV
Clock period constraint: 5.000000e+00ns
Start Function: main
state: LEGUP_0
   br label %1
   Transition: if (start): LEGUP_loop_pipeline_wait_loop0_1_1 default: LEGUP_0
state: LEGUP_loop_pipeline_wait_loop0_1_1
   %i.01 = phi i32 [ 0, %0 ], [ %29, %1 ], !legup.canonical_induction !2, !legup.pipeline.start_time !3, !legup.pipeline.avail_time !3, !legup.pipeline.stage !3 (endState: LEGUP_loop_pipeline_wait_loop0_1_1)
   br i1 %exitcond1, label %30, label %1, !legup.pipelined !2, !legup.II !14, !legup.totalTime !18, !legup.maxStage !13, !legup.tripCount !19, !legup.label !20, !legup.pipeline.start_time !3, !legup.pipeline.avail_time !3, !legup.pipeline.stage !3
   Transition: if (loop0_1_pipeline_finish): LEGUP_F_main_BB__30_2 default: LEGUP_loop_pipeline_wait_loop0_1_1
state: LEGUP_F_main_BB__30_2
   %31 = tail call i32 (i8*, ...)* @printf(i8* getelementptr inbounds ([8 x i8]* @.str1, i32 0, i32 0)) #2 (endState: LEGUP_F_main_BB__30_2)
   ret i32 0
   Transition: default: LEGUP_0

Basic Block: %1 Num States: 1
Basic Block: %30 Num States: 1
Basic Block: %0 Num States: 1
End Function: main
--------------------------------------------------------------------------------

