//----------------------------------------------------------------------------//
// Generated by LegUp High-Level Synthesis Tool Version 4.0 (http://legup.org)
// Compiled: Mon Jun  4 15:32:40 2018
// University of Toronto
// For research and academic purposes only. Commercial use is prohibited.
// Please send bugs to: legup@eecg.toronto.edu
// Date: Wed Jun  6 16:37:28 2018
//----------------------------------------------------------------------------//

Target Family: StratixV
Clock period constraint: 5.000000e+00ns
Start Function: main
state: LEGUP_0
   br label %1
   Transition: if (start): LEGUP_loop_pipeline_wait_loop_1_1 default: LEGUP_0
state: LEGUP_loop_pipeline_wait_loop_1_1
   %indvar = phi i32 [ %indvar.next, %1 ], [ 0, %0 ], !legup.canonical_induction !2, !legup.pipeline.start_time !3, !legup.pipeline.avail_time !3, !legup.pipeline.stage !3 (endState: LEGUP_loop_pipeline_wait_loop_1_1)
   br i1 %exitcond, label %306, label %1, !llvm.loop !83, !legup.pipelined !2, !legup.II !85, !legup.totalTime !86, !legup.maxStage !54, !legup.tripCount !62, !legup.label !87, !legup.pipeline.start_time !3, !legup.pipeline.avail_time !3, !legup.pipeline.stage !3
   Transition: if (loop_1_pipeline_finish): LEGUP_F_main_BB__306_2 default: LEGUP_loop_pipeline_wait_loop_1_1
state: LEGUP_F_main_BB__306_2
   %307 = load volatile i32* getelementptr inbounds ([100 x i32]* @dd, i32 0, i32 90), align 4, !tbaa !4 (endState: LEGUP_F_main_BB__306_4)
   Transition: default: LEGUP_F_main_BB__306_3
state: LEGUP_F_main_BB__306_3
   Transition: default: LEGUP_F_main_BB__306_4
state: LEGUP_F_main_BB__306_4
   %308 = tail call i32 (i8*, ...)* @printf(i8* getelementptr inbounds ([10 x i8]* @.str1, i32 0, i32 0), i32 %307) #2 (endState: LEGUP_F_main_BB__306_4)
   %309 = icmp eq i32 %307, 87301 (endState: LEGUP_F_main_BB__306_4)
   br i1 %309, label %310, label %312
   Transition: if (%309): LEGUP_F_main_BB__310_5 default: LEGUP_F_main_BB__312_6
state: LEGUP_F_main_BB__310_5
   %311 = tail call i32 (i8*, ...)* @printf(i8* getelementptr inbounds ([8 x i8]* @.str2, i32 0, i32 0)) #2 (endState: LEGUP_F_main_BB__310_5)
   br label %314
   Transition: default: LEGUP_F_main_BB__314_7
state: LEGUP_F_main_BB__312_6
   %313 = tail call i32 (i8*, ...)* @printf(i8* getelementptr inbounds ([8 x i8]* @.str3, i32 0, i32 0)) #2 (endState: LEGUP_F_main_BB__312_6)
   br label %314
   Transition: default: LEGUP_F_main_BB__314_7
state: LEGUP_F_main_BB__314_7
   ret i32 %307
   Transition: default: LEGUP_0

Basic Block: %0 Num States: 1
Basic Block: %1 Num States: 1
Basic Block: %306 Num States: 3
Basic Block: %310 Num States: 1
Basic Block: %312 Num States: 1
Basic Block: %314 Num States: 1
End Function: main
--------------------------------------------------------------------------------

