//----------------------------------------------------------------------------//
// Generated by LegUp High-Level Synthesis Tool Version 4.0 (http://legup.org)
// Compiled: Mon Jun  4 15:32:40 2018
// University of Toronto
// For research and academic purposes only. Commercial use is prohibited.
// Please send bugs to: legup@eecg.toronto.edu
// Date: Wed Jan  2 16:45:22 2019
//----------------------------------------------------------------------------//

Target Family: StratixV
Clock period constraint: 5.000000e+00ns
Start Function: main
state: LEGUP_0
   br label %1
   Transition: if (start): LEGUP_loop_pipeline_wait_loop0_1_1 default: LEGUP_0
state: LEGUP_loop_pipeline_wait_loop0_1_1
   %sum.02 = phi i32 [ 0, %0 ], [ %25, %1 ], !legup.pipeline.start_time !2, !legup.pipeline.avail_time !2, !legup.pipeline.stage !3 (endState: LEGUP_loop_pipeline_wait_loop0_1_1)
   %i.01 = phi i32 [ 0, %0 ], [ %26, %1 ], !legup.canonical_induction !4, !legup.pipeline.start_time !5, !legup.pipeline.avail_time !5, !legup.pipeline.stage !5 (endState: LEGUP_loop_pipeline_wait_loop0_1_1)
   br i1 %exitcond1, label %27, label %1, !legup.pipelined !4, !legup.II !10, !legup.totalTime !19, !legup.maxStage !13, !legup.tripCount !20, !legup.label !21, !legup.pipeline.start_time !5, !legup.pipeline.avail_time !5, !legup.pipeline.stage !5
   Transition: if (loop0_1_pipeline_finish): LEGUP_F_main_BB__27_2 default: LEGUP_loop_pipeline_wait_loop0_1_1
state: LEGUP_F_main_BB__27_2
   %28 = tail call i32 (i8*, ...)* @printf(i8* getelementptr inbounds ([10 x i8]* @.str1, i32 0, i32 0), i32 %25) #2 (endState: LEGUP_F_main_BB__27_2)
   %29 = icmp eq i32 %25, -631291264 (endState: LEGUP_F_main_BB__27_2)
   br i1 %29, label %30, label %32
   Transition: if (%29): LEGUP_F_main_BB__30_3 default: LEGUP_F_main_BB__32_4
state: LEGUP_F_main_BB__30_3
   %31 = tail call i32 (i8*, ...)* @printf(i8* getelementptr inbounds ([8 x i8]* @.str2, i32 0, i32 0)) #2 (endState: LEGUP_F_main_BB__30_3)
   br label %34
   Transition: default: LEGUP_F_main_BB__34_5
state: LEGUP_F_main_BB__32_4
   %33 = tail call i32 (i8*, ...)* @printf(i8* getelementptr inbounds ([8 x i8]* @.str3, i32 0, i32 0)) #2 (endState: LEGUP_F_main_BB__32_4)
   br label %34
   Transition: default: LEGUP_F_main_BB__34_5
state: LEGUP_F_main_BB__34_5
   ret i32 %25
   Transition: default: LEGUP_0

Basic Block: %0 Num States: 1
Basic Block: %1 Num States: 1
Basic Block: %27 Num States: 1
Basic Block: %30 Num States: 1
Basic Block: %32 Num States: 1
Basic Block: %34 Num States: 1
End Function: main
--------------------------------------------------------------------------------

