//----------------------------------------------------------------------------//
// Generated by LegUp High-Level Synthesis Tool Version 4.0 (http://legup.org)
// Compiled: Tue Feb 14 19:47:56 2017
// University of Toronto
// For research and academic purposes only. Commercial use is prohibited.
// Please send bugs to: legup@eecg.toronto.edu
// Date: Tue Nov  7 15:26:36 2017
//----------------------------------------------------------------------------//

allocateRAM: @b
Constant: 0
allocateRAM: @c
Constant: 0
allocateRAM: @d
Constant: 0
allocateRAM: @e
Constant: 0
allocateRAM: @f
Constant: 0
allocateRAM: @g
Constant: 0
allocateRAM: @h
Constant: 0
allocateRAM: @ii
Constant: 0
allocateRAM: @j
Constant: 0
allocateRAM: @aa
Constant: 0
allocateRAM: @bb
Constant: 0
allocateRAM: @cc
Constant: 0
allocateRAM: @dd
Constant: 0
allocating global ram: @b
allocating global ram: @c
allocating global ram: @d
allocating global ram: @e
allocating global ram: @f
allocating global ram: @g
allocating global ram: @h
allocating global ram: @ii
allocating global ram: @j
allocating global ram: @aa
allocating global ram: @bb
allocating global ram: @cc
allocating global ram: @dd
# of Vertices: 187
Representatives: 
1 -> 1
2 -> 2
3 -> 3
4 -> 4
5 -> 5
6 -> 6
7 -> 7
8 -> 8
9 -> 9
10 -> 10
11 -> 11
12 -> 12
13 -> 13
14 -> 14
15 -> 15
16 -> 16
17 -> 17
18 -> 18
19 -> 19
20 -> 20
21 -> 21
22 -> 22
23 -> 23
24 -> 24
25 -> 25
26 -> 26
27 -> 27
28 -> 28
29 -> 29
30 -> 30
31 -> 31
32 -> 32
33 -> 33
34 -> 34
35 -> 35
36 -> 36
37 -> 37
38 -> 38
39 -> 39
40 -> 40
41 -> 41
42 -> 42
43 -> 43
44 -> 44
45 -> 45
46 -> 46
47 -> 47
48 -> 48
49 -> 49
50 -> 50
51 -> 51
52 -> 52
53 -> 53
54 -> 54
55 -> 55
56 -> 56
57 -> 57
58 -> 58
59 -> 59
60 -> 60
61 -> 61
62 -> 62
63 -> 63
64 -> 64
65 -> 65
66 -> 66
67 -> 67
68 -> 68
69 -> 69
70 -> 70
71 -> 71
72 -> 72
73 -> 73
74 -> 74
75 -> 75
76 -> 76
77 -> 77
78 -> 78
79 -> 79
80 -> 80
81 -> 81
82 -> 82
83 -> 83
84 -> 84
85 -> 85
86 -> 86
87 -> 87
88 -> 88
89 -> 89
90 -> 90
91 -> 91
92 -> 92
93 -> 93
94 -> 94
95 -> 95
96 -> 96
97 -> 97
98 -> 98
99 -> 99
100 -> 100
101 -> 101
102 -> 102
103 -> 103
104 -> 104
105 -> 105
106 -> 106
107 -> 107
108 -> 108
109 -> 109
110 -> 110
111 -> 111
112 -> 112
113 -> 113
114 -> 114
115 -> 115
116 -> 116
117 -> 117
118 -> 118
119 -> 119
120 -> 120
121 -> 121
122 -> 122
123 -> 123
124 -> 124
125 -> 125
126 -> 126
127 -> 127
128 -> 128
129 -> 129
130 -> 130
131 -> 131
132 -> 132
133 -> 133
134 -> 134
135 -> 135
136 -> 136
137 -> 137
138 -> 138
139 -> 139
140 -> 140
141 -> 141
142 -> 142
143 -> 143
144 -> 144
145 -> 145
146 -> 146
147 -> 147
148 -> 148
149 -> 149
150 -> 150
151 -> 151
152 -> 152
153 -> 153
154 -> 154
155 -> 155
156 -> 156
157 -> 157
158 -> 158
159 -> 159
160 -> 160
161 -> 161
162 -> 162
163 -> 163
164 -> 164
165 -> 165
166 -> 166
167 -> 167
168 -> 168
169 -> 169
170 -> 170
171 -> 171
172 -> 172
173 -> 173
174 -> 174
175 -> 175
176 -> 176
177 -> 177
178 -> 178
179 -> 179
180 -> 180
181 -> 181
182 -> 182
183 -> 183
184 -> 184
185 -> 185
186 -> 186
187 -> 187

Connections (Graph): 
1 -> 71 72 130 131 
2 -> 59 64 
3 -> 73 74 132 133 
4 -> 52 54 
5 -> 75 76 134 135 
6 -> 48 50 
7 -> 77 79 136 137 
8 -> 45 46 
9 -> 80 81 138 139 
10 -> 58 63 
11 -> 82 83 140 141 
12 -> 40 44 
13 -> 84 85 142 143 
14 -> 57 62 
15 -> 86 144 
16 -> 39 
17 -> 87 88 145 146 
18 -> 56 61 
19 -> 
20 -> 37 
21 -> 
22 -> 38 
23 -> 
24 -> 36 
25 -> 69 70 107 128 129 165 186 
26 -> 35 43 66 68 187 
27 -> 
28 -> 
29 -> 
30 -> 
31 -> 
32 -> 
33 -> 
34 -> 
35 -> 
36 -> 
37 -> 
38 -> 
39 -> 
40 -> 
41 -> 
42 -> 41 47 49 51 53 55 60 65 67 78 127 185 
43 -> 
44 -> 
45 -> 
46 -> 
47 -> 
48 -> 
49 -> 
50 -> 
51 -> 
52 -> 
53 -> 
54 -> 
55 -> 
56 -> 
57 -> 
58 -> 
59 -> 
60 -> 
61 -> 
62 -> 
63 -> 
64 -> 
65 -> 
66 -> 
67 -> 
68 -> 
69 -> 89 108 
70 -> 89 108 
71 -> 90 109 
72 -> 91 110 
73 -> 92 111 
74 -> 93 112 
75 -> 94 113 
76 -> 95 114 
77 -> 96 115 
78 -> 
79 -> 97 116 
80 -> 98 117 
81 -> 99 118 
82 -> 100 119 
83 -> 101 120 
84 -> 102 121 
85 -> 103 122 
86 -> 104 123 
87 -> 105 124 
88 -> 106 125 
89 -> 90 
90 -> 91 
91 -> 92 
92 -> 93 
93 -> 94 
94 -> 95 
95 -> 96 
96 -> 97 
97 -> 98 
98 -> 99 
99 -> 100 
100 -> 101 
101 -> 102 
102 -> 103 
103 -> 104 
104 -> 105 
105 -> 106 
106 -> 
107 -> 126 
108 -> 109 
109 -> 110 
110 -> 111 
111 -> 112 
112 -> 113 
113 -> 114 
114 -> 115 
115 -> 116 
116 -> 117 
117 -> 118 
118 -> 119 
119 -> 120 
120 -> 121 
121 -> 122 
122 -> 123 
123 -> 124 
124 -> 125 
125 -> 126 
126 -> 127 
127 -> 
128 -> 147 166 
129 -> 147 166 
130 -> 148 167 
131 -> 149 168 
132 -> 150 169 
133 -> 151 170 
134 -> 152 171 
135 -> 153 172 
136 -> 154 173 
137 -> 155 174 
138 -> 156 175 
139 -> 157 176 
140 -> 158 177 
141 -> 159 178 
142 -> 160 179 
143 -> 161 180 
144 -> 162 181 
145 -> 163 182 
146 -> 164 183 
147 -> 148 
148 -> 149 
149 -> 150 
150 -> 151 
151 -> 152 
152 -> 153 
153 -> 154 
154 -> 155 
155 -> 156 
156 -> 157 
157 -> 158 
158 -> 159 
159 -> 160 
160 -> 161 
161 -> 162 
162 -> 163 
163 -> 164 
164 -> 
165 -> 184 
166 -> 167 
167 -> 168 
168 -> 169 
169 -> 170 
170 -> 171 
171 -> 172 
172 -> 173 
173 -> 174 
174 -> 175 
175 -> 176 
176 -> 177 
177 -> 178 
178 -> 179 
179 -> 180 
180 -> 181 
181 -> 182 
182 -> 183 
183 -> 184 
184 -> 185 
185 -> 
186 -> 
187 -> 

Points-to-set: 
1 -> {}
2 -> {1, }
3 -> {}
4 -> {3, }
5 -> {}
6 -> {5, }
7 -> {}
8 -> {7, }
9 -> {}
10 -> {9, }
11 -> {}
12 -> {11, }
13 -> {}
14 -> {13, }
15 -> {}
16 -> {15, }
17 -> {}
18 -> {17, }
19 -> {}
20 -> {19, }
21 -> {}
22 -> {21, }
23 -> {}
24 -> {23, }
25 -> {}
26 -> {25, }
27 -> {}
28 -> {27, }
29 -> {}
30 -> {29, }
31 -> {}
32 -> {31, }
33 -> {}
34 -> {33, }
35 -> {25, }
36 -> {23, }
37 -> {19, }
38 -> {21, }
39 -> {15, }
40 -> {11, }
41 -> {}
42 -> {}
43 -> {25, }
44 -> {11, }
45 -> {7, }
46 -> {7, }
47 -> {}
48 -> {5, }
49 -> {}
50 -> {5, }
51 -> {}
52 -> {3, }
53 -> {}
54 -> {3, }
55 -> {}
56 -> {17, }
57 -> {13, }
58 -> {9, }
59 -> {1, }
60 -> {}
61 -> {17, }
62 -> {13, }
63 -> {9, }
64 -> {1, }
65 -> {}
66 -> {25, }
67 -> {}
68 -> {25, }
69 -> {}
70 -> {}
71 -> {}
72 -> {}
73 -> {}
74 -> {}
75 -> {}
76 -> {}
77 -> {}
78 -> {}
79 -> {}
80 -> {}
81 -> {}
82 -> {}
83 -> {}
84 -> {}
85 -> {}
86 -> {}
87 -> {}
88 -> {}
89 -> {}
90 -> {}
91 -> {}
92 -> {}
93 -> {}
94 -> {}
95 -> {}
96 -> {}
97 -> {}
98 -> {}
99 -> {}
100 -> {}
101 -> {}
102 -> {}
103 -> {}
104 -> {}
105 -> {}
106 -> {}
107 -> {}
108 -> {}
109 -> {}
110 -> {}
111 -> {}
112 -> {}
113 -> {}
114 -> {}
115 -> {}
116 -> {}
117 -> {}
118 -> {}
119 -> {}
120 -> {}
121 -> {}
122 -> {}
123 -> {}
124 -> {}
125 -> {}
126 -> {}
127 -> {}
128 -> {}
129 -> {}
130 -> {}
131 -> {}
132 -> {}
133 -> {}
134 -> {}
135 -> {}
136 -> {}
137 -> {}
138 -> {}
139 -> {}
140 -> {}
141 -> {}
142 -> {}
143 -> {}
144 -> {}
145 -> {}
146 -> {}
147 -> {}
148 -> {}
149 -> {}
150 -> {}
151 -> {}
152 -> {}
153 -> {}
154 -> {}
155 -> {}
156 -> {}
157 -> {}
158 -> {}
159 -> {}
160 -> {}
161 -> {}
162 -> {}
163 -> {}
164 -> {}
165 -> {}
166 -> {}
167 -> {}
168 -> {}
169 -> {}
170 -> {}
171 -> {}
172 -> {}
173 -> {}
174 -> {}
175 -> {}
176 -> {}
177 -> {}
178 -> {}
179 -> {}
180 -> {}
181 -> {}
182 -> {}
183 -> {}
184 -> {}
185 -> {}
186 -> {}
187 -> {25, }

Variable: Int -> Value* mapping
18: @j = internal global [100 x i32] [i32 1, i32 2, i32 3, i32 4, i32 5, i32 6, i32 7, i32 8, i32 9, i32 10, i32 11, i32 12, i32 13, i32 14, i32 15, i32 16, i32 17, i32 18, i32 19, i32 20, i32 21, i32 22, i32 23, i32 24, i32 25, i32 26, i32 27, i32 28, i32 29, i32 30, i32 31, i32 32, i32 33, i32 34, i32 35, i32 36, i32 37, i32 38, i32 39, i32 40, i32 41, i32 42, i32 43, i32 44, i32 45, i32 46, i32 47, i32 48, i32 49, i32 50, i32 51, i32 52, i32 53, i32 54, i32 55, i32 56, i32 57, i32 58, i32 59, i32 60, i32 61, i32 62, i32 63, i32 64, i32 65, i32 66, i32 67, i32 68, i32 69, i32 70, i32 71, i32 72, i32 73, i32 74, i32 75, i32 76, i32 77, i32 78, i32 79, i32 80, i32 81, i32 82, i32 83, i32 84, i32 85, i32 86, i32 87, i32 88, i32 89, i32 90, i32 91, i32 92, i32 93, i32 94, i32 95, i32 96, i32 97, i32 98, i32 99, i32 -100], align 4
20: @aa = internal global [100 x i32] [i32 1, i32 2, i32 3, i32 4, i32 5, i32 6, i32 7, i32 8, i32 9, i32 10, i32 11, i32 12, i32 13, i32 14, i32 15, i32 16, i32 17, i32 18, i32 19, i32 20, i32 21, i32 22, i32 23, i32 24, i32 25, i32 26, i32 27, i32 28, i32 29, i32 30, i32 31, i32 32, i32 33, i32 34, i32 35, i32 36, i32 37, i32 38, i32 39, i32 40, i32 41, i32 42, i32 43, i32 44, i32 45, i32 46, i32 47, i32 48, i32 49, i32 50, i32 51, i32 52, i32 53, i32 54, i32 55, i32 56, i32 57, i32 58, i32 59, i32 60, i32 61, i32 62, i32 63, i32 64, i32 65, i32 66, i32 67, i32 68, i32 69, i32 70, i32 71, i32 72, i32 73, i32 74, i32 75, i32 76, i32 77, i32 78, i32 79, i32 80, i32 81, i32 82, i32 83, i32 84, i32 85, i32 86, i32 87, i32 88, i32 89, i32 90, i32 91, i32 92, i32 93, i32 94, i32 95, i32 96, i32 97, i32 98, i32 99, i32 -100], align 4
22: @bb = internal global [100 x i32] [i32 1, i32 2, i32 3, i32 4, i32 5, i32 6, i32 7, i32 8, i32 9, i32 10, i32 11, i32 12, i32 13, i32 14, i32 15, i32 16, i32 17, i32 18, i32 19, i32 20, i32 21, i32 22, i32 23, i32 24, i32 25, i32 26, i32 27, i32 28, i32 29, i32 30, i32 31, i32 32, i32 33, i32 34, i32 35, i32 36, i32 37, i32 38, i32 39, i32 40, i32 41, i32 42, i32 43, i32 44, i32 45, i32 46, i32 47, i32 48, i32 49, i32 50, i32 51, i32 52, i32 53, i32 54, i32 55, i32 56, i32 57, i32 58, i32 59, i32 60, i32 61, i32 62, i32 63, i32 64, i32 65, i32 66, i32 67, i32 68, i32 69, i32 70, i32 71, i32 72, i32 73, i32 74, i32 75, i32 76, i32 77, i32 78, i32 79, i32 80, i32 81, i32 82, i32 83, i32 84, i32 85, i32 86, i32 87, i32 88, i32 89, i32 90, i32 91, i32 92, i32 93, i32 94, i32 95, i32 96, i32 97, i32 98, i32 99, i32 -100], align 4
6: @d = internal global [100 x i32] [i32 1, i32 2, i32 3, i32 4, i32 5, i32 6, i32 7, i32 8, i32 9, i32 10, i32 11, i32 12, i32 13, i32 14, i32 15, i32 16, i32 17, i32 18, i32 19, i32 20, i32 21, i32 22, i32 23, i32 24, i32 25, i32 26, i32 27, i32 28, i32 29, i32 30, i32 31, i32 32, i32 33, i32 34, i32 35, i32 36, i32 37, i32 38, i32 39, i32 40, i32 41, i32 42, i32 43, i32 44, i32 45, i32 46, i32 47, i32 48, i32 49, i32 50, i32 51, i32 52, i32 53, i32 54, i32 55, i32 56, i32 57, i32 58, i32 59, i32 60, i32 61, i32 62, i32 63, i32 64, i32 65, i32 66, i32 67, i32 68, i32 69, i32 70, i32 71, i32 72, i32 73, i32 74, i32 75, i32 76, i32 77, i32 78, i32 79, i32 80, i32 81, i32 82, i32 83, i32 84, i32 85, i32 86, i32 87, i32 88, i32 89, i32 90, i32 91, i32 92, i32 93, i32 94, i32 95, i32 96, i32 97, i32 98, i32 99, i32 -100], align 4
8: @e = internal global [100 x i32] [i32 1, i32 2, i32 3, i32 4, i32 5, i32 6, i32 7, i32 8, i32 9, i32 10, i32 11, i32 12, i32 13, i32 14, i32 15, i32 16, i32 17, i32 18, i32 19, i32 20, i32 21, i32 22, i32 23, i32 24, i32 25, i32 26, i32 27, i32 28, i32 29, i32 30, i32 31, i32 32, i32 33, i32 34, i32 35, i32 36, i32 37, i32 38, i32 39, i32 40, i32 41, i32 42, i32 43, i32 44, i32 45, i32 46, i32 47, i32 48, i32 49, i32 50, i32 51, i32 52, i32 53, i32 54, i32 55, i32 56, i32 57, i32 58, i32 59, i32 60, i32 61, i32 62, i32 63, i32 64, i32 65, i32 66, i32 67, i32 68, i32 69, i32 70, i32 71, i32 72, i32 73, i32 74, i32 75, i32 76, i32 77, i32 78, i32 79, i32 80, i32 81, i32 82, i32 83, i32 84, i32 85, i32 86, i32 87, i32 88, i32 89, i32 90, i32 91, i32 92, i32 93, i32 94, i32 95, i32 96, i32 97, i32 98, i32 99, i32 -100], align 4
2: @b = internal global [100 x i32] [i32 1, i32 2, i32 3, i32 4, i32 5, i32 6, i32 7, i32 8, i32 9, i32 10, i32 11, i32 12, i32 13, i32 14, i32 15, i32 16, i32 17, i32 18, i32 19, i32 20, i32 21, i32 22, i32 23, i32 24, i32 25, i32 26, i32 27, i32 28, i32 29, i32 30, i32 31, i32 32, i32 33, i32 34, i32 35, i32 36, i32 37, i32 38, i32 39, i32 40, i32 41, i32 42, i32 43, i32 44, i32 45, i32 46, i32 47, i32 48, i32 49, i32 50, i32 51, i32 52, i32 53, i32 54, i32 55, i32 56, i32 57, i32 58, i32 59, i32 60, i32 61, i32 62, i32 63, i32 64, i32 65, i32 66, i32 67, i32 68, i32 69, i32 70, i32 71, i32 72, i32 73, i32 74, i32 75, i32 76, i32 77, i32 78, i32 79, i32 80, i32 81, i32 82, i32 83, i32 84, i32 85, i32 86, i32 87, i32 88, i32 89, i32 90, i32 91, i32 92, i32 93, i32 94, i32 95, i32 96, i32 97, i32 98, i32 99, i32 -100], align 4
10: @f = internal global [100 x i32] [i32 1, i32 2, i32 3, i32 4, i32 5, i32 6, i32 7, i32 8, i32 9, i32 10, i32 11, i32 12, i32 13, i32 14, i32 15, i32 16, i32 17, i32 18, i32 19, i32 20, i32 21, i32 22, i32 23, i32 24, i32 25, i32 26, i32 27, i32 28, i32 29, i32 30, i32 31, i32 32, i32 33, i32 34, i32 35, i32 36, i32 37, i32 38, i32 39, i32 40, i32 41, i32 42, i32 43, i32 44, i32 45, i32 46, i32 47, i32 48, i32 49, i32 50, i32 51, i32 52, i32 53, i32 54, i32 55, i32 56, i32 57, i32 58, i32 59, i32 60, i32 61, i32 62, i32 63, i32 64, i32 65, i32 66, i32 67, i32 68, i32 69, i32 70, i32 71, i32 72, i32 73, i32 74, i32 75, i32 76, i32 77, i32 78, i32 79, i32 80, i32 81, i32 82, i32 83, i32 84, i32 85, i32 86, i32 87, i32 88, i32 89, i32 90, i32 91, i32 92, i32 93, i32 94, i32 95, i32 96, i32 97, i32 98, i32 99, i32 -100], align 4
24: @cc = internal global [100 x i32] [i32 1, i32 2, i32 3, i32 4, i32 5, i32 6, i32 7, i32 8, i32 9, i32 10, i32 11, i32 12, i32 13, i32 14, i32 15, i32 16, i32 17, i32 18, i32 19, i32 20, i32 21, i32 22, i32 23, i32 24, i32 25, i32 26, i32 27, i32 28, i32 29, i32 30, i32 31, i32 32, i32 33, i32 34, i32 35, i32 36, i32 37, i32 38, i32 39, i32 40, i32 41, i32 42, i32 43, i32 44, i32 45, i32 46, i32 47, i32 48, i32 49, i32 50, i32 51, i32 52, i32 53, i32 54, i32 55, i32 56, i32 57, i32 58, i32 59, i32 60, i32 61, i32 62, i32 63, i32 64, i32 65, i32 66, i32 67, i32 68, i32 69, i32 70, i32 71, i32 72, i32 73, i32 74, i32 75, i32 76, i32 77, i32 78, i32 79, i32 80, i32 81, i32 82, i32 83, i32 84, i32 85, i32 86, i32 87, i32 88, i32 89, i32 90, i32 91, i32 92, i32 93, i32 94, i32 95, i32 96, i32 97, i32 98, i32 99, i32 -100], align 4
26: @dd = internal global [100 x i32] [i32 1, i32 2, i32 3, i32 4, i32 5, i32 6, i32 7, i32 8, i32 9, i32 10, i32 11, i32 12, i32 13, i32 14, i32 15, i32 16, i32 17, i32 18, i32 19, i32 20, i32 21, i32 22, i32 23, i32 24, i32 25, i32 26, i32 27, i32 28, i32 29, i32 30, i32 31, i32 32, i32 33, i32 34, i32 35, i32 36, i32 37, i32 38, i32 39, i32 40, i32 41, i32 42, i32 43, i32 44, i32 45, i32 46, i32 47, i32 48, i32 49, i32 50, i32 51, i32 52, i32 53, i32 54, i32 55, i32 56, i32 57, i32 58, i32 59, i32 60, i32 61, i32 62, i32 63, i32 64, i32 65, i32 66, i32 67, i32 68, i32 69, i32 70, i32 71, i32 72, i32 73, i32 74, i32 75, i32 76, i32 77, i32 78, i32 79, i32 80, i32 81, i32 82, i32 83, i32 84, i32 85, i32 86, i32 87, i32 88, i32 89, i32 90, i32 91, i32 92, i32 93, i32 94, i32 95, i32 96, i32 97, i32 98, i32 99, i32 -100], align 4
12: @g = internal global [100 x i32] [i32 1, i32 2, i32 3, i32 4, i32 5, i32 6, i32 7, i32 8, i32 9, i32 10, i32 11, i32 12, i32 13, i32 14, i32 15, i32 16, i32 17, i32 18, i32 19, i32 20, i32 21, i32 22, i32 23, i32 24, i32 25, i32 26, i32 27, i32 28, i32 29, i32 30, i32 31, i32 32, i32 33, i32 34, i32 35, i32 36, i32 37, i32 38, i32 39, i32 40, i32 41, i32 42, i32 43, i32 44, i32 45, i32 46, i32 47, i32 48, i32 49, i32 50, i32 51, i32 52, i32 53, i32 54, i32 55, i32 56, i32 57, i32 58, i32 59, i32 60, i32 61, i32 62, i32 63, i32 64, i32 65, i32 66, i32 67, i32 68, i32 69, i32 70, i32 71, i32 72, i32 73, i32 74, i32 75, i32 76, i32 77, i32 78, i32 79, i32 80, i32 81, i32 82, i32 83, i32 84, i32 85, i32 86, i32 87, i32 88, i32 89, i32 90, i32 91, i32 92, i32 93, i32 94, i32 95, i32 96, i32 97, i32 98, i32 99, i32 -100], align 4
14: @h = internal global [100 x i32] [i32 1, i32 2, i32 3, i32 4, i32 5, i32 6, i32 7, i32 8, i32 9, i32 10, i32 11, i32 12, i32 13, i32 14, i32 15, i32 16, i32 17, i32 18, i32 19, i32 20, i32 21, i32 22, i32 23, i32 24, i32 25, i32 26, i32 27, i32 28, i32 29, i32 30, i32 31, i32 32, i32 33, i32 34, i32 35, i32 36, i32 37, i32 38, i32 39, i32 40, i32 41, i32 42, i32 43, i32 44, i32 45, i32 46, i32 47, i32 48, i32 49, i32 50, i32 51, i32 52, i32 53, i32 54, i32 55, i32 56, i32 57, i32 58, i32 59, i32 60, i32 61, i32 62, i32 63, i32 64, i32 65, i32 66, i32 67, i32 68, i32 69, i32 70, i32 71, i32 72, i32 73, i32 74, i32 75, i32 76, i32 77, i32 78, i32 79, i32 80, i32 81, i32 82, i32 83, i32 84, i32 85, i32 86, i32 87, i32 88, i32 89, i32 90, i32 91, i32 92, i32 93, i32 94, i32 95, i32 96, i32 97, i32 98, i32 99, i32 -100], align 4
16: @ii = internal global [100 x i32] [i32 1, i32 2, i32 3, i32 4, i32 5, i32 6, i32 7, i32 8, i32 9, i32 10, i32 11, i32 12, i32 13, i32 14, i32 15, i32 16, i32 17, i32 18, i32 19, i32 20, i32 21, i32 22, i32 23, i32 24, i32 25, i32 26, i32 27, i32 28, i32 29, i32 30, i32 31, i32 32, i32 33, i32 34, i32 35, i32 36, i32 37, i32 38, i32 39, i32 40, i32 41, i32 42, i32 43, i32 44, i32 45, i32 46, i32 47, i32 48, i32 49, i32 50, i32 51, i32 52, i32 53, i32 54, i32 55, i32 56, i32 57, i32 58, i32 59, i32 60, i32 61, i32 62, i32 63, i32 64, i32 65, i32 66, i32 67, i32 68, i32 69, i32 70, i32 71, i32 72, i32 73, i32 74, i32 75, i32 76, i32 77, i32 78, i32 79, i32 80, i32 81, i32 82, i32 83, i32 84, i32 85, i32 86, i32 87, i32 88, i32 89, i32 90, i32 91, i32 92, i32 93, i32 94, i32 95, i32 96, i32 97, i32 98, i32 99, i32 -100], align 4
4: @c = internal global [100 x i32] [i32 1, i32 2, i32 3, i32 4, i32 5, i32 6, i32 7, i32 8, i32 9, i32 10, i32 11, i32 12, i32 13, i32 14, i32 15, i32 16, i32 17, i32 18, i32 19, i32 20, i32 21, i32 22, i32 23, i32 24, i32 25, i32 26, i32 27, i32 28, i32 29, i32 30, i32 31, i32 32, i32 33, i32 34, i32 35, i32 36, i32 37, i32 38, i32 39, i32 40, i32 41, i32 42, i32 43, i32 44, i32 45, i32 46, i32 47, i32 48, i32 49, i32 50, i32 51, i32 52, i32 53, i32 54, i32 55, i32 56, i32 57, i32 58, i32 59, i32 60, i32 61, i32 62, i32 63, i32 64, i32 65, i32 66, i32 67, i32 68, i32 69, i32 70, i32 71, i32 72, i32 73, i32 74, i32 75, i32 76, i32 77, i32 78, i32 79, i32 80, i32 81, i32 82, i32 83, i32 84, i32 85, i32 86, i32 87, i32 88, i32 89, i32 90, i32 91, i32 92, i32 93, i32 94, i32 95, i32 96, i32 97, i32 98, i32 99, i32 -100], align 4
28: @.str = private unnamed_addr constant [5 x i8] c"loop\00", align 1
30: @.str1 = private unnamed_addr constant [10 x i8] c"sum = %d\0A\00", align 1
32: @.str2 = private unnamed_addr constant [8 x i8] c"PASSED\0A\00", align 1
34: @.str3 = private unnamed_addr constant [8 x i8] c"FAILED\0A\00", align 1
51:   %6 = add i32 %2, 5, !legup.pipeline.start_time !3, !legup.pipeline.avail_time !3, !legup.pipeline.stage !3
52:   %scevgep13 = getelementptr [100 x i32]* @c, i32 0, i32 %6, !legup.pipeline.start_time !3, !legup.pipeline.avail_time !3, !legup.pipeline.stage !3
53:   %7 = add i32 %2, 4, !legup.pipeline.start_time !3, !legup.pipeline.avail_time !3, !legup.pipeline.stage !3
54:   %scevgep14 = getelementptr [100 x i32]* @c, i32 0, i32 %7, !legup.pipeline.start_time !3, !legup.pipeline.avail_time !3, !legup.pipeline.stage !3
55:   %8 = add i32 %2, 3, !legup.pipeline.start_time !3, !legup.pipeline.avail_time !3, !legup.pipeline.stage !3
56:   %scevgep15 = getelementptr [100 x i32]* @j, i32 0, i32 %8, !legup.pipeline.start_time !3, !legup.pipeline.avail_time !3, !legup.pipeline.stage !3
57:   %scevgep16 = getelementptr [100 x i32]* @h, i32 0, i32 %8, !legup.pipeline.start_time !3, !legup.pipeline.avail_time !3, !legup.pipeline.stage !3
58:   %scevgep17 = getelementptr [100 x i32]* @f, i32 0, i32 %8, !legup.pipeline.start_time !3, !legup.pipeline.avail_time !3, !legup.pipeline.stage !3
59:   %scevgep18 = getelementptr [100 x i32]* @b, i32 0, i32 %8, !legup.pipeline.start_time !3, !legup.pipeline.avail_time !3, !legup.pipeline.stage !3
60:   %9 = add i32 %2, 2, !legup.pipeline.start_time !3, !legup.pipeline.avail_time !3, !legup.pipeline.stage !3
61:   %scevgep19 = getelementptr [100 x i32]* @j, i32 0, i32 %9, !legup.pipeline.start_time !3, !legup.pipeline.avail_time !3, !legup.pipeline.stage !3
62:   %scevgep20 = getelementptr [100 x i32]* @h, i32 0, i32 %9, !legup.pipeline.start_time !3, !legup.pipeline.avail_time !3, !legup.pipeline.stage !3
63:   %scevgep21 = getelementptr [100 x i32]* @f, i32 0, i32 %9, !legup.pipeline.start_time !3, !legup.pipeline.avail_time !3, !legup.pipeline.stage !3
40:   %scevgep6 = getelementptr [100 x i32]* @g, i32 0, i32 %2, !legup.pipeline.start_time !3, !legup.pipeline.avail_time !3, !legup.pipeline.stage !3
41:   %3 = add i32 %2, 1, !legup.pipeline.start_time !3, !legup.pipeline.avail_time !3, !legup.pipeline.stage !3
43:   %scevgep7 = getelementptr [100 x i32]* @dd, i32 0, i32 %3, !legup.pipeline.start_time !3, !legup.pipeline.avail_time !3, !legup.pipeline.stage !3
44:   %scevgep8 = getelementptr [100 x i32]* @g, i32 0, i32 %3, !legup.pipeline.start_time !3, !legup.pipeline.avail_time !3, !legup.pipeline.stage !3
45:   %scevgep9 = getelementptr [100 x i32]* @e, i32 0, i32 %3, !legup.pipeline.start_time !3, !legup.pipeline.avail_time !3, !legup.pipeline.stage !3
46:   %scevgep10 = getelementptr [100 x i32]* @e, i32 0, i32 %2, !legup.pipeline.start_time !3, !legup.pipeline.avail_time !3, !legup.pipeline.stage !3
47:   %4 = add i32 %2, 7, !legup.pipeline.start_time !3, !legup.pipeline.avail_time !3, !legup.pipeline.stage !3
48:   %scevgep11 = getelementptr [100 x i32]* @d, i32 0, i32 %4, !legup.pipeline.start_time !3, !legup.pipeline.avail_time !3, !legup.pipeline.stage !3
49:   %5 = add i32 %2, 6, !legup.pipeline.start_time !3, !legup.pipeline.avail_time !3, !legup.pipeline.stage !3
50:   %scevgep12 = getelementptr [100 x i32]* @d, i32 0, i32 %5, !legup.pipeline.start_time !3, !legup.pipeline.avail_time !3, !legup.pipeline.stage !3
187: i32* getelementptr inbounds ([100 x i32]* @dd, i32 0, i32 90)
42:   %2 = phi i32 [ 0, %0 ], [ %21, %1 ], !legup.canonical_induction !2, !legup.pipeline.start_time !3, !legup.pipeline.avail_time !3, !legup.pipeline.stage !3
35:   %scevgep = getelementptr [100 x i32]* @dd, i32 0, i32 %2, !legup.pipeline.start_time !3, !legup.pipeline.avail_time !3, !legup.pipeline.stage !3
36:   %scevgep2 = getelementptr [100 x i32]* @cc, i32 0, i32 %2, !legup.pipeline.start_time !3, !legup.pipeline.avail_time !3, !legup.pipeline.stage !3
37:   %scevgep3 = getelementptr [100 x i32]* @aa, i32 0, i32 %2, !legup.pipeline.start_time !3, !legup.pipeline.avail_time !3, !legup.pipeline.stage !3
38:   %scevgep4 = getelementptr [100 x i32]* @bb, i32 0, i32 %2, !legup.pipeline.start_time !3, !legup.pipeline.avail_time !3, !legup.pipeline.stage !3
39:   %scevgep5 = getelementptr [100 x i32]* @ii, i32 0, i32 %2, !legup.pipeline.start_time !3, !legup.pipeline.avail_time !3, !legup.pipeline.stage !3
80:   %23 = load volatile i32* %scevgep21, align 4, !tbaa !4, !legup.pipeline.start_time !3, !legup.pipeline.avail_time !2, !legup.pipeline.stage !3
81:   %24 = load volatile i32* %scevgep17, align 4, !tbaa !4, !legup.pipeline.start_time !3, !legup.pipeline.avail_time !2, !legup.pipeline.stage !3
82:   %25 = load volatile i32* %scevgep6, align 4, !tbaa !4, !legup.pipeline.start_time !3, !legup.pipeline.avail_time !2, !legup.pipeline.stage !3
83:   %26 = load volatile i32* %scevgep8, align 4, !tbaa !4, !legup.pipeline.start_time !2, !legup.pipeline.avail_time !8, !legup.pipeline.stage !3
84:   %27 = load volatile i32* %scevgep20, align 4, !tbaa !4, !legup.pipeline.start_time !3, !legup.pipeline.avail_time !2, !legup.pipeline.stage !3
85:   %28 = load volatile i32* %scevgep16, align 4, !tbaa !4, !legup.pipeline.start_time !3, !legup.pipeline.avail_time !2, !legup.pipeline.stage !3
86:   %29 = load volatile i32* %scevgep5, align 4, !tbaa !4, !legup.pipeline.start_time !3, !legup.pipeline.avail_time !2, !legup.pipeline.stage !3
87:   %30 = load volatile i32* %scevgep19, align 4, !tbaa !4, !legup.pipeline.start_time !3, !legup.pipeline.avail_time !2, !legup.pipeline.stage !3
88:   %31 = load volatile i32* %scevgep15, align 4, !tbaa !4, !legup.pipeline.start_time !3, !legup.pipeline.avail_time !2, !legup.pipeline.stage !3
89:   %32 = add i32 %13, %12, !legup.pipeline.start_time !9, !legup.pipeline.avail_time !9, !legup.pipeline.stage !3
90:   %33 = add i32 %32, %14, !legup.pipeline.start_time !9, !legup.pipeline.avail_time !9, !legup.pipeline.stage !3
91:   %34 = add i32 %33, %15, !legup.pipeline.start_time !9, !legup.pipeline.avail_time !9, !legup.pipeline.stage !3
92:   %35 = add i32 %34, %16, !legup.pipeline.start_time !9, !legup.pipeline.avail_time !9, !legup.pipeline.stage !3
93:   %36 = add i32 %35, %17, !legup.pipeline.start_time !9, !legup.pipeline.avail_time !9, !legup.pipeline.stage !3
94:   %37 = add i32 %36, %18, !legup.pipeline.start_time !9, !legup.pipeline.avail_time !9, !legup.pipeline.stage !3
95:   %38 = add i32 %37, %19, !legup.pipeline.start_time !9, !legup.pipeline.avail_time !9, !legup.pipeline.stage !3
141:   %84 = load volatile i32* %scevgep8, align 4, !tbaa !4, !legup.pipeline.start_time !2, !legup.pipeline.avail_time !8, !legup.pipeline.stage !3
142:   %85 = load volatile i32* %scevgep20, align 4, !tbaa !4, !legup.pipeline.start_time !2, !legup.pipeline.avail_time !8, !legup.pipeline.stage !3
143:   %86 = load volatile i32* %scevgep16, align 4, !tbaa !4, !legup.pipeline.start_time !2, !legup.pipeline.avail_time !8, !legup.pipeline.stage !3
144:   %87 = load volatile i32* %scevgep5, align 4, !tbaa !4, !legup.pipeline.start_time !3, !legup.pipeline.avail_time !2, !legup.pipeline.stage !3
145:   %88 = load volatile i32* %scevgep19, align 4, !tbaa !4, !legup.pipeline.start_time !2, !legup.pipeline.avail_time !8, !legup.pipeline.stage !3
146:   %89 = load volatile i32* %scevgep15, align 4, !tbaa !4, !legup.pipeline.start_time !2, !legup.pipeline.avail_time !8, !legup.pipeline.stage !3
147:   %90 = add i32 %72, %71, !legup.pipeline.start_time !14, !legup.pipeline.avail_time !14, !legup.pipeline.stage !2
148:   %91 = add i32 %90, %73, !legup.pipeline.start_time !15, !legup.pipeline.avail_time !15, !legup.pipeline.stage !8
149:   %92 = add i32 %91, %74, !legup.pipeline.start_time !12, !legup.pipeline.avail_time !12, !legup.pipeline.stage !9
150:   %93 = add i32 %92, %75, !legup.pipeline.start_time !12, !legup.pipeline.avail_time !12, !legup.pipeline.stage !9
151:   %94 = add i32 %93, %76, !legup.pipeline.start_time !12, !legup.pipeline.avail_time !12, !legup.pipeline.stage !9
152:   %95 = add i32 %94, %77, !legup.pipeline.start_time !12, !legup.pipeline.avail_time !12, !legup.pipeline.stage !9
153:   %96 = add i32 %95, %78, !legup.pipeline.start_time !12, !legup.pipeline.avail_time !12, !legup.pipeline.stage !9
154:   %97 = add i32 %96, %79, !legup.pipeline.start_time !12, !legup.pipeline.avail_time !12, !legup.pipeline.stage !9
155:   %98 = add i32 %97, %80, !legup.pipeline.start_time !12, !legup.pipeline.avail_time !12, !legup.pipeline.stage !9
156:   %99 = add i32 %98, %81, !legup.pipeline.start_time !12, !legup.pipeline.avail_time !12, !legup.pipeline.stage !9
157:   %100 = add i32 %99, %82, !legup.pipeline.start_time !12, !legup.pipeline.avail_time !12, !legup.pipeline.stage !9
164:   %107 = add i32 %106, %89, !legup.pipeline.start_time !12, !legup.pipeline.avail_time !12, !legup.pipeline.stage !9
165:   %108 = load volatile i32* %scevgep, align 4, !tbaa !4, !legup.pipeline.start_time !11, !legup.pipeline.avail_time !12, !legup.pipeline.stage !9
166:   %109 = add i32 %72, %71, !legup.pipeline.start_time !14, !legup.pipeline.avail_time !14, !legup.pipeline.stage !2
167:   %110 = add i32 %109, %73, !legup.pipeline.start_time !15, !legup.pipeline.avail_time !15, !legup.pipeline.stage !8
168:   %111 = add i32 %110, %74, !legup.pipeline.start_time !12, !legup.pipeline.avail_time !12, !legup.pipeline.stage !9
169:   %112 = add i32 %111, %75, !legup.pipeline.start_time !12, !legup.pipeline.avail_time !12, !legup.pipeline.stage !9
170:   %113 = add i32 %112, %76, !legup.pipeline.start_time !12, !legup.pipeline.avail_time !12, !legup.pipeline.stage !9
171:   %114 = add i32 %113, %77, !legup.pipeline.start_time !12, !legup.pipeline.avail_time !12, !legup.pipeline.stage !9
172:   %115 = add i32 %114, %78, !legup.pipeline.start_time !12, !legup.pipeline.avail_time !12, !legup.pipeline.stage !9
173:   %116 = add i32 %115, %79, !legup.pipeline.start_time !12, !legup.pipeline.avail_time !12, !legup.pipeline.stage !9
174:   %117 = add i32 %116, %80, !legup.pipeline.start_time !12, !legup.pipeline.avail_time !12, !legup.pipeline.stage !9
64:   %scevgep22 = getelementptr [100 x i32]* @b, i32 0, i32 %9, !legup.pipeline.start_time !3, !legup.pipeline.avail_time !3, !legup.pipeline.stage !3
65:   %10 = add i32 %2, 8, !legup.pipeline.start_time !3, !legup.pipeline.avail_time !3, !legup.pipeline.stage !3
66:   %scevgep23 = getelementptr [100 x i32]* @dd, i32 0, i32 %10, !legup.pipeline.start_time !3, !legup.pipeline.avail_time !3, !legup.pipeline.stage !3
67:   %11 = add i32 %2, 9, !legup.pipeline.start_time !3, !legup.pipeline.avail_time !3, !legup.pipeline.stage !3
68:   %scevgep24 = getelementptr [100 x i32]* @dd, i32 0, i32 %11, !legup.pipeline.start_time !3, !legup.pipeline.avail_time !3, !legup.pipeline.stage !3
69:   %12 = load volatile i32* %scevgep24, align 4, !tbaa !4, !legup.pipeline.start_time !8, !legup.pipeline.avail_time !9, !legup.pipeline.stage !3
70:   %13 = load volatile i32* %scevgep23, align 4, !tbaa !4, !legup.pipeline.start_time !2, !legup.pipeline.avail_time !8, !legup.pipeline.stage !3
71:   %14 = load volatile i32* %scevgep22, align 4, !tbaa !4, !legup.pipeline.start_time !3, !legup.pipeline.avail_time !2, !legup.pipeline.stage !3
72:   %15 = load volatile i32* %scevgep18, align 4, !tbaa !4, !legup.pipeline.start_time !3, !legup.pipeline.avail_time !2, !legup.pipeline.stage !3
73:   %16 = load volatile i32* %scevgep14, align 4, !tbaa !4, !legup.pipeline.start_time !3, !legup.pipeline.avail_time !2, !legup.pipeline.stage !3
74:   %17 = load volatile i32* %scevgep13, align 4, !tbaa !4, !legup.pipeline.start_time !3, !legup.pipeline.avail_time !2, !legup.pipeline.stage !3
75:   %18 = load volatile i32* %scevgep12, align 4, !tbaa !4, !legup.pipeline.start_time !3, !legup.pipeline.avail_time !2, !legup.pipeline.stage !3
76:   %19 = load volatile i32* %scevgep11, align 4, !tbaa !4, !legup.pipeline.start_time !3, !legup.pipeline.avail_time !2, !legup.pipeline.stage !3
77:   %20 = load volatile i32* %scevgep10, align 4, !tbaa !4, !legup.pipeline.start_time !3, !legup.pipeline.avail_time !2, !legup.pipeline.stage !3
78:   %21 = add nsw i32 %2, 1, !legup.pipeline.start_time !3, !legup.pipeline.avail_time !3, !legup.pipeline.stage !3
79:   %22 = load volatile i32* %scevgep9, align 4, !tbaa !4, !legup.pipeline.start_time !2, !legup.pipeline.avail_time !8, !legup.pipeline.stage !3
175:   %118 = add i32 %117, %81, !legup.pipeline.start_time !12, !legup.pipeline.avail_time !12, !legup.pipeline.stage !9
176:   %119 = add i32 %118, %82, !legup.pipeline.start_time !12, !legup.pipeline.avail_time !12, !legup.pipeline.stage !9
177:   %120 = add i32 %119, %83, !legup.pipeline.start_time !12, !legup.pipeline.avail_time !12, !legup.pipeline.stage !9
178:   %121 = add i32 %120, %84, !legup.pipeline.start_time !12, !legup.pipeline.avail_time !12, !legup.pipeline.stage !9
179:   %122 = add i32 %121, %85, !legup.pipeline.start_time !12, !legup.pipeline.avail_time !12, !legup.pipeline.stage !9
180:   %123 = add i32 %122, %86, !legup.pipeline.start_time !12, !legup.pipeline.avail_time !12, !legup.pipeline.stage !9
181:   %124 = add i32 %123, %87, !legup.pipeline.start_time !12, !legup.pipeline.avail_time !12, !legup.pipeline.stage !9
182:   %125 = add i32 %124, %88, !legup.pipeline.start_time !12, !legup.pipeline.avail_time !12, !legup.pipeline.stage !9
183:   %126 = add i32 %125, %89, !legup.pipeline.start_time !12, !legup.pipeline.avail_time !12, !legup.pipeline.stage !9
184:   %127 = add i32 %126, %108, !legup.pipeline.start_time !12, !legup.pipeline.avail_time !12, !legup.pipeline.stage !9
185:   %128 = add i32 %127, %2, !legup.pipeline.start_time !12, !legup.pipeline.avail_time !12, !legup.pipeline.stage !9
186:   %130 = load volatile i32* getelementptr inbounds ([100 x i32]* @dd, i32 0, i32 90), align 4, !tbaa !4
96:   %39 = add i32 %38, %20, !legup.pipeline.start_time !9, !legup.pipeline.avail_time !9, !legup.pipeline.stage !3
158:   %101 = add i32 %100, %83, !legup.pipeline.start_time !12, !legup.pipeline.avail_time !12, !legup.pipeline.stage !9
159:   %102 = add i32 %101, %84, !legup.pipeline.start_time !12, !legup.pipeline.avail_time !12, !legup.pipeline.stage !9
160:   %103 = add i32 %102, %85, !legup.pipeline.start_time !12, !legup.pipeline.avail_time !12, !legup.pipeline.stage !9
161:   %104 = add i32 %103, %86, !legup.pipeline.start_time !12, !legup.pipeline.avail_time !12, !legup.pipeline.stage !9
162:   %105 = add i32 %104, %87, !legup.pipeline.start_time !12, !legup.pipeline.avail_time !12, !legup.pipeline.stage !9
163:   %106 = add i32 %105, %88, !legup.pipeline.start_time !12, !legup.pipeline.avail_time !12, !legup.pipeline.stage !9
97:   %40 = add i32 %39, %22, !legup.pipeline.start_time !9, !legup.pipeline.avail_time !9, !legup.pipeline.stage !3
98:   %41 = add i32 %40, %23, !legup.pipeline.start_time !9, !legup.pipeline.avail_time !9, !legup.pipeline.stage !3
99:   %42 = add i32 %41, %24, !legup.pipeline.start_time !9, !legup.pipeline.avail_time !9, !legup.pipeline.stage !3
100:   %43 = add i32 %42, %25, !legup.pipeline.start_time !9, !legup.pipeline.avail_time !9, !legup.pipeline.stage !3
101:   %44 = add i32 %43, %26, !legup.pipeline.start_time !9, !legup.pipeline.avail_time !9, !legup.pipeline.stage !3
102:   %45 = add i32 %44, %27, !legup.pipeline.start_time !9, !legup.pipeline.avail_time !9, !legup.pipeline.stage !3
103:   %46 = add i32 %45, %28, !legup.pipeline.start_time !9, !legup.pipeline.avail_time !9, !legup.pipeline.stage !3
104:   %47 = add i32 %46, %29, !legup.pipeline.start_time !9, !legup.pipeline.avail_time !9, !legup.pipeline.stage !3
105:   %48 = add i32 %47, %30, !legup.pipeline.start_time !9, !legup.pipeline.avail_time !9, !legup.pipeline.stage !3
106:   %49 = add i32 %48, %31, !legup.pipeline.start_time !9, !legup.pipeline.avail_time !9, !legup.pipeline.stage !3
107:   %50 = load volatile i32* %scevgep, align 4, !tbaa !4, !legup.pipeline.start_time !11, !legup.pipeline.avail_time !12, !legup.pipeline.stage !9
108:   %51 = add i32 %13, %12, !legup.pipeline.start_time !9, !legup.pipeline.avail_time !9, !legup.pipeline.stage !3
109:   %52 = add i32 %51, %14, !legup.pipeline.start_time !9, !legup.pipeline.avail_time !9, !legup.pipeline.stage !3
110:   %53 = add i32 %52, %15, !legup.pipeline.start_time !9, !legup.pipeline.avail_time !9, !legup.pipeline.stage !3
111:   %54 = add i32 %53, %16, !legup.pipeline.start_time !9, !legup.pipeline.avail_time !9, !legup.pipeline.stage !3
112:   %55 = add i32 %54, %17, !legup.pipeline.start_time !9, !legup.pipeline.avail_time !9, !legup.pipeline.stage !3
113:   %56 = add i32 %55, %18, !legup.pipeline.start_time !9, !legup.pipeline.avail_time !9, !legup.pipeline.stage !3
114:   %57 = add i32 %56, %19, !legup.pipeline.start_time !9, !legup.pipeline.avail_time !9, !legup.pipeline.stage !3
115:   %58 = add i32 %57, %20, !legup.pipeline.start_time !9, !legup.pipeline.avail_time !9, !legup.pipeline.stage !3
116:   %59 = add i32 %58, %22, !legup.pipeline.start_time !9, !legup.pipeline.avail_time !9, !legup.pipeline.stage !3
117:   %60 = add i32 %59, %23, !legup.pipeline.start_time !9, !legup.pipeline.avail_time !9, !legup.pipeline.stage !3
118:   %61 = add i32 %60, %24, !legup.pipeline.start_time !9, !legup.pipeline.avail_time !9, !legup.pipeline.stage !3
119:   %62 = add i32 %61, %25, !legup.pipeline.start_time !9, !legup.pipeline.avail_time !9, !legup.pipeline.stage !3
120:   %63 = add i32 %62, %26, !legup.pipeline.start_time !9, !legup.pipeline.avail_time !9, !legup.pipeline.stage !3
121:   %64 = add i32 %63, %27, !legup.pipeline.start_time !9, !legup.pipeline.avail_time !9, !legup.pipeline.stage !3
122:   %65 = add i32 %64, %28, !legup.pipeline.start_time !9, !legup.pipeline.avail_time !9, !legup.pipeline.stage !3
123:   %66 = add i32 %65, %29, !legup.pipeline.start_time !9, !legup.pipeline.avail_time !9, !legup.pipeline.stage !3
124:   %67 = add i32 %66, %30, !legup.pipeline.start_time !9, !legup.pipeline.avail_time !9, !legup.pipeline.stage !3
125:   %68 = add i32 %67, %31, !legup.pipeline.start_time !9, !legup.pipeline.avail_time !9, !legup.pipeline.stage !3
126:   %69 = add i32 %68, %50, !legup.pipeline.start_time !12, !legup.pipeline.avail_time !12, !legup.pipeline.stage !9
127:   %70 = add i32 %69, %2, !legup.pipeline.start_time !12, !legup.pipeline.avail_time !12, !legup.pipeline.stage !9
128:   %71 = load volatile i32* %scevgep24, align 4, !tbaa !4, !legup.pipeline.start_time !9, !legup.pipeline.avail_time !10, !legup.pipeline.stage !3
129:   %72 = load volatile i32* %scevgep23, align 4, !tbaa !4, !legup.pipeline.start_time !9, !legup.pipeline.avail_time !10, !legup.pipeline.stage !3
130:   %73 = load volatile i32* %scevgep22, align 4, !tbaa !4, !legup.pipeline.start_time !2, !legup.pipeline.avail_time !8, !legup.pipeline.stage !3
131:   %74 = load volatile i32* %scevgep18, align 4, !tbaa !4, !legup.pipeline.start_time !2, !legup.pipeline.avail_time !8, !legup.pipeline.stage !3
132:   %75 = load volatile i32* %scevgep14, align 4, !tbaa !4, !legup.pipeline.start_time !2, !legup.pipeline.avail_time !8, !legup.pipeline.stage !3
133:   %76 = load volatile i32* %scevgep13, align 4, !tbaa !4, !legup.pipeline.start_time !2, !legup.pipeline.avail_time !8, !legup.pipeline.stage !3
134:   %77 = load volatile i32* %scevgep12, align 4, !tbaa !4, !legup.pipeline.start_time !2, !legup.pipeline.avail_time !8, !legup.pipeline.stage !3
135:   %78 = load volatile i32* %scevgep11, align 4, !tbaa !4, !legup.pipeline.start_time !2, !legup.pipeline.avail_time !8, !legup.pipeline.stage !3
136:   %79 = load volatile i32* %scevgep10, align 4, !tbaa !4, !legup.pipeline.start_time !3, !legup.pipeline.avail_time !2, !legup.pipeline.stage !3
137:   %80 = load volatile i32* %scevgep9, align 4, !tbaa !4, !legup.pipeline.start_time !2, !legup.pipeline.avail_time !8, !legup.pipeline.stage !3
138:   %81 = load volatile i32* %scevgep21, align 4, !tbaa !4, !legup.pipeline.start_time !2, !legup.pipeline.avail_time !8, !legup.pipeline.stage !3
139:   %82 = load volatile i32* %scevgep17, align 4, !tbaa !4, !legup.pipeline.start_time !2, !legup.pipeline.avail_time !8, !legup.pipeline.stage !3
140:   %83 = load volatile i32* %scevgep6, align 4, !tbaa !4, !legup.pipeline.start_time !3, !legup.pipeline.avail_time !2, !legup.pipeline.stage !3
Memory: Int -> Value* mapping
17: @j = internal global [100 x i32] [i32 1, i32 2, i32 3, i32 4, i32 5, i32 6, i32 7, i32 8, i32 9, i32 10, i32 11, i32 12, i32 13, i32 14, i32 15, i32 16, i32 17, i32 18, i32 19, i32 20, i32 21, i32 22, i32 23, i32 24, i32 25, i32 26, i32 27, i32 28, i32 29, i32 30, i32 31, i32 32, i32 33, i32 34, i32 35, i32 36, i32 37, i32 38, i32 39, i32 40, i32 41, i32 42, i32 43, i32 44, i32 45, i32 46, i32 47, i32 48, i32 49, i32 50, i32 51, i32 52, i32 53, i32 54, i32 55, i32 56, i32 57, i32 58, i32 59, i32 60, i32 61, i32 62, i32 63, i32 64, i32 65, i32 66, i32 67, i32 68, i32 69, i32 70, i32 71, i32 72, i32 73, i32 74, i32 75, i32 76, i32 77, i32 78, i32 79, i32 80, i32 81, i32 82, i32 83, i32 84, i32 85, i32 86, i32 87, i32 88, i32 89, i32 90, i32 91, i32 92, i32 93, i32 94, i32 95, i32 96, i32 97, i32 98, i32 99, i32 -100], align 4
19: @aa = internal global [100 x i32] [i32 1, i32 2, i32 3, i32 4, i32 5, i32 6, i32 7, i32 8, i32 9, i32 10, i32 11, i32 12, i32 13, i32 14, i32 15, i32 16, i32 17, i32 18, i32 19, i32 20, i32 21, i32 22, i32 23, i32 24, i32 25, i32 26, i32 27, i32 28, i32 29, i32 30, i32 31, i32 32, i32 33, i32 34, i32 35, i32 36, i32 37, i32 38, i32 39, i32 40, i32 41, i32 42, i32 43, i32 44, i32 45, i32 46, i32 47, i32 48, i32 49, i32 50, i32 51, i32 52, i32 53, i32 54, i32 55, i32 56, i32 57, i32 58, i32 59, i32 60, i32 61, i32 62, i32 63, i32 64, i32 65, i32 66, i32 67, i32 68, i32 69, i32 70, i32 71, i32 72, i32 73, i32 74, i32 75, i32 76, i32 77, i32 78, i32 79, i32 80, i32 81, i32 82, i32 83, i32 84, i32 85, i32 86, i32 87, i32 88, i32 89, i32 90, i32 91, i32 92, i32 93, i32 94, i32 95, i32 96, i32 97, i32 98, i32 99, i32 -100], align 4
21: @bb = internal global [100 x i32] [i32 1, i32 2, i32 3, i32 4, i32 5, i32 6, i32 7, i32 8, i32 9, i32 10, i32 11, i32 12, i32 13, i32 14, i32 15, i32 16, i32 17, i32 18, i32 19, i32 20, i32 21, i32 22, i32 23, i32 24, i32 25, i32 26, i32 27, i32 28, i32 29, i32 30, i32 31, i32 32, i32 33, i32 34, i32 35, i32 36, i32 37, i32 38, i32 39, i32 40, i32 41, i32 42, i32 43, i32 44, i32 45, i32 46, i32 47, i32 48, i32 49, i32 50, i32 51, i32 52, i32 53, i32 54, i32 55, i32 56, i32 57, i32 58, i32 59, i32 60, i32 61, i32 62, i32 63, i32 64, i32 65, i32 66, i32 67, i32 68, i32 69, i32 70, i32 71, i32 72, i32 73, i32 74, i32 75, i32 76, i32 77, i32 78, i32 79, i32 80, i32 81, i32 82, i32 83, i32 84, i32 85, i32 86, i32 87, i32 88, i32 89, i32 90, i32 91, i32 92, i32 93, i32 94, i32 95, i32 96, i32 97, i32 98, i32 99, i32 -100], align 4
5: @d = internal global [100 x i32] [i32 1, i32 2, i32 3, i32 4, i32 5, i32 6, i32 7, i32 8, i32 9, i32 10, i32 11, i32 12, i32 13, i32 14, i32 15, i32 16, i32 17, i32 18, i32 19, i32 20, i32 21, i32 22, i32 23, i32 24, i32 25, i32 26, i32 27, i32 28, i32 29, i32 30, i32 31, i32 32, i32 33, i32 34, i32 35, i32 36, i32 37, i32 38, i32 39, i32 40, i32 41, i32 42, i32 43, i32 44, i32 45, i32 46, i32 47, i32 48, i32 49, i32 50, i32 51, i32 52, i32 53, i32 54, i32 55, i32 56, i32 57, i32 58, i32 59, i32 60, i32 61, i32 62, i32 63, i32 64, i32 65, i32 66, i32 67, i32 68, i32 69, i32 70, i32 71, i32 72, i32 73, i32 74, i32 75, i32 76, i32 77, i32 78, i32 79, i32 80, i32 81, i32 82, i32 83, i32 84, i32 85, i32 86, i32 87, i32 88, i32 89, i32 90, i32 91, i32 92, i32 93, i32 94, i32 95, i32 96, i32 97, i32 98, i32 99, i32 -100], align 4
7: @e = internal global [100 x i32] [i32 1, i32 2, i32 3, i32 4, i32 5, i32 6, i32 7, i32 8, i32 9, i32 10, i32 11, i32 12, i32 13, i32 14, i32 15, i32 16, i32 17, i32 18, i32 19, i32 20, i32 21, i32 22, i32 23, i32 24, i32 25, i32 26, i32 27, i32 28, i32 29, i32 30, i32 31, i32 32, i32 33, i32 34, i32 35, i32 36, i32 37, i32 38, i32 39, i32 40, i32 41, i32 42, i32 43, i32 44, i32 45, i32 46, i32 47, i32 48, i32 49, i32 50, i32 51, i32 52, i32 53, i32 54, i32 55, i32 56, i32 57, i32 58, i32 59, i32 60, i32 61, i32 62, i32 63, i32 64, i32 65, i32 66, i32 67, i32 68, i32 69, i32 70, i32 71, i32 72, i32 73, i32 74, i32 75, i32 76, i32 77, i32 78, i32 79, i32 80, i32 81, i32 82, i32 83, i32 84, i32 85, i32 86, i32 87, i32 88, i32 89, i32 90, i32 91, i32 92, i32 93, i32 94, i32 95, i32 96, i32 97, i32 98, i32 99, i32 -100], align 4
1: @b = internal global [100 x i32] [i32 1, i32 2, i32 3, i32 4, i32 5, i32 6, i32 7, i32 8, i32 9, i32 10, i32 11, i32 12, i32 13, i32 14, i32 15, i32 16, i32 17, i32 18, i32 19, i32 20, i32 21, i32 22, i32 23, i32 24, i32 25, i32 26, i32 27, i32 28, i32 29, i32 30, i32 31, i32 32, i32 33, i32 34, i32 35, i32 36, i32 37, i32 38, i32 39, i32 40, i32 41, i32 42, i32 43, i32 44, i32 45, i32 46, i32 47, i32 48, i32 49, i32 50, i32 51, i32 52, i32 53, i32 54, i32 55, i32 56, i32 57, i32 58, i32 59, i32 60, i32 61, i32 62, i32 63, i32 64, i32 65, i32 66, i32 67, i32 68, i32 69, i32 70, i32 71, i32 72, i32 73, i32 74, i32 75, i32 76, i32 77, i32 78, i32 79, i32 80, i32 81, i32 82, i32 83, i32 84, i32 85, i32 86, i32 87, i32 88, i32 89, i32 90, i32 91, i32 92, i32 93, i32 94, i32 95, i32 96, i32 97, i32 98, i32 99, i32 -100], align 4
9: @f = internal global [100 x i32] [i32 1, i32 2, i32 3, i32 4, i32 5, i32 6, i32 7, i32 8, i32 9, i32 10, i32 11, i32 12, i32 13, i32 14, i32 15, i32 16, i32 17, i32 18, i32 19, i32 20, i32 21, i32 22, i32 23, i32 24, i32 25, i32 26, i32 27, i32 28, i32 29, i32 30, i32 31, i32 32, i32 33, i32 34, i32 35, i32 36, i32 37, i32 38, i32 39, i32 40, i32 41, i32 42, i32 43, i32 44, i32 45, i32 46, i32 47, i32 48, i32 49, i32 50, i32 51, i32 52, i32 53, i32 54, i32 55, i32 56, i32 57, i32 58, i32 59, i32 60, i32 61, i32 62, i32 63, i32 64, i32 65, i32 66, i32 67, i32 68, i32 69, i32 70, i32 71, i32 72, i32 73, i32 74, i32 75, i32 76, i32 77, i32 78, i32 79, i32 80, i32 81, i32 82, i32 83, i32 84, i32 85, i32 86, i32 87, i32 88, i32 89, i32 90, i32 91, i32 92, i32 93, i32 94, i32 95, i32 96, i32 97, i32 98, i32 99, i32 -100], align 4
23: @cc = internal global [100 x i32] [i32 1, i32 2, i32 3, i32 4, i32 5, i32 6, i32 7, i32 8, i32 9, i32 10, i32 11, i32 12, i32 13, i32 14, i32 15, i32 16, i32 17, i32 18, i32 19, i32 20, i32 21, i32 22, i32 23, i32 24, i32 25, i32 26, i32 27, i32 28, i32 29, i32 30, i32 31, i32 32, i32 33, i32 34, i32 35, i32 36, i32 37, i32 38, i32 39, i32 40, i32 41, i32 42, i32 43, i32 44, i32 45, i32 46, i32 47, i32 48, i32 49, i32 50, i32 51, i32 52, i32 53, i32 54, i32 55, i32 56, i32 57, i32 58, i32 59, i32 60, i32 61, i32 62, i32 63, i32 64, i32 65, i32 66, i32 67, i32 68, i32 69, i32 70, i32 71, i32 72, i32 73, i32 74, i32 75, i32 76, i32 77, i32 78, i32 79, i32 80, i32 81, i32 82, i32 83, i32 84, i32 85, i32 86, i32 87, i32 88, i32 89, i32 90, i32 91, i32 92, i32 93, i32 94, i32 95, i32 96, i32 97, i32 98, i32 99, i32 -100], align 4
25: @dd = internal global [100 x i32] [i32 1, i32 2, i32 3, i32 4, i32 5, i32 6, i32 7, i32 8, i32 9, i32 10, i32 11, i32 12, i32 13, i32 14, i32 15, i32 16, i32 17, i32 18, i32 19, i32 20, i32 21, i32 22, i32 23, i32 24, i32 25, i32 26, i32 27, i32 28, i32 29, i32 30, i32 31, i32 32, i32 33, i32 34, i32 35, i32 36, i32 37, i32 38, i32 39, i32 40, i32 41, i32 42, i32 43, i32 44, i32 45, i32 46, i32 47, i32 48, i32 49, i32 50, i32 51, i32 52, i32 53, i32 54, i32 55, i32 56, i32 57, i32 58, i32 59, i32 60, i32 61, i32 62, i32 63, i32 64, i32 65, i32 66, i32 67, i32 68, i32 69, i32 70, i32 71, i32 72, i32 73, i32 74, i32 75, i32 76, i32 77, i32 78, i32 79, i32 80, i32 81, i32 82, i32 83, i32 84, i32 85, i32 86, i32 87, i32 88, i32 89, i32 90, i32 91, i32 92, i32 93, i32 94, i32 95, i32 96, i32 97, i32 98, i32 99, i32 -100], align 4
11: @g = internal global [100 x i32] [i32 1, i32 2, i32 3, i32 4, i32 5, i32 6, i32 7, i32 8, i32 9, i32 10, i32 11, i32 12, i32 13, i32 14, i32 15, i32 16, i32 17, i32 18, i32 19, i32 20, i32 21, i32 22, i32 23, i32 24, i32 25, i32 26, i32 27, i32 28, i32 29, i32 30, i32 31, i32 32, i32 33, i32 34, i32 35, i32 36, i32 37, i32 38, i32 39, i32 40, i32 41, i32 42, i32 43, i32 44, i32 45, i32 46, i32 47, i32 48, i32 49, i32 50, i32 51, i32 52, i32 53, i32 54, i32 55, i32 56, i32 57, i32 58, i32 59, i32 60, i32 61, i32 62, i32 63, i32 64, i32 65, i32 66, i32 67, i32 68, i32 69, i32 70, i32 71, i32 72, i32 73, i32 74, i32 75, i32 76, i32 77, i32 78, i32 79, i32 80, i32 81, i32 82, i32 83, i32 84, i32 85, i32 86, i32 87, i32 88, i32 89, i32 90, i32 91, i32 92, i32 93, i32 94, i32 95, i32 96, i32 97, i32 98, i32 99, i32 -100], align 4
13: @h = internal global [100 x i32] [i32 1, i32 2, i32 3, i32 4, i32 5, i32 6, i32 7, i32 8, i32 9, i32 10, i32 11, i32 12, i32 13, i32 14, i32 15, i32 16, i32 17, i32 18, i32 19, i32 20, i32 21, i32 22, i32 23, i32 24, i32 25, i32 26, i32 27, i32 28, i32 29, i32 30, i32 31, i32 32, i32 33, i32 34, i32 35, i32 36, i32 37, i32 38, i32 39, i32 40, i32 41, i32 42, i32 43, i32 44, i32 45, i32 46, i32 47, i32 48, i32 49, i32 50, i32 51, i32 52, i32 53, i32 54, i32 55, i32 56, i32 57, i32 58, i32 59, i32 60, i32 61, i32 62, i32 63, i32 64, i32 65, i32 66, i32 67, i32 68, i32 69, i32 70, i32 71, i32 72, i32 73, i32 74, i32 75, i32 76, i32 77, i32 78, i32 79, i32 80, i32 81, i32 82, i32 83, i32 84, i32 85, i32 86, i32 87, i32 88, i32 89, i32 90, i32 91, i32 92, i32 93, i32 94, i32 95, i32 96, i32 97, i32 98, i32 99, i32 -100], align 4
15: @ii = internal global [100 x i32] [i32 1, i32 2, i32 3, i32 4, i32 5, i32 6, i32 7, i32 8, i32 9, i32 10, i32 11, i32 12, i32 13, i32 14, i32 15, i32 16, i32 17, i32 18, i32 19, i32 20, i32 21, i32 22, i32 23, i32 24, i32 25, i32 26, i32 27, i32 28, i32 29, i32 30, i32 31, i32 32, i32 33, i32 34, i32 35, i32 36, i32 37, i32 38, i32 39, i32 40, i32 41, i32 42, i32 43, i32 44, i32 45, i32 46, i32 47, i32 48, i32 49, i32 50, i32 51, i32 52, i32 53, i32 54, i32 55, i32 56, i32 57, i32 58, i32 59, i32 60, i32 61, i32 62, i32 63, i32 64, i32 65, i32 66, i32 67, i32 68, i32 69, i32 70, i32 71, i32 72, i32 73, i32 74, i32 75, i32 76, i32 77, i32 78, i32 79, i32 80, i32 81, i32 82, i32 83, i32 84, i32 85, i32 86, i32 87, i32 88, i32 89, i32 90, i32 91, i32 92, i32 93, i32 94, i32 95, i32 96, i32 97, i32 98, i32 99, i32 -100], align 4
3: @c = internal global [100 x i32] [i32 1, i32 2, i32 3, i32 4, i32 5, i32 6, i32 7, i32 8, i32 9, i32 10, i32 11, i32 12, i32 13, i32 14, i32 15, i32 16, i32 17, i32 18, i32 19, i32 20, i32 21, i32 22, i32 23, i32 24, i32 25, i32 26, i32 27, i32 28, i32 29, i32 30, i32 31, i32 32, i32 33, i32 34, i32 35, i32 36, i32 37, i32 38, i32 39, i32 40, i32 41, i32 42, i32 43, i32 44, i32 45, i32 46, i32 47, i32 48, i32 49, i32 50, i32 51, i32 52, i32 53, i32 54, i32 55, i32 56, i32 57, i32 58, i32 59, i32 60, i32 61, i32 62, i32 63, i32 64, i32 65, i32 66, i32 67, i32 68, i32 69, i32 70, i32 71, i32 72, i32 73, i32 74, i32 75, i32 76, i32 77, i32 78, i32 79, i32 80, i32 81, i32 82, i32 83, i32 84, i32 85, i32 86, i32 87, i32 88, i32 89, i32 90, i32 91, i32 92, i32 93, i32 94, i32 95, i32 96, i32 97, i32 98, i32 99, i32 -100], align 4
27: @.str = private unnamed_addr constant [5 x i8] c"loop\00", align 1
29: @.str1 = private unnamed_addr constant [10 x i8] c"sum = %d\0A\00", align 1
31: @.str2 = private unnamed_addr constant [8 x i8] c"PASSED\0A\00", align 1
33: @.str3 = private unnamed_addr constant [8 x i8] c"FAILED\0A\00", align 1
digraph "adderchain.bc" {
    1 [label="#1",color=blue,style=solid];
    2 [label="b",color=blue,style=solid];
    3 [label="#3",color=blue,style=solid];
    4 [label="c",color=blue,style=solid];
    5 [label="#5",color=blue,style=solid];
    6 [label="d",color=blue,style=solid];
    7 [label="#7",color=blue,style=solid];
    8 [label="e",color=blue,style=solid];
    9 [label="#9",color=blue,style=solid];
    10 [label="f",color=blue,style=solid];
    11 [label="#11",color=blue,style=solid];
    12 [label="g",color=blue,style=solid];
    13 [label="#13",color=blue,style=solid];
    14 [label="h",color=blue,style=solid];
    15 [label="#15",color=blue,style=solid];
    16 [label="ii",color=blue,style=solid];
    17 [label="#17",color=blue,style=solid];
    18 [label="j",color=blue,style=solid];
    19 [label="#19",color=blue,style=solid];
    20 [label="aa",color=blue,style=solid];
    21 [label="#21",color=blue,style=solid];
    22 [label="bb",color=blue,style=solid];
    23 [label="#23",color=blue,style=solid];
    24 [label="cc",color=blue,style=solid];
    25 [label="#25",color=blue,style=solid];
    26 [label="dd",color=blue,style=solid];
    27 [label="#27",color=blue,style=solid];
    28 [label=".str",color=blue,style=solid];
    29 [label="#29",color=blue,style=solid];
    30 [label=".str1",color=blue,style=solid];
    31 [label="#31",color=blue,style=solid];
    32 [label=".str2",color=blue,style=solid];
    33 [label="#33",color=blue,style=solid];
    34 [label=".str3",color=blue,style=solid];
    35 [label="scevgep",color=blue,style=solid];
    36 [label="scevgep2",color=blue,style=solid];
    37 [label="scevgep3",color=blue,style=solid];
    38 [label="scevgep4",color=blue,style=solid];
    39 [label="scevgep5",color=blue,style=solid];
    40 [label="scevgep6",color=blue,style=solid];
    41 [label="unknown",color=blue,style=solid];
    42 [label="unknown",color=blue,style=solid];
    43 [label="scevgep7",color=blue,style=solid];
    44 [label="scevgep8",color=blue,style=solid];
    45 [label="scevgep9",color=blue,style=solid];
    46 [label="scevgep10",color=blue,style=solid];
    47 [label="unknown",color=blue,style=solid];
    48 [label="scevgep11",color=blue,style=solid];
    49 [label="unknown",color=blue,style=solid];
    50 [label="scevgep12",color=blue,style=solid];
    51 [label="unknown",color=blue,style=solid];
    52 [label="scevgep13",color=blue,style=solid];
    53 [label="unknown",color=blue,style=solid];
    54 [label="scevgep14",color=blue,style=solid];
    55 [label="unknown",color=blue,style=solid];
    56 [label="scevgep15",color=blue,style=solid];
    57 [label="scevgep16",color=blue,style=solid];
    58 [label="scevgep17",color=blue,style=solid];
    59 [label="scevgep18",color=blue,style=solid];
    60 [label="unknown",color=blue,style=solid];
    61 [label="scevgep19",color=blue,style=solid];
    62 [label="scevgep20",color=blue,style=solid];
    63 [label="scevgep21",color=blue,style=solid];
    64 [label="scevgep22",color=blue,style=solid];
    65 [label="unknown",color=blue,style=solid];
    66 [label="scevgep23",color=blue,style=solid];
    67 [label="unknown",color=blue,style=solid];
    68 [label="scevgep24",color=blue,style=solid];
    69 [label="unknown",color=blue,style=solid];
    70 [label="unknown",color=blue,style=solid];
    71 [label="unknown",color=blue,style=solid];
    72 [label="unknown",color=blue,style=solid];
    73 [label="unknown",color=blue,style=solid];
    74 [label="unknown",color=blue,style=solid];
    75 [label="unknown",color=blue,style=solid];
    76 [label="unknown",color=blue,style=solid];
    77 [label="unknown",color=blue,style=solid];
    78 [label="unknown",color=blue,style=solid];
    79 [label="unknown",color=blue,style=solid];
    80 [label="unknown",color=blue,style=solid];
    81 [label="unknown",color=blue,style=solid];
    82 [label="unknown",color=blue,style=solid];
    83 [label="unknown",color=blue,style=solid];
    84 [label="unknown",color=blue,style=solid];
    85 [label="unknown",color=blue,style=solid];
    86 [label="unknown",color=blue,style=solid];
    87 [label="unknown",color=blue,style=solid];
    88 [label="unknown",color=blue,style=solid];
    89 [label="unknown",color=blue,style=solid];
    90 [label="unknown",color=blue,style=solid];
    91 [label="unknown",color=blue,style=solid];
    92 [label="unknown",color=blue,style=solid];
    93 [label="unknown",color=blue,style=solid];
    94 [label="unknown",color=blue,style=solid];
    95 [label="unknown",color=blue,style=solid];
    96 [label="unknown",color=blue,style=solid];
    97 [label="unknown",color=blue,style=solid];
    98 [label="unknown",color=blue,style=solid];
    99 [label="unknown",color=blue,style=solid];
    100 [label="unknown",color=blue,style=solid];
    101 [label="unknown",color=blue,style=solid];
    102 [label="unknown",color=blue,style=solid];
    103 [label="unknown",color=blue,style=solid];
    104 [label="unknown",color=blue,style=solid];
    105 [label="unknown",color=blue,style=solid];
    106 [label="unknown",color=blue,style=solid];
    107 [label="unknown",color=blue,style=solid];
    108 [label="unknown",color=blue,style=solid];
    109 [label="unknown",color=blue,style=solid];
    110 [label="unknown",color=blue,style=solid];
    111 [label="unknown",color=blue,style=solid];
    112 [label="unknown",color=blue,style=solid];
    113 [label="unknown",color=blue,style=solid];
    114 [label="unknown",color=blue,style=solid];
    115 [label="unknown",color=blue,style=solid];
    116 [label="unknown",color=blue,style=solid];
    117 [label="unknown",color=blue,style=solid];
    118 [label="unknown",color=blue,style=solid];
    119 [label="unknown",color=blue,style=solid];
    120 [label="unknown",color=blue,style=solid];
    121 [label="unknown",color=blue,style=solid];
    122 [label="unknown",color=blue,style=solid];
    123 [label="unknown",color=blue,style=solid];
    124 [label="unknown",color=blue,style=solid];
    125 [label="unknown",color=blue,style=solid];
    126 [label="unknown",color=blue,style=solid];
    127 [label="unknown",color=blue,style=solid];
    128 [label="unknown",color=blue,style=solid];
    129 [label="unknown",color=blue,style=solid];
    130 [label="unknown",color=blue,style=solid];
    131 [label="unknown",color=blue,style=solid];
    132 [label="unknown",color=blue,style=solid];
    133 [label="unknown",color=blue,style=solid];
    134 [label="unknown",color=blue,style=solid];
    135 [label="unknown",color=blue,style=solid];
    136 [label="unknown",color=blue,style=solid];
    137 [label="unknown",color=blue,style=solid];
    138 [label="unknown",color=blue,style=solid];
    139 [label="unknown",color=blue,style=solid];
    140 [label="unknown",color=blue,style=solid];
    141 [label="unknown",color=blue,style=solid];
    142 [label="unknown",color=blue,style=solid];
    143 [label="unknown",color=blue,style=solid];
    144 [label="unknown",color=blue,style=solid];
    145 [label="unknown",color=blue,style=solid];
    146 [label="unknown",color=blue,style=solid];
    147 [label="unknown",color=blue,style=solid];
    148 [label="unknown",color=blue,style=solid];
    149 [label="unknown",color=blue,style=solid];
    150 [label="unknown",color=blue,style=solid];
    151 [label="unknown",color=blue,style=solid];
    152 [label="unknown",color=blue,style=solid];
    153 [label="unknown",color=blue,style=solid];
    154 [label="unknown",color=blue,style=solid];
    155 [label="unknown",color=blue,style=solid];
    156 [label="unknown",color=blue,style=solid];
    157 [label="unknown",color=blue,style=solid];
    158 [label="unknown",color=blue,style=solid];
    159 [label="unknown",color=blue,style=solid];
    160 [label="unknown",color=blue,style=solid];
    161 [label="unknown",color=blue,style=solid];
    162 [label="unknown",color=blue,style=solid];
    163 [label="unknown",color=blue,style=solid];
    164 [label="unknown",color=blue,style=solid];
    165 [label="unknown",color=blue,style=solid];
    166 [label="unknown",color=blue,style=solid];
    167 [label="unknown",color=blue,style=solid];
    168 [label="unknown",color=blue,style=solid];
    169 [label="unknown",color=blue,style=solid];
    170 [label="unknown",color=blue,style=solid];
    171 [label="unknown",color=blue,style=solid];
    172 [label="unknown",color=blue,style=solid];
    173 [label="unknown",color=blue,style=solid];
    174 [label="unknown",color=blue,style=solid];
    175 [label="unknown",color=blue,style=solid];
    176 [label="unknown",color=blue,style=solid];
    177 [label="unknown",color=blue,style=solid];
    178 [label="unknown",color=blue,style=solid];
    179 [label="unknown",color=blue,style=solid];
    180 [label="unknown",color=blue,style=solid];
    181 [label="unknown",color=blue,style=solid];
    182 [label="unknown",color=blue,style=solid];
    183 [label="unknown",color=blue,style=solid];
    184 [label="unknown",color=blue,style=solid];
    185 [label="unknown",color=blue,style=solid];
    186 [label="unknown",color=blue,style=solid];
    187 [label="constant",color=blue,style=solid];
    1 -> 71;
    1 -> 72;
    1 -> 130;
    1 -> 131;
    2 -> 59;
    2 -> 64;
    3 -> 73;
    3 -> 74;
    3 -> 132;
    3 -> 133;
    4 -> 52;
    4 -> 54;
    5 -> 75;
    5 -> 76;
    5 -> 134;
    5 -> 135;
    6 -> 48;
    6 -> 50;
    7 -> 77;
    7 -> 79;
    7 -> 136;
    7 -> 137;
    8 -> 45;
    8 -> 46;
    9 -> 80;
    9 -> 81;
    9 -> 138;
    9 -> 139;
    10 -> 58;
    10 -> 63;
    11 -> 82;
    11 -> 83;
    11 -> 140;
    11 -> 141;
    12 -> 40;
    12 -> 44;
    13 -> 84;
    13 -> 85;
    13 -> 142;
    13 -> 143;
    14 -> 57;
    14 -> 62;
    15 -> 86;
    15 -> 144;
    16 -> 39;
    17 -> 87;
    17 -> 88;
    17 -> 145;
    17 -> 146;
    18 -> 56;
    18 -> 61;
    20 -> 37;
    22 -> 38;
    24 -> 36;
    25 -> 69;
    25 -> 70;
    25 -> 107;
    25 -> 128;
    25 -> 129;
    25 -> 165;
    25 -> 186;
    26 -> 35;
    26 -> 43;
    26 -> 66;
    26 -> 68;
    26 -> 187;
    42 -> 41;
    42 -> 47;
    42 -> 49;
    42 -> 51;
    42 -> 53;
    42 -> 55;
    42 -> 60;
    42 -> 65;
    42 -> 67;
    42 -> 78;
    42 -> 127;
    42 -> 185;
    69 -> 89;
    69 -> 108;
    70 -> 89;
    70 -> 108;
    71 -> 90;
    71 -> 109;
    72 -> 91;
    72 -> 110;
    73 -> 92;
    73 -> 111;
    74 -> 93;
    74 -> 112;
    75 -> 94;
    75 -> 113;
    76 -> 95;
    76 -> 114;
    77 -> 96;
    77 -> 115;
    79 -> 97;
    79 -> 116;
    80 -> 98;
    80 -> 117;
    81 -> 99;
    81 -> 118;
    82 -> 100;
    82 -> 119;
    83 -> 101;
    83 -> 120;
    84 -> 102;
    84 -> 121;
    85 -> 103;
    85 -> 122;
    86 -> 104;
    86 -> 123;
    87 -> 105;
    87 -> 124;
    88 -> 106;
    88 -> 125;
    89 -> 90;
    90 -> 91;
    91 -> 92;
    92 -> 93;
    93 -> 94;
    94 -> 95;
    95 -> 96;
    96 -> 97;
    97 -> 98;
    98 -> 99;
    99 -> 100;
    100 -> 101;
    101 -> 102;
    102 -> 103;
    103 -> 104;
    104 -> 105;
    105 -> 106;
    107 -> 126;
    108 -> 109;
    109 -> 110;
    110 -> 111;
    111 -> 112;
    112 -> 113;
    113 -> 114;
    114 -> 115;
    115 -> 116;
    116 -> 117;
    117 -> 118;
    118 -> 119;
    119 -> 120;
    120 -> 121;
    121 -> 122;
    122 -> 123;
    123 -> 124;
    124 -> 125;
    125 -> 126;
    126 -> 127;
    128 -> 147;
    128 -> 166;
    129 -> 147;
    129 -> 166;
    130 -> 148;
    130 -> 167;
    131 -> 149;
    131 -> 168;
    132 -> 150;
    132 -> 169;
    133 -> 151;
    133 -> 170;
    134 -> 152;
    134 -> 171;
    135 -> 153;
    135 -> 172;
    136 -> 154;
    136 -> 173;
    137 -> 155;
    137 -> 174;
    138 -> 156;
    138 -> 175;
    139 -> 157;
    139 -> 176;
    140 -> 158;
    140 -> 177;
    141 -> 159;
    141 -> 178;
    142 -> 160;
    142 -> 179;
    143 -> 161;
    143 -> 180;
    144 -> 162;
    144 -> 181;
    145 -> 163;
    145 -> 182;
    146 -> 164;
    146 -> 183;
    147 -> 148;
    148 -> 149;
    149 -> 150;
    150 -> 151;
    151 -> 152;
    152 -> 153;
    153 -> 154;
    154 -> 155;
    155 -> 156;
    156 -> 157;
    157 -> 158;
    158 -> 159;
    159 -> 160;
    160 -> 161;
    161 -> 162;
    162 -> 163;
    163 -> 164;
    165 -> 184;
    166 -> 167;
    167 -> 168;
    168 -> 169;
    169 -> 170;
    170 -> 171;
    171 -> 172;
    172 -> 173;
    173 -> 174;
    174 -> 175;
    175 -> 176;
    176 -> 177;
    177 -> 178;
    178 -> 179;
    179 -> 180;
    180 -> 181;
    181 -> 182;
    182 -> 183;
    183 -> 184;
    184 -> 185;
    pts2 [label="#1",color=red,style=dashed,shape=box];
    2 -> pts2 [color=red,style=dashed];
    pts4 [label="#3",color=red,style=dashed,shape=box];
    4 -> pts4 [color=red,style=dashed];
    pts6 [label="#5",color=red,style=dashed,shape=box];
    6 -> pts6 [color=red,style=dashed];
    pts8 [label="#7",color=red,style=dashed,shape=box];
    8 -> pts8 [color=red,style=dashed];
    pts10 [label="#9",color=red,style=dashed,shape=box];
    10 -> pts10 [color=red,style=dashed];
    pts12 [label="#11",color=red,style=dashed,shape=box];
    12 -> pts12 [color=red,style=dashed];
    pts14 [label="#13",color=red,style=dashed,shape=box];
    14 -> pts14 [color=red,style=dashed];
    pts16 [label="#15",color=red,style=dashed,shape=box];
    16 -> pts16 [color=red,style=dashed];
    pts18 [label="#17",color=red,style=dashed,shape=box];
    18 -> pts18 [color=red,style=dashed];
    pts20 [label="#19",color=red,style=dashed,shape=box];
    20 -> pts20 [color=red,style=dashed];
    pts22 [label="#21",color=red,style=dashed,shape=box];
    22 -> pts22 [color=red,style=dashed];
    pts24 [label="#23",color=red,style=dashed,shape=box];
    24 -> pts24 [color=red,style=dashed];
    pts26 [label="#25",color=red,style=dashed,shape=box];
    26 -> pts26 [color=red,style=dashed];
    pts28 [label="#27",color=red,style=dashed,shape=box];
    28 -> pts28 [color=red,style=dashed];
    pts30 [label="#29",color=red,style=dashed,shape=box];
    30 -> pts30 [color=red,style=dashed];
    pts32 [label="#31",color=red,style=dashed,shape=box];
    32 -> pts32 [color=red,style=dashed];
    pts34 [label="#33",color=red,style=dashed,shape=box];
    34 -> pts34 [color=red,style=dashed];
    pts35 [label="#25",color=red,style=dashed,shape=box];
    35 -> pts35 [color=red,style=dashed];
    pts36 [label="#23",color=red,style=dashed,shape=box];
    36 -> pts36 [color=red,style=dashed];
    pts37 [label="#19",color=red,style=dashed,shape=box];
    37 -> pts37 [color=red,style=dashed];
    pts38 [label="#21",color=red,style=dashed,shape=box];
    38 -> pts38 [color=red,style=dashed];
    pts39 [label="#15",color=red,style=dashed,shape=box];
    39 -> pts39 [color=red,style=dashed];
    pts40 [label="#11",color=red,style=dashed,shape=box];
    40 -> pts40 [color=red,style=dashed];
    pts43 [label="#25",color=red,style=dashed,shape=box];
    43 -> pts43 [color=red,style=dashed];
    pts44 [label="#11",color=red,style=dashed,shape=box];
    44 -> pts44 [color=red,style=dashed];
    pts45 [label="#7",color=red,style=dashed,shape=box];
    45 -> pts45 [color=red,style=dashed];
    pts46 [label="#7",color=red,style=dashed,shape=box];
    46 -> pts46 [color=red,style=dashed];
    pts48 [label="#5",color=red,style=dashed,shape=box];
    48 -> pts48 [color=red,style=dashed];
    pts50 [label="#5",color=red,style=dashed,shape=box];
    50 -> pts50 [color=red,style=dashed];
    pts52 [label="#3",color=red,style=dashed,shape=box];
    52 -> pts52 [color=red,style=dashed];
    pts54 [label="#3",color=red,style=dashed,shape=box];
    54 -> pts54 [color=red,style=dashed];
    pts56 [label="#17",color=red,style=dashed,shape=box];
    56 -> pts56 [color=red,style=dashed];
    pts57 [label="#13",color=red,style=dashed,shape=box];
    57 -> pts57 [color=red,style=dashed];
    pts58 [label="#9",color=red,style=dashed,shape=box];
    58 -> pts58 [color=red,style=dashed];
    pts59 [label="#1",color=red,style=dashed,shape=box];
    59 -> pts59 [color=red,style=dashed];
    pts61 [label="#17",color=red,style=dashed,shape=box];
    61 -> pts61 [color=red,style=dashed];
    pts62 [label="#13",color=red,style=dashed,shape=box];
    62 -> pts62 [color=red,style=dashed];
    pts63 [label="#9",color=red,style=dashed,shape=box];
    63 -> pts63 [color=red,style=dashed];
    pts64 [label="#1",color=red,style=dashed,shape=box];
    64 -> pts64 [color=red,style=dashed];
    pts66 [label="#25",color=red,style=dashed,shape=box];
    66 -> pts66 [color=red,style=dashed];
    pts68 [label="#25",color=red,style=dashed,shape=box];
    68 -> pts68 [color=red,style=dashed];
    pts187 [label="#25",color=red,style=dashed,shape=box];
    187 -> pts187 [color=red,style=dashed];
}
%12 -> { 
	Addr: @dd
		RAM: dd
			Adding Local RAM: dd to Fct: @main
}
%13 -> { 
	Addr: @dd
		RAM: dd
			Adding Local RAM: dd to Fct: @main
}
%14 -> { 
	Addr: @b
		RAM: b
			Adding Local RAM: b to Fct: @main
}
%15 -> { 
	Addr: @b
		RAM: b
			Adding Local RAM: b to Fct: @main
}
%16 -> { 
	Addr: @c
		RAM: c
			Adding Local RAM: c to Fct: @main
}
%17 -> { 
	Addr: @c
		RAM: c
			Adding Local RAM: c to Fct: @main
}
%18 -> { 
	Addr: @d
		RAM: d
			Adding Local RAM: d to Fct: @main
}
%19 -> { 
	Addr: @d
		RAM: d
			Adding Local RAM: d to Fct: @main
}
%20 -> { 
	Addr: @e
		RAM: e
			Adding Local RAM: e to Fct: @main
}
%22 -> { 
	Addr: @e
		RAM: e
			Adding Local RAM: e to Fct: @main
}
%23 -> { 
	Addr: @f
		RAM: f
			Adding Local RAM: f to Fct: @main
}
%24 -> { 
	Addr: @f
		RAM: f
			Adding Local RAM: f to Fct: @main
}
%25 -> { 
	Addr: @g
		RAM: g
			Adding Local RAM: g to Fct: @main
}
%26 -> { 
	Addr: @g
		RAM: g
			Adding Local RAM: g to Fct: @main
}
%27 -> { 
	Addr: @h
		RAM: h
			Adding Local RAM: h to Fct: @main
}
%28 -> { 
	Addr: @h
		RAM: h
			Adding Local RAM: h to Fct: @main
}
%29 -> { 
	Addr: @ii
		RAM: ii
			Adding Local RAM: ii to Fct: @main
}
%30 -> { 
	Addr: @j
		RAM: j
			Adding Local RAM: j to Fct: @main
}
%31 -> { 
	Addr: @j
		RAM: j
			Adding Local RAM: j to Fct: @main
}
<badref> -> { 
	Addr: @bb
		RAM: bb
			Adding Local RAM: bb to Fct: @main
}
<badref> -> { 
	Addr: @aa
		RAM: aa
			Adding Local RAM: aa to Fct: @main
}
<badref> -> { 
	Addr: @cc
		RAM: cc
			Adding Local RAM: cc to Fct: @main
}
%50 -> { 
	Addr: @dd
		RAM: dd
			Adding Local RAM: dd to Fct: @main
}
<badref> -> { 
	Addr: @dd
		RAM: dd
			Adding Local RAM: dd to Fct: @main
}
%71 -> { 
	Addr: @dd
		RAM: dd
			Adding Local RAM: dd to Fct: @main
}
%72 -> { 
	Addr: @dd
		RAM: dd
			Adding Local RAM: dd to Fct: @main
}
%73 -> { 
	Addr: @b
		RAM: b
			Adding Local RAM: b to Fct: @main
}
%74 -> { 
	Addr: @b
		RAM: b
			Adding Local RAM: b to Fct: @main
}
%75 -> { 
	Addr: @c
		RAM: c
			Adding Local RAM: c to Fct: @main
}
%76 -> { 
	Addr: @c
		RAM: c
			Adding Local RAM: c to Fct: @main
}
%77 -> { 
	Addr: @d
		RAM: d
			Adding Local RAM: d to Fct: @main
}
%78 -> { 
	Addr: @d
		RAM: d
			Adding Local RAM: d to Fct: @main
}
%79 -> { 
	Addr: @e
		RAM: e
			Adding Local RAM: e to Fct: @main
}
%80 -> { 
	Addr: @e
		RAM: e
			Adding Local RAM: e to Fct: @main
}
%81 -> { 
	Addr: @f
		RAM: f
			Adding Local RAM: f to Fct: @main
}
%82 -> { 
	Addr: @f
		RAM: f
			Adding Local RAM: f to Fct: @main
}
%83 -> { 
	Addr: @g
		RAM: g
			Adding Local RAM: g to Fct: @main
}
%84 -> { 
	Addr: @g
		RAM: g
			Adding Local RAM: g to Fct: @main
}
%85 -> { 
	Addr: @h
		RAM: h
			Adding Local RAM: h to Fct: @main
}
%86 -> { 
	Addr: @h
		RAM: h
			Adding Local RAM: h to Fct: @main
}
%87 -> { 
	Addr: @ii
		RAM: ii
			Adding Local RAM: ii to Fct: @main
}
%88 -> { 
	Addr: @j
		RAM: j
			Adding Local RAM: j to Fct: @main
}
%89 -> { 
	Addr: @j
		RAM: j
			Adding Local RAM: j to Fct: @main
}
<badref> -> { 
	Addr: @bb
		RAM: bb
			Adding Local RAM: bb to Fct: @main
}
<badref> -> { 
	Addr: @aa
		RAM: aa
			Adding Local RAM: aa to Fct: @main
}
<badref> -> { 
	Addr: @cc
		RAM: cc
			Adding Local RAM: cc to Fct: @main
}
%108 -> { 
	Addr: @dd
		RAM: dd
			Adding Local RAM: dd to Fct: @main
}
<badref> -> { 
	Addr: @dd
		RAM: dd
			Adding Local RAM: dd to Fct: @main
}
%130 -> { 
	Addr: @dd
		RAM: dd
			Adding Local RAM: dd to Fct: @main
}
Final memory allocation:
Global Memories:
Local Memories:
	RAM: b Function: main
	RAM: c Function: main
	RAM: d Function: main
	RAM: e Function: main
	RAM: f Function: main
	RAM: g Function: main
	RAM: h Function: main
	RAM: ii Function: main
	RAM: j Function: main
	RAM: aa Function: main
	RAM: bb Function: main
	RAM: cc Function: main
	RAM: dd Function: main
