//----------------------------------------------------------------------------//
// Generated by LegUp High-Level Synthesis Tool Version 4.0 (http://legup.org)
// Compiled: Tue Feb 14 19:47:56 2017
// University of Toronto
// For research and academic purposes only. Commercial use is prohibited.
// Please send bugs to: legup@eecg.toronto.edu
// Date: Tue Nov  7 15:26:36 2017
//----------------------------------------------------------------------------//

Target Family: CycloneV
Clock period constraint: 2.000000e+01ns
Start Function: main
state: LEGUP_0
   br label %1
   Transition: if (start): LEGUP_loop_pipeline_wait_loop_1_1 default: LEGUP_0
state: LEGUP_loop_pipeline_wait_loop_1_1
   %2 = phi i32 [ 0, %0 ], [ %21, %1 ], !legup.canonical_induction !2, !legup.pipeline.start_time !3, !legup.pipeline.avail_time !3, !legup.pipeline.stage !3 (endState: LEGUP_loop_pipeline_wait_loop_1_1)
   br i1 %exitcond1, label %129, label %1, !legup.pipelined !2, !legup.II !10, !legup.totalTime !19, !legup.maxStage !10, !legup.tripCount !20, !legup.label !21, !legup.pipeline.start_time !3, !legup.pipeline.avail_time !3, !legup.pipeline.stage !3
   Transition: if (loop_1_pipeline_finish): LEGUP_F_main_BB__129_2 default: LEGUP_loop_pipeline_wait_loop_1_1
state: LEGUP_F_main_BB__129_2
   %130 = load volatile i32* getelementptr inbounds ([100 x i32]* @dd, i32 0, i32 90), align 4, !tbaa !4 (endState: LEGUP_F_main_BB__129_3)
   Transition: default: LEGUP_F_main_BB__129_3
state: LEGUP_F_main_BB__129_3
   %131 = tail call i32 (i8*, ...)* @printf(i8* getelementptr inbounds ([10 x i8]* @.str1, i32 0, i32 0), i32 %130) #2 (endState: LEGUP_F_main_BB__129_3)
   %132 = icmp eq i32 %130, 87301 (endState: LEGUP_F_main_BB__129_3)
   br i1 %132, label %133, label %135
   Transition: if (%132): LEGUP_F_main_BB__133_4 default: LEGUP_F_main_BB__135_5
state: LEGUP_F_main_BB__133_4
   %134 = tail call i32 (i8*, ...)* @printf(i8* getelementptr inbounds ([8 x i8]* @.str2, i32 0, i32 0)) #2 (endState: LEGUP_F_main_BB__133_4)
   br label %137
   Transition: default: LEGUP_F_main_BB__137_6
state: LEGUP_F_main_BB__135_5
   %136 = tail call i32 (i8*, ...)* @printf(i8* getelementptr inbounds ([8 x i8]* @.str3, i32 0, i32 0)) #2 (endState: LEGUP_F_main_BB__135_5)
   br label %137
   Transition: default: LEGUP_F_main_BB__137_6
state: LEGUP_F_main_BB__137_6
   ret i32 %130
   Transition: default: LEGUP_0

Basic Block: %0 Num States: 1
Basic Block: %1 Num States: 1
Basic Block: %129 Num States: 2
Basic Block: %133 Num States: 1
Basic Block: %135 Num States: 1
Basic Block: %137 Num States: 1
End Function: main
--------------------------------------------------------------------------------

