//----------------------------------------------------------------------------//
// Generated by LegUp High-Level Synthesis Tool Version 4.0 (http://legup.org)
// Compiled: Mon Jun  4 15:32:40 2018
// University of Toronto
// For research and academic purposes only. Commercial use is prohibited.
// Please send bugs to: legup@eecg.toronto.edu
// Date: Mon Jun 25 17:01:24 2018
//----------------------------------------------------------------------------//

--------------------------------------------------------------------------------
Function: main
--------------------------------------------------------------------------------
Function unit type:           Number Required               
altfp_add_32                  3                             
altfp_add_64                  1                             
altfp_extend_32               1                             
altfp_fptosi_32               1                             
altfp_multiply_32             1                             
altfp_multiply_64             1                             
altfp_subtract_32             1                             
altfp_subtract_64             1                             
altfp_truncate_64             1                             
mem_dual_port                 2                             

Running Bipartite Weighted Matching on function: main
State: LEGUP_F_main_BB_preheader
Binding functional unit type: mem_dual_port
Weight matrix for operation/function unit matching:
                                                  main_mem_dual_port_0          main_mem_dual_port_1          
  %.pre = load float* %.phi.tr... (idx: 0)        10                            10                            
  %.pre9 = load float* %.phi.t... (idx: 1)        10                            10                            
Solving Bipartite Weighted Matching (minimize weights)...
Assignment matrix after operation/function unit matching:
                                                  main_mem_dual_port_0          main_mem_dual_port_1          
  %.pre = load float* %.phi.tr... (idx: 0)        1                             0                             
  %.pre9 = load float* %.phi.t... (idx: 1)        0                             1                             
Checking that every operator was assigned to a functional unit...yes
Binding operator -> functional unit assignments:
  %.pre = load float* %.phi.tr... (idx: 0) -> main_mem_dual_port_0 (mux inputs: 1)
  %.pre9 = load float* %.phi.t... (idx: 1) -> main_mem_dual_port_1 (mux inputs: 1)
State: LEGUP_F_main_BB_preheader
Binding functional unit type: mem_dual_port
Weight matrix for operation/function unit matching:
                                                  main_mem_dual_port_0          main_mem_dual_port_1          
  %.pre11 = load float* %.phi.... (idx: 0)        11                            11                            
  %.pre13 = load float* %.phi.... (idx: 1)        11                            11                            
Solving Bipartite Weighted Matching (minimize weights)...
Assignment matrix after operation/function unit matching:
                                                  main_mem_dual_port_0          main_mem_dual_port_1          
  %.pre11 = load float* %.phi.... (idx: 0)        1                             0                             
  %.pre13 = load float* %.phi.... (idx: 1)        0                             1                             
Checking that every operator was assigned to a functional unit...yes
Binding operator -> functional unit assignments:
  %.pre11 = load float* %.phi.... (idx: 0) -> main_mem_dual_port_0 (mux inputs: 2)
  %.pre13 = load float* %.phi.... (idx: 1) -> main_mem_dual_port_1 (mux inputs: 2)
State: LEGUP_F_main_BB_preheader
Binding functional unit type: mem_dual_port
Weight matrix for operation/function unit matching:
                                                  main_mem_dual_port_0          main_mem_dual_port_1          
  %.pre15 = load float* %.phi.... (idx: 0)        12                            12                            
  %.pre2 = load float* %.phi.t... (idx: 1)        12                            12                            
Solving Bipartite Weighted Matching (minimize weights)...
Assignment matrix after operation/function unit matching:
                                                  main_mem_dual_port_0          main_mem_dual_port_1          
  %.pre15 = load float* %.phi.... (idx: 0)        1                             0                             
  %.pre2 = load float* %.phi.t... (idx: 1)        0                             1                             
Checking that every operator was assigned to a functional unit...yes
Binding operator -> functional unit assignments:
  %.pre15 = load float* %.phi.... (idx: 0) -> main_mem_dual_port_0 (mux inputs: 3)
  %.pre2 = load float* %.phi.t... (idx: 1) -> main_mem_dual_port_1 (mux inputs: 3)
State: pipeline_time_0
Binding functional unit type: altfp_add_64
Weight matrix for operation/function unit matching:
                                                  main_altfp_add_64_0           
  %64 = fadd double %54, %63, ... (idx: 0)        20                            
Solving Bipartite Weighted Matching (minimize weights)...
Assignment matrix after operation/function unit matching:
                                                  main_altfp_add_64_0           
  %64 = fadd double %54, %63, ... (idx: 0)        1                             
Checking that every operator was assigned to a functional unit...yes
Binding operator -> functional unit assignments:
  %64 = fadd double %54, %63, ... (idx: 0) -> main_altfp_add_64_0 (mux inputs: 2)
State: pipeline_time_0
Binding functional unit type: altfp_extend_32
Weight matrix for operation/function unit matching:
                                                  main_altfp_extend_32_0        
  %42 = fpext float %6 to doub... (idx: 0)        10                            
Solving Bipartite Weighted Matching (minimize weights)...
Assignment matrix after operation/function unit matching:
                                                  main_altfp_extend_32_0        
  %42 = fpext float %6 to doub... (idx: 0)        1                             
Checking that every operator was assigned to a functional unit...yes
Binding operator -> functional unit assignments:
  %42 = fpext float %6 to doub... (idx: 0) -> main_altfp_extend_32_0 (mux inputs: 1)
State: pipeline_time_0
Binding functional unit type: mem_dual_port
Weight matrix for operation/function unit matching:
                                                  main_mem_dual_port_0          main_mem_dual_port_1          
  %12 = load float* %scevgep14... (idx: 0)        13                            13                            
  %60 = load float* %scevgep4,... (idx: 1)        13                            13                            
Solving Bipartite Weighted Matching (minimize weights)...
Assignment matrix after operation/function unit matching:
                                                  main_mem_dual_port_0          main_mem_dual_port_1          
  %12 = load float* %scevgep14... (idx: 0)        1                             0                             
  %60 = load float* %scevgep4,... (idx: 1)        0                             1                             
Checking that every operator was assigned to a functional unit...yes
Binding operator -> functional unit assignments:
  %12 = load float* %scevgep14... (idx: 0) -> main_mem_dual_port_0 (mux inputs: 4)
  %60 = load float* %scevgep4,... (idx: 1) -> main_mem_dual_port_1 (mux inputs: 4)
State: pipeline_time_1
Binding functional unit type: altfp_add_64
Weight matrix for operation/function unit matching:
                                                  main_altfp_add_64_0           
  %34 = fadd double %24, %33, ... (idx: 0)        22                            
Solving Bipartite Weighted Matching (minimize weights)...
Assignment matrix after operation/function unit matching:
                                                  main_altfp_add_64_0           
  %34 = fadd double %24, %33, ... (idx: 0)        1                             
Checking that every operator was assigned to a functional unit...yes
Binding operator -> functional unit assignments:
  %34 = fadd double %24, %33, ... (idx: 0) -> main_altfp_add_64_0 (mux inputs: 4)
State: pipeline_time_1
Binding functional unit type: altfp_extend_32
Weight matrix for operation/function unit matching:
                                                  main_altfp_extend_32_0        
  %57 = fpext float %5 to doub... (idx: 0)        11                            
Solving Bipartite Weighted Matching (minimize weights)...
Assignment matrix after operation/function unit matching:
                                                  main_altfp_extend_32_0        
  %57 = fpext float %5 to doub... (idx: 0)        1                             
Checking that every operator was assigned to a functional unit...yes
Binding operator -> functional unit assignments:
  %57 = fpext float %5 to doub... (idx: 0) -> main_altfp_extend_32_0 (mux inputs: 2)
State: pipeline_time_1
Binding functional unit type: altfp_subtract_64
Weight matrix for operation/function unit matching:
                                                  main_altfp_subtract_64_0      
  %44 = fsub double %41, %43, ... (idx: 0)        20                            
Solving Bipartite Weighted Matching (minimize weights)...
Assignment matrix after operation/function unit matching:
                                                  main_altfp_subtract_64_0      
  %44 = fsub double %41, %43, ... (idx: 0)        1                             
Checking that every operator was assigned to a functional unit...yes
Binding operator -> functional unit assignments:
  %44 = fsub double %41, %43, ... (idx: 0) -> main_altfp_subtract_64_0 (mux inputs: 2)
State: pipeline_time_1
Binding functional unit type: altfp_truncate_64
Weight matrix for operation/function unit matching:
                                                  main_altfp_truncate_64_0      
  %50 = fptrunc double %49 to ... (idx: 0)        10                            
Solving Bipartite Weighted Matching (minimize weights)...
Assignment matrix after operation/function unit matching:
                                                  main_altfp_truncate_64_0      
  %50 = fptrunc double %49 to ... (idx: 0)        1                             
Checking that every operator was assigned to a functional unit...yes
Binding operator -> functional unit assignments:
  %50 = fptrunc double %49 to ... (idx: 0) -> main_altfp_truncate_64_0 (mux inputs: 1)
State: pipeline_time_1
Binding functional unit type: mem_dual_port
Weight matrix for operation/function unit matching:
  %40 = load float* %scevgep8,... can share an output register with another operation already assigned to main_mem_dual_port_0
  %40 = load float* %scevgep8,... can share an output register with another operation already assigned to main_mem_dual_port_1
                                                  main_mem_dual_port_0          main_mem_dual_port_1          
  %14 = load float* %scevgep13... (idx: 0)        14                            14                            
  %40 = load float* %scevgep8,... (idx: 1)        9                             9                             
Solving Bipartite Weighted Matching (minimize weights)...
Assignment matrix after operation/function unit matching:
                                                  main_mem_dual_port_0          main_mem_dual_port_1          
  %14 = load float* %scevgep13... (idx: 0)        1                             0                             
  %40 = load float* %scevgep8,... (idx: 1)        0                             1                             
Checking that every operator was assigned to a functional unit...yes
Binding operator -> functional unit assignments:
  %14 = load float* %scevgep13... (idx: 0) -> main_mem_dual_port_0 (mux inputs: 5)
  %40 = load float* %scevgep8,... (idx: 1) -> main_mem_dual_port_1 (mux inputs: 5)
State: pipeline_time_2
Binding functional unit type: altfp_extend_32
Weight matrix for operation/function unit matching:
                                                  main_altfp_extend_32_0        
  %27 = fpext float %4 to doub... (idx: 0)        12                            
Solving Bipartite Weighted Matching (minimize weights)...
Assignment matrix after operation/function unit matching:
                                                  main_altfp_extend_32_0        
  %27 = fpext float %4 to doub... (idx: 0)        1                             
Checking that every operator was assigned to a functional unit...yes
Binding operator -> functional unit assignments:
  %27 = fpext float %4 to doub... (idx: 0) -> main_altfp_extend_32_0 (mux inputs: 3)
State: pipeline_time_2
Binding functional unit type: altfp_multiply_64
Weight matrix for operation/function unit matching:
                                                  main_altfp_multiply_64_0      
  %43 = fmul double %42, 2.000... (idx: 0)        10                            
Solving Bipartite Weighted Matching (minimize weights)...
Assignment matrix after operation/function unit matching:
                                                  main_altfp_multiply_64_0      
  %43 = fmul double %42, 2.000... (idx: 0)        1                             
Checking that every operator was assigned to a functional unit...yes
Binding operator -> functional unit assignments:
  %43 = fmul double %42, 2.000... (idx: 0) -> main_altfp_multiply_64_0 (mux inputs: 1)
State: pipeline_time_2
Binding functional unit type: altfp_subtract_32
Weight matrix for operation/function unit matching:
                                                  main_altfp_subtract_32_0      
  %13 = fsub float %12, %9, !l... (idx: 0)        20                            
Solving Bipartite Weighted Matching (minimize weights)...
Assignment matrix after operation/function unit matching:
                                                  main_altfp_subtract_32_0      
  %13 = fsub float %12, %9, !l... (idx: 0)        1                             
Checking that every operator was assigned to a functional unit...yes
Binding operator -> functional unit assignments:
  %13 = fsub float %12, %9, !l... (idx: 0) -> main_altfp_subtract_32_0 (mux inputs: 2)
State: pipeline_time_2
Binding functional unit type: altfp_subtract_64
Weight matrix for operation/function unit matching:
                                                  main_altfp_subtract_64_0      
  %59 = fsub double %56, %58, ... (idx: 0)        22                            
Solving Bipartite Weighted Matching (minimize weights)...
Assignment matrix after operation/function unit matching:
                                                  main_altfp_subtract_64_0      
  %59 = fsub double %56, %58, ... (idx: 0)        1                             
Checking that every operator was assigned to a functional unit...yes
Binding operator -> functional unit assignments:
  %59 = fsub double %56, %58, ... (idx: 0) -> main_altfp_subtract_64_0 (mux inputs: 4)
State: pipeline_time_2
Binding functional unit type: altfp_truncate_64
Weight matrix for operation/function unit matching:
                                                  main_altfp_truncate_64_0      
  %65 = fptrunc double %64 to ... (idx: 0)        11                            
Solving Bipartite Weighted Matching (minimize weights)...
Assignment matrix after operation/function unit matching:
                                                  main_altfp_truncate_64_0      
  %65 = fptrunc double %64 to ... (idx: 0)        1                             
Checking that every operator was assigned to a functional unit...yes
Binding operator -> functional unit assignments:
  %65 = fptrunc double %64 to ... (idx: 0) -> main_altfp_truncate_64_0 (mux inputs: 2)
State: pipeline_time_2
Binding functional unit type: mem_dual_port
Weight matrix for operation/function unit matching:
  %25 = load float* %scevgep11... can share an output register with another operation already assigned to main_mem_dual_port_0
  %25 = load float* %scevgep11... can share an output register with another operation already assigned to main_mem_dual_port_1
                                                  main_mem_dual_port_0          main_mem_dual_port_1          
  %16 = load float* %scevgep12... (idx: 0)        15                            15                            
  %25 = load float* %scevgep11... (idx: 1)        10                            10                            
Solving Bipartite Weighted Matching (minimize weights)...
Assignment matrix after operation/function unit matching:
                                                  main_mem_dual_port_0          main_mem_dual_port_1          
  %16 = load float* %scevgep12... (idx: 0)        1                             0                             
  %25 = load float* %scevgep11... (idx: 1)        0                             1                             
Checking that every operator was assigned to a functional unit...yes
Binding operator -> functional unit assignments:
  %16 = load float* %scevgep12... (idx: 0) -> main_mem_dual_port_0 (mux inputs: 6)
  %25 = load float* %scevgep11... (idx: 1) -> main_mem_dual_port_1 (mux inputs: 6)
State: pipeline_time_3
Binding functional unit type: altfp_add_32
Weight matrix for operation/function unit matching:
                                                  main_altfp_add_32_0           main_altfp_add_32_1           main_altfp_add_32_2           
  %19 = fadd float %4, %18, !l... (idx: 0)        20                            20                            20                            
  %36 = fadd float %6, %18, !l... (idx: 1)        20                            20                            20                            
  %51 = fadd float %5, %18, !l... (idx: 2)        20                            20                            20                            
Solving Bipartite Weighted Matching (minimize weights)...
Assignment matrix after operation/function unit matching:
                                                  main_altfp_add_32_0           main_altfp_add_32_1           main_altfp_add_32_2           
  %19 = fadd float %4, %18, !l... (idx: 0)        1                             0                             0                             
  %36 = fadd float %6, %18, !l... (idx: 1)        0                             1                             0                             
  %51 = fadd float %5, %18, !l... (idx: 2)        0                             0                             1                             
Checking that every operator was assigned to a functional unit...yes
Binding operator -> functional unit assignments:
  %19 = fadd float %4, %18, !l... (idx: 0) -> main_altfp_add_32_0 (mux inputs: 2)
  %36 = fadd float %6, %18, !l... (idx: 1) -> main_altfp_add_32_1 (mux inputs: 2)
  %51 = fadd float %5, %18, !l... (idx: 2) -> main_altfp_add_32_2 (mux inputs: 2)
State: pipeline_time_3
Binding functional unit type: altfp_add_64
Weight matrix for operation/function unit matching:
  %47 = fadd double %44, %46, ... can share an output register with another operation already assigned to main_altfp_add_64_0
                                                  main_altfp_add_64_0           
  %47 = fadd double %44, %46, ... (idx: 0)        19                            
Solving Bipartite Weighted Matching (minimize weights)...
Assignment matrix after operation/function unit matching:
                                                  main_altfp_add_64_0           
  %47 = fadd double %44, %46, ... (idx: 0)        1                             
Checking that every operator was assigned to a functional unit...yes
Binding operator -> functional unit assignments:
  %47 = fadd double %44, %46, ... (idx: 0) -> main_altfp_add_64_0 (mux inputs: 6)
State: pipeline_time_3
Binding functional unit type: altfp_extend_32
Weight matrix for operation/function unit matching:
                                                  main_altfp_extend_32_0        
  %41 = fpext float %40 to dou... (idx: 0)        13                            
Solving Bipartite Weighted Matching (minimize weights)...
Assignment matrix after operation/function unit matching:
                                                  main_altfp_extend_32_0        
  %41 = fpext float %40 to dou... (idx: 0)        1                             
Checking that every operator was assigned to a functional unit...yes
Binding operator -> functional unit assignments:
  %41 = fpext float %40 to dou... (idx: 0) -> main_altfp_extend_32_0 (mux inputs: 4)
State: pipeline_time_3
Binding functional unit type: altfp_multiply_64
Weight matrix for operation/function unit matching:
                                                  main_altfp_multiply_64_0      
  %58 = fmul double %57, 2.000... (idx: 0)        11                            
Solving Bipartite Weighted Matching (minimize weights)...
Assignment matrix after operation/function unit matching:
                                                  main_altfp_multiply_64_0      
  %58 = fmul double %57, 2.000... (idx: 0)        1                             
Checking that every operator was assigned to a functional unit...yes
Binding operator -> functional unit assignments:
  %58 = fmul double %57, 2.000... (idx: 0) -> main_altfp_multiply_64_0 (mux inputs: 2)
State: pipeline_time_3
Binding functional unit type: altfp_subtract_32
Weight matrix for operation/function unit matching:
                                                  main_altfp_subtract_32_0      
  %15 = fsub float %14, %8, !l... (idx: 0)        22                            
Solving Bipartite Weighted Matching (minimize weights)...
Assignment matrix after operation/function unit matching:
                                                  main_altfp_subtract_32_0      
  %15 = fsub float %14, %8, !l... (idx: 0)        1                             
Checking that every operator was assigned to a functional unit...yes
Binding operator -> functional unit assignments:
  %15 = fsub float %14, %8, !l... (idx: 0) -> main_altfp_subtract_32_0 (mux inputs: 4)
State: pipeline_time_3
Binding functional unit type: altfp_subtract_64
Weight matrix for operation/function unit matching:
                                                  main_altfp_subtract_64_0      
  %29 = fsub double %26, %28, ... (idx: 0)        24                            
Solving Bipartite Weighted Matching (minimize weights)...
Assignment matrix after operation/function unit matching:
                                                  main_altfp_subtract_64_0      
  %29 = fsub double %26, %28, ... (idx: 0)        1                             
Checking that every operator was assigned to a functional unit...yes
Binding operator -> functional unit assignments:
  %29 = fsub double %26, %28, ... (idx: 0) -> main_altfp_subtract_64_0 (mux inputs: 6)
State: pipeline_time_3
Binding functional unit type: altfp_truncate_64
Weight matrix for operation/function unit matching:
                                                  main_altfp_truncate_64_0      
  %35 = fptrunc double %34 to ... (idx: 0)        12                            
Solving Bipartite Weighted Matching (minimize weights)...
Assignment matrix after operation/function unit matching:
                                                  main_altfp_truncate_64_0      
  %35 = fptrunc double %34 to ... (idx: 0)        1                             
Checking that every operator was assigned to a functional unit...yes
Binding operator -> functional unit assignments:
  %35 = fptrunc double %34 to ... (idx: 0) -> main_altfp_truncate_64_0 (mux inputs: 3)
State: pipeline_time_3
Binding functional unit type: mem_dual_port
Weight matrix for operation/function unit matching:
  %30 = load float* %scevgep10... can share an output register with another operation already assigned to main_mem_dual_port_0
  %30 = load float* %scevgep10... can share an output register with another operation already assigned to main_mem_dual_port_1
  %45 = load float* %scevgep7,... can share an output register with another operation already assigned to main_mem_dual_port_0
  %45 = load float* %scevgep7,... can share an output register with another operation already assigned to main_mem_dual_port_1
                                                  main_mem_dual_port_0          main_mem_dual_port_1          
  %30 = load float* %scevgep10... (idx: 0)        11                            11                            
  %45 = load float* %scevgep7,... (idx: 1)        11                            11                            
Solving Bipartite Weighted Matching (minimize weights)...
Assignment matrix after operation/function unit matching:
                                                  main_mem_dual_port_0          main_mem_dual_port_1          
  %30 = load float* %scevgep10... (idx: 0)        1                             0                             
  %45 = load float* %scevgep7,... (idx: 1)        0                             1                             
Checking that every operator was assigned to a functional unit...yes
Binding operator -> functional unit assignments:
  %30 = load float* %scevgep10... (idx: 0) -> main_mem_dual_port_0 (mux inputs: 7)
  %45 = load float* %scevgep7,... (idx: 1) -> main_mem_dual_port_1 (mux inputs: 7)
State: pipeline_time_4
Binding functional unit type: altfp_add_64
Weight matrix for operation/function unit matching:
  %62 = fadd double %59, %61, ... can share an output register with another operation already assigned to main_altfp_add_64_0
                                                  main_altfp_add_64_0           
  %62 = fadd double %59, %61, ... (idx: 0)        21                            
Solving Bipartite Weighted Matching (minimize weights)...
Assignment matrix after operation/function unit matching:
                                                  main_altfp_add_64_0           
  %62 = fadd double %59, %61, ... (idx: 0)        1                             
Checking that every operator was assigned to a functional unit...yes
Binding operator -> functional unit assignments:
  %62 = fadd double %59, %61, ... (idx: 0) -> main_altfp_add_64_0 (mux inputs: 8)
State: pipeline_time_4
Binding functional unit type: altfp_extend_32
Weight matrix for operation/function unit matching:
  %61 = fpext float %60 to dou... can share an output register with another operation already assigned to main_altfp_extend_32_0
                                                  main_altfp_extend_32_0        
  %61 = fpext float %60 to dou... (idx: 0)        9                             
Solving Bipartite Weighted Matching (minimize weights)...
Assignment matrix after operation/function unit matching:
                                                  main_altfp_extend_32_0        
  %61 = fpext float %60 to dou... (idx: 0)        1                             
Checking that every operator was assigned to a functional unit...yes
Binding operator -> functional unit assignments:
  %61 = fpext float %60 to dou... (idx: 0) -> main_altfp_extend_32_0 (mux inputs: 5)
State: pipeline_time_4
Binding functional unit type: altfp_multiply_32
Weight matrix for operation/function unit matching:
                                                  main_altfp_multiply_32_0      
  %18 = fmul float %13, 0.0000... (idx: 0)        10                            
Solving Bipartite Weighted Matching (minimize weights)...
Assignment matrix after operation/function unit matching:
                                                  main_altfp_multiply_32_0      
  %18 = fmul float %13, 0.0000... (idx: 0)        1                             
Checking that every operator was assigned to a functional unit...yes
Binding operator -> functional unit assignments:
  %18 = fmul float %13, 0.0000... (idx: 0) -> main_altfp_multiply_32_0 (mux inputs: 1)
State: pipeline_time_4
Binding functional unit type: altfp_multiply_64
Weight matrix for operation/function unit matching:
  %28 = fmul double %27, 2.000... can share an output register with another operation already assigned to main_altfp_multiply_64_0
                                                  main_altfp_multiply_64_0      
  %28 = fmul double %27, 2.000... (idx: 0)        7                             
Solving Bipartite Weighted Matching (minimize weights)...
Assignment matrix after operation/function unit matching:
                                                  main_altfp_multiply_64_0      
  %28 = fmul double %27, 2.000... (idx: 0)        1                             
Checking that every operator was assigned to a functional unit...yes
Binding operator -> functional unit assignments:
  %28 = fmul double %27, 2.000... (idx: 0) -> main_altfp_multiply_64_0 (mux inputs: 3)
State: pipeline_time_4
Binding functional unit type: altfp_subtract_32
Weight matrix for operation/function unit matching:
                                                  main_altfp_subtract_32_0      
  %17 = fsub float %16, %7, !l... (idx: 0)        24                            
Solving Bipartite Weighted Matching (minimize weights)...
Assignment matrix after operation/function unit matching:
                                                  main_altfp_subtract_32_0      
  %17 = fsub float %16, %7, !l... (idx: 0)        1                             
Checking that every operator was assigned to a functional unit...yes
Binding operator -> functional unit assignments:
  %17 = fsub float %16, %7, !l... (idx: 0) -> main_altfp_subtract_32_0 (mux inputs: 6)
State: pipeline_time_4
Binding functional unit type: mem_dual_port
Weight matrix for operation/function unit matching:
  store float %50, float* %sce... can share an output register with another operation already assigned to main_mem_dual_port_0
  store float %50, float* %sce... can share an output register with another operation already assigned to main_mem_dual_port_1
  %55 = load float* %scevgep5,... can share an output register with another operation already assigned to main_mem_dual_port_0
  %55 = load float* %scevgep5,... can share an output register with another operation already assigned to main_mem_dual_port_1
                                                  main_mem_dual_port_0          main_mem_dual_port_1          
  store float %50, float* %sce... (idx: 0)        22                            22                            
  %55 = load float* %scevgep5,... (idx: 1)        12                            12                            
Solving Bipartite Weighted Matching (minimize weights)...
Assignment matrix after operation/function unit matching:
                                                  main_mem_dual_port_0          main_mem_dual_port_1          
  store float %50, float* %sce... (idx: 0)        1                             0                             
  %55 = load float* %scevgep5,... (idx: 1)        0                             1                             
Checking that every operator was assigned to a functional unit...yes
Binding operator -> functional unit assignments:
  store float %50, float* %sce... (idx: 0) -> main_mem_dual_port_0 (mux inputs: 9)
  %55 = load float* %scevgep5,... (idx: 1) -> main_mem_dual_port_1 (mux inputs: 8)
State: pipeline_time_5
Binding functional unit type: altfp_add_32
Weight matrix for operation/function unit matching:
                                                  main_altfp_add_32_0           main_altfp_add_32_1           main_altfp_add_32_2           
  %21 = fadd float %19, %20, !... (idx: 0)        22                            22                            22                            
  %37 = fadd float %36, %20, !... (idx: 1)        22                            22                            22                            
  %52 = fadd float %51, %20, !... (idx: 2)        22                            22                            22                            
Solving Bipartite Weighted Matching (minimize weights)...
Assignment matrix after operation/function unit matching:
                                                  main_altfp_add_32_0           main_altfp_add_32_1           main_altfp_add_32_2           
  %21 = fadd float %19, %20, !... (idx: 0)        1                             0                             0                             
  %37 = fadd float %36, %20, !... (idx: 1)        0                             1                             0                             
  %52 = fadd float %51, %20, !... (idx: 2)        0                             0                             1                             
Checking that every operator was assigned to a functional unit...yes
Binding operator -> functional unit assignments:
  %21 = fadd float %19, %20, !... (idx: 0) -> main_altfp_add_32_0 (mux inputs: 4)
  %37 = fadd float %36, %20, !... (idx: 1) -> main_altfp_add_32_1 (mux inputs: 4)
  %52 = fadd float %51, %20, !... (idx: 2) -> main_altfp_add_32_2 (mux inputs: 4)
State: pipeline_time_5
Binding functional unit type: altfp_add_64
Weight matrix for operation/function unit matching:
  %32 = fadd double %29, %31, ... can share an output register with another operation already assigned to main_altfp_add_64_0
                                                  main_altfp_add_64_0           
  %32 = fadd double %29, %31, ... (idx: 0)        23                            
Solving Bipartite Weighted Matching (minimize weights)...
Assignment matrix after operation/function unit matching:
                                                  main_altfp_add_64_0           
  %32 = fadd double %29, %31, ... (idx: 0)        1                             
Checking that every operator was assigned to a functional unit...yes
Binding operator -> functional unit assignments:
  %32 = fadd double %29, %31, ... (idx: 0) -> main_altfp_add_64_0 (mux inputs: 10)
State: pipeline_time_5
Binding functional unit type: altfp_extend_32
Weight matrix for operation/function unit matching:
  %26 = fpext float %25 to dou... can share an output register with another operation already assigned to main_altfp_extend_32_0
                                                  main_altfp_extend_32_0        
  %26 = fpext float %25 to dou... (idx: 0)        10                            
Solving Bipartite Weighted Matching (minimize weights)...
Assignment matrix after operation/function unit matching:
                                                  main_altfp_extend_32_0        
  %26 = fpext float %25 to dou... (idx: 0)        1                             
Checking that every operator was assigned to a functional unit...yes
Binding operator -> functional unit assignments:
  %26 = fpext float %25 to dou... (idx: 0) -> main_altfp_extend_32_0 (mux inputs: 6)
State: pipeline_time_5
Binding functional unit type: altfp_multiply_32
Weight matrix for operation/function unit matching:
  %20 = fmul float %15, 0.0000... can share an output register with another operation already assigned to main_altfp_multiply_32_0
                                                  main_altfp_multiply_32_0      
  %20 = fmul float %15, 0.0000... (idx: 0)        6                             
Solving Bipartite Weighted Matching (minimize weights)...
Assignment matrix after operation/function unit matching:
                                                  main_altfp_multiply_32_0      
  %20 = fmul float %15, 0.0000... (idx: 0)        1                             
Checking that every operator was assigned to a functional unit...yes
Binding operator -> functional unit assignments:
  %20 = fmul float %15, 0.0000... (idx: 0) -> main_altfp_multiply_32_0 (mux inputs: 2)
State: pipeline_time_5
Binding functional unit type: altfp_multiply_64
Weight matrix for operation/function unit matching:
  %48 = fmul double %47, 0x3FC... can share an output register with another operation already assigned to main_altfp_multiply_64_0
                                                  main_altfp_multiply_64_0      
  %48 = fmul double %47, 0x3FC... (idx: 0)        8                             
Solving Bipartite Weighted Matching (minimize weights)...
Assignment matrix after operation/function unit matching:
                                                  main_altfp_multiply_64_0      
  %48 = fmul double %47, 0x3FC... (idx: 0)        1                             
Checking that every operator was assigned to a functional unit...yes
Binding operator -> functional unit assignments:
  %48 = fmul double %47, 0x3FC... (idx: 0) -> main_altfp_multiply_64_0 (mux inputs: 4)
State: pipeline_time_5
Binding functional unit type: mem_dual_port
Weight matrix for operation/function unit matching:
  store float %65, float* %sce... can share an output register with another operation already assigned to main_mem_dual_port_0
  store float %65, float* %sce... can share an output register with another operation already assigned to main_mem_dual_port_1
                                                  main_mem_dual_port_0          main_mem_dual_port_1          
  store float %65, float* %sce... (idx: 0)        24                            23                            
Solving Bipartite Weighted Matching (minimize weights)...
Assignment matrix after operation/function unit matching:
                                                  main_mem_dual_port_0          main_mem_dual_port_1          
  store float %65, float* %sce... (idx: 0)        0                             1                             
Checking that every operator was assigned to a functional unit...yes
Binding operator -> functional unit assignments:
  store float %65, float* %sce... (idx: 0) -> main_mem_dual_port_1 (mux inputs: 10)
State: pipeline_time_6
Binding functional unit type: altfp_extend_32
Weight matrix for operation/function unit matching:
  %31 = fpext float %30 to dou... can share an output register with another operation already assigned to main_altfp_extend_32_0
                                                  main_altfp_extend_32_0        
  %31 = fpext float %30 to dou... (idx: 0)        11                            
Solving Bipartite Weighted Matching (minimize weights)...
Assignment matrix after operation/function unit matching:
                                                  main_altfp_extend_32_0        
  %31 = fpext float %30 to dou... (idx: 0)        1                             
Checking that every operator was assigned to a functional unit...yes
Binding operator -> functional unit assignments:
  %31 = fpext float %30 to dou... (idx: 0) -> main_altfp_extend_32_0 (mux inputs: 7)
State: pipeline_time_6
Binding functional unit type: altfp_multiply_32
Weight matrix for operation/function unit matching:
  %22 = fmul float %17, 0.0000... can share an output register with another operation already assigned to main_altfp_multiply_32_0
                                                  main_altfp_multiply_32_0      
  %22 = fmul float %17, 0.0000... (idx: 0)        7                             
Solving Bipartite Weighted Matching (minimize weights)...
Assignment matrix after operation/function unit matching:
                                                  main_altfp_multiply_32_0      
  %22 = fmul float %17, 0.0000... (idx: 0)        1                             
Checking that every operator was assigned to a functional unit...yes
Binding operator -> functional unit assignments:
  %22 = fmul float %17, 0.0000... (idx: 0) -> main_altfp_multiply_32_0 (mux inputs: 3)
State: pipeline_time_6
Binding functional unit type: altfp_multiply_64
Weight matrix for operation/function unit matching:
                                                  main_altfp_multiply_64_0      
  %63 = fmul double %62, 0x3FC... (idx: 0)        14                            
Solving Bipartite Weighted Matching (minimize weights)...
Assignment matrix after operation/function unit matching:
                                                  main_altfp_multiply_64_0      
  %63 = fmul double %62, 0x3FC... (idx: 0)        1                             
Checking that every operator was assigned to a functional unit...yes
Binding operator -> functional unit assignments:
  %63 = fmul double %62, 0x3FC... (idx: 0) -> main_altfp_multiply_64_0 (mux inputs: 5)
State: pipeline_time_6
Binding functional unit type: mem_dual_port
Weight matrix for operation/function unit matching:
  store float %35, float* %sce... can share an output register with another operation already assigned to main_mem_dual_port_0
  store float %35, float* %sce... can share an output register with another operation already assigned to main_mem_dual_port_1
                                                  main_mem_dual_port_0          main_mem_dual_port_1          
  store float %35, float* %sce... (idx: 0)        24                            25                            
Solving Bipartite Weighted Matching (minimize weights)...
Assignment matrix after operation/function unit matching:
                                                  main_mem_dual_port_0          main_mem_dual_port_1          
  store float %35, float* %sce... (idx: 0)        1                             0                             
Checking that every operator was assigned to a functional unit...yes
Binding operator -> functional unit assignments:
  store float %35, float* %sce... (idx: 0) -> main_mem_dual_port_0 (mux inputs: 11)
State: pipeline_time_7
Binding functional unit type: altfp_add_32
Weight matrix for operation/function unit matching:
  %23 = fadd float %22, %21, !... can share an output register with another operation already assigned to main_altfp_add_32_0
  %23 = fadd float %22, %21, !... can share an output register with another operation already assigned to main_altfp_add_32_1
  %23 = fadd float %22, %21, !... can share an output register with another operation already assigned to main_altfp_add_32_2
  %38 = fadd float %37, %22, !... can share an output register with another operation already assigned to main_altfp_add_32_0
  %38 = fadd float %37, %22, !... can share an output register with another operation already assigned to main_altfp_add_32_1
  %38 = fadd float %37, %22, !... can share an output register with another operation already assigned to main_altfp_add_32_2
  %53 = fadd float %52, %22, !... can share an output register with another operation already assigned to main_altfp_add_32_0
  %53 = fadd float %52, %22, !... can share an output register with another operation already assigned to main_altfp_add_32_1
  %53 = fadd float %52, %22, !... can share an output register with another operation already assigned to main_altfp_add_32_2
                                                  main_altfp_add_32_0           main_altfp_add_32_1           main_altfp_add_32_2           
  %23 = fadd float %22, %21, !... (idx: 0)        19                            19                            19                            
  %38 = fadd float %37, %22, !... (idx: 1)        19                            19                            19                            
  %53 = fadd float %52, %22, !... (idx: 2)        19                            19                            19                            
Solving Bipartite Weighted Matching (minimize weights)...
Assignment matrix after operation/function unit matching:
                                                  main_altfp_add_32_0           main_altfp_add_32_1           main_altfp_add_32_2           
  %23 = fadd float %22, %21, !... (idx: 0)        1                             0                             0                             
  %38 = fadd float %37, %22, !... (idx: 1)        0                             1                             0                             
  %53 = fadd float %52, %22, !... (idx: 2)        0                             0                             1                             
Checking that every operator was assigned to a functional unit...yes
Binding operator -> functional unit assignments:
  %23 = fadd float %22, %21, !... (idx: 0) -> main_altfp_add_32_0 (mux inputs: 6)
  %38 = fadd float %37, %22, !... (idx: 1) -> main_altfp_add_32_1 (mux inputs: 6)
  %53 = fadd float %52, %22, !... (idx: 2) -> main_altfp_add_32_2 (mux inputs: 6)
State: pipeline_time_7
Binding functional unit type: altfp_extend_32
Weight matrix for operation/function unit matching:
                                                  main_altfp_extend_32_0        
  %56 = fpext float %55 to dou... (idx: 0)        17                            
Solving Bipartite Weighted Matching (minimize weights)...
Assignment matrix after operation/function unit matching:
                                                  main_altfp_extend_32_0        
  %56 = fpext float %55 to dou... (idx: 0)        1                             
Checking that every operator was assigned to a functional unit...yes
Binding operator -> functional unit assignments:
  %56 = fpext float %55 to dou... (idx: 0) -> main_altfp_extend_32_0 (mux inputs: 8)
State: pipeline_time_7
Binding functional unit type: altfp_multiply_64
Weight matrix for operation/function unit matching:
                                                  main_altfp_multiply_64_0      
  %33 = fmul double %32, 0x3FC... (idx: 0)        15                            
Solving Bipartite Weighted Matching (minimize weights)...
Assignment matrix after operation/function unit matching:
                                                  main_altfp_multiply_64_0      
  %33 = fmul double %32, 0x3FC... (idx: 0)        1                             
Checking that every operator was assigned to a functional unit...yes
Binding operator -> functional unit assignments:
  %33 = fmul double %32, 0x3FC... (idx: 0) -> main_altfp_multiply_64_0 (mux inputs: 6)
State: pipeline_time_8
Binding functional unit type: altfp_extend_32
Weight matrix for operation/function unit matching:
  %46 = fpext float %45 to dou... can share an output register with another operation already assigned to main_altfp_extend_32_0
                                                  main_altfp_extend_32_0        
  %46 = fpext float %45 to dou... (idx: 0)        13                            
Solving Bipartite Weighted Matching (minimize weights)...
Assignment matrix after operation/function unit matching:
                                                  main_altfp_extend_32_0        
  %46 = fpext float %45 to dou... (idx: 0)        1                             
Checking that every operator was assigned to a functional unit...yes
Binding operator -> functional unit assignments:
  %46 = fpext float %45 to dou... (idx: 0) -> main_altfp_extend_32_0 (mux inputs: 9)
State: pipeline_time_9
Binding functional unit type: altfp_extend_32
Weight matrix for operation/function unit matching:
  %39 = fpext float %38 to dou... can share an output register with another operation already assigned to main_altfp_extend_32_0
                                                  main_altfp_extend_32_0        
  %39 = fpext float %38 to dou... (idx: 0)        14                            
Solving Bipartite Weighted Matching (minimize weights)...
Assignment matrix after operation/function unit matching:
                                                  main_altfp_extend_32_0        
  %39 = fpext float %38 to dou... (idx: 0)        1                             
Checking that every operator was assigned to a functional unit...yes
Binding operator -> functional unit assignments:
  %39 = fpext float %38 to dou... (idx: 0) -> main_altfp_extend_32_0 (mux inputs: 10)
State: pipeline_time_10
Binding functional unit type: altfp_extend_32
Weight matrix for operation/function unit matching:
                                                  main_altfp_extend_32_0        
  %54 = fpext float %53 to dou... (idx: 0)        20                            
Solving Bipartite Weighted Matching (minimize weights)...
Assignment matrix after operation/function unit matching:
                                                  main_altfp_extend_32_0        
  %54 = fpext float %53 to dou... (idx: 0)        1                             
Checking that every operator was assigned to a functional unit...yes
Binding operator -> functional unit assignments:
  %54 = fpext float %53 to dou... (idx: 0) -> main_altfp_extend_32_0 (mux inputs: 11)
State: pipeline_time_11
Binding functional unit type: altfp_add_64
Weight matrix for operation/function unit matching:
                                                  main_altfp_add_64_0           
  %49 = fadd double %39, %48, ... (idx: 0)        30                            
Solving Bipartite Weighted Matching (minimize weights)...
Assignment matrix after operation/function unit matching:
                                                  main_altfp_add_64_0           
  %49 = fadd double %39, %48, ... (idx: 0)        1                             
Checking that every operator was assigned to a functional unit...yes
Binding operator -> functional unit assignments:
  %49 = fadd double %39, %48, ... (idx: 0) -> main_altfp_add_64_0 (mux inputs: 12)
State: pipeline_time_11
Binding functional unit type: altfp_extend_32
Weight matrix for operation/function unit matching:
                                                  main_altfp_extend_32_0        
  %24 = fpext float %23 to dou... (idx: 0)        21                            
Solving Bipartite Weighted Matching (minimize weights)...
Assignment matrix after operation/function unit matching:
                                                  main_altfp_extend_32_0        
  %24 = fpext float %23 to dou... (idx: 0)        1                             
Checking that every operator was assigned to a functional unit...yes
Binding operator -> functional unit assignments:
  %24 = fpext float %23 to dou... (idx: 0) -> main_altfp_extend_32_0 (mux inputs: 12)
State: LEGUP_F_main_BB__68
Binding functional unit type: mem_dual_port
Weight matrix for operation/function unit matching:
  %70 = load float* %69, align... can share an output register with another operation already assigned to main_mem_dual_port_0
  %70 = load float* %69, align... can share an output register with another operation already assigned to main_mem_dual_port_1
                                                  main_mem_dual_port_0          main_mem_dual_port_1          
  %70 = load float* %69, align... (idx: 0)        16                            15                            
Solving Bipartite Weighted Matching (minimize weights)...
Assignment matrix after operation/function unit matching:
                                                  main_mem_dual_port_0          main_mem_dual_port_1          
  %70 = load float* %69, align... (idx: 0)        0                             1                             
Checking that every operator was assigned to a functional unit...yes
Binding operator -> functional unit assignments:
  %70 = load float* %69, align... (idx: 0) -> main_mem_dual_port_1 (mux inputs: 11)
State: LEGUP_F_main_BB__68
Binding functional unit type: altfp_fptosi_32
Weight matrix for operation/function unit matching:
                                                  main_altfp_fptosi_32_0        
  %71 = fptosi float %70 to i3... (idx: 0)        10                            
Solving Bipartite Weighted Matching (minimize weights)...
Assignment matrix after operation/function unit matching:
                                                  main_altfp_fptosi_32_0        
  %71 = fptosi float %70 to i3... (idx: 0)        1                             
Checking that every operator was assigned to a functional unit...yes
Binding operator -> functional unit assignments:
  %71 = fptosi float %70 to i3... (idx: 0) -> main_altfp_fptosi_32_0 (mux inputs: 1)

