//----------------------------------------------------------------------------//
// Generated by LegUp High-Level Synthesis Tool Version 4.0 (http://legup.org)
// Compiled: Mon Jun  4 15:32:40 2018
// University of Toronto
// For research and academic purposes only. Commercial use is prohibited.
// Please send bugs to: legup@eecg.toronto.edu
// Date: Mon Jun 25 17:01:24 2018
//----------------------------------------------------------------------------//

-------------------------- Datapath Operation Usage --------------------------

Operation "unknown" x 46 
Operation "altfp_add_32" x 9 
Operation "altfp_add_64" x 6 
Operation "altfp_extend_32" x 12 
Operation "altfp_fptosi_32" x 1 
Operation "altfp_multiply_32" x 3 
Operation "altfp_multiply_64" x 6 
Operation "altfp_subtract_32" x 3 
Operation "altfp_subtract_64" x 3 
Operation "altfp_truncate_64" x 3 
Operation "signed_add_32" x 7 
Operation "signed_comp_eq_32" x 3 

----------------------------- General Information -----------------------------

Number of declared variables in main: 101
Critical path contains operation: altfp_multiply_64

------------------------------ Resource Estimate ------------------------------

Fmax: 381 MHz
Note: Assuming only 256 DSPs available
Warning: These estimates don't account for binding yet!
Logic Elements: 17953
    Combinational: 22509
    Registers: 3139
DSP Elements: 27
