//----------------------------------------------------------------------------//
// Generated by LegUp High-Level Synthesis Tool Version 4.0 (http://legup.org)
// Compiled: Mon Jun  4 15:32:40 2018
// University of Toronto
// For research and academic purposes only. Commercial use is prohibited.
// Please send bugs to: legup@eecg.toronto.edu
// Date: Mon Jun 25 17:01:24 2018
//----------------------------------------------------------------------------//

Target Family: StratixV
Clock period constraint: 5.000000e+00ns
Start Function: main
state: LEGUP_0
   Transition: if (start): LEGUP_F_main_BB__0_1 default: LEGUP_0
state: LEGUP_F_main_BB__0_1
   %u1 = alloca [2 x [11 x [4 x float]]], align 4 (endState: LEGUP_F_main_BB__0_1)
   %u2 = alloca [2 x [11 x [4 x float]]], align 4 (endState: LEGUP_F_main_BB__0_1)
   %u3 = alloca [2 x [11 x [4 x float]]], align 4 (endState: LEGUP_F_main_BB__0_1)
   br label %.preheader1
   Transition: default: LEGUP_F_main_BB_preheader1_2
state: LEGUP_F_main_BB_preheader1_2
   %indvar33 = phi i32 [ %indvar.next34, %67 ], [ 0, %0 ] (endState: LEGUP_F_main_BB_preheader1_2)
   br label %.preheader
   Transition: default: LEGUP_F_main_BB_preheader_3
state: LEGUP_F_main_BB_preheader_3
   %indvar2 = phi i32 [ %indvar.next3, %66 ], [ 0, %.preheader1 ] (endState: LEGUP_F_main_BB_preheader_3)
   %1 = add i32 %indvar2, 2 (endState: LEGUP_F_main_BB_preheader_3)
   %2 = add i32 %indvar2, 1 (endState: LEGUP_F_main_BB_preheader_3)
   Transition: default: LEGUP_F_main_BB_preheader_4
state: LEGUP_F_main_BB_preheader_4
   %.phi.trans.insert1 = getelementptr [2 x [11 x [4 x float]]]* %u1, i32 0, i32 0, i32 1, i32 %2 (endState: LEGUP_F_main_BB_preheader_4)
   %.phi.trans.insert14 = getelementptr [2 x [11 x [4 x float]]]* %u3, i32 0, i32 0, i32 1, i32 %2 (endState: LEGUP_F_main_BB_preheader_4)
   %.phi.trans.insert12 = getelementptr [2 x [11 x [4 x float]]]* %u2, i32 0, i32 0, i32 1, i32 %2 (endState: LEGUP_F_main_BB_preheader_4)
   %.phi.trans.insert10 = getelementptr [2 x [11 x [4 x float]]]* %u3, i32 0, i32 0, i32 0, i32 %2 (endState: LEGUP_F_main_BB_preheader_4)
   %.phi.trans.insert8 = getelementptr [2 x [11 x [4 x float]]]* %u2, i32 0, i32 0, i32 0, i32 %2 (endState: LEGUP_F_main_BB_preheader_4)
   %.phi.trans.insert = getelementptr [2 x [11 x [4 x float]]]* %u1, i32 0, i32 0, i32 0, i32 %2 (endState: LEGUP_F_main_BB_preheader_4)
   %.pre = load float* %.phi.trans.insert, align 4, !tbaa !2 (endState: LEGUP_F_main_BB_preheader_6)
   %.pre9 = load float* %.phi.trans.insert8, align 4, !tbaa !2 (endState: LEGUP_F_main_BB_preheader_6)
   Transition: default: LEGUP_F_main_BB_preheader_5
state: LEGUP_F_main_BB_preheader_5
   %.pre11 = load float* %.phi.trans.insert10, align 4, !tbaa !2 (endState: LEGUP_F_main_BB_preheader_7)
   %.pre13 = load float* %.phi.trans.insert12, align 4, !tbaa !2 (endState: LEGUP_F_main_BB_preheader_7)
   Transition: default: LEGUP_F_main_BB_preheader_6
state: LEGUP_F_main_BB_preheader_6
   %.pre15 = load float* %.phi.trans.insert14, align 4, !tbaa !2 (endState: LEGUP_F_main_BB_preheader_8)
   %.pre2 = load float* %.phi.trans.insert1, align 4, !tbaa !2 (endState: LEGUP_F_main_BB_preheader_8)
   Transition: default: LEGUP_F_main_BB_preheader_7
state: LEGUP_F_main_BB_preheader_7
   Transition: default: LEGUP_F_main_BB_preheader_8
state: LEGUP_F_main_BB_preheader_8
   br label %3
   Transition: default: LEGUP_loop_pipeline_wait_loop1_1_9
state: LEGUP_loop_pipeline_wait_loop1_1_9
   %indvar = phi i32 [ %indvar.next, %3 ], [ 0, %.preheader ], !legup.canonical_induction !6, !legup.pipeline.start_time !7, !legup.pipeline.avail_time !7, !legup.pipeline.stage !7 (endState: LEGUP_loop_pipeline_wait_loop1_1_9)
   %4 = phi float [ %12, %3 ], [ %.pre2, %.preheader ], !legup.pipeline.start_time !7, !legup.pipeline.avail_time !7, !legup.pipeline.stage !7 (endState: LEGUP_loop_pipeline_wait_loop1_1_9)
   %5 = phi float [ %16, %3 ], [ %.pre15, %.preheader ], !legup.pipeline.start_time !7, !legup.pipeline.avail_time !7, !legup.pipeline.stage !7 (endState: LEGUP_loop_pipeline_wait_loop1_1_9)
   %6 = phi float [ %14, %3 ], [ %.pre13, %.preheader ], !legup.pipeline.start_time !7, !legup.pipeline.avail_time !7, !legup.pipeline.stage !7 (endState: LEGUP_loop_pipeline_wait_loop1_1_9)
   %7 = phi float [ %5, %3 ], [ %.pre11, %.preheader ], !legup.pipeline.start_time !7, !legup.pipeline.avail_time !7, !legup.pipeline.stage !7 (endState: LEGUP_loop_pipeline_wait_loop1_1_9)
   %8 = phi float [ %6, %3 ], [ %.pre9, %.preheader ], !legup.pipeline.start_time !7, !legup.pipeline.avail_time !7, !legup.pipeline.stage !7 (endState: LEGUP_loop_pipeline_wait_loop1_1_9)
   %9 = phi float [ %4, %3 ], [ %.pre, %.preheader ], !legup.pipeline.start_time !7, !legup.pipeline.avail_time !7, !legup.pipeline.stage !7 (endState: LEGUP_loop_pipeline_wait_loop1_1_9)
   br i1 %exitcond1, label %66, label %3, !legup.pipelined !6, !legup.II !45, !legup.totalTime !46, !legup.maxStage !23, !legup.tripCount !40, !legup.label !47, !legup.pipeline.start_time !7, !legup.pipeline.avail_time !7, !legup.pipeline.stage !7
   Transition: if (loop1_1_pipeline_finish): LEGUP_F_main_BB__66_10 default: LEGUP_loop_pipeline_wait_loop1_1_9
state: LEGUP_F_main_BB__66_10
   %indvar.next3 = add i32 %indvar2, 1 (endState: LEGUP_F_main_BB__66_10)
   %exitcond = icmp eq i32 %indvar.next3, 2 (endState: LEGUP_F_main_BB__66_10)
   br i1 %exitcond, label %67, label %.preheader
   Transition: if (%exitcond): LEGUP_F_main_BB__67_11 default: LEGUP_F_main_BB_preheader_3
state: LEGUP_F_main_BB__67_11
   %indvar.next34 = add i32 %indvar33, 1 (endState: LEGUP_F_main_BB__67_11)
   %exitcond35 = icmp eq i32 %indvar.next34, 2 (endState: LEGUP_F_main_BB__67_11)
   br i1 %exitcond35, label %68, label %.preheader1
   Transition: if (%exitcond35): LEGUP_F_main_BB__68_12 default: LEGUP_F_main_BB_preheader1_2
state: LEGUP_F_main_BB__68_12
   %69 = getelementptr inbounds [2 x [11 x [4 x float]]]* %u3, i32 0, i32 1, i32 10, i32 3 (endState: LEGUP_F_main_BB__68_12)
   %70 = load float* %69, align 4, !tbaa !2 (endState: LEGUP_F_main_BB__68_14)
   Transition: default: LEGUP_F_main_BB__68_13
state: LEGUP_F_main_BB__68_13
   Transition: default: LEGUP_F_main_BB__68_14
state: LEGUP_F_main_BB__68_14
   %71 = fptosi float %70 to i32 (endState: LEGUP_F_main_BB__68_20)
   Transition: default: LEGUP_F_main_BB__68_15
state: LEGUP_F_main_BB__68_15
   Transition: default: LEGUP_F_main_BB__68_16
state: LEGUP_F_main_BB__68_16
   Transition: default: LEGUP_F_main_BB__68_17
state: LEGUP_F_main_BB__68_17
   Transition: default: LEGUP_F_main_BB__68_18
state: LEGUP_F_main_BB__68_18
   Transition: default: LEGUP_F_main_BB__68_19
state: LEGUP_F_main_BB__68_19
   Transition: default: LEGUP_F_main_BB__68_20
state: LEGUP_F_main_BB__68_20
   ret i32 %71
   Transition: default: LEGUP_0

Basic Block: %0 Num States: 1
Basic Block: %.preheader1 Num States: 1
Basic Block: %.preheader Num States: 6
Basic Block: %3 Num States: 1
Basic Block: %66 Num States: 1
Basic Block: %67 Num States: 1
Basic Block: %68 Num States: 9
End Function: main
--------------------------------------------------------------------------------

