//----------------------------------------------------------------------------//
// Generated by LegUp High-Level Synthesis Tool Version 4.0 (http://legup.org)
// Compiled: Mon Jun  4 15:32:40 2018
// University of Toronto
// For research and academic purposes only. Commercial use is prohibited.
// Please send bugs to: legup@eecg.toronto.edu
// Date: Mon Jun 25 17:01:24 2018
//----------------------------------------------------------------------------//

-----------------Function: main---------------
-------------------------1---------------------------
-----------------Delay of path:2.19 ns---------------
-----------------State:LEGUP_F_main_BB__67_11-----------------
(1.16 ns) --- (1.16 ns) ---   %indvar.next34 = add i32 %indvar33, 1
(1.03 ns) --- (2.19 ns) ---   %exitcond35 = icmp eq i32 %indvar.next34, 2
(0.00 ns) --- (2.19 ns) ---   br i1 %exitcond35, label %68, label %.preheader1

-----------------Function: main---------------
-------------------------2---------------------------
-----------------Delay of path:2.19 ns---------------
-----------------State:LEGUP_F_main_BB__66_10-----------------
(1.16 ns) --- (1.16 ns) ---   %indvar.next3 = add i32 %indvar2, 1
(1.03 ns) --- (2.19 ns) ---   %exitcond = icmp eq i32 %indvar.next3, 2
(0.00 ns) --- (2.19 ns) ---   br i1 %exitcond, label %67, label %.preheader

-----------------Function: main---------------
-------------------------3---------------------------
-----------------Delay of path:1.46 ns---------------
-----------------State:LEGUP_F_main_BB__68_14-----------------
(1.46 ns) --- (1.46 ns) ---   %71 = fptosi float %70 to i32

-----------------Function: main---------------
-------------------------4---------------------------
-----------------Delay of path:1.16 ns---------------
-----------------State:LEGUP_F_main_BB_preheader_3-----------------
(0.00 ns) --- (0.00 ns) ---   %indvar2 = phi i32 [ %indvar.next3, %66 ], [ 0, %.preheader1 ]
(1.16 ns) --- (1.16 ns) ---   %2 = add i32 %indvar2, 1

-----------------Function: main---------------
-------------------------5---------------------------
-----------------Delay of path:1.16 ns---------------
-----------------State:LEGUP_F_main_BB_preheader_3-----------------
(0.00 ns) --- (0.00 ns) ---   %indvar2 = phi i32 [ %indvar.next3, %66 ], [ 0, %.preheader1 ]
(1.16 ns) --- (1.16 ns) ---   %1 = add i32 %indvar2, 2

-----------------Function: main---------------
-------------------------6---------------------------
-----------------Delay of path:0.00 ns---------------
-----------------State:LEGUP_F_main_BB_preheader1_2-----------------
(0.00 ns) --- (0.00 ns) ---   %indvar33 = phi i32 [ %indvar.next34, %67 ], [ 0, %0 ]

-----------------Function: main---------------
-------------------------7---------------------------
-----------------Delay of path:0.00 ns---------------
-----------------State:LEGUP_F_main_BB__0_1-----------------
(0.00 ns) --- (0.00 ns) ---   br label %.preheader1

-----------------Function: main---------------
-------------------------8---------------------------
-----------------Delay of path:0.00 ns---------------
-----------------State:LEGUP_F_main_BB__0_1-----------------
(0.00 ns) --- (0.00 ns) ---   %u3 = alloca [2 x [11 x [4 x float]]], align 4

-----------------Function: main---------------
-------------------------9---------------------------
-----------------Delay of path:0.00 ns---------------
-----------------State:LEGUP_F_main_BB__0_1-----------------
(0.00 ns) --- (0.00 ns) ---   %u2 = alloca [2 x [11 x [4 x float]]], align 4

-----------------Function: main---------------
-------------------------10---------------------------
-----------------Delay of path:0.00 ns---------------
-----------------State:LEGUP_F_main_BB__0_1-----------------
(0.00 ns) --- (0.00 ns) ---   %u1 = alloca [2 x [11 x [4 x float]]], align 4


