//----------------------------------------------------------------------------//
// Generated by LegUp High-Level Synthesis Tool Version 4.0 (http://legup.org)
// Compiled: Tue Feb 14 19:47:56 2017
// University of Toronto
// For research and academic purposes only. Commercial use is prohibited.
// Please send bugs to: legup@eecg.toronto.edu
// Date: Thu Feb 23 13:33:52 2017
//----------------------------------------------------------------------------//

--------------------------------------------------------------------------------
Function: main
--------------------------------------------------------------------------------
Function unit type:           Number Required               
altfp_add_32                  1                             
altfp_extend_32               1                             
altfp_fptosi_32               1                             
altfp_multiply_64             1                             
altfp_truncate_64             1                             
main_0_1_local_mem_dual_port  2                             

Running Bipartite Weighted Matching on function: main
State: pipeline_time_0
Binding functional unit type: main_0_1_local_mem_dual_port
Weight matrix for operation/function unit matching:
                                                  main_main_0_1_local_mem_dual_port_0main_main_0_1_local_mem_dual_port_1
  store float %27, float* %sce... (idx: 0)        20                            20                            
Solving Bipartite Weighted Matching (minimize weights)...
Assignment matrix after operation/function unit matching:
                                                  main_main_0_1_local_mem_dual_port_0main_main_0_1_local_mem_dual_port_1
  store float %27, float* %sce... (idx: 0)        1                             0                             
Checking that every operator was assigned to a functional unit...yes
Binding operator -> functional unit assignments:
  store float %27, float* %sce... (idx: 0) -> main_main_0_1_local_mem_dual_port_0 (mux inputs: 2)
State: pipeline_time_1
Binding functional unit type: main_0_1_local_mem_dual_port
Weight matrix for operation/function unit matching:
  %16 = load float* %scevgep7,... can share an input with another operation already assigned to main_main_0_1_local_mem_dual_port_0
  %16 = load float* %scevgep7,... can share an output register with another operation already assigned to main_main_0_1_local_mem_dual_port_0
  %17 = load float* %scevgep6,... can share an output register with another operation already assigned to main_main_0_1_local_mem_dual_port_0
                                                  main_main_0_1_local_mem_dual_port_0main_main_0_1_local_mem_dual_port_1
  %16 = load float* %scevgep7,... (idx: 0)        -3                            10                            
  %17 = load float* %scevgep6,... (idx: 1)        7                             10                            
Solving Bipartite Weighted Matching (minimize weights)...
Assignment matrix after operation/function unit matching:
                                                  main_main_0_1_local_mem_dual_port_0main_main_0_1_local_mem_dual_port_1
  %16 = load float* %scevgep7,... (idx: 0)        1                             0                             
  %17 = load float* %scevgep6,... (idx: 1)        0                             1                             
Checking that every operator was assigned to a functional unit...yes
Binding operator -> functional unit assignments:
  %16 = load float* %scevgep7,... (idx: 0) -> main_main_0_1_local_mem_dual_port_0 (mux inputs: 2)
  %17 = load float* %scevgep6,... (idx: 1) -> main_main_0_1_local_mem_dual_port_1 (mux inputs: 1)
State: pipeline_time_2
Binding functional unit type: altfp_add_32
Weight matrix for operation/function unit matching:
                                                  main_altfp_add_32_0           
  %18 = fadd float %16, %17, !... (idx: 0)        20                            
Solving Bipartite Weighted Matching (minimize weights)...
Assignment matrix after operation/function unit matching:
                                                  main_altfp_add_32_0           
  %18 = fadd float %16, %17, !... (idx: 0)        1                             
Checking that every operator was assigned to a functional unit...yes
Binding operator -> functional unit assignments:
  %18 = fadd float %16, %17, !... (idx: 0) -> main_altfp_add_32_0 (mux inputs: 2)
State: pipeline_time_2
Binding functional unit type: main_0_1_local_mem_dual_port
Weight matrix for operation/function unit matching:
  %19 = load float* %scevgep5,... can share an output register with another operation already assigned to main_main_0_1_local_mem_dual_port_0
  %21 = load float* %scevgep4,... can share an output register with another operation already assigned to main_main_0_1_local_mem_dual_port_0
                                                  main_main_0_1_local_mem_dual_port_0main_main_0_1_local_mem_dual_port_1
  %19 = load float* %scevgep5,... (idx: 0)        7                             11                            
  %21 = load float* %scevgep4,... (idx: 1)        7                             11                            
Solving Bipartite Weighted Matching (minimize weights)...
Assignment matrix after operation/function unit matching:
                                                  main_main_0_1_local_mem_dual_port_0main_main_0_1_local_mem_dual_port_1
  %19 = load float* %scevgep5,... (idx: 0)        1                             0                             
  %21 = load float* %scevgep4,... (idx: 1)        0                             1                             
Checking that every operator was assigned to a functional unit...yes
Binding operator -> functional unit assignments:
  %19 = load float* %scevgep5,... (idx: 0) -> main_main_0_1_local_mem_dual_port_0 (mux inputs: 3)
  %21 = load float* %scevgep4,... (idx: 1) -> main_main_0_1_local_mem_dual_port_1 (mux inputs: 2)
State: pipeline_time_3
Binding functional unit type: main_0_1_local_mem_dual_port
Weight matrix for operation/function unit matching:
  %23 = load float* %scevgep, ... can share an output register with another operation already assigned to main_main_0_1_local_mem_dual_port_0
  %23 = load float* %scevgep, ... can share an output register with another operation already assigned to main_main_0_1_local_mem_dual_port_1
                                                  main_main_0_1_local_mem_dual_port_0main_main_0_1_local_mem_dual_port_1
  %23 = load float* %scevgep, ... (idx: 0)        8                             7                             
Solving Bipartite Weighted Matching (minimize weights)...
Assignment matrix after operation/function unit matching:
                                                  main_main_0_1_local_mem_dual_port_0main_main_0_1_local_mem_dual_port_1
  %23 = load float* %scevgep, ... (idx: 0)        0                             1                             
Checking that every operator was assigned to a functional unit...yes
Binding operator -> functional unit assignments:
  %23 = load float* %scevgep, ... (idx: 0) -> main_main_0_1_local_mem_dual_port_1 (mux inputs: 3)
State: pipeline_time_16
Binding functional unit type: altfp_add_32
Weight matrix for operation/function unit matching:
                                                  main_altfp_add_32_0           
  %20 = fadd float %18, %19, !... (idx: 0)        22                            
Solving Bipartite Weighted Matching (minimize weights)...
Assignment matrix after operation/function unit matching:
                                                  main_altfp_add_32_0           
  %20 = fadd float %18, %19, !... (idx: 0)        1                             
Checking that every operator was assigned to a functional unit...yes
Binding operator -> functional unit assignments:
  %20 = fadd float %18, %19, !... (idx: 0) -> main_altfp_add_32_0 (mux inputs: 4)
State: pipeline_time_30
Binding functional unit type: altfp_add_32
Weight matrix for operation/function unit matching:
  %22 = fadd float %20, %21, !... can share an output register with another operation already assigned to main_altfp_add_32_0
                                                  main_altfp_add_32_0           
  %22 = fadd float %20, %21, !... (idx: 0)        19                            
Solving Bipartite Weighted Matching (minimize weights)...
Assignment matrix after operation/function unit matching:
                                                  main_altfp_add_32_0           
  %22 = fadd float %20, %21, !... (idx: 0)        1                             
Checking that every operator was assigned to a functional unit...yes
Binding operator -> functional unit assignments:
  %22 = fadd float %20, %21, !... (idx: 0) -> main_altfp_add_32_0 (mux inputs: 6)
State: pipeline_time_44
Binding functional unit type: altfp_add_32
Weight matrix for operation/function unit matching:
  %24 = fadd float %22, %23, !... can share an output register with another operation already assigned to main_altfp_add_32_0
                                                  main_altfp_add_32_0           
  %24 = fadd float %22, %23, !... (idx: 0)        21                            
Solving Bipartite Weighted Matching (minimize weights)...
Assignment matrix after operation/function unit matching:
                                                  main_altfp_add_32_0           
  %24 = fadd float %22, %23, !... (idx: 0)        1                             
Checking that every operator was assigned to a functional unit...yes
Binding operator -> functional unit assignments:
  %24 = fadd float %22, %23, !... (idx: 0) -> main_altfp_add_32_0 (mux inputs: 8)
State: pipeline_time_58
Binding functional unit type: altfp_extend_32
Weight matrix for operation/function unit matching:
                                                  main_altfp_extend_32_0        
  %25 = fpext float %24 to dou... (idx: 0)        10                            
Solving Bipartite Weighted Matching (minimize weights)...
Assignment matrix after operation/function unit matching:
                                                  main_altfp_extend_32_0        
  %25 = fpext float %24 to dou... (idx: 0)        1                             
Checking that every operator was assigned to a functional unit...yes
Binding operator -> functional unit assignments:
  %25 = fpext float %24 to dou... (idx: 0) -> main_altfp_extend_32_0 (mux inputs: 1)
State: pipeline_time_60
Binding functional unit type: altfp_multiply_64
Weight matrix for operation/function unit matching:
                                                  main_altfp_multiply_64_0      
  %26 = fmul double %25, 2.000... (idx: 0)        10                            
Solving Bipartite Weighted Matching (minimize weights)...
Assignment matrix after operation/function unit matching:
                                                  main_altfp_multiply_64_0      
  %26 = fmul double %25, 2.000... (idx: 0)        1                             
Checking that every operator was assigned to a functional unit...yes
Binding operator -> functional unit assignments:
  %26 = fmul double %25, 2.000... (idx: 0) -> main_altfp_multiply_64_0 (mux inputs: 1)
State: pipeline_time_71
Binding functional unit type: altfp_truncate_64
Weight matrix for operation/function unit matching:
                                                  main_altfp_truncate_64_0      
  %27 = fptrunc double %26 to ... (idx: 0)        10                            
Solving Bipartite Weighted Matching (minimize weights)...
Assignment matrix after operation/function unit matching:
                                                  main_altfp_truncate_64_0      
  %27 = fptrunc double %26 to ... (idx: 0)        1                             
Checking that every operator was assigned to a functional unit...yes
Binding operator -> functional unit assignments:
  %27 = fptrunc double %26 to ... (idx: 0) -> main_altfp_truncate_64_0 (mux inputs: 1)
State: LEGUP_F_main_BB__31
Binding functional unit type: main_0_1_local_mem_dual_port
Weight matrix for operation/function unit matching:
  %33 = load float* %32, align... can share an output register with another operation already assigned to main_main_0_1_local_mem_dual_port_0
  %33 = load float* %32, align... can share an output register with another operation already assigned to main_main_0_1_local_mem_dual_port_1
                                                  main_main_0_1_local_mem_dual_port_0main_main_0_1_local_mem_dual_port_1
  %33 = load float* %32, align... (idx: 0)        8                             8                             
Solving Bipartite Weighted Matching (minimize weights)...
Assignment matrix after operation/function unit matching:
                                                  main_main_0_1_local_mem_dual_port_0main_main_0_1_local_mem_dual_port_1
  %33 = load float* %32, align... (idx: 0)        1                             0                             
Checking that every operator was assigned to a functional unit...yes
Binding operator -> functional unit assignments:
  %33 = load float* %32, align... (idx: 0) -> main_main_0_1_local_mem_dual_port_0 (mux inputs: 4)
State: LEGUP_F_main_BB__31
Binding functional unit type: altfp_fptosi_32
Weight matrix for operation/function unit matching:
                                                  main_altfp_fptosi_32_0        
  %34 = fptosi float %33 to i3... (idx: 0)        10                            
Solving Bipartite Weighted Matching (minimize weights)...
Assignment matrix after operation/function unit matching:
                                                  main_altfp_fptosi_32_0        
  %34 = fptosi float %33 to i3... (idx: 0)        1                             
Checking that every operator was assigned to a functional unit...yes
Binding operator -> functional unit assignments:
  %34 = fptosi float %33 to i3... (idx: 0) -> main_altfp_fptosi_32_0 (mux inputs: 1)

