//----------------------------------------------------------------------------//
// Generated by LegUp High-Level Synthesis Tool Version 4.0 (http://legup.org)
// Compiled: Tue Feb 14 19:47:56 2017
// University of Toronto
// For research and academic purposes only. Commercial use is prohibited.
// Please send bugs to: legup@eecg.toronto.edu
// Date: Thu Feb 23 13:33:52 2017
//----------------------------------------------------------------------------//

-------------------------- Datapath Operation Usage --------------------------

Operation "unknown" x 22 
Operation "altfp_add_32" x 4 
Operation "altfp_extend_32" x 1 
Operation "altfp_fptosi_32" x 1 
Operation "altfp_multiply_64" x 1 
Operation "altfp_truncate_64" x 1 
Operation "signed_add_32" x 12 
Operation "signed_comp_eq_32" x 3 
Operation "signed_multiply_32" x 1 

----------------------------- General Information -----------------------------

Number of declared variables in main: 41
Critical path contains operation: altfp_multiply_64

------------------------------ Resource Estimate ------------------------------

Fmax: 176 MHz
Note: Assuming only 87 DSPs available
Warning: These estimates don't account for binding yet!
Logic Elements: 3399
    Combinational: 3637
    Registers: 1219
DSP Elements: 6
