//----------------------------------------------------------------------------//
// Generated by LegUp High-Level Synthesis Tool Version 4.0 (http://legup.org)
// Compiled: Tue Feb 14 19:47:56 2017
// University of Toronto
// For research and academic purposes only. Commercial use is prohibited.
// Please send bugs to: legup@eecg.toronto.edu
// Date: Thu Feb 23 13:33:52 2017
//----------------------------------------------------------------------------//

-----------------Function: main---------------
-------------------------1---------------------------
-----------------Delay of path:4.99 ns---------------
-----------------State:LEGUP_F_main_BB__28_6-----------------
(2.50 ns) --- (2.50 ns) ---   %indvar.next3 = add i32 %indvar2, 1
(2.49 ns) --- (4.99 ns) ---   %exitcond = icmp eq i32 %indvar.next3, 98
(0.00 ns) --- (4.99 ns) ---   br i1 %exitcond, label %29, label %3

-----------------Function: main---------------
-------------------------2---------------------------
-----------------Delay of path:4.99 ns---------------
-----------------State:LEGUP_F_main_BB__29_7-----------------
(2.50 ns) --- (2.50 ns) ---   %30 = add nsw i32 %t.03, 1
(2.49 ns) --- (4.99 ns) ---   %exitcond13 = icmp eq i32 %30, 100
(0.00 ns) --- (4.99 ns) ---   br i1 %exitcond13, label %31, label %2

-----------------Function: main---------------
-------------------------3---------------------------
-----------------Delay of path:3.12 ns---------------
-----------------State:LEGUP_F_main_BB__31_9-----------------
(3.12 ns) --- (3.12 ns) ---   %34 = fptosi float %33 to i32

-----------------Function: main---------------
-------------------------4---------------------------
-----------------Delay of path:2.59 ns---------------
-----------------State:LEGUP_F_main_BB__3_3-----------------
(0.00 ns) --- (0.00 ns) ---   %indvar2 = phi i32 [ %indvar.next3, %28 ], [ 0, %2 ]
(2.59 ns) --- (2.59 ns) ---   %4 = mul i32 %indvar2, 100

-----------------Function: main---------------
-------------------------5---------------------------
-----------------Delay of path:2.50 ns---------------
-----------------State:LEGUP_F_main_BB__3_4-----------------
(2.50 ns) --- (2.50 ns) ---   %5 = add i32 %4, 101

-----------------Function: main---------------
-------------------------6---------------------------
-----------------Delay of path:2.50 ns---------------
-----------------State:LEGUP_F_main_BB__3_4-----------------
(2.50 ns) --- (2.50 ns) ---   %6 = add i32 %4, 100

-----------------Function: main---------------
-------------------------7---------------------------
-----------------Delay of path:2.50 ns---------------
-----------------State:LEGUP_F_main_BB__3_4-----------------
(2.50 ns) --- (2.50 ns) ---   %7 = add i32 %4, 102

-----------------Function: main---------------
-------------------------8---------------------------
-----------------Delay of path:2.50 ns---------------
-----------------State:LEGUP_F_main_BB__3_4-----------------
(2.50 ns) --- (2.50 ns) ---   %8 = add i32 %4, 201

-----------------Function: main---------------
-------------------------9---------------------------
-----------------Delay of path:0.00 ns---------------
-----------------State:LEGUP_F_main_BB__0_1-----------------
(0.00 ns) --- (0.00 ns) ---   %1 = alloca [10000 x float], align 4

-----------------Function: main---------------
-------------------------10---------------------------
-----------------Delay of path:0.00 ns---------------
-----------------State:LEGUP_F_main_BB__0_1-----------------
(0.00 ns) --- (0.00 ns) ---   br label %2


