//----------------------------------------------------------------------------//
// Generated by LegUp High-Level Synthesis Tool Version 4.0 (http://legup.org)
// Compiled: Mon Jun  4 15:32:40 2018
// University of Toronto
// For research and academic purposes only. Commercial use is prohibited.
// Please send bugs to: legup@eecg.toronto.edu
// Date: Mon Sep  3 15:17:27 2018
//----------------------------------------------------------------------------//

--------------------------------------------------------------------------------
Function: main
--------------------------------------------------------------------------------
Function unit type:           Number Required               
a2_local_mem_dual_port        1                             
a_local_mem_dual_port         1                             
b2_local_mem_dual_port        1                             
b_local_mem_dual_port         1                             
c2_local_mem_dual_port        1                             
c_local_mem_dual_port         1                             
d_local_mem_dual_port         1                             
e_local_mem_dual_port         1                             
f_local_mem_dual_port         1                             
signed_divide_32              3                             

Running Bipartite Weighted Matching on function: main
State: pipeline_time_0
Binding functional unit type: a2_local_mem_dual_port
Weight matrix for operation/function unit matching:
                                                  main_a2_local_mem_dual_port_0 
  %13 = load volatile i32* %sc... (idx: 0)        10                            
Solving Bipartite Weighted Matching (minimize weights)...
Assignment matrix after operation/function unit matching:
                                                  main_a2_local_mem_dual_port_0 
  %13 = load volatile i32* %sc... (idx: 0)        1                             
Checking that every operator was assigned to a functional unit...yes
Binding operator -> functional unit assignments:
  %13 = load volatile i32* %sc... (idx: 0) -> main_a2_local_mem_dual_port_0 (mux inputs: 1)
State: pipeline_time_0
Binding functional unit type: a_local_mem_dual_port
Weight matrix for operation/function unit matching:
                                                  main_a_local_mem_dual_port_0  
  %2 = load volatile i32* %sce... (idx: 0)        10                            
Solving Bipartite Weighted Matching (minimize weights)...
Assignment matrix after operation/function unit matching:
                                                  main_a_local_mem_dual_port_0  
  %2 = load volatile i32* %sce... (idx: 0)        1                             
Checking that every operator was assigned to a functional unit...yes
Binding operator -> functional unit assignments:
  %2 = load volatile i32* %sce... (idx: 0) -> main_a_local_mem_dual_port_0 (mux inputs: 1)
State: pipeline_time_0
Binding functional unit type: b2_local_mem_dual_port
Weight matrix for operation/function unit matching:
                                                  main_b2_local_mem_dual_port_0 
  %15 = load volatile i32* %sc... (idx: 0)        10                            
Solving Bipartite Weighted Matching (minimize weights)...
Assignment matrix after operation/function unit matching:
                                                  main_b2_local_mem_dual_port_0 
  %15 = load volatile i32* %sc... (idx: 0)        1                             
Checking that every operator was assigned to a functional unit...yes
Binding operator -> functional unit assignments:
  %15 = load volatile i32* %sc... (idx: 0) -> main_b2_local_mem_dual_port_0 (mux inputs: 1)
State: pipeline_time_0
Binding functional unit type: b_local_mem_dual_port
Weight matrix for operation/function unit matching:
                                                  main_b_local_mem_dual_port_0  
  %3 = load volatile i32* %sce... (idx: 0)        10                            
Solving Bipartite Weighted Matching (minimize weights)...
Assignment matrix after operation/function unit matching:
                                                  main_b_local_mem_dual_port_0  
  %3 = load volatile i32* %sce... (idx: 0)        1                             
Checking that every operator was assigned to a functional unit...yes
Binding operator -> functional unit assignments:
  %3 = load volatile i32* %sce... (idx: 0) -> main_b_local_mem_dual_port_0 (mux inputs: 1)
State: pipeline_time_0
Binding functional unit type: c2_local_mem_dual_port
Weight matrix for operation/function unit matching:
                                                  main_c2_local_mem_dual_port_0 
  %17 = load volatile i32* %sc... (idx: 0)        10                            
Solving Bipartite Weighted Matching (minimize weights)...
Assignment matrix after operation/function unit matching:
                                                  main_c2_local_mem_dual_port_0 
  %17 = load volatile i32* %sc... (idx: 0)        1                             
Checking that every operator was assigned to a functional unit...yes
Binding operator -> functional unit assignments:
  %17 = load volatile i32* %sc... (idx: 0) -> main_c2_local_mem_dual_port_0 (mux inputs: 1)
State: pipeline_time_0
Binding functional unit type: c_local_mem_dual_port
Weight matrix for operation/function unit matching:
                                                  main_c_local_mem_dual_port_0  
  %5 = load volatile i32* %sce... (idx: 0)        10                            
Solving Bipartite Weighted Matching (minimize weights)...
Assignment matrix after operation/function unit matching:
                                                  main_c_local_mem_dual_port_0  
  %5 = load volatile i32* %sce... (idx: 0)        1                             
Checking that every operator was assigned to a functional unit...yes
Binding operator -> functional unit assignments:
  %5 = load volatile i32* %sce... (idx: 0) -> main_c_local_mem_dual_port_0 (mux inputs: 1)
State: pipeline_time_0
Binding functional unit type: d_local_mem_dual_port
Weight matrix for operation/function unit matching:
                                                  main_d_local_mem_dual_port_0  
  %7 = load volatile i32* %sce... (idx: 0)        10                            
Solving Bipartite Weighted Matching (minimize weights)...
Assignment matrix after operation/function unit matching:
                                                  main_d_local_mem_dual_port_0  
  %7 = load volatile i32* %sce... (idx: 0)        1                             
Checking that every operator was assigned to a functional unit...yes
Binding operator -> functional unit assignments:
  %7 = load volatile i32* %sce... (idx: 0) -> main_d_local_mem_dual_port_0 (mux inputs: 1)
State: pipeline_time_0
Binding functional unit type: e_local_mem_dual_port
Weight matrix for operation/function unit matching:
                                                  main_e_local_mem_dual_port_0  
  %9 = load volatile i32* %sce... (idx: 0)        10                            
Solving Bipartite Weighted Matching (minimize weights)...
Assignment matrix after operation/function unit matching:
                                                  main_e_local_mem_dual_port_0  
  %9 = load volatile i32* %sce... (idx: 0)        1                             
Checking that every operator was assigned to a functional unit...yes
Binding operator -> functional unit assignments:
  %9 = load volatile i32* %sce... (idx: 0) -> main_e_local_mem_dual_port_0 (mux inputs: 1)
State: pipeline_time_0
Binding functional unit type: f_local_mem_dual_port
Weight matrix for operation/function unit matching:
                                                  main_f_local_mem_dual_port_0  
  %11 = load volatile i32* %sc... (idx: 0)        10                            
Solving Bipartite Weighted Matching (minimize weights)...
Assignment matrix after operation/function unit matching:
                                                  main_f_local_mem_dual_port_0  
  %11 = load volatile i32* %sc... (idx: 0)        1                             
Checking that every operator was assigned to a functional unit...yes
Binding operator -> functional unit assignments:
  %11 = load volatile i32* %sc... (idx: 0) -> main_f_local_mem_dual_port_0 (mux inputs: 1)
State: pipeline_time_0
Binding functional unit type: signed_divide_32
Weight matrix for operation/function unit matching:
                                                  main_signed_divide_32_0       main_signed_divide_32_1       main_signed_divide_32_2       
  %14 = sdiv i32 %12, %13, !le... (idx: 0)        20                            20                            20                            
  %16 = sdiv i32 %14, %15, !le... (idx: 1)        20                            20                            20                            
  %18 = sdiv i32 %16, %17, !le... (idx: 2)        20                            20                            20                            
Solving Bipartite Weighted Matching (minimize weights)...
Assignment matrix after operation/function unit matching:
                                                  main_signed_divide_32_0       main_signed_divide_32_1       main_signed_divide_32_2       
  %14 = sdiv i32 %12, %13, !le... (idx: 0)        1                             0                             0                             
  %16 = sdiv i32 %14, %15, !le... (idx: 1)        0                             1                             0                             
  %18 = sdiv i32 %16, %17, !le... (idx: 2)        0                             0                             1                             
Checking that every operator was assigned to a functional unit...yes
Binding operator -> functional unit assignments:
  %14 = sdiv i32 %12, %13, !le... (idx: 0) -> main_signed_divide_32_0 (mux inputs: 2)
  %16 = sdiv i32 %14, %15, !le... (idx: 1) -> main_signed_divide_32_1 (mux inputs: 2)
  %18 = sdiv i32 %16, %17, !le... (idx: 2) -> main_signed_divide_32_2 (mux inputs: 2)

