//----------------------------------------------------------------------------//
// Generated by LegUp High-Level Synthesis Tool Version 4.0 (http://legup.org)
// Compiled: Mon Jun  4 15:32:40 2018
// University of Toronto
// For research and academic purposes only. Commercial use is prohibited.
// Please send bugs to: legup@eecg.toronto.edu
// Date: Mon Sep  3 15:17:27 2018
//----------------------------------------------------------------------------//

allocateRAM: @a
Constant: 0
allocateRAM: @b
Constant: 0
allocateRAM: @c
Constant: 0
allocateRAM: @d
Constant: 0
allocateRAM: @e
Constant: 0
allocateRAM: @f
Constant: 0
allocateRAM: @a2
Constant: 0
allocateRAM: @b2
Constant: 0
allocateRAM: @c2
Constant: 0
allocating global ram: @a
allocating global ram: @b
allocating global ram: @c
allocating global ram: @d
allocating global ram: @e
allocating global ram: @f
allocating global ram: @a2
allocating global ram: @b2
allocating global ram: @c2
# of Vertices: 48
Representatives: 
1 -> 1
2 -> 2
3 -> 3
4 -> 4
5 -> 5
6 -> 6
7 -> 7
8 -> 8
9 -> 9
10 -> 10
11 -> 11
12 -> 12
13 -> 13
14 -> 14
15 -> 15
16 -> 16
17 -> 17
18 -> 18
19 -> 19
20 -> 20
21 -> 21
22 -> 22
23 -> 23
24 -> 24
25 -> 25
26 -> 26
27 -> 27
28 -> 28
29 -> 29
30 -> 30
31 -> 31
32 -> 32
33 -> 33
34 -> 34
35 -> 35
36 -> 36
37 -> 37
38 -> 38
39 -> 39
40 -> 40
41 -> 41
42 -> 42
43 -> 43
44 -> 44
45 -> 45
46 -> 46
47 -> 47
48 -> 48

Connections (Graph): 
1 -> 36 
2 -> 35 
3 -> 37 
4 -> 34 
5 -> 38 
6 -> 33 
7 -> 39 
8 -> 32 
9 -> 40 
10 -> 31 
11 -> 41 
12 -> 30 
13 -> 42 
14 -> 29 
15 -> 43 
16 -> 28 
17 -> 44 
18 -> 27 
19 -> 
20 -> 
21 -> 
22 -> 
23 -> 
24 -> 
25 -> 
26 -> 
27 -> 
28 -> 
29 -> 
30 -> 
31 -> 
32 -> 
33 -> 
34 -> 
35 -> 
36 -> 
37 -> 
38 -> 
39 -> 
40 -> 
41 -> 
42 -> 
43 -> 
44 -> 
45 -> 
46 -> 45 
47 -> 
48 -> 47 

Points-to-set: 
1 -> {}
2 -> {1, }
3 -> {}
4 -> {3, }
5 -> {}
6 -> {5, }
7 -> {}
8 -> {7, }
9 -> {}
10 -> {9, }
11 -> {}
12 -> {11, }
13 -> {}
14 -> {13, }
15 -> {}
16 -> {15, }
17 -> {}
18 -> {17, }
19 -> {}
20 -> {19, }
21 -> {}
22 -> {21, }
23 -> {}
24 -> {23, }
25 -> {}
26 -> {25, }
27 -> {17, }
28 -> {15, }
29 -> {13, }
30 -> {11, }
31 -> {9, }
32 -> {7, }
33 -> {5, }
34 -> {3, }
35 -> {1, }
36 -> {}
37 -> {}
38 -> {}
39 -> {}
40 -> {}
41 -> {}
42 -> {}
43 -> {}
44 -> {}
45 -> {}
46 -> {}
47 -> {}
48 -> {}

Variable: Int -> Value* mapping
4: @b = internal global [100 x i32] [i32 1, i32 2, i32 3, i32 4, i32 5, i32 6, i32 7, i32 8, i32 9, i32 10, i32 11, i32 12, i32 13, i32 14, i32 15, i32 16, i32 17, i32 18, i32 19, i32 20, i32 21, i32 22, i32 23, i32 24, i32 25, i32 26, i32 27, i32 28, i32 29, i32 30, i32 31, i32 32, i32 33, i32 34, i32 35, i32 36, i32 37, i32 38, i32 39, i32 40, i32 41, i32 42, i32 43, i32 44, i32 45, i32 46, i32 47, i32 48, i32 49, i32 50, i32 51, i32 52, i32 53, i32 54, i32 55, i32 56, i32 57, i32 58, i32 59, i32 60, i32 61, i32 62, i32 63, i32 64, i32 65, i32 66, i32 67, i32 68, i32 69, i32 70, i32 71, i32 72, i32 73, i32 74, i32 75, i32 76, i32 77, i32 78, i32 79, i32 80, i32 81, i32 82, i32 83, i32 84, i32 85, i32 86, i32 87, i32 88, i32 89, i32 90, i32 91, i32 92, i32 93, i32 94, i32 95, i32 96, i32 97, i32 98, i32 99, i32 -100], align 4
6: @c = internal global [100 x i32] [i32 1, i32 2, i32 3, i32 4, i32 5, i32 6, i32 7, i32 8, i32 9, i32 10, i32 11, i32 12, i32 13, i32 14, i32 15, i32 16, i32 17, i32 18, i32 19, i32 20, i32 21, i32 22, i32 23, i32 24, i32 25, i32 26, i32 27, i32 28, i32 29, i32 30, i32 31, i32 32, i32 33, i32 34, i32 35, i32 36, i32 37, i32 38, i32 39, i32 40, i32 41, i32 42, i32 43, i32 44, i32 45, i32 46, i32 47, i32 48, i32 49, i32 50, i32 51, i32 52, i32 53, i32 54, i32 55, i32 56, i32 57, i32 58, i32 59, i32 60, i32 61, i32 62, i32 63, i32 64, i32 65, i32 66, i32 67, i32 68, i32 69, i32 70, i32 71, i32 72, i32 73, i32 74, i32 75, i32 76, i32 77, i32 78, i32 79, i32 80, i32 81, i32 82, i32 83, i32 84, i32 85, i32 86, i32 87, i32 88, i32 89, i32 90, i32 91, i32 92, i32 93, i32 94, i32 95, i32 96, i32 97, i32 98, i32 99, i32 -100], align 4
24: @.str2 = private unnamed_addr constant [8 x i8] c"PASSED\0A\00", align 1
26: @.str3 = private unnamed_addr constant [8 x i8] c"FAILED\0A\00", align 1
2: @a = internal global [100 x i32] [i32 1, i32 2, i32 3, i32 4, i32 5, i32 6, i32 7, i32 8, i32 9, i32 10, i32 11, i32 12, i32 13, i32 14, i32 15, i32 16, i32 17, i32 18, i32 19, i32 20, i32 21, i32 22, i32 23, i32 24, i32 25, i32 26, i32 27, i32 28, i32 29, i32 30, i32 31, i32 32, i32 33, i32 34, i32 35, i32 36, i32 37, i32 38, i32 39, i32 40, i32 41, i32 42, i32 43, i32 44, i32 45, i32 46, i32 47, i32 48, i32 49, i32 50, i32 51, i32 52, i32 53, i32 54, i32 55, i32 56, i32 57, i32 58, i32 59, i32 60, i32 61, i32 62, i32 63, i32 64, i32 65, i32 66, i32 67, i32 68, i32 69, i32 70, i32 71, i32 72, i32 73, i32 74, i32 75, i32 76, i32 77, i32 78, i32 79, i32 80, i32 81, i32 82, i32 83, i32 84, i32 85, i32 86, i32 87, i32 88, i32 89, i32 90, i32 91, i32 92, i32 93, i32 94, i32 95, i32 96, i32 97, i32 98, i32 99, i32 -100], align 4
20: @.str = private unnamed_addr constant [6 x i8] c"loop0\00", align 1
12: @f = internal global [100 x i32] [i32 1, i32 2, i32 3, i32 4, i32 5, i32 6, i32 7, i32 8, i32 9, i32 10, i32 11, i32 12, i32 13, i32 14, i32 15, i32 16, i32 17, i32 18, i32 19, i32 20, i32 21, i32 22, i32 23, i32 24, i32 25, i32 26, i32 27, i32 28, i32 29, i32 30, i32 31, i32 32, i32 33, i32 34, i32 35, i32 36, i32 37, i32 38, i32 39, i32 40, i32 41, i32 42, i32 43, i32 44, i32 45, i32 46, i32 47, i32 48, i32 49, i32 50, i32 51, i32 52, i32 53, i32 54, i32 55, i32 56, i32 57, i32 58, i32 59, i32 60, i32 61, i32 62, i32 63, i32 64, i32 65, i32 66, i32 67, i32 68, i32 69, i32 70, i32 71, i32 72, i32 73, i32 74, i32 75, i32 76, i32 77, i32 78, i32 79, i32 80, i32 81, i32 82, i32 83, i32 84, i32 85, i32 86, i32 87, i32 88, i32 89, i32 90, i32 91, i32 92, i32 93, i32 94, i32 95, i32 96, i32 97, i32 98, i32 99, i32 -100], align 4
14: @a2 = internal global [100 x i32] [i32 1, i32 2, i32 3, i32 4, i32 5, i32 6, i32 7, i32 8, i32 9, i32 10, i32 11, i32 12, i32 13, i32 14, i32 15, i32 16, i32 17, i32 18, i32 19, i32 20, i32 21, i32 22, i32 23, i32 24, i32 25, i32 26, i32 27, i32 28, i32 29, i32 30, i32 31, i32 32, i32 33, i32 34, i32 35, i32 36, i32 37, i32 38, i32 39, i32 40, i32 41, i32 42, i32 43, i32 44, i32 45, i32 46, i32 47, i32 48, i32 49, i32 50, i32 51, i32 52, i32 53, i32 54, i32 55, i32 56, i32 57, i32 58, i32 59, i32 60, i32 61, i32 62, i32 63, i32 64, i32 65, i32 66, i32 67, i32 68, i32 69, i32 70, i32 71, i32 72, i32 73, i32 74, i32 75, i32 76, i32 77, i32 78, i32 79, i32 80, i32 81, i32 82, i32 83, i32 84, i32 85, i32 86, i32 87, i32 88, i32 89, i32 90, i32 91, i32 92, i32 93, i32 94, i32 95, i32 96, i32 97, i32 98, i32 99, i32 -100], align 4
16: @b2 = internal global [100 x i32] [i32 1, i32 2, i32 3, i32 4, i32 5, i32 6, i32 7, i32 8, i32 9, i32 10, i32 11, i32 12, i32 13, i32 14, i32 15, i32 16, i32 17, i32 18, i32 19, i32 20, i32 21, i32 22, i32 23, i32 24, i32 25, i32 26, i32 27, i32 28, i32 29, i32 30, i32 31, i32 32, i32 33, i32 34, i32 35, i32 36, i32 37, i32 38, i32 39, i32 40, i32 41, i32 42, i32 43, i32 44, i32 45, i32 46, i32 47, i32 48, i32 49, i32 50, i32 51, i32 52, i32 53, i32 54, i32 55, i32 56, i32 57, i32 58, i32 59, i32 60, i32 61, i32 62, i32 63, i32 64, i32 65, i32 66, i32 67, i32 68, i32 69, i32 70, i32 71, i32 72, i32 73, i32 74, i32 75, i32 76, i32 77, i32 78, i32 79, i32 80, i32 81, i32 82, i32 83, i32 84, i32 85, i32 86, i32 87, i32 88, i32 89, i32 90, i32 91, i32 92, i32 93, i32 94, i32 95, i32 96, i32 97, i32 98, i32 99, i32 -100], align 4
18: @c2 = internal global [100 x i32] [i32 1, i32 2, i32 3, i32 4, i32 5, i32 6, i32 7, i32 8, i32 9, i32 10, i32 11, i32 12, i32 13, i32 14, i32 15, i32 16, i32 17, i32 18, i32 19, i32 20, i32 21, i32 22, i32 23, i32 24, i32 25, i32 26, i32 27, i32 28, i32 29, i32 30, i32 31, i32 32, i32 33, i32 34, i32 35, i32 36, i32 37, i32 38, i32 39, i32 40, i32 41, i32 42, i32 43, i32 44, i32 45, i32 46, i32 47, i32 48, i32 49, i32 50, i32 51, i32 52, i32 53, i32 54, i32 55, i32 56, i32 57, i32 58, i32 59, i32 60, i32 61, i32 62, i32 63, i32 64, i32 65, i32 66, i32 67, i32 68, i32 69, i32 70, i32 71, i32 72, i32 73, i32 74, i32 75, i32 76, i32 77, i32 78, i32 79, i32 80, i32 81, i32 82, i32 83, i32 84, i32 85, i32 86, i32 87, i32 88, i32 89, i32 90, i32 91, i32 92, i32 93, i32 94, i32 95, i32 96, i32 97, i32 98, i32 99, i32 -100], align 4
22: @.str1 = private unnamed_addr constant [10 x i8] c"sum = %d\0A\00", align 1
8: @d = internal global [100 x i32] [i32 1, i32 2, i32 3, i32 4, i32 5, i32 6, i32 7, i32 8, i32 9, i32 10, i32 11, i32 12, i32 13, i32 14, i32 15, i32 16, i32 17, i32 18, i32 19, i32 20, i32 21, i32 22, i32 23, i32 24, i32 25, i32 26, i32 27, i32 28, i32 29, i32 30, i32 31, i32 32, i32 33, i32 34, i32 35, i32 36, i32 37, i32 38, i32 39, i32 40, i32 41, i32 42, i32 43, i32 44, i32 45, i32 46, i32 47, i32 48, i32 49, i32 50, i32 51, i32 52, i32 53, i32 54, i32 55, i32 56, i32 57, i32 58, i32 59, i32 60, i32 61, i32 62, i32 63, i32 64, i32 65, i32 66, i32 67, i32 68, i32 69, i32 70, i32 71, i32 72, i32 73, i32 74, i32 75, i32 76, i32 77, i32 78, i32 79, i32 80, i32 81, i32 82, i32 83, i32 84, i32 85, i32 86, i32 87, i32 88, i32 89, i32 90, i32 91, i32 92, i32 93, i32 94, i32 95, i32 96, i32 97, i32 98, i32 99, i32 -100], align 4
10: @e = internal global [100 x i32] [i32 1, i32 2, i32 3, i32 4, i32 5, i32 6, i32 7, i32 8, i32 9, i32 10, i32 11, i32 12, i32 13, i32 14, i32 15, i32 16, i32 17, i32 18, i32 19, i32 20, i32 21, i32 22, i32 23, i32 24, i32 25, i32 26, i32 27, i32 28, i32 29, i32 30, i32 31, i32 32, i32 33, i32 34, i32 35, i32 36, i32 37, i32 38, i32 39, i32 40, i32 41, i32 42, i32 43, i32 44, i32 45, i32 46, i32 47, i32 48, i32 49, i32 50, i32 51, i32 52, i32 53, i32 54, i32 55, i32 56, i32 57, i32 58, i32 59, i32 60, i32 61, i32 62, i32 63, i32 64, i32 65, i32 66, i32 67, i32 68, i32 69, i32 70, i32 71, i32 72, i32 73, i32 74, i32 75, i32 76, i32 77, i32 78, i32 79, i32 80, i32 81, i32 82, i32 83, i32 84, i32 85, i32 86, i32 87, i32 88, i32 89, i32 90, i32 91, i32 92, i32 93, i32 94, i32 95, i32 96, i32 97, i32 98, i32 99, i32 -100], align 4
48:   %i.01 = phi i32 [ 0, %0 ], [ %20, %1 ], !legup.canonical_induction !4, !legup.pipeline.start_time !5, !legup.pipeline.avail_time !5, !legup.pipeline.stage !5
27:   %scevgep = getelementptr [100 x i32]* @c2, i32 0, i32 %i.01, !legup.pipeline.start_time !5, !legup.pipeline.avail_time !5, !legup.pipeline.stage !5
28:   %scevgep2 = getelementptr [100 x i32]* @b2, i32 0, i32 %i.01, !legup.pipeline.start_time !5, !legup.pipeline.avail_time !5, !legup.pipeline.stage !5
38:   %5 = load volatile i32* %scevgep7, align 4, !tbaa !6, !legup.pipeline.start_time !5, !legup.pipeline.avail_time !4, !legup.pipeline.stage !5
40:   %9 = load volatile i32* %scevgep5, align 4, !tbaa !6, !legup.pipeline.start_time !5, !legup.pipeline.avail_time !4, !legup.pipeline.stage !5
41:   %11 = load volatile i32* %scevgep4, align 4, !tbaa !6, !legup.pipeline.start_time !5, !legup.pipeline.avail_time !4, !legup.pipeline.stage !5
42:   %13 = load volatile i32* %scevgep3, align 4, !tbaa !6, !legup.pipeline.start_time !5, !legup.pipeline.avail_time !4, !legup.pipeline.stage !5
43:   %15 = load volatile i32* %scevgep2, align 4, !tbaa !6, !legup.pipeline.start_time !5, !legup.pipeline.avail_time !4, !legup.pipeline.stage !5
44:   %17 = load volatile i32* %scevgep, align 4, !tbaa !6, !legup.pipeline.start_time !5, !legup.pipeline.avail_time !4, !legup.pipeline.stage !5
46:   %18 = sdiv i32 %16, %17, !legup.pipeline.start_time !16, !legup.pipeline.avail_time !18, !legup.pipeline.stage !19
45:   %19 = add nsw i32 %18, %sum.02, !legup.pipeline.start_time !18, !legup.pipeline.avail_time !18, !legup.pipeline.stage !20
47:   %20 = add nsw i32 %i.01, 1, !legup.pipeline.start_time !5, !legup.pipeline.avail_time !5, !legup.pipeline.stage !5
29:   %scevgep3 = getelementptr [100 x i32]* @a2, i32 0, i32 %i.01, !legup.pipeline.start_time !5, !legup.pipeline.avail_time !5, !legup.pipeline.stage !5
30:   %scevgep4 = getelementptr [100 x i32]* @f, i32 0, i32 %i.01, !legup.pipeline.start_time !5, !legup.pipeline.avail_time !5, !legup.pipeline.stage !5
31:   %scevgep5 = getelementptr [100 x i32]* @e, i32 0, i32 %i.01, !legup.pipeline.start_time !5, !legup.pipeline.avail_time !5, !legup.pipeline.stage !5
32:   %scevgep6 = getelementptr [100 x i32]* @d, i32 0, i32 %i.01, !legup.pipeline.start_time !5, !legup.pipeline.avail_time !5, !legup.pipeline.stage !5
33:   %scevgep7 = getelementptr [100 x i32]* @c, i32 0, i32 %i.01, !legup.pipeline.start_time !5, !legup.pipeline.avail_time !5, !legup.pipeline.stage !5
34:   %scevgep8 = getelementptr [100 x i32]* @b, i32 0, i32 %i.01, !legup.pipeline.start_time !5, !legup.pipeline.avail_time !5, !legup.pipeline.stage !5
35:   %scevgep9 = getelementptr [100 x i32]* @a, i32 0, i32 %i.01, !legup.pipeline.start_time !5, !legup.pipeline.avail_time !5, !legup.pipeline.stage !5
36:   %2 = load volatile i32* %scevgep9, align 4, !tbaa !6, !legup.pipeline.start_time !5, !legup.pipeline.avail_time !4, !legup.pipeline.stage !5
37:   %3 = load volatile i32* %scevgep8, align 4, !tbaa !6, !legup.pipeline.start_time !5, !legup.pipeline.avail_time !4, !legup.pipeline.stage !5
39:   %7 = load volatile i32* %scevgep6, align 4, !tbaa !6, !legup.pipeline.start_time !5, !legup.pipeline.avail_time !4, !legup.pipeline.stage !5
Memory: Int -> Value* mapping
3: @b = internal global [100 x i32] [i32 1, i32 2, i32 3, i32 4, i32 5, i32 6, i32 7, i32 8, i32 9, i32 10, i32 11, i32 12, i32 13, i32 14, i32 15, i32 16, i32 17, i32 18, i32 19, i32 20, i32 21, i32 22, i32 23, i32 24, i32 25, i32 26, i32 27, i32 28, i32 29, i32 30, i32 31, i32 32, i32 33, i32 34, i32 35, i32 36, i32 37, i32 38, i32 39, i32 40, i32 41, i32 42, i32 43, i32 44, i32 45, i32 46, i32 47, i32 48, i32 49, i32 50, i32 51, i32 52, i32 53, i32 54, i32 55, i32 56, i32 57, i32 58, i32 59, i32 60, i32 61, i32 62, i32 63, i32 64, i32 65, i32 66, i32 67, i32 68, i32 69, i32 70, i32 71, i32 72, i32 73, i32 74, i32 75, i32 76, i32 77, i32 78, i32 79, i32 80, i32 81, i32 82, i32 83, i32 84, i32 85, i32 86, i32 87, i32 88, i32 89, i32 90, i32 91, i32 92, i32 93, i32 94, i32 95, i32 96, i32 97, i32 98, i32 99, i32 -100], align 4
5: @c = internal global [100 x i32] [i32 1, i32 2, i32 3, i32 4, i32 5, i32 6, i32 7, i32 8, i32 9, i32 10, i32 11, i32 12, i32 13, i32 14, i32 15, i32 16, i32 17, i32 18, i32 19, i32 20, i32 21, i32 22, i32 23, i32 24, i32 25, i32 26, i32 27, i32 28, i32 29, i32 30, i32 31, i32 32, i32 33, i32 34, i32 35, i32 36, i32 37, i32 38, i32 39, i32 40, i32 41, i32 42, i32 43, i32 44, i32 45, i32 46, i32 47, i32 48, i32 49, i32 50, i32 51, i32 52, i32 53, i32 54, i32 55, i32 56, i32 57, i32 58, i32 59, i32 60, i32 61, i32 62, i32 63, i32 64, i32 65, i32 66, i32 67, i32 68, i32 69, i32 70, i32 71, i32 72, i32 73, i32 74, i32 75, i32 76, i32 77, i32 78, i32 79, i32 80, i32 81, i32 82, i32 83, i32 84, i32 85, i32 86, i32 87, i32 88, i32 89, i32 90, i32 91, i32 92, i32 93, i32 94, i32 95, i32 96, i32 97, i32 98, i32 99, i32 -100], align 4
23: @.str2 = private unnamed_addr constant [8 x i8] c"PASSED\0A\00", align 1
25: @.str3 = private unnamed_addr constant [8 x i8] c"FAILED\0A\00", align 1
1: @a = internal global [100 x i32] [i32 1, i32 2, i32 3, i32 4, i32 5, i32 6, i32 7, i32 8, i32 9, i32 10, i32 11, i32 12, i32 13, i32 14, i32 15, i32 16, i32 17, i32 18, i32 19, i32 20, i32 21, i32 22, i32 23, i32 24, i32 25, i32 26, i32 27, i32 28, i32 29, i32 30, i32 31, i32 32, i32 33, i32 34, i32 35, i32 36, i32 37, i32 38, i32 39, i32 40, i32 41, i32 42, i32 43, i32 44, i32 45, i32 46, i32 47, i32 48, i32 49, i32 50, i32 51, i32 52, i32 53, i32 54, i32 55, i32 56, i32 57, i32 58, i32 59, i32 60, i32 61, i32 62, i32 63, i32 64, i32 65, i32 66, i32 67, i32 68, i32 69, i32 70, i32 71, i32 72, i32 73, i32 74, i32 75, i32 76, i32 77, i32 78, i32 79, i32 80, i32 81, i32 82, i32 83, i32 84, i32 85, i32 86, i32 87, i32 88, i32 89, i32 90, i32 91, i32 92, i32 93, i32 94, i32 95, i32 96, i32 97, i32 98, i32 99, i32 -100], align 4
19: @.str = private unnamed_addr constant [6 x i8] c"loop0\00", align 1
11: @f = internal global [100 x i32] [i32 1, i32 2, i32 3, i32 4, i32 5, i32 6, i32 7, i32 8, i32 9, i32 10, i32 11, i32 12, i32 13, i32 14, i32 15, i32 16, i32 17, i32 18, i32 19, i32 20, i32 21, i32 22, i32 23, i32 24, i32 25, i32 26, i32 27, i32 28, i32 29, i32 30, i32 31, i32 32, i32 33, i32 34, i32 35, i32 36, i32 37, i32 38, i32 39, i32 40, i32 41, i32 42, i32 43, i32 44, i32 45, i32 46, i32 47, i32 48, i32 49, i32 50, i32 51, i32 52, i32 53, i32 54, i32 55, i32 56, i32 57, i32 58, i32 59, i32 60, i32 61, i32 62, i32 63, i32 64, i32 65, i32 66, i32 67, i32 68, i32 69, i32 70, i32 71, i32 72, i32 73, i32 74, i32 75, i32 76, i32 77, i32 78, i32 79, i32 80, i32 81, i32 82, i32 83, i32 84, i32 85, i32 86, i32 87, i32 88, i32 89, i32 90, i32 91, i32 92, i32 93, i32 94, i32 95, i32 96, i32 97, i32 98, i32 99, i32 -100], align 4
13: @a2 = internal global [100 x i32] [i32 1, i32 2, i32 3, i32 4, i32 5, i32 6, i32 7, i32 8, i32 9, i32 10, i32 11, i32 12, i32 13, i32 14, i32 15, i32 16, i32 17, i32 18, i32 19, i32 20, i32 21, i32 22, i32 23, i32 24, i32 25, i32 26, i32 27, i32 28, i32 29, i32 30, i32 31, i32 32, i32 33, i32 34, i32 35, i32 36, i32 37, i32 38, i32 39, i32 40, i32 41, i32 42, i32 43, i32 44, i32 45, i32 46, i32 47, i32 48, i32 49, i32 50, i32 51, i32 52, i32 53, i32 54, i32 55, i32 56, i32 57, i32 58, i32 59, i32 60, i32 61, i32 62, i32 63, i32 64, i32 65, i32 66, i32 67, i32 68, i32 69, i32 70, i32 71, i32 72, i32 73, i32 74, i32 75, i32 76, i32 77, i32 78, i32 79, i32 80, i32 81, i32 82, i32 83, i32 84, i32 85, i32 86, i32 87, i32 88, i32 89, i32 90, i32 91, i32 92, i32 93, i32 94, i32 95, i32 96, i32 97, i32 98, i32 99, i32 -100], align 4
15: @b2 = internal global [100 x i32] [i32 1, i32 2, i32 3, i32 4, i32 5, i32 6, i32 7, i32 8, i32 9, i32 10, i32 11, i32 12, i32 13, i32 14, i32 15, i32 16, i32 17, i32 18, i32 19, i32 20, i32 21, i32 22, i32 23, i32 24, i32 25, i32 26, i32 27, i32 28, i32 29, i32 30, i32 31, i32 32, i32 33, i32 34, i32 35, i32 36, i32 37, i32 38, i32 39, i32 40, i32 41, i32 42, i32 43, i32 44, i32 45, i32 46, i32 47, i32 48, i32 49, i32 50, i32 51, i32 52, i32 53, i32 54, i32 55, i32 56, i32 57, i32 58, i32 59, i32 60, i32 61, i32 62, i32 63, i32 64, i32 65, i32 66, i32 67, i32 68, i32 69, i32 70, i32 71, i32 72, i32 73, i32 74, i32 75, i32 76, i32 77, i32 78, i32 79, i32 80, i32 81, i32 82, i32 83, i32 84, i32 85, i32 86, i32 87, i32 88, i32 89, i32 90, i32 91, i32 92, i32 93, i32 94, i32 95, i32 96, i32 97, i32 98, i32 99, i32 -100], align 4
17: @c2 = internal global [100 x i32] [i32 1, i32 2, i32 3, i32 4, i32 5, i32 6, i32 7, i32 8, i32 9, i32 10, i32 11, i32 12, i32 13, i32 14, i32 15, i32 16, i32 17, i32 18, i32 19, i32 20, i32 21, i32 22, i32 23, i32 24, i32 25, i32 26, i32 27, i32 28, i32 29, i32 30, i32 31, i32 32, i32 33, i32 34, i32 35, i32 36, i32 37, i32 38, i32 39, i32 40, i32 41, i32 42, i32 43, i32 44, i32 45, i32 46, i32 47, i32 48, i32 49, i32 50, i32 51, i32 52, i32 53, i32 54, i32 55, i32 56, i32 57, i32 58, i32 59, i32 60, i32 61, i32 62, i32 63, i32 64, i32 65, i32 66, i32 67, i32 68, i32 69, i32 70, i32 71, i32 72, i32 73, i32 74, i32 75, i32 76, i32 77, i32 78, i32 79, i32 80, i32 81, i32 82, i32 83, i32 84, i32 85, i32 86, i32 87, i32 88, i32 89, i32 90, i32 91, i32 92, i32 93, i32 94, i32 95, i32 96, i32 97, i32 98, i32 99, i32 -100], align 4
21: @.str1 = private unnamed_addr constant [10 x i8] c"sum = %d\0A\00", align 1
7: @d = internal global [100 x i32] [i32 1, i32 2, i32 3, i32 4, i32 5, i32 6, i32 7, i32 8, i32 9, i32 10, i32 11, i32 12, i32 13, i32 14, i32 15, i32 16, i32 17, i32 18, i32 19, i32 20, i32 21, i32 22, i32 23, i32 24, i32 25, i32 26, i32 27, i32 28, i32 29, i32 30, i32 31, i32 32, i32 33, i32 34, i32 35, i32 36, i32 37, i32 38, i32 39, i32 40, i32 41, i32 42, i32 43, i32 44, i32 45, i32 46, i32 47, i32 48, i32 49, i32 50, i32 51, i32 52, i32 53, i32 54, i32 55, i32 56, i32 57, i32 58, i32 59, i32 60, i32 61, i32 62, i32 63, i32 64, i32 65, i32 66, i32 67, i32 68, i32 69, i32 70, i32 71, i32 72, i32 73, i32 74, i32 75, i32 76, i32 77, i32 78, i32 79, i32 80, i32 81, i32 82, i32 83, i32 84, i32 85, i32 86, i32 87, i32 88, i32 89, i32 90, i32 91, i32 92, i32 93, i32 94, i32 95, i32 96, i32 97, i32 98, i32 99, i32 -100], align 4
9: @e = internal global [100 x i32] [i32 1, i32 2, i32 3, i32 4, i32 5, i32 6, i32 7, i32 8, i32 9, i32 10, i32 11, i32 12, i32 13, i32 14, i32 15, i32 16, i32 17, i32 18, i32 19, i32 20, i32 21, i32 22, i32 23, i32 24, i32 25, i32 26, i32 27, i32 28, i32 29, i32 30, i32 31, i32 32, i32 33, i32 34, i32 35, i32 36, i32 37, i32 38, i32 39, i32 40, i32 41, i32 42, i32 43, i32 44, i32 45, i32 46, i32 47, i32 48, i32 49, i32 50, i32 51, i32 52, i32 53, i32 54, i32 55, i32 56, i32 57, i32 58, i32 59, i32 60, i32 61, i32 62, i32 63, i32 64, i32 65, i32 66, i32 67, i32 68, i32 69, i32 70, i32 71, i32 72, i32 73, i32 74, i32 75, i32 76, i32 77, i32 78, i32 79, i32 80, i32 81, i32 82, i32 83, i32 84, i32 85, i32 86, i32 87, i32 88, i32 89, i32 90, i32 91, i32 92, i32 93, i32 94, i32 95, i32 96, i32 97, i32 98, i32 99, i32 -100], align 4
digraph "module.bc" {
    1 [label="#1",color=blue,style=solid];
    2 [label="a",color=blue,style=solid];
    3 [label="#3",color=blue,style=solid];
    4 [label="b",color=blue,style=solid];
    5 [label="#5",color=blue,style=solid];
    6 [label="c",color=blue,style=solid];
    7 [label="#7",color=blue,style=solid];
    8 [label="d",color=blue,style=solid];
    9 [label="#9",color=blue,style=solid];
    10 [label="e",color=blue,style=solid];
    11 [label="#11",color=blue,style=solid];
    12 [label="f",color=blue,style=solid];
    13 [label="#13",color=blue,style=solid];
    14 [label="a2",color=blue,style=solid];
    15 [label="#15",color=blue,style=solid];
    16 [label="b2",color=blue,style=solid];
    17 [label="#17",color=blue,style=solid];
    18 [label="c2",color=blue,style=solid];
    19 [label="#19",color=blue,style=solid];
    20 [label=".str",color=blue,style=solid];
    21 [label="#21",color=blue,style=solid];
    22 [label=".str1",color=blue,style=solid];
    23 [label="#23",color=blue,style=solid];
    24 [label=".str2",color=blue,style=solid];
    25 [label="#25",color=blue,style=solid];
    26 [label=".str3",color=blue,style=solid];
    27 [label="scevgep",color=blue,style=solid];
    28 [label="scevgep2",color=blue,style=solid];
    29 [label="scevgep3",color=blue,style=solid];
    30 [label="scevgep4",color=blue,style=solid];
    31 [label="scevgep5",color=blue,style=solid];
    32 [label="scevgep6",color=blue,style=solid];
    33 [label="scevgep7",color=blue,style=solid];
    34 [label="scevgep8",color=blue,style=solid];
    35 [label="scevgep9",color=blue,style=solid];
    36 [label="unknown",color=blue,style=solid];
    37 [label="unknown",color=blue,style=solid];
    38 [label="unknown",color=blue,style=solid];
    39 [label="unknown",color=blue,style=solid];
    40 [label="unknown",color=blue,style=solid];
    41 [label="unknown",color=blue,style=solid];
    42 [label="unknown",color=blue,style=solid];
    43 [label="unknown",color=blue,style=solid];
    44 [label="unknown",color=blue,style=solid];
    45 [label="unknown",color=blue,style=solid];
    46 [label="unknown",color=blue,style=solid];
    47 [label="unknown",color=blue,style=solid];
    48 [label="i.01",color=blue,style=solid];
    1 -> 36;
    2 -> 35;
    3 -> 37;
    4 -> 34;
    5 -> 38;
    6 -> 33;
    7 -> 39;
    8 -> 32;
    9 -> 40;
    10 -> 31;
    11 -> 41;
    12 -> 30;
    13 -> 42;
    14 -> 29;
    15 -> 43;
    16 -> 28;
    17 -> 44;
    18 -> 27;
    46 -> 45;
    48 -> 47;
    pts2 [label="#1",color=red,style=dashed,shape=box];
    2 -> pts2 [color=red,style=dashed];
    pts4 [label="#3",color=red,style=dashed,shape=box];
    4 -> pts4 [color=red,style=dashed];
    pts6 [label="#5",color=red,style=dashed,shape=box];
    6 -> pts6 [color=red,style=dashed];
    pts8 [label="#7",color=red,style=dashed,shape=box];
    8 -> pts8 [color=red,style=dashed];
    pts10 [label="#9",color=red,style=dashed,shape=box];
    10 -> pts10 [color=red,style=dashed];
    pts12 [label="#11",color=red,style=dashed,shape=box];
    12 -> pts12 [color=red,style=dashed];
    pts14 [label="#13",color=red,style=dashed,shape=box];
    14 -> pts14 [color=red,style=dashed];
    pts16 [label="#15",color=red,style=dashed,shape=box];
    16 -> pts16 [color=red,style=dashed];
    pts18 [label="#17",color=red,style=dashed,shape=box];
    18 -> pts18 [color=red,style=dashed];
    pts20 [label="#19",color=red,style=dashed,shape=box];
    20 -> pts20 [color=red,style=dashed];
    pts22 [label="#21",color=red,style=dashed,shape=box];
    22 -> pts22 [color=red,style=dashed];
    pts24 [label="#23",color=red,style=dashed,shape=box];
    24 -> pts24 [color=red,style=dashed];
    pts26 [label="#25",color=red,style=dashed,shape=box];
    26 -> pts26 [color=red,style=dashed];
    pts27 [label="#17",color=red,style=dashed,shape=box];
    27 -> pts27 [color=red,style=dashed];
    pts28 [label="#15",color=red,style=dashed,shape=box];
    28 -> pts28 [color=red,style=dashed];
    pts29 [label="#13",color=red,style=dashed,shape=box];
    29 -> pts29 [color=red,style=dashed];
    pts30 [label="#11",color=red,style=dashed,shape=box];
    30 -> pts30 [color=red,style=dashed];
    pts31 [label="#9",color=red,style=dashed,shape=box];
    31 -> pts31 [color=red,style=dashed];
    pts32 [label="#7",color=red,style=dashed,shape=box];
    32 -> pts32 [color=red,style=dashed];
    pts33 [label="#5",color=red,style=dashed,shape=box];
    33 -> pts33 [color=red,style=dashed];
    pts34 [label="#3",color=red,style=dashed,shape=box];
    34 -> pts34 [color=red,style=dashed];
    pts35 [label="#1",color=red,style=dashed,shape=box];
    35 -> pts35 [color=red,style=dashed];
}
%2 -> { 
	Addr: @a
		RAM: a
			Adding Local RAM: a to Fct: @main
}
%3 -> { 
	Addr: @b
		RAM: b
			Adding Local RAM: b to Fct: @main
}
%5 -> { 
	Addr: @c
		RAM: c
			Adding Local RAM: c to Fct: @main
}
%7 -> { 
	Addr: @d
		RAM: d
			Adding Local RAM: d to Fct: @main
}
%9 -> { 
	Addr: @e
		RAM: e
			Adding Local RAM: e to Fct: @main
}
%11 -> { 
	Addr: @f
		RAM: f
			Adding Local RAM: f to Fct: @main
}
%13 -> { 
	Addr: @a2
		RAM: a2
			Adding Local RAM: a2 to Fct: @main
}
%15 -> { 
	Addr: @b2
		RAM: b2
			Adding Local RAM: b2 to Fct: @main
}
%17 -> { 
	Addr: @c2
		RAM: c2
			Adding Local RAM: c2 to Fct: @main
}
Final memory allocation:
Global Memories:
Local Memories:
	RAM: a Function: main
	RAM: b Function: main
	RAM: c Function: main
	RAM: d Function: main
	RAM: e Function: main
	RAM: f Function: main
	RAM: a2 Function: main
	RAM: b2 Function: main
	RAM: c2 Function: main
