//----------------------------------------------------------------------------//
// Generated by LegUp High-Level Synthesis Tool Version 4.0 (http://legup.org)
// Compiled: Tue Feb 14 19:47:56 2017
// University of Toronto
// For research and academic purposes only. Commercial use is prohibited.
// Please send bugs to: legup@eecg.toronto.edu
// Date: Tue Oct 31 18:14:56 2017
//----------------------------------------------------------------------------//

allocateRAM: @a
Constant: 0
allocateRAM: @b
Constant: 0
allocateRAM: @c
Constant: 0
allocateRAM: @d
Constant: 0
allocateRAM: @e
Constant: 0
allocateRAM: @f
Constant: 0
allocateRAM: @g
Constant: 0
allocateRAM: @h
Constant: 0
allocateRAM: @ii
Constant: 0
allocateRAM: @j
Constant: 0
allocateRAM: @aa
Constant: 0
allocateRAM: @bb
Constant: 0
allocateRAM: @cc
Constant: 0
allocateRAM: @dd
Constant: 0
allocating global ram: @a
allocating global ram: @b
allocating global ram: @c
allocating global ram: @d
allocating global ram: @e
allocating global ram: @f
allocating global ram: @g
allocating global ram: @h
allocating global ram: @ii
allocating global ram: @j
allocating global ram: @aa
allocating global ram: @bb
allocating global ram: @cc
allocating global ram: @dd
