//----------------------------------------------------------------------------//
// Generated by LegUp High-Level Synthesis Tool Version 4.0 (http://legup.org)
// Compiled: Tue Feb 14 19:47:56 2017
// University of Toronto
// For research and academic purposes only. Commercial use is prohibited.
// Please send bugs to: legup@eecg.toronto.edu
// Date: Tue Oct 31 18:14:56 2017
//----------------------------------------------------------------------------//

-------------------------- Datapath Operation Usage --------------------------

Operation "unknown" x 51 
Operation "signed_add_32" x 10 
Operation "signed_add_64" x 7 
Operation "signed_comp_eq_32" x 1 
Operation "signed_comp_eq_64" x 1 
Operation "signed_multiply_64" x 7 
Operation "signed_subtract_64" x 4 
Operation "unsigned_divide_64" x 2 

----------------------------- General Information -----------------------------

Number of declared variables in main: 96
Critical path contains operation: unsigned_divide_64

------------------------------ Resource Estimate ------------------------------

Fmax: 5 MHz
Note: Assuming only 87 DSPs available
Warning: These estimates don't account for binding yet!
Logic Elements: 10518
    Combinational: 10192
    Registers: 4834
DSP Elements: 42
