//----------------------------------------------------------------------------//
// Generated by LegUp High-Level Synthesis Tool Version 4.0 (http://legup.org)
// Compiled: Tue Feb 14 19:47:56 2017
// University of Toronto
// For research and academic purposes only. Commercial use is prohibited.
// Please send bugs to: legup@eecg.toronto.edu
// Date: Tue Oct 31 18:14:56 2017
//----------------------------------------------------------------------------//

Target Family: CycloneV
Clock period constraint: 2.000000e+01ns
Start Function: main
state: LEGUP_0
   br label %1
   Transition: if (start): LEGUP_loop_pipeline_wait_loop_1_1 default: LEGUP_0
state: LEGUP_loop_pipeline_wait_loop_1_1
   %2 = phi i32 [ 0, %0 ], [ %33, %1 ], !legup.canonical_induction !2, !legup.pipeline.start_time !3, !legup.pipeline.avail_time !3, !legup.pipeline.stage !3 (endState: LEGUP_loop_pipeline_wait_loop_1_1)
   br i1 %exitcond1, label %68, label %1, !legup.pipelined !2, !legup.II !15, !legup.totalTime !50, !legup.maxStage !32, !legup.tripCount !41, !legup.label !51, !legup.pipeline.start_time !9, !legup.pipeline.avail_time !9, !legup.pipeline.stage !3
   Transition: if (loop_1_pipeline_finish): LEGUP_F_main_BB__68_2 default: LEGUP_loop_pipeline_wait_loop_1_1
state: LEGUP_F_main_BB__68_2
   %69 = load volatile i64* getelementptr inbounds ([100 x i64]* @dd, i32 0, i32 90), align 8, !tbaa !4 (endState: LEGUP_F_main_BB__68_4)
   Transition: default: LEGUP_F_main_BB__68_3
state: LEGUP_F_main_BB__68_3
   Transition: default: LEGUP_F_main_BB__68_4
state: LEGUP_F_main_BB__68_4
   %70 = tail call i32 (i8*, ...)* @printf(i8* getelementptr inbounds ([12 x i8]* @.str1, i32 0, i32 0), i64 %69) #2 (endState: LEGUP_F_main_BB__68_4)
   %71 = icmp eq i64 %69, 40288495459 (endState: LEGUP_F_main_BB__68_4)
   br i1 %71, label %72, label %74
   Transition: if (%71): LEGUP_F_main_BB__72_5 default: LEGUP_F_main_BB__74_6
state: LEGUP_F_main_BB__72_5
   %73 = tail call i32 (i8*, ...)* @printf(i8* getelementptr inbounds ([8 x i8]* @.str2, i32 0, i32 0)) #2 (endState: LEGUP_F_main_BB__72_5)
   br label %76
   Transition: default: LEGUP_F_main_BB__76_7
state: LEGUP_F_main_BB__74_6
   %75 = tail call i32 (i8*, ...)* @printf(i8* getelementptr inbounds ([8 x i8]* @.str3, i32 0, i32 0)) #2 (endState: LEGUP_F_main_BB__74_6)
   br label %76
   Transition: default: LEGUP_F_main_BB__76_7
state: LEGUP_F_main_BB__76_7
   %77 = trunc i64 %69 to i32 (endState: LEGUP_F_main_BB__76_7)
   ret i32 %77
   Transition: default: LEGUP_0

Basic Block: %0 Num States: 1
Basic Block: %1 Num States: 1
Basic Block: %68 Num States: 3
Basic Block: %72 Num States: 1
Basic Block: %74 Num States: 1
Basic Block: %76 Num States: 1
End Function: main
--------------------------------------------------------------------------------

