//----------------------------------------------------------------------------//
// Generated by LegUp High-Level Synthesis Tool Version 4.0 (http://legup.org)
// Compiled: Tue Feb 14 19:47:56 2017
// University of Toronto
// For research and academic purposes only. Commercial use is prohibited.
// Please send bugs to: legup@eecg.toronto.edu
// Date: Tue Oct 31 18:14:56 2017
//----------------------------------------------------------------------------//

-----------------Function: main---------------
-------------------------1---------------------------
-----------------Delay of path:2.90 ns---------------
-----------------State:LEGUP_F_main_BB__68_4-----------------
(2.90 ns) --- (2.90 ns) ---   %71 = icmp eq i64 %69, 40288495459
(0.00 ns) --- (2.90 ns) ---   br i1 %71, label %72, label %74

-----------------Function: main---------------
-------------------------2---------------------------
-----------------Delay of path:0.00 ns---------------
-----------------State:LEGUP_F_main_BB__68_2-----------------
(0.00 ns) --- (0.00 ns) ---   %69 = load volatile i64* getelementptr inbounds ([100 x i64]* @dd, i32 0, i32 90), align 8, !tbaa !4

-----------------Function: main---------------
-------------------------3---------------------------
-----------------Delay of path:0.00 ns---------------
-----------------State:LEGUP_F_main_BB__68_4-----------------
(0.00 ns) --- (0.00 ns) ---   %70 = tail call i32 (i8*, ...)* @printf(i8* getelementptr inbounds ([12 x i8]* @.str1, i32 0, i32 0), i64 %69) #2

-----------------Function: main---------------
-------------------------4---------------------------
-----------------Delay of path:0.00 ns---------------
-----------------State:LEGUP_F_main_BB__72_5-----------------
(0.00 ns) --- (0.00 ns) ---   %73 = tail call i32 (i8*, ...)* @printf(i8* getelementptr inbounds ([8 x i8]* @.str2, i32 0, i32 0)) #2

-----------------Function: main---------------
-------------------------5---------------------------
-----------------Delay of path:0.00 ns---------------
-----------------State:LEGUP_F_main_BB__72_5-----------------
(0.00 ns) --- (0.00 ns) ---   br label %76

-----------------Function: main---------------
-------------------------6---------------------------
-----------------Delay of path:0.00 ns---------------
-----------------State:LEGUP_F_main_BB__74_6-----------------
(0.00 ns) --- (0.00 ns) ---   %75 = tail call i32 (i8*, ...)* @printf(i8* getelementptr inbounds ([8 x i8]* @.str3, i32 0, i32 0)) #2

-----------------Function: main---------------
-------------------------7---------------------------
-----------------Delay of path:0.00 ns---------------
-----------------State:LEGUP_F_main_BB__74_6-----------------
(0.00 ns) --- (0.00 ns) ---   br label %76

-----------------Function: main---------------
-------------------------8---------------------------
-----------------Delay of path:0.00 ns---------------
-----------------State:LEGUP_F_main_BB__76_7-----------------
(0.00 ns) --- (0.00 ns) ---   %77 = trunc i64 %69 to i32
(0.00 ns) --- (0.00 ns) ---   ret i32 %77


