//----------------------------------------------------------------------------//
// Generated by LegUp High-Level Synthesis Tool Version 4.0 (http://legup.org)
// Compiled: Mon Jun  4 15:32:40 2018
// University of Toronto
// For research and academic purposes only. Commercial use is prohibited.
// Please send bugs to: legup@eecg.toronto.edu
// Date: Mon Jul  2 15:01:16 2018
//----------------------------------------------------------------------------//

allocateRAM: @a
Constant: 0
allocateRAM: @b
Constant: 0
allocateRAM: @c
Constant: 0
allocateRAM: @m
Constant: 0
allocateRAM: @n
Constant: 0
allocateRAM: @aa
Constant: 0
allocateRAM: @bb
Constant: 0
allocateRAM: @cc
Constant: 0
allocating global ram: @a
allocating global ram: @b
allocating global ram: @c
allocating global ram: @m
allocating global ram: @n
allocating global ram: @aa
allocating global ram: @bb
allocating global ram: @cc
