//----------------------------------------------------------------------------//
// Generated by LegUp High-Level Synthesis Tool Version 4.0 (http://legup.org)
// Compiled: Mon Jun  4 15:32:40 2018
// University of Toronto
// For research and academic purposes only. Commercial use is prohibited.
// Please send bugs to: legup@eecg.toronto.edu
// Date: Mon Sep  3 15:11:37 2018
//----------------------------------------------------------------------------//

-------------------------- Datapath Operation Usage --------------------------

Operation "unknown" x 22 
Operation "signed_add_32" x 2 
Operation "signed_comp_eq_32" x 2 
Operation "signed_divide_32" x 3 
Operation "signed_multiply_32" x 5 

----------------------------- General Information -----------------------------

Number of declared variables in main: 33
Critical path contains operation: signed_divide_32

------------------------------ Resource Estimate ------------------------------

Fmax: 22 MHz
Note: Assuming only 256 DSPs available
Warning: These estimates don't account for binding yet!
Logic Elements: 3372
    Combinational: 3824
    Registers: 994
DSP Elements: 10
