//----------------------------------------------------------------------------//
// Generated by LegUp High-Level Synthesis Tool Version 4.0 (http://legup.org)
// Compiled: Mon Jun  4 15:32:40 2018
// University of Toronto
// For research and academic purposes only. Commercial use is prohibited.
// Please send bugs to: legup@eecg.toronto.edu
// Date: Mon Jun 25 17:03:49 2018
//----------------------------------------------------------------------------//

--------------------------------------------------------------------------------
Function: main
--------------------------------------------------------------------------------
Function unit type:           Number Required               
altfp_add_32                  3                             
altfp_extend_32               1                             
altfp_fptosi_32               1                             
altfp_sitofp_32               1                             
altfp_subtract_32             1                             
mem_dual_port                 2                             

Running Bipartite Weighted Matching on function: main
State: pipeline_time_0
Binding functional unit type: altfp_sitofp_32
Weight matrix for operation/function unit matching:
                                                  main_altfp_sitofp_32_0        
  %51 = sitofp i32 %2 to float... (idx: 0)        10                            
Solving Bipartite Weighted Matching (minimize weights)...
Assignment matrix after operation/function unit matching:
                                                  main_altfp_sitofp_32_0        
  %51 = sitofp i32 %2 to float... (idx: 0)        1                             
Checking that every operator was assigned to a functional unit...yes
Binding operator -> functional unit assignments:
  %51 = sitofp i32 %2 to float... (idx: 0) -> main_altfp_sitofp_32_0 (mux inputs: 1)
State: pipeline_time_0
Binding functional unit type: mem_dual_port
Weight matrix for operation/function unit matching:
                                                  main_mem_dual_port_0          main_mem_dual_port_1          
  %30 = load volatile float* %... (idx: 0)        10                            10                            
  %37 = load volatile float* %... (idx: 1)        10                            10                            
Solving Bipartite Weighted Matching (minimize weights)...
Assignment matrix after operation/function unit matching:
                                                  main_mem_dual_port_0          main_mem_dual_port_1          
  %30 = load volatile float* %... (idx: 0)        1                             0                             
  %37 = load volatile float* %... (idx: 1)        0                             1                             
Checking that every operator was assigned to a functional unit...yes
Binding operator -> functional unit assignments:
  %30 = load volatile float* %... (idx: 0) -> main_mem_dual_port_0 (mux inputs: 1)
  %37 = load volatile float* %... (idx: 1) -> main_mem_dual_port_1 (mux inputs: 1)
State: pipeline_time_1
Binding functional unit type: mem_dual_port
Weight matrix for operation/function unit matching:
                                                  main_mem_dual_port_0          main_mem_dual_port_1          
  %29 = load volatile float* %... (idx: 0)        11                            11                            
  %36 = load volatile float* %... (idx: 1)        11                            11                            
Solving Bipartite Weighted Matching (minimize weights)...
Assignment matrix after operation/function unit matching:
                                                  main_mem_dual_port_0          main_mem_dual_port_1          
  %29 = load volatile float* %... (idx: 0)        1                             0                             
  %36 = load volatile float* %... (idx: 1)        0                             1                             
Checking that every operator was assigned to a functional unit...yes
Binding operator -> functional unit assignments:
  %29 = load volatile float* %... (idx: 0) -> main_mem_dual_port_0 (mux inputs: 2)
  %36 = load volatile float* %... (idx: 1) -> main_mem_dual_port_1 (mux inputs: 2)
State: pipeline_time_2
Binding functional unit type: altfp_add_32
Weight matrix for operation/function unit matching:
                                                  main_altfp_add_32_0           main_altfp_add_32_1           main_altfp_add_32_2           
  %46 = fadd float %43, 0.0000... (idx: 0)        10                            10                            10                            
Solving Bipartite Weighted Matching (minimize weights)...
Assignment matrix after operation/function unit matching:
                                                  main_altfp_add_32_0           main_altfp_add_32_1           main_altfp_add_32_2           
  %46 = fadd float %43, 0.0000... (idx: 0)        1                             0                             0                             
Checking that every operator was assigned to a functional unit...yes
Binding operator -> functional unit assignments:
  %46 = fadd float %43, 0.0000... (idx: 0) -> main_altfp_add_32_0 (mux inputs: 1)
State: pipeline_time_2
Binding functional unit type: mem_dual_port
Weight matrix for operation/function unit matching:
                                                  main_mem_dual_port_0          main_mem_dual_port_1          
  %32 = load volatile float* %... (idx: 0)        12                            12                            
  %35 = load volatile float* %... (idx: 1)        12                            12                            
Solving Bipartite Weighted Matching (minimize weights)...
Assignment matrix after operation/function unit matching:
                                                  main_mem_dual_port_0          main_mem_dual_port_1          
  %32 = load volatile float* %... (idx: 0)        1                             0                             
  %35 = load volatile float* %... (idx: 1)        0                             1                             
Checking that every operator was assigned to a functional unit...yes
Binding operator -> functional unit assignments:
  %32 = load volatile float* %... (idx: 0) -> main_mem_dual_port_0 (mux inputs: 3)
  %35 = load volatile float* %... (idx: 1) -> main_mem_dual_port_1 (mux inputs: 3)
State: pipeline_time_3
Binding functional unit type: altfp_add_32
Weight matrix for operation/function unit matching:
                                                  main_altfp_add_32_0           main_altfp_add_32_1           main_altfp_add_32_2           
  %38 = fadd float %36, %37, !... (idx: 0)        21                            20                            20                            
Solving Bipartite Weighted Matching (minimize weights)...
Assignment matrix after operation/function unit matching:
                                                  main_altfp_add_32_0           main_altfp_add_32_1           main_altfp_add_32_2           
  %38 = fadd float %36, %37, !... (idx: 0)        0                             1                             0                             
Checking that every operator was assigned to a functional unit...yes
Binding operator -> functional unit assignments:
  %38 = fadd float %36, %37, !... (idx: 0) -> main_altfp_add_32_1 (mux inputs: 2)
State: pipeline_time_3
Binding functional unit type: mem_dual_port
Weight matrix for operation/function unit matching:
                                                  main_mem_dual_port_0          main_mem_dual_port_1          
  %20 = load volatile float* %... (idx: 0)        13                            13                            
  %33 = load volatile float* %... (idx: 1)        13                            13                            
Solving Bipartite Weighted Matching (minimize weights)...
Assignment matrix after operation/function unit matching:
                                                  main_mem_dual_port_0          main_mem_dual_port_1          
  %20 = load volatile float* %... (idx: 0)        1                             0                             
  %33 = load volatile float* %... (idx: 1)        0                             1                             
Checking that every operator was assigned to a functional unit...yes
Binding operator -> functional unit assignments:
  %20 = load volatile float* %... (idx: 0) -> main_mem_dual_port_0 (mux inputs: 4)
  %33 = load volatile float* %... (idx: 1) -> main_mem_dual_port_1 (mux inputs: 4)
State: pipeline_time_4
Binding functional unit type: altfp_add_32
Weight matrix for operation/function unit matching:
                                                  main_altfp_add_32_0           main_altfp_add_32_1           main_altfp_add_32_2           
  %31 = fadd float %29, %30, !... (idx: 0)        21                            22                            20                            
Solving Bipartite Weighted Matching (minimize weights)...
Assignment matrix after operation/function unit matching:
                                                  main_altfp_add_32_0           main_altfp_add_32_1           main_altfp_add_32_2           
  %31 = fadd float %29, %30, !... (idx: 0)        0                             0                             1                             
Checking that every operator was assigned to a functional unit...yes
Binding operator -> functional unit assignments:
  %31 = fadd float %29, %30, !... (idx: 0) -> main_altfp_add_32_2 (mux inputs: 2)
State: pipeline_time_4
Binding functional unit type: mem_dual_port
Weight matrix for operation/function unit matching:
  %21 = load volatile float* %... can share an output register with another operation already assigned to main_mem_dual_port_1
  %24 = load volatile float* %... can share an output register with another operation already assigned to main_mem_dual_port_1
                                                  main_mem_dual_port_0          main_mem_dual_port_1          
  %21 = load volatile float* %... (idx: 0)        14                            9                             
  %24 = load volatile float* %... (idx: 1)        14                            9                             
Solving Bipartite Weighted Matching (minimize weights)...
Assignment matrix after operation/function unit matching:
                                                  main_mem_dual_port_0          main_mem_dual_port_1          
  %21 = load volatile float* %... (idx: 0)        1                             0                             
  %24 = load volatile float* %... (idx: 1)        0                             1                             
Checking that every operator was assigned to a functional unit...yes
Binding operator -> functional unit assignments:
  %21 = load volatile float* %... (idx: 0) -> main_mem_dual_port_0 (mux inputs: 5)
  %24 = load volatile float* %... (idx: 1) -> main_mem_dual_port_1 (mux inputs: 5)
State: pipeline_time_5
Binding functional unit type: altfp_add_32
Weight matrix for operation/function unit matching:
                                                  main_altfp_add_32_0           main_altfp_add_32_1           main_altfp_add_32_2           
  %34 = fadd float %32, %33, !... (idx: 0)        21                            22                            22                            
Solving Bipartite Weighted Matching (minimize weights)...
Assignment matrix after operation/function unit matching:
                                                  main_altfp_add_32_0           main_altfp_add_32_1           main_altfp_add_32_2           
  %34 = fadd float %32, %33, !... (idx: 0)        1                             0                             0                             
Checking that every operator was assigned to a functional unit...yes
Binding operator -> functional unit assignments:
  %34 = fadd float %32, %33, !... (idx: 0) -> main_altfp_add_32_0 (mux inputs: 3)
State: pipeline_time_5
Binding functional unit type: mem_dual_port
Weight matrix for operation/function unit matching:
  %26 = load volatile float* %... can share an output register with another operation already assigned to main_mem_dual_port_0
  %26 = load volatile float* %... can share an output register with another operation already assigned to main_mem_dual_port_1
  %27 = load volatile float* %... can share an output register with another operation already assigned to main_mem_dual_port_0
  %27 = load volatile float* %... can share an output register with another operation already assigned to main_mem_dual_port_1
                                                  main_mem_dual_port_0          main_mem_dual_port_1          
  %26 = load volatile float* %... (idx: 0)        10                            10                            
  %27 = load volatile float* %... (idx: 1)        10                            10                            
Solving Bipartite Weighted Matching (minimize weights)...
Assignment matrix after operation/function unit matching:
                                                  main_mem_dual_port_0          main_mem_dual_port_1          
  %26 = load volatile float* %... (idx: 0)        1                             0                             
  %27 = load volatile float* %... (idx: 1)        0                             1                             
Checking that every operator was assigned to a functional unit...yes
Binding operator -> functional unit assignments:
  %26 = load volatile float* %... (idx: 0) -> main_mem_dual_port_0 (mux inputs: 6)
  %27 = load volatile float* %... (idx: 1) -> main_mem_dual_port_1 (mux inputs: 6)
State: pipeline_time_6
Binding functional unit type: altfp_add_32
Weight matrix for operation/function unit matching:
                                                  main_altfp_add_32_0           main_altfp_add_32_1           main_altfp_add_32_2           
  %22 = fadd float %20, %21, !... (idx: 0)        23                            22                            22                            
Solving Bipartite Weighted Matching (minimize weights)...
Assignment matrix after operation/function unit matching:
                                                  main_altfp_add_32_0           main_altfp_add_32_1           main_altfp_add_32_2           
  %22 = fadd float %20, %21, !... (idx: 0)        0                             1                             0                             
Checking that every operator was assigned to a functional unit...yes
Binding operator -> functional unit assignments:
  %22 = fadd float %20, %21, !... (idx: 0) -> main_altfp_add_32_1 (mux inputs: 4)
State: pipeline_time_6
Binding functional unit type: mem_dual_port
Weight matrix for operation/function unit matching:
  %15 = load volatile float* %... can share an output register with another operation already assigned to main_mem_dual_port_0
  %15 = load volatile float* %... can share an output register with another operation already assigned to main_mem_dual_port_1
  %18 = load volatile float* %... can share an output register with another operation already assigned to main_mem_dual_port_0
  %18 = load volatile float* %... can share an output register with another operation already assigned to main_mem_dual_port_1
                                                  main_mem_dual_port_0          main_mem_dual_port_1          
  %15 = load volatile float* %... (idx: 0)        11                            11                            
  %18 = load volatile float* %... (idx: 1)        11                            11                            
Solving Bipartite Weighted Matching (minimize weights)...
Assignment matrix after operation/function unit matching:
                                                  main_mem_dual_port_0          main_mem_dual_port_1          
  %15 = load volatile float* %... (idx: 0)        1                             0                             
  %18 = load volatile float* %... (idx: 1)        0                             1                             
Checking that every operator was assigned to a functional unit...yes
Binding operator -> functional unit assignments:
  %15 = load volatile float* %... (idx: 0) -> main_mem_dual_port_0 (mux inputs: 7)
  %18 = load volatile float* %... (idx: 1) -> main_mem_dual_port_1 (mux inputs: 7)
State: pipeline_time_7
Binding functional unit type: altfp_add_32
Weight matrix for operation/function unit matching:
                                                  main_altfp_add_32_0           main_altfp_add_32_1           main_altfp_add_32_2           
  %28 = fadd float %26, %27, !... (idx: 0)        23                            24                            22                            
Solving Bipartite Weighted Matching (minimize weights)...
Assignment matrix after operation/function unit matching:
                                                  main_altfp_add_32_0           main_altfp_add_32_1           main_altfp_add_32_2           
  %28 = fadd float %26, %27, !... (idx: 0)        0                             0                             1                             
Checking that every operator was assigned to a functional unit...yes
Binding operator -> functional unit assignments:
  %28 = fadd float %26, %27, !... (idx: 0) -> main_altfp_add_32_2 (mux inputs: 4)
State: pipeline_time_7
Binding functional unit type: mem_dual_port
Weight matrix for operation/function unit matching:
  %10 = load volatile float* %... can share an output register with another operation already assigned to main_mem_dual_port_0
  %10 = load volatile float* %... can share an output register with another operation already assigned to main_mem_dual_port_1
  %14 = load volatile float* %... can share an output register with another operation already assigned to main_mem_dual_port_0
  %14 = load volatile float* %... can share an output register with another operation already assigned to main_mem_dual_port_1
                                                  main_mem_dual_port_0          main_mem_dual_port_1          
  %10 = load volatile float* %... (idx: 0)        12                            12                            
  %14 = load volatile float* %... (idx: 1)        12                            12                            
Solving Bipartite Weighted Matching (minimize weights)...
Assignment matrix after operation/function unit matching:
                                                  main_mem_dual_port_0          main_mem_dual_port_1          
  %10 = load volatile float* %... (idx: 0)        1                             0                             
  %14 = load volatile float* %... (idx: 1)        0                             1                             
Checking that every operator was assigned to a functional unit...yes
Binding operator -> functional unit assignments:
  %10 = load volatile float* %... (idx: 0) -> main_mem_dual_port_0 (mux inputs: 8)
  %14 = load volatile float* %... (idx: 1) -> main_mem_dual_port_1 (mux inputs: 8)
State: pipeline_time_8
Binding functional unit type: altfp_add_32
Weight matrix for operation/function unit matching:
                                                  main_altfp_add_32_0           main_altfp_add_32_1           main_altfp_add_32_2           
  %52 = fadd float %51, %50, !... (idx: 0)        23                            24                            24                            
Solving Bipartite Weighted Matching (minimize weights)...
Assignment matrix after operation/function unit matching:
                                                  main_altfp_add_32_0           main_altfp_add_32_1           main_altfp_add_32_2           
  %52 = fadd float %51, %50, !... (idx: 0)        1                             0                             0                             
Checking that every operator was assigned to a functional unit...yes
Binding operator -> functional unit assignments:
  %52 = fadd float %51, %50, !... (idx: 0) -> main_altfp_add_32_0 (mux inputs: 5)
State: pipeline_time_8
Binding functional unit type: mem_dual_port
Weight matrix for operation/function unit matching:
  %17 = load volatile float* %... can share an output register with another operation already assigned to main_mem_dual_port_0
  %17 = load volatile float* %... can share an output register with another operation already assigned to main_mem_dual_port_1
  %23 = load volatile float* %... can share an output register with another operation already assigned to main_mem_dual_port_0
  %23 = load volatile float* %... can share an output register with another operation already assigned to main_mem_dual_port_1
                                                  main_mem_dual_port_0          main_mem_dual_port_1          
  %17 = load volatile float* %... (idx: 0)        13                            13                            
  %23 = load volatile float* %... (idx: 1)        13                            13                            
Solving Bipartite Weighted Matching (minimize weights)...
Assignment matrix after operation/function unit matching:
                                                  main_mem_dual_port_0          main_mem_dual_port_1          
  %17 = load volatile float* %... (idx: 0)        1                             0                             
  %23 = load volatile float* %... (idx: 1)        0                             1                             
Checking that every operator was assigned to a functional unit...yes
Binding operator -> functional unit assignments:
  %17 = load volatile float* %... (idx: 0) -> main_mem_dual_port_0 (mux inputs: 9)
  %23 = load volatile float* %... (idx: 1) -> main_mem_dual_port_1 (mux inputs: 9)
State: pipeline_time_9
Binding functional unit type: altfp_add_32
Weight matrix for operation/function unit matching:
                                                  main_altfp_add_32_0           main_altfp_add_32_1           main_altfp_add_32_2           
  %16 = fadd float %14, %15, !... (idx: 0)        25                            24                            24                            
  %48 = fadd float %47, %46, !... (idx: 1)        25                            24                            24                            
Solving Bipartite Weighted Matching (minimize weights)...
Assignment matrix after operation/function unit matching:
                                                  main_altfp_add_32_0           main_altfp_add_32_1           main_altfp_add_32_2           
  %16 = fadd float %14, %15, !... (idx: 0)        0                             1                             0                             
  %48 = fadd float %47, %46, !... (idx: 1)        0                             0                             1                             
Checking that every operator was assigned to a functional unit...yes
Binding operator -> functional unit assignments:
  %16 = fadd float %14, %15, !... (idx: 0) -> main_altfp_add_32_1 (mux inputs: 6)
  %48 = fadd float %47, %46, !... (idx: 1) -> main_altfp_add_32_2 (mux inputs: 6)
State: pipeline_time_9
Binding functional unit type: mem_dual_port
Weight matrix for operation/function unit matching:
  %12 = load volatile float* %... can share an output register with another operation already assigned to main_mem_dual_port_0
  %12 = load volatile float* %... can share an output register with another operation already assigned to main_mem_dual_port_1
  store volatile float %47, fl... can share an output register with another operation already assigned to main_mem_dual_port_0
  store volatile float %47, fl... can share an output register with another operation already assigned to main_mem_dual_port_1
                                                  main_mem_dual_port_0          main_mem_dual_port_1          
  %12 = load volatile float* %... (idx: 0)        14                            14                            
  store volatile float %47, fl... (idx: 1)        24                            24                            
Solving Bipartite Weighted Matching (minimize weights)...
Assignment matrix after operation/function unit matching:
                                                  main_mem_dual_port_0          main_mem_dual_port_1          
  %12 = load volatile float* %... (idx: 0)        1                             0                             
  store volatile float %47, fl... (idx: 1)        0                             1                             
Checking that every operator was assigned to a functional unit...yes
Binding operator -> functional unit assignments:
  %12 = load volatile float* %... (idx: 0) -> main_mem_dual_port_0 (mux inputs: 10)
  store volatile float %47, fl... (idx: 1) -> main_mem_dual_port_1 (mux inputs: 11)
State: pipeline_time_10
Binding functional unit type: altfp_add_32
Weight matrix for operation/function unit matching:
  %25 = fadd float %23, %24, !... can share an output register with another operation already assigned to main_altfp_add_32_0
  %44 = fadd float %39, %40, !... can share an output register with another operation already assigned to main_altfp_add_32_0
  %45 = fadd float %41, %42, !... can share an output register with another operation already assigned to main_altfp_add_32_0
                                                  main_altfp_add_32_0           main_altfp_add_32_1           main_altfp_add_32_2           
  %25 = fadd float %23, %24, !... (idx: 0)        20                            26                            26                            
  %44 = fadd float %39, %40, !... (idx: 1)        20                            26                            26                            
  %45 = fadd float %41, %42, !... (idx: 2)        20                            26                            26                            
Solving Bipartite Weighted Matching (minimize weights)...
Assignment matrix after operation/function unit matching:
                                                  main_altfp_add_32_0           main_altfp_add_32_1           main_altfp_add_32_2           
  %25 = fadd float %23, %24, !... (idx: 0)        1                             0                             0                             
  %44 = fadd float %39, %40, !... (idx: 1)        0                             1                             0                             
  %45 = fadd float %41, %42, !... (idx: 2)        0                             0                             1                             
Checking that every operator was assigned to a functional unit...yes
Binding operator -> functional unit assignments:
  %25 = fadd float %23, %24, !... (idx: 0) -> main_altfp_add_32_0 (mux inputs: 7)
  %44 = fadd float %39, %40, !... (idx: 1) -> main_altfp_add_32_1 (mux inputs: 8)
  %45 = fadd float %41, %42, !... (idx: 2) -> main_altfp_add_32_2 (mux inputs: 8)
State: pipeline_time_11
Binding functional unit type: altfp_add_32
Weight matrix for operation/function unit matching:
  %13 = fadd float %10, %12, !... can share an output register with another operation already assigned to main_altfp_add_32_0
  %19 = fadd float %17, %18, !... can share an output register with another operation already assigned to main_altfp_add_32_0
                                                  main_altfp_add_32_0           main_altfp_add_32_1           main_altfp_add_32_2           
  %13 = fadd float %10, %12, !... (idx: 0)        22                            28                            28                            
  %19 = fadd float %17, %18, !... (idx: 1)        22                            28                            28                            
Solving Bipartite Weighted Matching (minimize weights)...
Assignment matrix after operation/function unit matching:
                                                  main_altfp_add_32_0           main_altfp_add_32_1           main_altfp_add_32_2           
  %13 = fadd float %10, %12, !... (idx: 0)        1                             0                             0                             
  %19 = fadd float %17, %18, !... (idx: 1)        0                             0                             1                             
Checking that every operator was assigned to a functional unit...yes
Binding operator -> functional unit assignments:
  %13 = fadd float %10, %12, !... (idx: 0) -> main_altfp_add_32_0 (mux inputs: 9)
  %19 = fadd float %17, %18, !... (idx: 1) -> main_altfp_add_32_2 (mux inputs: 10)
State: pipeline_time_16
Binding functional unit type: altfp_add_32
Weight matrix for operation/function unit matching:
                                                  main_altfp_add_32_0           main_altfp_add_32_1           main_altfp_add_32_2           
  %43 = fadd float %35, %38, !... (idx: 0)        29                            28                            30                            
Solving Bipartite Weighted Matching (minimize weights)...
Assignment matrix after operation/function unit matching:
                                                  main_altfp_add_32_0           main_altfp_add_32_1           main_altfp_add_32_2           
  %43 = fadd float %35, %38, !... (idx: 0)        0                             1                             0                             
Checking that every operator was assigned to a functional unit...yes
Binding operator -> functional unit assignments:
  %43 = fadd float %35, %38, !... (idx: 0) -> main_altfp_add_32_1 (mux inputs: 10)
State: pipeline_time_18
Binding functional unit type: altfp_add_32
Weight matrix for operation/function unit matching:
  %42 = fadd float %31, %34, !... can share an output register with another operation already assigned to main_altfp_add_32_0
                                                  main_altfp_add_32_0           main_altfp_add_32_1           main_altfp_add_32_2           
  %42 = fadd float %31, %34, !... (idx: 0)        24                            30                            30                            
Solving Bipartite Weighted Matching (minimize weights)...
Assignment matrix after operation/function unit matching:
                                                  main_altfp_add_32_0           main_altfp_add_32_1           main_altfp_add_32_2           
  %42 = fadd float %31, %34, !... (idx: 0)        1                             0                             0                             
Checking that every operator was assigned to a functional unit...yes
Binding operator -> functional unit assignments:
  %42 = fadd float %31, %34, !... (idx: 0) -> main_altfp_add_32_0 (mux inputs: 11)
State: pipeline_time_22
Binding functional unit type: altfp_add_32
Weight matrix for operation/function unit matching:
                                                  main_altfp_add_32_0           main_altfp_add_32_1           main_altfp_add_32_2           
  %50 = fadd float %49, %48, !... (idx: 0)        31                            30                            30                            
Solving Bipartite Weighted Matching (minimize weights)...
Assignment matrix after operation/function unit matching:
                                                  main_altfp_add_32_0           main_altfp_add_32_1           main_altfp_add_32_2           
  %50 = fadd float %49, %48, !... (idx: 0)        0                             1                             0                             
Checking that every operator was assigned to a functional unit...yes
Binding operator -> functional unit assignments:
  %50 = fadd float %49, %48, !... (idx: 0) -> main_altfp_add_32_1 (mux inputs: 12)
State: pipeline_time_22
Binding functional unit type: mem_dual_port
Weight matrix for operation/function unit matching:
  store volatile float %48, fl... can share an output register with another operation already assigned to main_mem_dual_port_0
  store volatile float %48, fl... can share an output register with another operation already assigned to main_mem_dual_port_1
                                                  main_mem_dual_port_0          main_mem_dual_port_1          
  store volatile float %48, fl... (idx: 0)        25                            26                            
Solving Bipartite Weighted Matching (minimize weights)...
Assignment matrix after operation/function unit matching:
                                                  main_mem_dual_port_0          main_mem_dual_port_1          
  store volatile float %48, fl... (idx: 0)        1                             0                             
Checking that every operator was assigned to a functional unit...yes
Binding operator -> functional unit assignments:
  store volatile float %48, fl... (idx: 0) -> main_mem_dual_port_0 (mux inputs: 12)
State: pipeline_time_23
Binding functional unit type: altfp_add_32
Weight matrix for operation/function unit matching:
  %41 = fadd float %25, %28, !... can share an output register with another operation already assigned to main_altfp_add_32_0
                                                  main_altfp_add_32_0           main_altfp_add_32_1           main_altfp_add_32_2           
  %41 = fadd float %25, %28, !... (idx: 0)        26                            32                            30                            
  %47 = fadd float %44, %45, !... (idx: 1)        31                            32                            30                            
Solving Bipartite Weighted Matching (minimize weights)...
Assignment matrix after operation/function unit matching:
                                                  main_altfp_add_32_0           main_altfp_add_32_1           main_altfp_add_32_2           
  %41 = fadd float %25, %28, !... (idx: 0)        1                             0                             0                             
  %47 = fadd float %44, %45, !... (idx: 1)        0                             0                             1                             
Checking that every operator was assigned to a functional unit...yes
Binding operator -> functional unit assignments:
  %41 = fadd float %25, %28, !... (idx: 0) -> main_altfp_add_32_0 (mux inputs: 13)
  %47 = fadd float %44, %45, !... (idx: 1) -> main_altfp_add_32_2 (mux inputs: 12)
State: pipeline_time_23
Binding functional unit type: mem_dual_port
Weight matrix for operation/function unit matching:
  store volatile float %44, fl... can share an output register with another operation already assigned to main_mem_dual_port_0
  store volatile float %44, fl... can share an output register with another operation already assigned to main_mem_dual_port_1
                                                  main_mem_dual_port_0          main_mem_dual_port_1          
  store volatile float %44, fl... (idx: 0)        27                            26                            
Solving Bipartite Weighted Matching (minimize weights)...
Assignment matrix after operation/function unit matching:
                                                  main_mem_dual_port_0          main_mem_dual_port_1          
  store volatile float %44, fl... (idx: 0)        0                             1                             
Checking that every operator was assigned to a functional unit...yes
Binding operator -> functional unit assignments:
  store volatile float %44, fl... (idx: 0) -> main_mem_dual_port_1 (mux inputs: 13)
State: pipeline_time_24
Binding functional unit type: altfp_add_32
Weight matrix for operation/function unit matching:
  %39 = fadd float %13, %16, !... can share an output register with another operation already assigned to main_altfp_add_32_0
  %40 = fadd float %19, %22, !... can share an output register with another operation already assigned to main_altfp_add_32_0
                                                  main_altfp_add_32_0           main_altfp_add_32_1           main_altfp_add_32_2           
  %39 = fadd float %13, %16, !... (idx: 0)        28                            32                            32                            
  %40 = fadd float %19, %22, !... (idx: 1)        28                            32                            32                            
Solving Bipartite Weighted Matching (minimize weights)...
Assignment matrix after operation/function unit matching:
                                                  main_altfp_add_32_0           main_altfp_add_32_1           main_altfp_add_32_2           
  %39 = fadd float %13, %16, !... (idx: 0)        1                             0                             0                             
  %40 = fadd float %19, %22, !... (idx: 1)        0                             0                             1                             
Checking that every operator was assigned to a functional unit...yes
Binding operator -> functional unit assignments:
  %39 = fadd float %13, %16, !... (idx: 0) -> main_altfp_add_32_0 (mux inputs: 15)
  %40 = fadd float %19, %22, !... (idx: 1) -> main_altfp_add_32_2 (mux inputs: 14)
State: LEGUP_F_main_BB__54
Binding functional unit type: altfp_add_32
Weight matrix for operation/function unit matching:
  %60 = fadd float %52, -1.816... can share an output register with another operation already assigned to main_altfp_add_32_0
  %60 = fadd float %52, -1.816... can share an output register with another operation already assigned to main_altfp_add_32_1
  %60 = fadd float %52, -1.816... can share an output register with another operation already assigned to main_altfp_add_32_2
                                                  main_altfp_add_32_0           main_altfp_add_32_1           main_altfp_add_32_2           
  %60 = fadd float %52, -1.816... (idx: 0)        20                            17                            19                            
Solving Bipartite Weighted Matching (minimize weights)...
Assignment matrix after operation/function unit matching:
                                                  main_altfp_add_32_0           main_altfp_add_32_1           main_altfp_add_32_2           
  %60 = fadd float %52, -1.816... (idx: 0)        0                             1                             0                             
Checking that every operator was assigned to a functional unit...yes
Binding operator -> functional unit assignments:
  %60 = fadd float %52, -1.816... (idx: 0) -> main_altfp_add_32_1 (mux inputs: 13)
State: LEGUP_F_main_BB__54
Binding functional unit type: altfp_extend_32
Weight matrix for operation/function unit matching:
                                                  main_altfp_extend_32_0        
  %56 = fpext float %52 to dou... (idx: 0)        10                            
Solving Bipartite Weighted Matching (minimize weights)...
Assignment matrix after operation/function unit matching:
                                                  main_altfp_extend_32_0        
  %56 = fpext float %52 to dou... (idx: 0)        1                             
Checking that every operator was assigned to a functional unit...yes
Binding operator -> functional unit assignments:
  %56 = fpext float %52 to dou... (idx: 0) -> main_altfp_extend_32_0 (mux inputs: 1)
State: LEGUP_F_main_BB__63
Binding functional unit type: altfp_subtract_32
Weight matrix for operation/function unit matching:
                                                  main_altfp_subtract_32_0      
  %64 = fsub float -0.000000e+... (idx: 0)        10                            
Solving Bipartite Weighted Matching (minimize weights)...
Assignment matrix after operation/function unit matching:
                                                  main_altfp_subtract_32_0      
  %64 = fsub float -0.000000e+... (idx: 0)        1                             
Checking that every operator was assigned to a functional unit...yes
Binding operator -> functional unit assignments:
  %64 = fsub float -0.000000e+... (idx: 0) -> main_altfp_subtract_32_0 (mux inputs: 1)
State: LEGUP_F_main_BB__79
Binding functional unit type: altfp_fptosi_32
Weight matrix for operation/function unit matching:
                                                  main_altfp_fptosi_32_0        
  %80 = fptosi float %52 to i3... (idx: 0)        10                            
Solving Bipartite Weighted Matching (minimize weights)...
Assignment matrix after operation/function unit matching:
                                                  main_altfp_fptosi_32_0        
  %80 = fptosi float %52 to i3... (idx: 0)        1                             
Checking that every operator was assigned to a functional unit...yes
Binding operator -> functional unit assignments:
  %80 = fptosi float %52 to i3... (idx: 0) -> main_altfp_fptosi_32_0 (mux inputs: 1)

