//----------------------------------------------------------------------------//
// Generated by LegUp High-Level Synthesis Tool Version 4.0 (http://legup.org)
// Compiled: Mon Jun  4 15:32:40 2018
// University of Toronto
// For research and academic purposes only. Commercial use is prohibited.
// Please send bugs to: legup@eecg.toronto.edu
// Date: Mon Jun 25 17:03:49 2018
//----------------------------------------------------------------------------//

-------------------------- Datapath Operation Usage --------------------------

Operation "unknown" x 51 
Operation "altfp_add_32" x 22 
Operation "altfp_extend_32" x 1 
Operation "altfp_fptosi_32" x 1 
Operation "altfp_sitofp_32" x 1 
Operation "altfp_subtract_32" x 1 
Operation "signed_add_32" x 8 
Operation "signed_comp_eq_32" x 1 
Operation "signed_comp_ole_32" x 1 
Operation "signed_comp_ult_32" x 1 

----------------------------- General Information -----------------------------

Number of declared variables in main: 87
Critical path contains operation: signed_comp_ole_32

------------------------------ Resource Estimate ------------------------------

Fmax: 567 MHz
Note: Assuming only 256 DSPs available
Warning: These estimates don't account for binding yet!
Logic Elements: 10847
    Combinational: 12806
    Registers: 2691
DSP Elements: 0
