//----------------------------------------------------------------------------//
// Generated by LegUp High-Level Synthesis Tool Version 4.0 (http://legup.org)
// Compiled: Mon Jun  4 15:32:40 2018
// University of Toronto
// For research and academic purposes only. Commercial use is prohibited.
// Please send bugs to: legup@eecg.toronto.edu
// Date: Mon Jun 25 17:03:49 2018
//----------------------------------------------------------------------------//

Target Family: StratixV
Clock period constraint: 5.000000e+00ns
Start Function: main
state: LEGUP_0
   br label %1
   Transition: if (start): LEGUP_loop_pipeline_wait_loop_1_1 default: LEGUP_0
state: LEGUP_loop_pipeline_wait_loop_1_1
   %sum.sroa.0.06 = phi i32 [ 0, %0 ], [ %53, %1 ], !legup.pipeline.start_time !2, !legup.pipeline.avail_time !2, !legup.pipeline.stage !3 (endState: LEGUP_loop_pipeline_wait_loop_1_1)
   %2 = phi i32 [ 0, %0 ], [ %11, %1 ], !legup.canonical_induction !4, !legup.pipeline.start_time !5, !legup.pipeline.avail_time !5, !legup.pipeline.stage !5 (endState: LEGUP_loop_pipeline_wait_loop_1_1)
   br i1 %exitcond1, label %54, label %1, !legup.pipelined !4, !legup.II !40, !legup.totalTime !41, !legup.maxStage !18, !legup.tripCount !42, !legup.label !43, !legup.pipeline.start_time !3, !legup.pipeline.avail_time !3, !legup.pipeline.stage !5
   Transition: if (loop_1_pipeline_finish): LEGUP_F_main_BB__54_2 default: LEGUP_loop_pipeline_wait_loop_1_1
state: LEGUP_F_main_BB__54_2
   %55 = tail call i32 (i8*, ...)* @printf(i8* getelementptr inbounds ([10 x i8]* @.str1, i32 0, i32 0), i32 %53) #2 (endState: LEGUP_F_main_BB__54_2)
   %56 = fpext float %52 to double (endState: LEGUP_F_main_BB__54_4)
   %60 = fadd float %52, -1.816000e+04 (endState: LEGUP_F_main_BB__54_15)
   Transition: default: LEGUP_F_main_BB__54_3
state: LEGUP_F_main_BB__54_3
   Transition: default: LEGUP_F_main_BB__54_4
state: LEGUP_F_main_BB__54_4
   %57 = tail call i32 (i8*, ...)* @printf(i8* getelementptr inbounds ([10 x i8]* @.str2, i32 0, i32 0), double %56) #2 (endState: LEGUP_F_main_BB__54_4)
   %58 = tail call i32 (i8*, ...)* @printf(i8* getelementptr inbounds ([19 x i8]* @.str3, i32 0, i32 0), i32 %53) #2 (endState: LEGUP_F_main_BB__54_4)
   %59 = tail call i32 (i8*, ...)* @printf(i8* getelementptr inbounds ([16 x i8]* @.str4, i32 0, i32 0), i32 1183703040) #2 (endState: LEGUP_F_main_BB__54_4)
   Transition: default: LEGUP_F_main_BB__54_5
state: LEGUP_F_main_BB__54_5
   Transition: default: LEGUP_F_main_BB__54_6
state: LEGUP_F_main_BB__54_6
   Transition: default: LEGUP_F_main_BB__54_7
state: LEGUP_F_main_BB__54_7
   Transition: default: LEGUP_F_main_BB__54_8
state: LEGUP_F_main_BB__54_8
   Transition: default: LEGUP_F_main_BB__54_9
state: LEGUP_F_main_BB__54_9
   Transition: default: LEGUP_F_main_BB__54_10
state: LEGUP_F_main_BB__54_10
   Transition: default: LEGUP_F_main_BB__54_11
state: LEGUP_F_main_BB__54_11
   Transition: default: LEGUP_F_main_BB__54_12
state: LEGUP_F_main_BB__54_12
   Transition: default: LEGUP_F_main_BB__54_13
state: LEGUP_F_main_BB__54_13
   Transition: default: LEGUP_F_main_BB__54_14
state: LEGUP_F_main_BB__54_14
   Transition: default: LEGUP_F_main_BB__54_15
state: LEGUP_F_main_BB__54_15
   %61 = bitcast float %60 to i32 (endState: LEGUP_F_main_BB__54_15)
   %62 = fcmp ult float %60, 0.000000e+00 (endState: LEGUP_F_main_BB__54_16)
   Transition: default: LEGUP_F_main_BB__54_16
state: LEGUP_F_main_BB__54_16
   br i1 %62, label %63, label %65
   Transition: if (%62): LEGUP_F_main_BB__63_17 default: LEGUP_F_main_BB__65_32
state: LEGUP_F_main_BB__63_17
   %64 = fsub float -0.000000e+00, %60 (endState: LEGUP_F_main_BB__63_31)
   Transition: default: LEGUP_F_main_BB__63_18
state: LEGUP_F_main_BB__63_18
   Transition: default: LEGUP_F_main_BB__63_19
state: LEGUP_F_main_BB__63_19
   Transition: default: LEGUP_F_main_BB__63_20
state: LEGUP_F_main_BB__63_20
   Transition: default: LEGUP_F_main_BB__63_21
state: LEGUP_F_main_BB__63_21
   Transition: default: LEGUP_F_main_BB__63_22
state: LEGUP_F_main_BB__63_22
   Transition: default: LEGUP_F_main_BB__63_23
state: LEGUP_F_main_BB__63_23
   Transition: default: LEGUP_F_main_BB__63_24
state: LEGUP_F_main_BB__63_24
   Transition: default: LEGUP_F_main_BB__63_25
state: LEGUP_F_main_BB__63_25
   Transition: default: LEGUP_F_main_BB__63_26
state: LEGUP_F_main_BB__63_26
   Transition: default: LEGUP_F_main_BB__63_27
state: LEGUP_F_main_BB__63_27
   Transition: default: LEGUP_F_main_BB__63_28
state: LEGUP_F_main_BB__63_28
   Transition: default: LEGUP_F_main_BB__63_29
state: LEGUP_F_main_BB__63_29
   Transition: default: LEGUP_F_main_BB__63_30
state: LEGUP_F_main_BB__63_30
   Transition: default: LEGUP_F_main_BB__63_31
state: LEGUP_F_main_BB__63_31
   br label %65
   Transition: default: LEGUP_F_main_BB__65_32
state: LEGUP_F_main_BB__65_32
   %66 = phi float [ %64, %63 ], [ %60, %54 ] (endState: LEGUP_F_main_BB__65_32)
   %67 = bitcast float %66 to i32 (endState: LEGUP_F_main_BB__65_32)
   %68 = tail call i32 (i8*, ...)* @printf(i8* getelementptr inbounds ([11 x i8]* @.str5, i32 0, i32 0), i32 %61) #2 (endState: LEGUP_F_main_BB__65_32)
   %69 = tail call i32 (i8*, ...)* @printf(i8* getelementptr inbounds ([12 x i8]* @.str6, i32 0, i32 0), i32 %67) #2 (endState: LEGUP_F_main_BB__65_32)
   %70 = tail call i32 (i8*, ...)* @printf(i8* getelementptr inbounds ([11 x i8]* @.str7, i32 0, i32 0), i32 897988541) #2 (endState: LEGUP_F_main_BB__65_32)
   %71 = fcmp ole float %66, 0x3EB0C6F7A0000000 (endState: LEGUP_F_main_BB__65_33)
   Transition: default: LEGUP_F_main_BB__65_33
state: LEGUP_F_main_BB__65_33
   %72 = zext i1 %71 to i32 (endState: LEGUP_F_main_BB__65_33)
   %73 = tail call i32 (i8*, ...)* @printf(i8* getelementptr inbounds ([13 x i8]* @.str8, i32 0, i32 0), i32 %72) #2 (endState: LEGUP_F_main_BB__65_33)
   br i1 %71, label %74, label %76
   Transition: if (%71): LEGUP_F_main_BB__74_34 default: LEGUP_F_main_BB__76_35
state: LEGUP_F_main_BB__74_34
   %75 = tail call i32 (i8*, ...)* @printf(i8* getelementptr inbounds ([8 x i8]* @.str9, i32 0, i32 0)) #2 (endState: LEGUP_F_main_BB__74_34)
   br label %79
   Transition: default: LEGUP_F_main_BB__79_36
state: LEGUP_F_main_BB__76_35
   %77 = tail call i32 (i8*, ...)* @printf(i8* getelementptr inbounds ([13 x i8]* @.str10, i32 0, i32 0), double %56) #2 (endState: LEGUP_F_main_BB__76_35)
   %78 = tail call i32 (i8*, ...)* @printf(i8* getelementptr inbounds ([8 x i8]* @.str11, i32 0, i32 0)) #2 (endState: LEGUP_F_main_BB__76_35)
   br label %79
   Transition: default: LEGUP_F_main_BB__79_36
state: LEGUP_F_main_BB__79_36
   %80 = fptosi float %52 to i32 (endState: LEGUP_F_main_BB__79_42)
   Transition: default: LEGUP_F_main_BB__79_37
state: LEGUP_F_main_BB__79_37
   Transition: default: LEGUP_F_main_BB__79_38
state: LEGUP_F_main_BB__79_38
   Transition: default: LEGUP_F_main_BB__79_39
state: LEGUP_F_main_BB__79_39
   Transition: default: LEGUP_F_main_BB__79_40
state: LEGUP_F_main_BB__79_40
   Transition: default: LEGUP_F_main_BB__79_41
state: LEGUP_F_main_BB__79_41
   Transition: default: LEGUP_F_main_BB__79_42
state: LEGUP_F_main_BB__79_42
   ret i32 %80
   Transition: default: LEGUP_0

Basic Block: %0 Num States: 1
Basic Block: %1 Num States: 1
Basic Block: %54 Num States: 15
Basic Block: %63 Num States: 15
Basic Block: %65 Num States: 2
Basic Block: %74 Num States: 1
Basic Block: %76 Num States: 1
Basic Block: %79 Num States: 7
End Function: main
--------------------------------------------------------------------------------

