//----------------------------------------------------------------------------//
// Generated by LegUp High-Level Synthesis Tool Version 4.0 (http://legup.org)
// Compiled: Mon Jun  4 15:32:40 2018
// University of Toronto
// For research and academic purposes only. Commercial use is prohibited.
// Please send bugs to: legup@eecg.toronto.edu
// Date: Mon Jun 25 17:03:49 2018
//----------------------------------------------------------------------------//

-----------------Function: main---------------
-------------------------1---------------------------
-----------------Delay of path:1.76 ns---------------
-----------------State:LEGUP_F_main_BB__65_32-----------------
(0.00 ns) --- (0.00 ns) ---   %66 = phi float [ %64, %63 ], [ %60, %54 ]
(1.76 ns) --- (1.76 ns) ---   %71 = fcmp ole float %66, 0x3EB0C6F7A0000000

-----------------Function: main---------------
-------------------------2---------------------------
-----------------Delay of path:1.67 ns---------------
-----------------State:LEGUP_F_main_BB__54_15-----------------
(1.67 ns) --- (1.67 ns) ---   %62 = fcmp ult float %60, 0.000000e+00

-----------------Function: main---------------
-------------------------3---------------------------
-----------------Delay of path:1.62 ns---------------
-----------------State:LEGUP_F_main_BB__54_2-----------------
(1.62 ns) --- (1.62 ns) ---   %60 = fadd float %52, -1.816000e+04

-----------------Function: main---------------
-------------------------4---------------------------
-----------------Delay of path:1.57 ns---------------
-----------------State:LEGUP_F_main_BB__63_17-----------------
(1.57 ns) --- (1.57 ns) ---   %64 = fsub float -0.000000e+00, %60

-----------------Function: main---------------
-------------------------5---------------------------
-----------------Delay of path:1.46 ns---------------
-----------------State:LEGUP_F_main_BB__79_36-----------------
(1.46 ns) --- (1.46 ns) ---   %80 = fptosi float %52 to i32

-----------------Function: main---------------
-------------------------6---------------------------
-----------------Delay of path:0.71 ns---------------
-----------------State:LEGUP_F_main_BB__54_2-----------------
(0.71 ns) --- (0.71 ns) ---   %56 = fpext float %52 to double

-----------------Function: main---------------
-------------------------7---------------------------
-----------------Delay of path:0.00 ns---------------
-----------------State:LEGUP_F_main_BB__54_2-----------------
(0.00 ns) --- (0.00 ns) ---   %55 = tail call i32 (i8*, ...)* @printf(i8* getelementptr inbounds ([10 x i8]* @.str1, i32 0, i32 0), i32 %53) #2

-----------------Function: main---------------
-------------------------8---------------------------
-----------------Delay of path:0.00 ns---------------
-----------------State:LEGUP_F_main_BB__54_4-----------------
(0.00 ns) --- (0.00 ns) ---   %57 = tail call i32 (i8*, ...)* @printf(i8* getelementptr inbounds ([10 x i8]* @.str2, i32 0, i32 0), double %56) #2

-----------------Function: main---------------
-------------------------9---------------------------
-----------------Delay of path:0.00 ns---------------
-----------------State:LEGUP_F_main_BB__54_4-----------------
(0.00 ns) --- (0.00 ns) ---   %58 = tail call i32 (i8*, ...)* @printf(i8* getelementptr inbounds ([19 x i8]* @.str3, i32 0, i32 0), i32 %53) #2

-----------------Function: main---------------
-------------------------10---------------------------
-----------------Delay of path:0.00 ns---------------
-----------------State:LEGUP_F_main_BB__54_4-----------------
(0.00 ns) --- (0.00 ns) ---   %59 = tail call i32 (i8*, ...)* @printf(i8* getelementptr inbounds ([16 x i8]* @.str4, i32 0, i32 0), i32 1183703040) #2


