//----------------------------------------------------------------------------//
// Generated by LegUp High-Level Synthesis Tool Version 4.0 (http://legup.org)
// Compiled: Mon Jun  4 15:32:40 2018
// University of Toronto
// For research and academic purposes only. Commercial use is prohibited.
// Please send bugs to: legup@eecg.toronto.edu
// Date: Wed Jan  2 17:36:43 2019
//----------------------------------------------------------------------------//

allocateRAM: @a
Constant: 0
allocateRAM: @b
Constant: 0
allocateRAM: @c
Constant: 0
allocateRAM: @d
Constant: 0
allocateRAM: @e
Constant: 0
allocateRAM: @f
Constant: 0
allocateRAM: @a2
Constant: 0
allocateRAM: @b2
Constant: 0
allocateRAM: @c2
Constant: 0
allocateRAM: @d2
Constant: 0
allocateRAM: @e2
Constant: 0
allocateRAM: @f2
Constant: 0
allocateRAM: @r1
Constant: 0
allocateRAM: @r2
Constant: 0
allocateRAM: @r3
Constant: 0
allocateRAM: @r4
Constant: 0
allocateRAM: @r5
Constant: 0
allocateRAM: @r6
Constant: 0
allocating global ram: @a
allocating global ram: @b
allocating global ram: @c
allocating global ram: @d
allocating global ram: @e
allocating global ram: @f
allocating global ram: @a2
allocating global ram: @b2
allocating global ram: @c2
allocating global ram: @d2
allocating global ram: @e2
allocating global ram: @f2
allocating global ram: @r1
allocating global ram: @r2
allocating global ram: @r3
allocating global ram: @r4
allocating global ram: @r5
allocating global ram: @r6
