//----------------------------------------------------------------------------//
// Generated by LegUp High-Level Synthesis Tool Version 4.0 (http://legup.org)
// Compiled: Mon Jun  4 15:32:40 2018
// University of Toronto
// For research and academic purposes only. Commercial use is prohibited.
// Please send bugs to: legup@eecg.toronto.edu
// Date: Wed Jun  6 16:57:06 2018
//----------------------------------------------------------------------------//

-----------------Function: main---------------
-------------------------1---------------------------
-----------------Delay of path:1.03 ns---------------
-----------------State:LEGUP_F_main_BB__188_4-----------------
(1.03 ns) --- (1.03 ns) ---   %191 = icmp eq i32 %189, 87301
(0.00 ns) --- (1.03 ns) ---   br i1 %191, label %192, label %194

-----------------Function: main---------------
-------------------------2---------------------------
-----------------Delay of path:0.00 ns---------------
-----------------State:LEGUP_F_main_BB__196_7-----------------
(0.00 ns) --- (0.00 ns) ---   ret i32 %189

-----------------Function: main---------------
-------------------------3---------------------------
-----------------Delay of path:0.00 ns---------------
-----------------State:LEGUP_F_main_BB__194_6-----------------
(0.00 ns) --- (0.00 ns) ---   br label %196

-----------------Function: main---------------
-------------------------4---------------------------
-----------------Delay of path:0.00 ns---------------
-----------------State:LEGUP_F_main_BB__194_6-----------------
(0.00 ns) --- (0.00 ns) ---   %195 = tail call i32 (i8*, ...)* @printf(i8* getelementptr inbounds ([8 x i8]* @.str3, i32 0, i32 0)) #2

-----------------Function: main---------------
-------------------------5---------------------------
-----------------Delay of path:0.00 ns---------------
-----------------State:LEGUP_F_main_BB__192_5-----------------
(0.00 ns) --- (0.00 ns) ---   br label %196

-----------------Function: main---------------
-------------------------6---------------------------
-----------------Delay of path:0.00 ns---------------
-----------------State:LEGUP_F_main_BB__192_5-----------------
(0.00 ns) --- (0.00 ns) ---   %193 = tail call i32 (i8*, ...)* @printf(i8* getelementptr inbounds ([8 x i8]* @.str2, i32 0, i32 0)) #2

-----------------Function: main---------------
-------------------------7---------------------------
-----------------Delay of path:0.00 ns---------------
-----------------State:LEGUP_F_main_BB__188_4-----------------
(0.00 ns) --- (0.00 ns) ---   %190 = tail call i32 (i8*, ...)* @printf(i8* getelementptr inbounds ([10 x i8]* @.str1, i32 0, i32 0), i32 %189) #2

-----------------Function: main---------------
-------------------------8---------------------------
-----------------Delay of path:0.00 ns---------------
-----------------State:LEGUP_F_main_BB__188_2-----------------
(0.00 ns) --- (0.00 ns) ---   %189 = load volatile i32* getelementptr inbounds ([100 x i32]* @dd, i32 0, i32 90), align 4, !tbaa !5


