//----------------------------------------------------------------------------//
// Generated by LegUp High-Level Synthesis Tool Version 4.0 (http://legup.org)
// Compiled: Tue Feb 14 19:47:56 2017
// University of Toronto
// For research and academic purposes only. Commercial use is prohibited.
// Please send bugs to: legup@eecg.toronto.edu
// Date: Wed May 17 19:18:37 2017
//----------------------------------------------------------------------------//

--------------------------------------------------------------------------------
Function: main
--------------------------------------------------------------------------------
Function unit type:           Number Required               
altfp_add_32                  1                             
altfp_add_64                  1                             
altfp_extend_32               1                             
altfp_fptosi_32               1                             
altfp_multiply_32             1                             
altfp_multiply_64             1                             
altfp_subtract_32             1                             
altfp_subtract_64             1                             
altfp_truncate_64             1                             
main_0_u1_local_mem_dual_port 2                             
main_0_u2_local_mem_dual_port 2                             
main_0_u3_local_mem_dual_port 2                             

Running Bipartite Weighted Matching on function: main
State: LEGUP_F_main_BB_preheader
Binding functional unit type: main_0_u1_local_mem_dual_port
Weight matrix for operation/function unit matching:
                                                  main_main_0_u1_local_mem_dual_port_0main_main_0_u1_local_mem_dual_port_1
  %.pre = load float* %.phi.tr... (idx: 0)        10                            10                            
  %.pre2 = load float* %.phi.t... (idx: 1)        10                            10                            
Solving Bipartite Weighted Matching (minimize weights)...
Assignment matrix after operation/function unit matching:
                                                  main_main_0_u1_local_mem_dual_port_0main_main_0_u1_local_mem_dual_port_1
  %.pre = load float* %.phi.tr... (idx: 0)        1                             0                             
  %.pre2 = load float* %.phi.t... (idx: 1)        0                             1                             
Checking that every operator was assigned to a functional unit...yes
Binding operator -> functional unit assignments:
  %.pre = load float* %.phi.tr... (idx: 0) -> main_main_0_u1_local_mem_dual_port_0 (mux inputs: 1)
  %.pre2 = load float* %.phi.t... (idx: 1) -> main_main_0_u1_local_mem_dual_port_1 (mux inputs: 1)
State: LEGUP_F_main_BB_preheader
Binding functional unit type: main_0_u2_local_mem_dual_port
Weight matrix for operation/function unit matching:
                                                  main_main_0_u2_local_mem_dual_port_0main_main_0_u2_local_mem_dual_port_1
  %.pre9 = load float* %.phi.t... (idx: 0)        10                            10                            
  %.pre13 = load float* %.phi.... (idx: 1)        10                            10                            
Solving Bipartite Weighted Matching (minimize weights)...
Assignment matrix after operation/function unit matching:
                                                  main_main_0_u2_local_mem_dual_port_0main_main_0_u2_local_mem_dual_port_1
  %.pre9 = load float* %.phi.t... (idx: 0)        1                             0                             
  %.pre13 = load float* %.phi.... (idx: 1)        0                             1                             
Checking that every operator was assigned to a functional unit...yes
Binding operator -> functional unit assignments:
  %.pre9 = load float* %.phi.t... (idx: 0) -> main_main_0_u2_local_mem_dual_port_0 (mux inputs: 1)
  %.pre13 = load float* %.phi.... (idx: 1) -> main_main_0_u2_local_mem_dual_port_1 (mux inputs: 1)
State: LEGUP_F_main_BB_preheader
Binding functional unit type: main_0_u3_local_mem_dual_port
Weight matrix for operation/function unit matching:
                                                  main_main_0_u3_local_mem_dual_port_0main_main_0_u3_local_mem_dual_port_1
  %.pre11 = load float* %.phi.... (idx: 0)        10                            10                            
  %.pre15 = load float* %.phi.... (idx: 1)        10                            10                            
Solving Bipartite Weighted Matching (minimize weights)...
Assignment matrix after operation/function unit matching:
                                                  main_main_0_u3_local_mem_dual_port_0main_main_0_u3_local_mem_dual_port_1
  %.pre11 = load float* %.phi.... (idx: 0)        1                             0                             
  %.pre15 = load float* %.phi.... (idx: 1)        0                             1                             
Checking that every operator was assigned to a functional unit...yes
Binding operator -> functional unit assignments:
  %.pre11 = load float* %.phi.... (idx: 0) -> main_main_0_u3_local_mem_dual_port_0 (mux inputs: 1)
  %.pre15 = load float* %.phi.... (idx: 1) -> main_main_0_u3_local_mem_dual_port_1 (mux inputs: 1)
State: pipeline_time_0
Binding functional unit type: altfp_add_64
Weight matrix for operation/function unit matching:
                                                  main_altfp_add_64_0           
  %33 = fadd double %23, %32, ... (idx: 0)        20                            
Solving Bipartite Weighted Matching (minimize weights)...
Assignment matrix after operation/function unit matching:
                                                  main_altfp_add_64_0           
  %33 = fadd double %23, %32, ... (idx: 0)        1                             
Checking that every operator was assigned to a functional unit...yes
Binding operator -> functional unit assignments:
  %33 = fadd double %23, %32, ... (idx: 0) -> main_altfp_add_64_0 (mux inputs: 2)
State: pipeline_time_0
Binding functional unit type: altfp_extend_32
Weight matrix for operation/function unit matching:
                                                  main_altfp_extend_32_0        
  %26 = fpext float %3 to doub... (idx: 0)        10                            
Solving Bipartite Weighted Matching (minimize weights)...
Assignment matrix after operation/function unit matching:
                                                  main_altfp_extend_32_0        
  %26 = fpext float %3 to doub... (idx: 0)        1                             
Checking that every operator was assigned to a functional unit...yes
Binding operator -> functional unit assignments:
  %26 = fpext float %3 to doub... (idx: 0) -> main_altfp_extend_32_0 (mux inputs: 1)
State: pipeline_time_1
Binding functional unit type: altfp_add_64
Weight matrix for operation/function unit matching:
                                                  main_altfp_add_64_0           
  %63 = fadd double %53, %62, ... (idx: 0)        22                            
Solving Bipartite Weighted Matching (minimize weights)...
Assignment matrix after operation/function unit matching:
                                                  main_altfp_add_64_0           
  %63 = fadd double %53, %62, ... (idx: 0)        1                             
Checking that every operator was assigned to a functional unit...yes
Binding operator -> functional unit assignments:
  %63 = fadd double %53, %62, ... (idx: 0) -> main_altfp_add_64_0 (mux inputs: 4)
State: pipeline_time_1
Binding functional unit type: altfp_extend_32
Weight matrix for operation/function unit matching:
                                                  main_altfp_extend_32_0        
  %41 = fpext float %5 to doub... (idx: 0)        11                            
Solving Bipartite Weighted Matching (minimize weights)...
Assignment matrix after operation/function unit matching:
                                                  main_altfp_extend_32_0        
  %41 = fpext float %5 to doub... (idx: 0)        1                             
Checking that every operator was assigned to a functional unit...yes
Binding operator -> functional unit assignments:
  %41 = fpext float %5 to doub... (idx: 0) -> main_altfp_extend_32_0 (mux inputs: 2)
State: pipeline_time_1
Binding functional unit type: altfp_subtract_64
Weight matrix for operation/function unit matching:
                                                  main_altfp_subtract_64_0      
  %28 = fsub double %25, %27, ... (idx: 0)        20                            
Solving Bipartite Weighted Matching (minimize weights)...
Assignment matrix after operation/function unit matching:
                                                  main_altfp_subtract_64_0      
  %28 = fsub double %25, %27, ... (idx: 0)        1                             
Checking that every operator was assigned to a functional unit...yes
Binding operator -> functional unit assignments:
  %28 = fsub double %25, %27, ... (idx: 0) -> main_altfp_subtract_64_0 (mux inputs: 2)
State: pipeline_time_1
Binding functional unit type: altfp_truncate_64
Weight matrix for operation/function unit matching:
                                                  main_altfp_truncate_64_0      
  %49 = fptrunc double %48 to ... (idx: 0)        10                            
Solving Bipartite Weighted Matching (minimize weights)...
Assignment matrix after operation/function unit matching:
                                                  main_altfp_truncate_64_0      
  %49 = fptrunc double %48 to ... (idx: 0)        1                             
Checking that every operator was assigned to a functional unit...yes
Binding operator -> functional unit assignments:
  %49 = fptrunc double %48 to ... (idx: 0) -> main_altfp_truncate_64_0 (mux inputs: 1)
State: pipeline_time_1
Binding functional unit type: main_0_u1_local_mem_dual_port
Weight matrix for operation/function unit matching:
  %24 = load float* %scevgep11... can share an output register with another operation already assigned to main_main_0_u1_local_mem_dual_port_0
  %24 = load float* %scevgep11... can share an output register with another operation already assigned to main_main_0_u1_local_mem_dual_port_1
                                                  main_main_0_u1_local_mem_dual_port_0main_main_0_u1_local_mem_dual_port_1
  %11 = load float* %scevgep14... (idx: 0)        11                            11                            
  %24 = load float* %scevgep11... (idx: 1)        6                             6                             
Solving Bipartite Weighted Matching (minimize weights)...
Assignment matrix after operation/function unit matching:
                                                  main_main_0_u1_local_mem_dual_port_0main_main_0_u1_local_mem_dual_port_1
  %11 = load float* %scevgep14... (idx: 0)        1                             0                             
  %24 = load float* %scevgep11... (idx: 1)        0                             1                             
Checking that every operator was assigned to a functional unit...yes
Binding operator -> functional unit assignments:
  %11 = load float* %scevgep14... (idx: 0) -> main_main_0_u1_local_mem_dual_port_0 (mux inputs: 2)
  %24 = load float* %scevgep11... (idx: 1) -> main_main_0_u1_local_mem_dual_port_1 (mux inputs: 2)
State: pipeline_time_1
Binding functional unit type: main_0_u2_local_mem_dual_port
Weight matrix for operation/function unit matching:
  %39 = load float* %scevgep8,... can share an output register with another operation already assigned to main_main_0_u2_local_mem_dual_port_0
  %39 = load float* %scevgep8,... can share an output register with another operation already assigned to main_main_0_u2_local_mem_dual_port_1
                                                  main_main_0_u2_local_mem_dual_port_0main_main_0_u2_local_mem_dual_port_1
  %13 = load float* %scevgep13... (idx: 0)        11                            11                            
  %39 = load float* %scevgep8,... (idx: 1)        6                             6                             
Solving Bipartite Weighted Matching (minimize weights)...
Assignment matrix after operation/function unit matching:
                                                  main_main_0_u2_local_mem_dual_port_0main_main_0_u2_local_mem_dual_port_1
  %13 = load float* %scevgep13... (idx: 0)        1                             0                             
  %39 = load float* %scevgep8,... (idx: 1)        0                             1                             
Checking that every operator was assigned to a functional unit...yes
Binding operator -> functional unit assignments:
  %13 = load float* %scevgep13... (idx: 0) -> main_main_0_u2_local_mem_dual_port_0 (mux inputs: 2)
  %39 = load float* %scevgep8,... (idx: 1) -> main_main_0_u2_local_mem_dual_port_1 (mux inputs: 2)
State: pipeline_time_1
Binding functional unit type: main_0_u3_local_mem_dual_port
Weight matrix for operation/function unit matching:
  %54 = load float* %scevgep5,... can share an output register with another operation already assigned to main_main_0_u3_local_mem_dual_port_0
  %54 = load float* %scevgep5,... can share an output register with another operation already assigned to main_main_0_u3_local_mem_dual_port_1
                                                  main_main_0_u3_local_mem_dual_port_0main_main_0_u3_local_mem_dual_port_1
  %15 = load float* %scevgep12... (idx: 0)        11                            11                            
  %54 = load float* %scevgep5,... (idx: 1)        6                             6                             
Solving Bipartite Weighted Matching (minimize weights)...
Assignment matrix after operation/function unit matching:
                                                  main_main_0_u3_local_mem_dual_port_0main_main_0_u3_local_mem_dual_port_1
  %15 = load float* %scevgep12... (idx: 0)        1                             0                             
  %54 = load float* %scevgep5,... (idx: 1)        0                             1                             
Checking that every operator was assigned to a functional unit...yes
Binding operator -> functional unit assignments:
  %15 = load float* %scevgep12... (idx: 0) -> main_main_0_u3_local_mem_dual_port_0 (mux inputs: 2)
  %54 = load float* %scevgep5,... (idx: 1) -> main_main_0_u3_local_mem_dual_port_1 (mux inputs: 2)
State: pipeline_time_2
Binding functional unit type: altfp_extend_32
Weight matrix for operation/function unit matching:
                                                  main_altfp_extend_32_0        
  %56 = fpext float %4 to doub... (idx: 0)        12                            
Solving Bipartite Weighted Matching (minimize weights)...
Assignment matrix after operation/function unit matching:
                                                  main_altfp_extend_32_0        
  %56 = fpext float %4 to doub... (idx: 0)        1                             
Checking that every operator was assigned to a functional unit...yes
Binding operator -> functional unit assignments:
  %56 = fpext float %4 to doub... (idx: 0) -> main_altfp_extend_32_0 (mux inputs: 3)
State: pipeline_time_2
Binding functional unit type: altfp_multiply_64
Weight matrix for operation/function unit matching:
                                                  main_altfp_multiply_64_0      
  %27 = fmul double %26, 2.000... (idx: 0)        10                            
Solving Bipartite Weighted Matching (minimize weights)...
Assignment matrix after operation/function unit matching:
                                                  main_altfp_multiply_64_0      
  %27 = fmul double %26, 2.000... (idx: 0)        1                             
Checking that every operator was assigned to a functional unit...yes
Binding operator -> functional unit assignments:
  %27 = fmul double %26, 2.000... (idx: 0) -> main_altfp_multiply_64_0 (mux inputs: 1)
State: pipeline_time_2
Binding functional unit type: altfp_subtract_32
Weight matrix for operation/function unit matching:
                                                  main_altfp_subtract_32_0      
  %12 = fsub float %11, %8, !l... (idx: 0)        20                            
Solving Bipartite Weighted Matching (minimize weights)...
Assignment matrix after operation/function unit matching:
                                                  main_altfp_subtract_32_0      
  %12 = fsub float %11, %8, !l... (idx: 0)        1                             
Checking that every operator was assigned to a functional unit...yes
Binding operator -> functional unit assignments:
  %12 = fsub float %11, %8, !l... (idx: 0) -> main_altfp_subtract_32_0 (mux inputs: 2)
State: pipeline_time_2
Binding functional unit type: altfp_subtract_64
Weight matrix for operation/function unit matching:
                                                  main_altfp_subtract_64_0      
  %43 = fsub double %40, %42, ... (idx: 0)        22                            
Solving Bipartite Weighted Matching (minimize weights)...
Assignment matrix after operation/function unit matching:
                                                  main_altfp_subtract_64_0      
  %43 = fsub double %40, %42, ... (idx: 0)        1                             
Checking that every operator was assigned to a functional unit...yes
Binding operator -> functional unit assignments:
  %43 = fsub double %40, %42, ... (idx: 0) -> main_altfp_subtract_64_0 (mux inputs: 4)
State: pipeline_time_2
Binding functional unit type: altfp_truncate_64
Weight matrix for operation/function unit matching:
                                                  main_altfp_truncate_64_0      
  %34 = fptrunc double %33 to ... (idx: 0)        11                            
Solving Bipartite Weighted Matching (minimize weights)...
Assignment matrix after operation/function unit matching:
                                                  main_altfp_truncate_64_0      
  %34 = fptrunc double %33 to ... (idx: 0)        1                             
Checking that every operator was assigned to a functional unit...yes
Binding operator -> functional unit assignments:
  %34 = fptrunc double %33 to ... (idx: 0) -> main_altfp_truncate_64_0 (mux inputs: 2)
State: pipeline_time_2
Binding functional unit type: main_0_u1_local_mem_dual_port
Weight matrix for operation/function unit matching:
  %29 = load float* %scevgep10... can share an output register with another operation already assigned to main_main_0_u1_local_mem_dual_port_0
  %29 = load float* %scevgep10... can share an output register with another operation already assigned to main_main_0_u1_local_mem_dual_port_1
                                                  main_main_0_u1_local_mem_dual_port_0main_main_0_u1_local_mem_dual_port_1
  %29 = load float* %scevgep10... (idx: 0)        7                             7                             
Solving Bipartite Weighted Matching (minimize weights)...
Assignment matrix after operation/function unit matching:
                                                  main_main_0_u1_local_mem_dual_port_0main_main_0_u1_local_mem_dual_port_1
  %29 = load float* %scevgep10... (idx: 0)        1                             0                             
Checking that every operator was assigned to a functional unit...yes
Binding operator -> functional unit assignments:
  %29 = load float* %scevgep10... (idx: 0) -> main_main_0_u1_local_mem_dual_port_0 (mux inputs: 3)
State: pipeline_time_2
Binding functional unit type: main_0_u2_local_mem_dual_port
Weight matrix for operation/function unit matching:
  %44 = load float* %scevgep7,... can share an output register with another operation already assigned to main_main_0_u2_local_mem_dual_port_0
  %44 = load float* %scevgep7,... can share an output register with another operation already assigned to main_main_0_u2_local_mem_dual_port_1
                                                  main_main_0_u2_local_mem_dual_port_0main_main_0_u2_local_mem_dual_port_1
  %44 = load float* %scevgep7,... (idx: 0)        7                             7                             
Solving Bipartite Weighted Matching (minimize weights)...
Assignment matrix after operation/function unit matching:
                                                  main_main_0_u2_local_mem_dual_port_0main_main_0_u2_local_mem_dual_port_1
  %44 = load float* %scevgep7,... (idx: 0)        1                             0                             
Checking that every operator was assigned to a functional unit...yes
Binding operator -> functional unit assignments:
  %44 = load float* %scevgep7,... (idx: 0) -> main_main_0_u2_local_mem_dual_port_0 (mux inputs: 3)
State: pipeline_time_2
Binding functional unit type: main_0_u3_local_mem_dual_port
Weight matrix for operation/function unit matching:
  %59 = load float* %scevgep4,... can share an output register with another operation already assigned to main_main_0_u3_local_mem_dual_port_0
  %59 = load float* %scevgep4,... can share an output register with another operation already assigned to main_main_0_u3_local_mem_dual_port_1
                                                  main_main_0_u3_local_mem_dual_port_0main_main_0_u3_local_mem_dual_port_1
  %59 = load float* %scevgep4,... (idx: 0)        7                             7                             
Solving Bipartite Weighted Matching (minimize weights)...
Assignment matrix after operation/function unit matching:
                                                  main_main_0_u3_local_mem_dual_port_0main_main_0_u3_local_mem_dual_port_1
  %59 = load float* %scevgep4,... (idx: 0)        1                             0                             
Checking that every operator was assigned to a functional unit...yes
Binding operator -> functional unit assignments:
  %59 = load float* %scevgep4,... (idx: 0) -> main_main_0_u3_local_mem_dual_port_0 (mux inputs: 3)
State: pipeline_time_3
Binding functional unit type: altfp_add_32
Weight matrix for operation/function unit matching:
                                                  main_altfp_add_32_0           
  %18 = fadd float %3, %17, !l... (idx: 0)        20                            
Solving Bipartite Weighted Matching (minimize weights)...
Assignment matrix after operation/function unit matching:
                                                  main_altfp_add_32_0           
  %18 = fadd float %3, %17, !l... (idx: 0)        1                             
Checking that every operator was assigned to a functional unit...yes
Binding operator -> functional unit assignments:
  %18 = fadd float %3, %17, !l... (idx: 0) -> main_altfp_add_32_0 (mux inputs: 2)
State: pipeline_time_3
Binding functional unit type: altfp_add_64
Weight matrix for operation/function unit matching:
  %31 = fadd double %28, %30, ... can share an output register with another operation already assigned to main_altfp_add_64_0
                                                  main_altfp_add_64_0           
  %31 = fadd double %28, %30, ... (idx: 0)        19                            
Solving Bipartite Weighted Matching (minimize weights)...
Assignment matrix after operation/function unit matching:
                                                  main_altfp_add_64_0           
  %31 = fadd double %28, %30, ... (idx: 0)        1                             
Checking that every operator was assigned to a functional unit...yes
Binding operator -> functional unit assignments:
  %31 = fadd double %28, %30, ... (idx: 0) -> main_altfp_add_64_0 (mux inputs: 6)
State: pipeline_time_3
Binding functional unit type: altfp_extend_32
Weight matrix for operation/function unit matching:
  %30 = fpext float %29 to dou... can share an output register with another operation already assigned to main_altfp_extend_32_0
                                                  main_altfp_extend_32_0        
  %30 = fpext float %29 to dou... (idx: 0)        8                             
Solving Bipartite Weighted Matching (minimize weights)...
Assignment matrix after operation/function unit matching:
                                                  main_altfp_extend_32_0        
  %30 = fpext float %29 to dou... (idx: 0)        1                             
Checking that every operator was assigned to a functional unit...yes
Binding operator -> functional unit assignments:
  %30 = fpext float %29 to dou... (idx: 0) -> main_altfp_extend_32_0 (mux inputs: 4)
State: pipeline_time_3
Binding functional unit type: altfp_multiply_64
Weight matrix for operation/function unit matching:
                                                  main_altfp_multiply_64_0      
  %42 = fmul double %41, 2.000... (idx: 0)        11                            
Solving Bipartite Weighted Matching (minimize weights)...
Assignment matrix after operation/function unit matching:
                                                  main_altfp_multiply_64_0      
  %42 = fmul double %41, 2.000... (idx: 0)        1                             
Checking that every operator was assigned to a functional unit...yes
Binding operator -> functional unit assignments:
  %42 = fmul double %41, 2.000... (idx: 0) -> main_altfp_multiply_64_0 (mux inputs: 2)
State: pipeline_time_3
Binding functional unit type: altfp_subtract_32
Weight matrix for operation/function unit matching:
                                                  main_altfp_subtract_32_0      
  %14 = fsub float %13, %7, !l... (idx: 0)        22                            
Solving Bipartite Weighted Matching (minimize weights)...
Assignment matrix after operation/function unit matching:
                                                  main_altfp_subtract_32_0      
  %14 = fsub float %13, %7, !l... (idx: 0)        1                             
Checking that every operator was assigned to a functional unit...yes
Binding operator -> functional unit assignments:
  %14 = fsub float %13, %7, !l... (idx: 0) -> main_altfp_subtract_32_0 (mux inputs: 4)
State: pipeline_time_3
Binding functional unit type: altfp_subtract_64
Weight matrix for operation/function unit matching:
                                                  main_altfp_subtract_64_0      
  %58 = fsub double %55, %57, ... (idx: 0)        24                            
Solving Bipartite Weighted Matching (minimize weights)...
Assignment matrix after operation/function unit matching:
                                                  main_altfp_subtract_64_0      
  %58 = fsub double %55, %57, ... (idx: 0)        1                             
Checking that every operator was assigned to a functional unit...yes
Binding operator -> functional unit assignments:
  %58 = fsub double %55, %57, ... (idx: 0) -> main_altfp_subtract_64_0 (mux inputs: 6)
State: pipeline_time_3
Binding functional unit type: altfp_truncate_64
Weight matrix for operation/function unit matching:
                                                  main_altfp_truncate_64_0      
  %64 = fptrunc double %63 to ... (idx: 0)        12                            
Solving Bipartite Weighted Matching (minimize weights)...
Assignment matrix after operation/function unit matching:
                                                  main_altfp_truncate_64_0      
  %64 = fptrunc double %63 to ... (idx: 0)        1                             
Checking that every operator was assigned to a functional unit...yes
Binding operator -> functional unit assignments:
  %64 = fptrunc double %63 to ... (idx: 0) -> main_altfp_truncate_64_0 (mux inputs: 3)
State: pipeline_time_4
Binding functional unit type: altfp_add_32
Weight matrix for operation/function unit matching:
  %35 = fadd float %5, %17, !l... can share an input with another operation already assigned to main_altfp_add_32_0
                                                  main_altfp_add_32_0           
  %35 = fadd float %5, %17, !l... (idx: 0)        12                            
Solving Bipartite Weighted Matching (minimize weights)...
Assignment matrix after operation/function unit matching:
                                                  main_altfp_add_32_0           
  %35 = fadd float %5, %17, !l... (idx: 0)        1                             
Checking that every operator was assigned to a functional unit...yes
Binding operator -> functional unit assignments:
  %35 = fadd float %5, %17, !l... (idx: 0) -> main_altfp_add_32_0 (mux inputs: 3)
State: pipeline_time_4
Binding functional unit type: altfp_add_64
Weight matrix for operation/function unit matching:
  %46 = fadd double %43, %45, ... can share an output register with another operation already assigned to main_altfp_add_64_0
                                                  main_altfp_add_64_0           
  %46 = fadd double %43, %45, ... (idx: 0)        21                            
Solving Bipartite Weighted Matching (minimize weights)...
Assignment matrix after operation/function unit matching:
                                                  main_altfp_add_64_0           
  %46 = fadd double %43, %45, ... (idx: 0)        1                             
Checking that every operator was assigned to a functional unit...yes
Binding operator -> functional unit assignments:
  %46 = fadd double %43, %45, ... (idx: 0) -> main_altfp_add_64_0 (mux inputs: 8)
State: pipeline_time_4
Binding functional unit type: altfp_extend_32
Weight matrix for operation/function unit matching:
  %45 = fpext float %44 to dou... can share an output register with another operation already assigned to main_altfp_extend_32_0
                                                  main_altfp_extend_32_0        
  %45 = fpext float %44 to dou... (idx: 0)        9                             
Solving Bipartite Weighted Matching (minimize weights)...
Assignment matrix after operation/function unit matching:
                                                  main_altfp_extend_32_0        
  %45 = fpext float %44 to dou... (idx: 0)        1                             
Checking that every operator was assigned to a functional unit...yes
Binding operator -> functional unit assignments:
  %45 = fpext float %44 to dou... (idx: 0) -> main_altfp_extend_32_0 (mux inputs: 5)
State: pipeline_time_4
Binding functional unit type: altfp_multiply_32
Weight matrix for operation/function unit matching:
                                                  main_altfp_multiply_32_0      
  %17 = fmul float %12, 0.0000... (idx: 0)        10                            
Solving Bipartite Weighted Matching (minimize weights)...
Assignment matrix after operation/function unit matching:
                                                  main_altfp_multiply_32_0      
  %17 = fmul float %12, 0.0000... (idx: 0)        1                             
Checking that every operator was assigned to a functional unit...yes
Binding operator -> functional unit assignments:
  %17 = fmul float %12, 0.0000... (idx: 0) -> main_altfp_multiply_32_0 (mux inputs: 1)
State: pipeline_time_4
Binding functional unit type: altfp_multiply_64
Weight matrix for operation/function unit matching:
  %57 = fmul double %56, 2.000... can share an output register with another operation already assigned to main_altfp_multiply_64_0
                                                  main_altfp_multiply_64_0      
  %57 = fmul double %56, 2.000... (idx: 0)        7                             
Solving Bipartite Weighted Matching (minimize weights)...
Assignment matrix after operation/function unit matching:
                                                  main_altfp_multiply_64_0      
  %57 = fmul double %56, 2.000... (idx: 0)        1                             
Checking that every operator was assigned to a functional unit...yes
Binding operator -> functional unit assignments:
  %57 = fmul double %56, 2.000... (idx: 0) -> main_altfp_multiply_64_0 (mux inputs: 3)
State: pipeline_time_4
Binding functional unit type: altfp_subtract_32
Weight matrix for operation/function unit matching:
                                                  main_altfp_subtract_32_0      
  %16 = fsub float %15, %6, !l... (idx: 0)        24                            
Solving Bipartite Weighted Matching (minimize weights)...
Assignment matrix after operation/function unit matching:
                                                  main_altfp_subtract_32_0      
  %16 = fsub float %15, %6, !l... (idx: 0)        1                             
Checking that every operator was assigned to a functional unit...yes
Binding operator -> functional unit assignments:
  %16 = fsub float %15, %6, !l... (idx: 0) -> main_altfp_subtract_32_0 (mux inputs: 6)
State: pipeline_time_4
Binding functional unit type: main_0_u2_local_mem_dual_port
Weight matrix for operation/function unit matching:
  store float %49, float* %sce... can share an output register with another operation already assigned to main_main_0_u2_local_mem_dual_port_0
  store float %49, float* %sce... can share an output register with another operation already assigned to main_main_0_u2_local_mem_dual_port_1
                                                  main_main_0_u2_local_mem_dual_port_0main_main_0_u2_local_mem_dual_port_1
  store float %49, float* %sce... (idx: 0)        18                            17                            
Solving Bipartite Weighted Matching (minimize weights)...
Assignment matrix after operation/function unit matching:
                                                  main_main_0_u2_local_mem_dual_port_0main_main_0_u2_local_mem_dual_port_1
  store float %49, float* %sce... (idx: 0)        0                             1                             
Checking that every operator was assigned to a functional unit...yes
Binding operator -> functional unit assignments:
  store float %49, float* %sce... (idx: 0) -> main_main_0_u2_local_mem_dual_port_1 (mux inputs: 4)
State: pipeline_time_5
Binding functional unit type: altfp_add_32
Weight matrix for operation/function unit matching:
  %50 = fadd float %4, %17, !l... can share an input with another operation already assigned to main_altfp_add_32_0
                                                  main_altfp_add_32_0           
  %50 = fadd float %4, %17, !l... (idx: 0)        13                            
Solving Bipartite Weighted Matching (minimize weights)...
Assignment matrix after operation/function unit matching:
                                                  main_altfp_add_32_0           
  %50 = fadd float %4, %17, !l... (idx: 0)        1                             
Checking that every operator was assigned to a functional unit...yes
Binding operator -> functional unit assignments:
  %50 = fadd float %4, %17, !l... (idx: 0) -> main_altfp_add_32_0 (mux inputs: 4)
State: pipeline_time_5
Binding functional unit type: altfp_add_64
Weight matrix for operation/function unit matching:
  %61 = fadd double %58, %60, ... can share an output register with another operation already assigned to main_altfp_add_64_0
                                                  main_altfp_add_64_0           
  %61 = fadd double %58, %60, ... (idx: 0)        23                            
Solving Bipartite Weighted Matching (minimize weights)...
Assignment matrix after operation/function unit matching:
                                                  main_altfp_add_64_0           
  %61 = fadd double %58, %60, ... (idx: 0)        1                             
Checking that every operator was assigned to a functional unit...yes
Binding operator -> functional unit assignments:
  %61 = fadd double %58, %60, ... (idx: 0) -> main_altfp_add_64_0 (mux inputs: 10)
State: pipeline_time_5
Binding functional unit type: altfp_extend_32
Weight matrix for operation/function unit matching:
  %60 = fpext float %59 to dou... can share an output register with another operation already assigned to main_altfp_extend_32_0
                                                  main_altfp_extend_32_0        
  %60 = fpext float %59 to dou... (idx: 0)        10                            
Solving Bipartite Weighted Matching (minimize weights)...
Assignment matrix after operation/function unit matching:
                                                  main_altfp_extend_32_0        
  %60 = fpext float %59 to dou... (idx: 0)        1                             
Checking that every operator was assigned to a functional unit...yes
Binding operator -> functional unit assignments:
  %60 = fpext float %59 to dou... (idx: 0) -> main_altfp_extend_32_0 (mux inputs: 6)
State: pipeline_time_5
Binding functional unit type: altfp_multiply_32
Weight matrix for operation/function unit matching:
                                                  main_altfp_multiply_32_0      
  %19 = fmul float %14, 0.0000... (idx: 0)        11                            
Solving Bipartite Weighted Matching (minimize weights)...
Assignment matrix after operation/function unit matching:
                                                  main_altfp_multiply_32_0      
  %19 = fmul float %14, 0.0000... (idx: 0)        1                             
Checking that every operator was assigned to a functional unit...yes
Binding operator -> functional unit assignments:
  %19 = fmul float %14, 0.0000... (idx: 0) -> main_altfp_multiply_32_0 (mux inputs: 2)
State: pipeline_time_5
Binding functional unit type: altfp_multiply_64
Weight matrix for operation/function unit matching:
                                                  main_altfp_multiply_64_0      
  %32 = fmul double %31, 0x3FC... (idx: 0)        13                            
Solving Bipartite Weighted Matching (minimize weights)...
Assignment matrix after operation/function unit matching:
                                                  main_altfp_multiply_64_0      
  %32 = fmul double %31, 0x3FC... (idx: 0)        1                             
Checking that every operator was assigned to a functional unit...yes
Binding operator -> functional unit assignments:
  %32 = fmul double %31, 0x3FC... (idx: 0) -> main_altfp_multiply_64_0 (mux inputs: 4)
State: pipeline_time_5
Binding functional unit type: main_0_u1_local_mem_dual_port
Weight matrix for operation/function unit matching:
  store float %34, float* %sce... can share an output register with another operation already assigned to main_main_0_u1_local_mem_dual_port_0
  store float %34, float* %sce... can share an output register with another operation already assigned to main_main_0_u1_local_mem_dual_port_1
                                                  main_main_0_u1_local_mem_dual_port_0main_main_0_u1_local_mem_dual_port_1
  store float %34, float* %sce... (idx: 0)        18                            17                            
Solving Bipartite Weighted Matching (minimize weights)...
Assignment matrix after operation/function unit matching:
                                                  main_main_0_u1_local_mem_dual_port_0main_main_0_u1_local_mem_dual_port_1
  store float %34, float* %sce... (idx: 0)        0                             1                             
Checking that every operator was assigned to a functional unit...yes
Binding operator -> functional unit assignments:
  store float %34, float* %sce... (idx: 0) -> main_main_0_u1_local_mem_dual_port_1 (mux inputs: 4)
State: pipeline_time_6
Binding functional unit type: altfp_add_32
Weight matrix for operation/function unit matching:
                                                  main_altfp_add_32_0           
  %36 = fadd float %35, %19, !... (idx: 0)        24                            
Solving Bipartite Weighted Matching (minimize weights)...
Assignment matrix after operation/function unit matching:
                                                  main_altfp_add_32_0           
  %36 = fadd float %35, %19, !... (idx: 0)        1                             
Checking that every operator was assigned to a functional unit...yes
Binding operator -> functional unit assignments:
  %36 = fadd float %35, %19, !... (idx: 0) -> main_altfp_add_32_0 (mux inputs: 6)
State: pipeline_time_6
Binding functional unit type: altfp_extend_32
Weight matrix for operation/function unit matching:
                                                  main_altfp_extend_32_0        
  %25 = fpext float %24 to dou... (idx: 0)        16                            
Solving Bipartite Weighted Matching (minimize weights)...
Assignment matrix after operation/function unit matching:
                                                  main_altfp_extend_32_0        
  %25 = fpext float %24 to dou... (idx: 0)        1                             
Checking that every operator was assigned to a functional unit...yes
Binding operator -> functional unit assignments:
  %25 = fpext float %24 to dou... (idx: 0) -> main_altfp_extend_32_0 (mux inputs: 7)
State: pipeline_time_6
Binding functional unit type: altfp_multiply_32
Weight matrix for operation/function unit matching:
  %21 = fmul float %16, 0.0000... can share an output register with another operation already assigned to main_altfp_multiply_32_0
                                                  main_altfp_multiply_32_0      
  %21 = fmul float %16, 0.0000... (idx: 0)        7                             
Solving Bipartite Weighted Matching (minimize weights)...
Assignment matrix after operation/function unit matching:
                                                  main_altfp_multiply_32_0      
  %21 = fmul float %16, 0.0000... (idx: 0)        1                             
Checking that every operator was assigned to a functional unit...yes
Binding operator -> functional unit assignments:
  %21 = fmul float %16, 0.0000... (idx: 0) -> main_altfp_multiply_32_0 (mux inputs: 3)
State: pipeline_time_6
Binding functional unit type: altfp_multiply_64
Weight matrix for operation/function unit matching:
  %47 = fmul double %46, 0x3FC... can share an output register with another operation already assigned to main_altfp_multiply_64_0
                                                  main_altfp_multiply_64_0      
  %47 = fmul double %46, 0x3FC... (idx: 0)        9                             
Solving Bipartite Weighted Matching (minimize weights)...
Assignment matrix after operation/function unit matching:
                                                  main_altfp_multiply_64_0      
  %47 = fmul double %46, 0x3FC... (idx: 0)        1                             
Checking that every operator was assigned to a functional unit...yes
Binding operator -> functional unit assignments:
  %47 = fmul double %46, 0x3FC... (idx: 0) -> main_altfp_multiply_64_0 (mux inputs: 5)
State: pipeline_time_6
Binding functional unit type: main_0_u3_local_mem_dual_port
Weight matrix for operation/function unit matching:
  store float %64, float* %sce... can share an output register with another operation already assigned to main_main_0_u3_local_mem_dual_port_0
  store float %64, float* %sce... can share an output register with another operation already assigned to main_main_0_u3_local_mem_dual_port_1
                                                  main_main_0_u3_local_mem_dual_port_0main_main_0_u3_local_mem_dual_port_1
  store float %64, float* %sce... (idx: 0)        18                            17                            
Solving Bipartite Weighted Matching (minimize weights)...
Assignment matrix after operation/function unit matching:
                                                  main_main_0_u3_local_mem_dual_port_0main_main_0_u3_local_mem_dual_port_1
  store float %64, float* %sce... (idx: 0)        0                             1                             
Checking that every operator was assigned to a functional unit...yes
Binding operator -> functional unit assignments:
  store float %64, float* %sce... (idx: 0) -> main_main_0_u3_local_mem_dual_port_1 (mux inputs: 4)
State: pipeline_time_7
Binding functional unit type: altfp_add_32
Weight matrix for operation/function unit matching:
  %51 = fadd float %50, %19, !... can share an input with another operation already assigned to main_altfp_add_32_0
  %51 = fadd float %50, %19, !... can share an output register with another operation already assigned to main_altfp_add_32_0
                                                  main_altfp_add_32_0           
  %51 = fadd float %50, %19, !... (idx: 0)        11                            
Solving Bipartite Weighted Matching (minimize weights)...
Assignment matrix after operation/function unit matching:
                                                  main_altfp_add_32_0           
  %51 = fadd float %50, %19, !... (idx: 0)        1                             
Checking that every operator was assigned to a functional unit...yes
Binding operator -> functional unit assignments:
  %51 = fadd float %50, %19, !... (idx: 0) -> main_altfp_add_32_0 (mux inputs: 7)
State: pipeline_time_7
Binding functional unit type: altfp_extend_32
Weight matrix for operation/function unit matching:
                                                  main_altfp_extend_32_0        
  %40 = fpext float %39 to dou... (idx: 0)        17                            
Solving Bipartite Weighted Matching (minimize weights)...
Assignment matrix after operation/function unit matching:
                                                  main_altfp_extend_32_0        
  %40 = fpext float %39 to dou... (idx: 0)        1                             
Checking that every operator was assigned to a functional unit...yes
Binding operator -> functional unit assignments:
  %40 = fpext float %39 to dou... (idx: 0) -> main_altfp_extend_32_0 (mux inputs: 8)
State: pipeline_time_7
Binding functional unit type: altfp_multiply_64
Weight matrix for operation/function unit matching:
                                                  main_altfp_multiply_64_0      
  %62 = fmul double %61, 0x3FC... (idx: 0)        15                            
Solving Bipartite Weighted Matching (minimize weights)...
Assignment matrix after operation/function unit matching:
                                                  main_altfp_multiply_64_0      
  %62 = fmul double %61, 0x3FC... (idx: 0)        1                             
Checking that every operator was assigned to a functional unit...yes
Binding operator -> functional unit assignments:
  %62 = fmul double %61, 0x3FC... (idx: 0) -> main_altfp_multiply_64_0 (mux inputs: 6)
State: pipeline_time_8
Binding functional unit type: altfp_add_32
Weight matrix for operation/function unit matching:
  %20 = fadd float %18, %19, !... can share an input with another operation already assigned to main_altfp_add_32_0
  %20 = fadd float %18, %19, !... can share an output register with another operation already assigned to main_altfp_add_32_0
                                                  main_altfp_add_32_0           
  %20 = fadd float %18, %19, !... (idx: 0)        12                            
Solving Bipartite Weighted Matching (minimize weights)...
Assignment matrix after operation/function unit matching:
                                                  main_altfp_add_32_0           
  %20 = fadd float %18, %19, !... (idx: 0)        1                             
Checking that every operator was assigned to a functional unit...yes
Binding operator -> functional unit assignments:
  %20 = fadd float %18, %19, !... (idx: 0) -> main_altfp_add_32_0 (mux inputs: 8)
State: pipeline_time_8
Binding functional unit type: altfp_extend_32
Weight matrix for operation/function unit matching:
  %55 = fpext float %54 to dou... can share an output register with another operation already assigned to main_altfp_extend_32_0
                                                  main_altfp_extend_32_0        
  %55 = fpext float %54 to dou... (idx: 0)        13                            
Solving Bipartite Weighted Matching (minimize weights)...
Assignment matrix after operation/function unit matching:
                                                  main_altfp_extend_32_0        
  %55 = fpext float %54 to dou... (idx: 0)        1                             
Checking that every operator was assigned to a functional unit...yes
Binding operator -> functional unit assignments:
  %55 = fpext float %54 to dou... (idx: 0) -> main_altfp_extend_32_0 (mux inputs: 9)
State: pipeline_time_9
Binding functional unit type: altfp_add_32
Weight matrix for operation/function unit matching:
  %52 = fadd float %51, %21, !... can share an output register with another operation already assigned to main_altfp_add_32_0
                                                  main_altfp_add_32_0           
  %52 = fadd float %51, %21, !... (idx: 0)        23                            
Solving Bipartite Weighted Matching (minimize weights)...
Assignment matrix after operation/function unit matching:
                                                  main_altfp_add_32_0           
  %52 = fadd float %51, %21, !... (idx: 0)        1                             
Checking that every operator was assigned to a functional unit...yes
Binding operator -> functional unit assignments:
  %52 = fadd float %51, %21, !... (idx: 0) -> main_altfp_add_32_0 (mux inputs: 10)
State: pipeline_time_9
Binding functional unit type: altfp_extend_32
Weight matrix for operation/function unit matching:
  %38 = fpext float %37 to dou... can share an output register with another operation already assigned to main_altfp_extend_32_0
                                                  main_altfp_extend_32_0        
  %38 = fpext float %37 to dou... (idx: 0)        14                            
Solving Bipartite Weighted Matching (minimize weights)...
Assignment matrix after operation/function unit matching:
                                                  main_altfp_extend_32_0        
  %38 = fpext float %37 to dou... (idx: 0)        1                             
Checking that every operator was assigned to a functional unit...yes
Binding operator -> functional unit assignments:
  %38 = fpext float %37 to dou... (idx: 0) -> main_altfp_extend_32_0 (mux inputs: 10)
State: pipeline_time_10
Binding functional unit type: altfp_add_32
Weight matrix for operation/function unit matching:
  %22 = fadd float %21, %20, !... can share an input with another operation already assigned to main_altfp_add_32_0
  %22 = fadd float %21, %20, !... can share an output register with another operation already assigned to main_altfp_add_32_0
                                                  main_altfp_add_32_0           
  %22 = fadd float %21, %20, !... (idx: 0)        15                            
Solving Bipartite Weighted Matching (minimize weights)...
Assignment matrix after operation/function unit matching:
                                                  main_altfp_add_32_0           
  %22 = fadd float %21, %20, !... (idx: 0)        1                             
Checking that every operator was assigned to a functional unit...yes
Binding operator -> functional unit assignments:
  %22 = fadd float %21, %20, !... (idx: 0) -> main_altfp_add_32_0 (mux inputs: 11)
State: pipeline_time_10
Binding functional unit type: altfp_extend_32
Weight matrix for operation/function unit matching:
                                                  main_altfp_extend_32_0        
  %23 = fpext float %22 to dou... (idx: 0)        20                            
Solving Bipartite Weighted Matching (minimize weights)...
Assignment matrix after operation/function unit matching:
                                                  main_altfp_extend_32_0        
  %23 = fpext float %22 to dou... (idx: 0)        1                             
Checking that every operator was assigned to a functional unit...yes
Binding operator -> functional unit assignments:
  %23 = fpext float %22 to dou... (idx: 0) -> main_altfp_extend_32_0 (mux inputs: 11)
State: pipeline_time_11
Binding functional unit type: altfp_add_32
Weight matrix for operation/function unit matching:
  %37 = fadd float %36, %21, !... can share an input with another operation already assigned to main_altfp_add_32_0
  %37 = fadd float %36, %21, !... can share an output register with another operation already assigned to main_altfp_add_32_0
                                                  main_altfp_add_32_0           
  %37 = fadd float %36, %21, !... (idx: 0)        16                            
Solving Bipartite Weighted Matching (minimize weights)...
Assignment matrix after operation/function unit matching:
                                                  main_altfp_add_32_0           
  %37 = fadd float %36, %21, !... (idx: 0)        1                             
Checking that every operator was assigned to a functional unit...yes
Binding operator -> functional unit assignments:
  %37 = fadd float %36, %21, !... (idx: 0) -> main_altfp_add_32_0 (mux inputs: 12)
State: pipeline_time_11
Binding functional unit type: altfp_add_64
Weight matrix for operation/function unit matching:
                                                  main_altfp_add_64_0           
  %48 = fadd double %38, %47, ... (idx: 0)        30                            
Solving Bipartite Weighted Matching (minimize weights)...
Assignment matrix after operation/function unit matching:
                                                  main_altfp_add_64_0           
  %48 = fadd double %38, %47, ... (idx: 0)        1                             
Checking that every operator was assigned to a functional unit...yes
Binding operator -> functional unit assignments:
  %48 = fadd double %38, %47, ... (idx: 0) -> main_altfp_add_64_0 (mux inputs: 12)
State: pipeline_time_11
Binding functional unit type: altfp_extend_32
Weight matrix for operation/function unit matching:
                                                  main_altfp_extend_32_0        
  %53 = fpext float %52 to dou... (idx: 0)        21                            
Solving Bipartite Weighted Matching (minimize weights)...
Assignment matrix after operation/function unit matching:
                                                  main_altfp_extend_32_0        
  %53 = fpext float %52 to dou... (idx: 0)        1                             
Checking that every operator was assigned to a functional unit...yes
Binding operator -> functional unit assignments:
  %53 = fpext float %52 to dou... (idx: 0) -> main_altfp_extend_32_0 (mux inputs: 12)
State: LEGUP_F_main_BB__67
Binding functional unit type: main_0_u3_local_mem_dual_port
Weight matrix for operation/function unit matching:
  %69 = load float* %68, align... can share an output register with another operation already assigned to main_main_0_u3_local_mem_dual_port_0
  %69 = load float* %68, align... can share an output register with another operation already assigned to main_main_0_u3_local_mem_dual_port_1
                                                  main_main_0_u3_local_mem_dual_port_0main_main_0_u3_local_mem_dual_port_1
  %69 = load float* %68, align... (idx: 0)        8                             9                             
Solving Bipartite Weighted Matching (minimize weights)...
Assignment matrix after operation/function unit matching:
                                                  main_main_0_u3_local_mem_dual_port_0main_main_0_u3_local_mem_dual_port_1
  %69 = load float* %68, align... (idx: 0)        1                             0                             
Checking that every operator was assigned to a functional unit...yes
Binding operator -> functional unit assignments:
  %69 = load float* %68, align... (idx: 0) -> main_main_0_u3_local_mem_dual_port_0 (mux inputs: 4)
State: LEGUP_F_main_BB__67
Binding functional unit type: altfp_fptosi_32
Weight matrix for operation/function unit matching:
                                                  main_altfp_fptosi_32_0        
  %70 = fptosi float %69 to i3... (idx: 0)        10                            
Solving Bipartite Weighted Matching (minimize weights)...
Assignment matrix after operation/function unit matching:
                                                  main_altfp_fptosi_32_0        
  %70 = fptosi float %69 to i3... (idx: 0)        1                             
Checking that every operator was assigned to a functional unit...yes
Binding operator -> functional unit assignments:
  %70 = fptosi float %69 to i3... (idx: 0) -> main_altfp_fptosi_32_0 (mux inputs: 1)

