//----------------------------------------------------------------------------//
// Generated by LegUp High-Level Synthesis Tool Version 4.0 (http://legup.org)
// Compiled: Tue Feb 14 19:47:56 2017
// University of Toronto
// For research and academic purposes only. Commercial use is prohibited.
// Please send bugs to: legup@eecg.toronto.edu
// Date: Wed May 17 19:18:37 2017
//----------------------------------------------------------------------------//

-------------------------- Datapath Operation Usage --------------------------

Operation "unknown" x 46 
Operation "altfp_add_32" x 9 
Operation "altfp_add_64" x 6 
Operation "altfp_extend_32" x 12 
Operation "altfp_fptosi_32" x 1 
Operation "altfp_multiply_32" x 3 
Operation "altfp_multiply_64" x 6 
Operation "altfp_subtract_32" x 3 
Operation "altfp_subtract_64" x 3 
Operation "altfp_truncate_64" x 3 
Operation "signed_add_32" x 7 
Operation "signed_comp_eq_32" x 3 

----------------------------- General Information -----------------------------

Number of declared variables in main: 101
Critical path contains operation: altfp_multiply_64

------------------------------ Resource Estimate ------------------------------

Fmax: 176 MHz
Note: Assuming only 87 DSPs available
Warning: These estimates don't account for binding yet!
Logic Elements: 17927
    Combinational: 22472
    Registers: 3139
DSP Elements: 27
