//----------------------------------------------------------------------------//
// Generated by LegUp High-Level Synthesis Tool Version 4.0 (http://legup.org)
// Compiled: Tue Feb 14 19:47:56 2017
// University of Toronto
// For research and academic purposes only. Commercial use is prohibited.
// Please send bugs to: legup@eecg.toronto.edu
// Date: Wed May 17 19:18:37 2017
//----------------------------------------------------------------------------//

Target Family: CycloneV
Clock period constraint: 2.000000e+01ns
Start Function: main
state: LEGUP_0
   Transition: if (start): LEGUP_F_main_BB__0_1 default: LEGUP_0
state: LEGUP_F_main_BB__0_1
   %u1 = alloca [2 x [11 x [4 x float]]], align 4 (endState: LEGUP_F_main_BB__0_1)
   %u2 = alloca [2 x [11 x [4 x float]]], align 4 (endState: LEGUP_F_main_BB__0_1)
   %u3 = alloca [2 x [11 x [4 x float]]], align 4 (endState: LEGUP_F_main_BB__0_1)
   br label %.preheader1
   Transition: default: LEGUP_F_main_BB_preheader1_2
state: LEGUP_F_main_BB_preheader1_2
   %indvar33 = phi i32 [ %indvar.next34, %66 ], [ 0, %0 ] (endState: LEGUP_F_main_BB_preheader1_2)
   br label %.preheader
   Transition: default: LEGUP_F_main_BB_preheader_3
state: LEGUP_F_main_BB_preheader_3
   %indvar2 = phi i32 [ %indvar.next3, %65 ], [ 0, %.preheader1 ] (endState: LEGUP_F_main_BB_preheader_3)
   %1 = add i32 %indvar2, 2 (endState: LEGUP_F_main_BB_preheader_3)
   %kx.13 = add i32 %indvar2, 1 (endState: LEGUP_F_main_BB_preheader_3)
   Transition: default: LEGUP_F_main_BB_preheader_4
state: LEGUP_F_main_BB_preheader_4
   %.phi.trans.insert1 = getelementptr [2 x [11 x [4 x float]]]* %u1, i32 0, i32 0, i32 1, i32 %kx.13 (endState: LEGUP_F_main_BB_preheader_4)
   %.phi.trans.insert14 = getelementptr [2 x [11 x [4 x float]]]* %u3, i32 0, i32 0, i32 1, i32 %kx.13 (endState: LEGUP_F_main_BB_preheader_4)
   %.phi.trans.insert12 = getelementptr [2 x [11 x [4 x float]]]* %u2, i32 0, i32 0, i32 1, i32 %kx.13 (endState: LEGUP_F_main_BB_preheader_4)
   %.phi.trans.insert10 = getelementptr [2 x [11 x [4 x float]]]* %u3, i32 0, i32 0, i32 0, i32 %kx.13 (endState: LEGUP_F_main_BB_preheader_4)
   %.phi.trans.insert8 = getelementptr [2 x [11 x [4 x float]]]* %u2, i32 0, i32 0, i32 0, i32 %kx.13 (endState: LEGUP_F_main_BB_preheader_4)
   %.phi.trans.insert = getelementptr [2 x [11 x [4 x float]]]* %u1, i32 0, i32 0, i32 0, i32 %kx.13 (endState: LEGUP_F_main_BB_preheader_4)
   %.pre = load float* %.phi.trans.insert, align 4, !tbaa !2 (endState: LEGUP_F_main_BB_preheader_5)
   %.pre9 = load float* %.phi.trans.insert8, align 4, !tbaa !2 (endState: LEGUP_F_main_BB_preheader_5)
   %.pre11 = load float* %.phi.trans.insert10, align 4, !tbaa !2 (endState: LEGUP_F_main_BB_preheader_5)
   %.pre13 = load float* %.phi.trans.insert12, align 4, !tbaa !2 (endState: LEGUP_F_main_BB_preheader_5)
   %.pre15 = load float* %.phi.trans.insert14, align 4, !tbaa !2 (endState: LEGUP_F_main_BB_preheader_5)
   %.pre2 = load float* %.phi.trans.insert1, align 4, !tbaa !2 (endState: LEGUP_F_main_BB_preheader_5)
   Transition: default: LEGUP_F_main_BB_preheader_5
state: LEGUP_F_main_BB_preheader_5
   br label %2
   Transition: default: LEGUP_loop_pipeline_wait_loop1_1_6
state: LEGUP_loop_pipeline_wait_loop1_1_6
   %indvar = phi i32 [ %indvar.next, %2 ], [ 0, %.preheader ], !legup.canonical_induction !6, !legup.pipeline.start_time !7, !legup.pipeline.avail_time !7, !legup.pipeline.stage !7 (endState: LEGUP_loop_pipeline_wait_loop1_1_6)
   %3 = phi float [ %11, %2 ], [ %.pre2, %.preheader ], !legup.pipeline.start_time !7, !legup.pipeline.avail_time !7, !legup.pipeline.stage !7 (endState: LEGUP_loop_pipeline_wait_loop1_1_6)
   %4 = phi float [ %15, %2 ], [ %.pre15, %.preheader ], !legup.pipeline.start_time !7, !legup.pipeline.avail_time !7, !legup.pipeline.stage !7 (endState: LEGUP_loop_pipeline_wait_loop1_1_6)
   %5 = phi float [ %13, %2 ], [ %.pre13, %.preheader ], !legup.pipeline.start_time !7, !legup.pipeline.avail_time !7, !legup.pipeline.stage !7 (endState: LEGUP_loop_pipeline_wait_loop1_1_6)
   %6 = phi float [ %4, %2 ], [ %.pre11, %.preheader ], !legup.pipeline.start_time !7, !legup.pipeline.avail_time !7, !legup.pipeline.stage !7 (endState: LEGUP_loop_pipeline_wait_loop1_1_6)
   %7 = phi float [ %5, %2 ], [ %.pre9, %.preheader ], !legup.pipeline.start_time !7, !legup.pipeline.avail_time !7, !legup.pipeline.stage !7 (endState: LEGUP_loop_pipeline_wait_loop1_1_6)
   %8 = phi float [ %3, %2 ], [ %.pre, %.preheader ], !legup.pipeline.start_time !7, !legup.pipeline.avail_time !7, !legup.pipeline.stage !7 (endState: LEGUP_loop_pipeline_wait_loop1_1_6)
   br i1 %exitcond1, label %65, label %2, !legup.pipelined !6, !legup.II !52, !legup.totalTime !53, !legup.maxStage !24, !legup.tripCount !38, !legup.label !54, !legup.pipeline.start_time !7, !legup.pipeline.avail_time !7, !legup.pipeline.stage !7
   Transition: if (loop1_1_pipeline_finish): LEGUP_F_main_BB__65_7 default: LEGUP_loop_pipeline_wait_loop1_1_6
state: LEGUP_F_main_BB__65_7
   %indvar.next3 = add i32 %indvar2, 1 (endState: LEGUP_F_main_BB__65_7)
   %exitcond = icmp eq i32 %indvar.next3, 2 (endState: LEGUP_F_main_BB__65_7)
   br i1 %exitcond, label %66, label %.preheader
   Transition: if (%exitcond): LEGUP_F_main_BB__66_8 default: LEGUP_F_main_BB_preheader_3
state: LEGUP_F_main_BB__66_8
   %indvar.next34 = add i32 %indvar33, 1 (endState: LEGUP_F_main_BB__66_8)
   %exitcond35 = icmp eq i32 %indvar.next34, 2 (endState: LEGUP_F_main_BB__66_8)
   br i1 %exitcond35, label %67, label %.preheader1
   Transition: if (%exitcond35): LEGUP_F_main_BB__67_9 default: LEGUP_F_main_BB_preheader1_2
state: LEGUP_F_main_BB__67_9
   %68 = getelementptr inbounds [2 x [11 x [4 x float]]]* %u3, i32 0, i32 1, i32 10, i32 3 (endState: LEGUP_F_main_BB__67_9)
   %69 = load float* %68, align 4, !tbaa !2 (endState: LEGUP_F_main_BB__67_10)
   Transition: default: LEGUP_F_main_BB__67_10
state: LEGUP_F_main_BB__67_10
   %70 = fptosi float %69 to i32 (endState: LEGUP_F_main_BB__67_16)
   Transition: default: LEGUP_F_main_BB__67_11
state: LEGUP_F_main_BB__67_11
   Transition: default: LEGUP_F_main_BB__67_12
state: LEGUP_F_main_BB__67_12
   Transition: default: LEGUP_F_main_BB__67_13
state: LEGUP_F_main_BB__67_13
   Transition: default: LEGUP_F_main_BB__67_14
state: LEGUP_F_main_BB__67_14
   Transition: default: LEGUP_F_main_BB__67_15
state: LEGUP_F_main_BB__67_15
   Transition: default: LEGUP_F_main_BB__67_16
state: LEGUP_F_main_BB__67_16
   ret i32 %70
   Transition: default: LEGUP_0

Basic Block: %0 Num States: 1
Basic Block: %.preheader1 Num States: 1
Basic Block: %.preheader Num States: 3
Basic Block: %2 Num States: 1
Basic Block: %65 Num States: 1
Basic Block: %66 Num States: 1
Basic Block: %67 Num States: 8
End Function: main
--------------------------------------------------------------------------------

