//----------------------------------------------------------------------------//
// Generated by LegUp High-Level Synthesis Tool Version 4.0 (http://legup.org)
// Compiled: Tue Feb 14 19:47:56 2017
// University of Toronto
// For research and academic purposes only. Commercial use is prohibited.
// Please send bugs to: legup@eecg.toronto.edu
// Date: Wed May 17 19:18:37 2017
//----------------------------------------------------------------------------//

-----------------Function: main---------------
-------------------------1---------------------------
-----------------Delay of path:4.99 ns---------------
-----------------State:LEGUP_F_main_BB__66_8-----------------
(2.50 ns) --- (2.50 ns) ---   %indvar.next34 = add i32 %indvar33, 1
(2.49 ns) --- (4.99 ns) ---   %exitcond35 = icmp eq i32 %indvar.next34, 2
(0.00 ns) --- (4.99 ns) ---   br i1 %exitcond35, label %67, label %.preheader1

-----------------Function: main---------------
-------------------------2---------------------------
-----------------Delay of path:4.99 ns---------------
-----------------State:LEGUP_F_main_BB__65_7-----------------
(2.50 ns) --- (2.50 ns) ---   %indvar.next3 = add i32 %indvar2, 1
(2.49 ns) --- (4.99 ns) ---   %exitcond = icmp eq i32 %indvar.next3, 2
(0.00 ns) --- (4.99 ns) ---   br i1 %exitcond, label %66, label %.preheader

-----------------Function: main---------------
-------------------------3---------------------------
-----------------Delay of path:3.12 ns---------------
-----------------State:LEGUP_F_main_BB__67_10-----------------
(3.12 ns) --- (3.12 ns) ---   %70 = fptosi float %69 to i32

-----------------Function: main---------------
-------------------------4---------------------------
-----------------Delay of path:2.50 ns---------------
-----------------State:LEGUP_F_main_BB_preheader_3-----------------
(0.00 ns) --- (0.00 ns) ---   %indvar2 = phi i32 [ %indvar.next3, %65 ], [ 0, %.preheader1 ]
(2.50 ns) --- (2.50 ns) ---   %kx.13 = add i32 %indvar2, 1

-----------------Function: main---------------
-------------------------5---------------------------
-----------------Delay of path:2.50 ns---------------
-----------------State:LEGUP_F_main_BB_preheader_3-----------------
(0.00 ns) --- (0.00 ns) ---   %indvar2 = phi i32 [ %indvar.next3, %65 ], [ 0, %.preheader1 ]
(2.50 ns) --- (2.50 ns) ---   %1 = add i32 %indvar2, 2

-----------------Function: main---------------
-------------------------6---------------------------
-----------------Delay of path:0.00 ns---------------
-----------------State:LEGUP_F_main_BB_preheader1_2-----------------
(0.00 ns) --- (0.00 ns) ---   %indvar33 = phi i32 [ %indvar.next34, %66 ], [ 0, %0 ]

-----------------Function: main---------------
-------------------------7---------------------------
-----------------Delay of path:0.00 ns---------------
-----------------State:LEGUP_F_main_BB__0_1-----------------
(0.00 ns) --- (0.00 ns) ---   br label %.preheader1

-----------------Function: main---------------
-------------------------8---------------------------
-----------------Delay of path:0.00 ns---------------
-----------------State:LEGUP_F_main_BB__0_1-----------------
(0.00 ns) --- (0.00 ns) ---   %u3 = alloca [2 x [11 x [4 x float]]], align 4

-----------------Function: main---------------
-------------------------9---------------------------
-----------------Delay of path:0.00 ns---------------
-----------------State:LEGUP_F_main_BB__0_1-----------------
(0.00 ns) --- (0.00 ns) ---   %u2 = alloca [2 x [11 x [4 x float]]], align 4

-----------------Function: main---------------
-------------------------10---------------------------
-----------------Delay of path:0.00 ns---------------
-----------------State:LEGUP_F_main_BB__0_1-----------------
(0.00 ns) --- (0.00 ns) ---   %u1 = alloca [2 x [11 x [4 x float]]], align 4


