//----------------------------------------------------------------------------//
// Generated by LegUp High-Level Synthesis Tool Version 4.0 (http://legup.org)
// Compiled: Tue Feb 14 19:47:56 2017
// University of Toronto
// For research and academic purposes only. Commercial use is prohibited.
// Please send bugs to: legup@eecg.toronto.edu
// Date: Wed Sep 27 17:56:39 2017
//----------------------------------------------------------------------------//

allocateRAM: %u1
Constant: 0
allocateRAM: %u2
Constant: 0
allocateRAM: %u3
Constant: 0
allocateRAM: %u21
Constant: 0
allocateRAM: %u22
Constant: 0
allocateRAM: %u23
Constant: 0
allocateRAM: %u41
Constant: 0
allocateRAM: %u42
Constant: 0
allocateRAM: %u43
Constant: 0
allocateRAM: %u421
Constant: 0
allocateRAM: %u422
Constant: 0
allocateRAM: %u423
Constant: 0
