//----------------------------------------------------------------------------//
// Generated by LegUp High-Level Synthesis Tool Version 4.0 (http://legup.org)
// Compiled: Mon Jun  4 15:32:40 2018
// University of Toronto
// For research and academic purposes only. Commercial use is prohibited.
// Please send bugs to: legup@eecg.toronto.edu
// Date: Wed Jan  2 17:36:46 2019
//----------------------------------------------------------------------------//

Target Family: StratixV
Clock period constraint: 5.000000e+00ns
Start Function: main
state: LEGUP_0
   br label %1
   Transition: if (start): LEGUP_loop_pipeline_wait_loop0_1_1 default: LEGUP_0
state: LEGUP_loop_pipeline_wait_loop0_1_1
   %i.01 = phi i32 [ 0, %0 ], [ %20, %1 ], !legup.canonical_induction !2, !legup.pipeline.start_time !3, !legup.pipeline.avail_time !3, !legup.pipeline.stage !3 (endState: LEGUP_loop_pipeline_wait_loop0_1_1)
   br i1 %exitcond1, label %21, label %1, !legup.pipelined !2, !legup.II !2, !legup.totalTime !10, !legup.maxStage !8, !legup.tripCount !11, !legup.label !12, !legup.pipeline.start_time !3, !legup.pipeline.avail_time !3, !legup.pipeline.stage !3
   Transition: if (loop0_1_pipeline_finish): LEGUP_F_main_BB__21_2 default: LEGUP_loop_pipeline_wait_loop0_1_1
state: LEGUP_F_main_BB__21_2
   %22 = tail call i32 (i8*, ...)* @printf(i8* getelementptr inbounds ([10 x i8]* @.str1, i32 0, i32 0), i32 0) #2 (endState: LEGUP_F_main_BB__21_2)
   %23 = tail call i32 (i8*, ...)* @printf(i8* getelementptr inbounds ([8 x i8]* @.str2, i32 0, i32 0)) #2 (endState: LEGUP_F_main_BB__21_2)
   ret i32 0
   Transition: default: LEGUP_0

Basic Block: %0 Num States: 1
Basic Block: %1 Num States: 1
Basic Block: %21 Num States: 1
End Function: main
--------------------------------------------------------------------------------

