//----------------------------------------------------------------------------//
// Generated by LegUp High-Level Synthesis Tool Version 4.0 (http://legup.org)
// Compiled: Tue Feb 14 19:47:56 2017
// University of Toronto
// For research and academic purposes only. Commercial use is prohibited.
// Please send bugs to: legup@eecg.toronto.edu
// Date: Fri Apr  7 13:44:18 2017
//----------------------------------------------------------------------------//

--------------------------------------------------------------------------------
Function: main
--------------------------------------------------------------------------------
Function unit type:           Number Required               
altfp_add_32                  1                             
altfp_divide_32               1                             
altfp_multiply_32             1                             
altfp_subtract_32             1                             
main_0_data_local_mem_dual_port1                             
main_0_mean_local_mem_dual_port1                             
main_0_stddev_local_mem_dual_port1                             

Running Bipartite Weighted Matching on function: main
State: LEGUP_F_main_BB__1
Binding functional unit type: main_0_mean_local_mem_dual_port
Weight matrix for operation/function unit matching:
                                                  main_main_0_mean_local_mem_dual_port_0
  store float 0.000000e+00, fl... (idx: 0)        10                            
Solving Bipartite Weighted Matching (minimize weights)...
Assignment matrix after operation/function unit matching:
                                                  main_main_0_mean_local_mem_dual_port_0
  store float 0.000000e+00, fl... (idx: 0)        1                             
Checking that every operator was assigned to a functional unit...yes
Binding operator -> functional unit assignments:
  store float 0.000000e+00, fl... (idx: 0) -> main_main_0_mean_local_mem_dual_port_0 (mux inputs: 1)
State: LEGUP_F_main_BB__3
Binding functional unit type: main_0_data_local_mem_dual_port
Weight matrix for operation/function unit matching:
                                                  main_main_0_data_local_mem_dual_port_0
  %8 = load float* %scevgep13,... (idx: 0)        10                            
Solving Bipartite Weighted Matching (minimize weights)...
Assignment matrix after operation/function unit matching:
                                                  main_main_0_data_local_mem_dual_port_0
  %8 = load float* %scevgep13,... (idx: 0)        1                             
Checking that every operator was assigned to a functional unit...yes
Binding operator -> functional unit assignments:
  %8 = load float* %scevgep13,... (idx: 0) -> main_main_0_data_local_mem_dual_port_0 (mux inputs: 1)
State: LEGUP_F_main_BB__3
Binding functional unit type: altfp_add_32
Weight matrix for operation/function unit matching:
                                                  main_altfp_add_32_0           
  %9 = fadd float %8, %4 (idx: 0)                 20                            
Solving Bipartite Weighted Matching (minimize weights)...
Assignment matrix after operation/function unit matching:
                                                  main_altfp_add_32_0           
  %9 = fadd float %8, %4 (idx: 0)                 1                             
Checking that every operator was assigned to a functional unit...yes
Binding operator -> functional unit assignments:
  %9 = fadd float %8, %4 (idx: 0) -> main_altfp_add_32_0 (mux inputs: 2)
State: LEGUP_F_main_BB__11
Binding functional unit type: altfp_divide_32
Weight matrix for operation/function unit matching:
                                                  main_altfp_divide_32_0        
  %12 = fdiv float %9, 0x3FF33... (idx: 0)        10                            
Solving Bipartite Weighted Matching (minimize weights)...
Assignment matrix after operation/function unit matching:
                                                  main_altfp_divide_32_0        
  %12 = fdiv float %9, 0x3FF33... (idx: 0)        1                             
Checking that every operator was assigned to a functional unit...yes
Binding operator -> functional unit assignments:
  %12 = fdiv float %9, 0x3FF33... (idx: 0) -> main_altfp_divide_32_0 (mux inputs: 1)
State: LEGUP_F_main_BB__11
Binding functional unit type: main_0_mean_local_mem_dual_port
Weight matrix for operation/function unit matching:
  store float %12, float* %sce... can share an input with another operation already assigned to main_main_0_mean_local_mem_dual_port_0
  store float %12, float* %sce... can share an output register with another operation already assigned to main_main_0_mean_local_mem_dual_port_0
                                                  main_main_0_mean_local_mem_dual_port_0
  store float %12, float* %sce... (idx: 0)        6                             
Solving Bipartite Weighted Matching (minimize weights)...
Assignment matrix after operation/function unit matching:
                                                  main_main_0_mean_local_mem_dual_port_0
  store float %12, float* %sce... (idx: 0)        1                             
Checking that every operator was assigned to a functional unit...yes
Binding operator -> functional unit assignments:
  store float %12, float* %sce... (idx: 0) -> main_main_0_mean_local_mem_dual_port_0 (mux inputs: 2)
State: LEGUP_F_main_BB_preheader2
Binding functional unit type: main_0_mean_local_mem_dual_port
Weight matrix for operation/function unit matching:
  %15 = load float* %scevgep10... can share an output register with another operation already assigned to main_main_0_mean_local_mem_dual_port_0
                                                  main_main_0_mean_local_mem_dual_port_0
  %15 = load float* %scevgep10... (idx: 0)        7                             
Solving Bipartite Weighted Matching (minimize weights)...
Assignment matrix after operation/function unit matching:
                                                  main_main_0_mean_local_mem_dual_port_0
  %15 = load float* %scevgep10... (idx: 0)        1                             
Checking that every operator was assigned to a functional unit...yes
Binding operator -> functional unit assignments:
  %15 = load float* %scevgep10... (idx: 0) -> main_main_0_mean_local_mem_dual_port_0 (mux inputs: 3)
State: LEGUP_F_main_BB_preheader2
Binding functional unit type: main_0_stddev_local_mem_dual_port
Weight matrix for operation/function unit matching:
                                                  main_main_0_stddev_local_mem_dual_port_0
  store float 0.000000e+00, fl... (idx: 0)        10                            
Solving Bipartite Weighted Matching (minimize weights)...
Assignment matrix after operation/function unit matching:
                                                  main_main_0_stddev_local_mem_dual_port_0
  store float 0.000000e+00, fl... (idx: 0)        1                             
Checking that every operator was assigned to a functional unit...yes
Binding operator -> functional unit assignments:
  store float 0.000000e+00, fl... (idx: 0) -> main_main_0_stddev_local_mem_dual_port_0 (mux inputs: 1)
State: LEGUP_F_main_BB__16
Binding functional unit type: main_0_data_local_mem_dual_port
Weight matrix for operation/function unit matching:
  %21 = load float* %scevgep7,... can share an output register with another operation already assigned to main_main_0_data_local_mem_dual_port_0
                                                  main_main_0_data_local_mem_dual_port_0
  %21 = load float* %scevgep7,... (idx: 0)        6                             
Solving Bipartite Weighted Matching (minimize weights)...
Assignment matrix after operation/function unit matching:
                                                  main_main_0_data_local_mem_dual_port_0
  %21 = load float* %scevgep7,... (idx: 0)        1                             
Checking that every operator was assigned to a functional unit...yes
Binding operator -> functional unit assignments:
  %21 = load float* %scevgep7,... (idx: 0) -> main_main_0_data_local_mem_dual_port_0 (mux inputs: 2)
State: LEGUP_F_main_BB__16
Binding functional unit type: altfp_subtract_32
Weight matrix for operation/function unit matching:
                                                  main_altfp_subtract_32_0      
  %22 = fsub float %21, %15 (idx: 0)              20                            
Solving Bipartite Weighted Matching (minimize weights)...
Assignment matrix after operation/function unit matching:
                                                  main_altfp_subtract_32_0      
  %22 = fsub float %21, %15 (idx: 0)              1                             
Checking that every operator was assigned to a functional unit...yes
Binding operator -> functional unit assignments:
  %22 = fsub float %21, %15 (idx: 0) -> main_altfp_subtract_32_0 (mux inputs: 2)
State: LEGUP_F_main_BB__16
Binding functional unit type: altfp_multiply_32
Weight matrix for operation/function unit matching:
                                                  main_altfp_multiply_32_0      
  %23 = fmul float %22, %22 (idx: 0)              20                            
Solving Bipartite Weighted Matching (minimize weights)...
Assignment matrix after operation/function unit matching:
                                                  main_altfp_multiply_32_0      
  %23 = fmul float %22, %22 (idx: 0)              1                             
Checking that every operator was assigned to a functional unit...yes
Binding operator -> functional unit assignments:
  %23 = fmul float %22, %22 (idx: 0) -> main_altfp_multiply_32_0 (mux inputs: 1)
State: LEGUP_F_main_BB__16
Binding functional unit type: altfp_add_32
Weight matrix for operation/function unit matching:
                                                  main_altfp_add_32_0           
  %24 = fadd float %17, %23 (idx: 0)              22                            
Solving Bipartite Weighted Matching (minimize weights)...
Assignment matrix after operation/function unit matching:
                                                  main_altfp_add_32_0           
  %24 = fadd float %17, %23 (idx: 0)              1                             
Checking that every operator was assigned to a functional unit...yes
Binding operator -> functional unit assignments:
  %24 = fadd float %17, %23 (idx: 0) -> main_altfp_add_32_0 (mux inputs: 4)
State: LEGUP_F_main_BB__26
Binding functional unit type: altfp_divide_32
Weight matrix for operation/function unit matching:
  %27 = fdiv float %24, 0x3FF3... can share an output register with another operation already assigned to main_altfp_divide_32_0
                                                  main_altfp_divide_32_0        
  %27 = fdiv float %24, 0x3FF3... (idx: 0)        6                             
Solving Bipartite Weighted Matching (minimize weights)...
Assignment matrix after operation/function unit matching:
                                                  main_altfp_divide_32_0        
  %27 = fdiv float %24, 0x3FF3... (idx: 0)        1                             
Checking that every operator was assigned to a functional unit...yes
Binding operator -> functional unit assignments:
  %27 = fdiv float %24, 0x3FF3... (idx: 0) -> main_altfp_divide_32_0 (mux inputs: 2)
State: LEGUP_F_main_BB__26
Binding functional unit type: altfp_multiply_32
Weight matrix for operation/function unit matching:
  %28 = fmul float %27, %27 can share an output register with another operation already assigned to main_altfp_multiply_32_0
                                                  main_altfp_multiply_32_0      
  %28 = fmul float %27, %27 (idx: 0)              16                            
Solving Bipartite Weighted Matching (minimize weights)...
Assignment matrix after operation/function unit matching:
                                                  main_altfp_multiply_32_0      
  %28 = fmul float %27, %27 (idx: 0)              1                             
Checking that every operator was assigned to a functional unit...yes
Binding operator -> functional unit assignments:
  %28 = fmul float %27, %27 (idx: 0) -> main_altfp_multiply_32_0 (mux inputs: 2)
State: LEGUP_F_main_BB__26
Binding functional unit type: main_0_stddev_local_mem_dual_port
Weight matrix for operation/function unit matching:
  store float %30, float* %sce... can share an input with another operation already assigned to main_main_0_stddev_local_mem_dual_port_0
  store float %30, float* %sce... can share an output register with another operation already assigned to main_main_0_stddev_local_mem_dual_port_0
                                                  main_main_0_stddev_local_mem_dual_port_0
  store float %30, float* %sce... (idx: 0)        6                             
Solving Bipartite Weighted Matching (minimize weights)...
Assignment matrix after operation/function unit matching:
                                                  main_main_0_stddev_local_mem_dual_port_0
  store float %30, float* %sce... (idx: 0)        1                             
Checking that every operator was assigned to a functional unit...yes
Binding operator -> functional unit assignments:
  store float %30, float* %sce... (idx: 0) -> main_main_0_stddev_local_mem_dual_port_0 (mux inputs: 2)
State: pipeline_time_0
Binding functional unit type: main_0_data_local_mem_dual_port
Weight matrix for operation/function unit matching:
  store float %42, float* %sce... can share an output register with another operation already assigned to main_main_0_data_local_mem_dual_port_0
                                                  main_main_0_data_local_mem_dual_port_0
  store float %42, float* %sce... (idx: 0)        17                            
Solving Bipartite Weighted Matching (minimize weights)...
Assignment matrix after operation/function unit matching:
                                                  main_main_0_data_local_mem_dual_port_0
  store float %42, float* %sce... (idx: 0)        1                             
Checking that every operator was assigned to a functional unit...yes
Binding operator -> functional unit assignments:
  store float %42, float* %sce... (idx: 0) -> main_main_0_data_local_mem_dual_port_0 (mux inputs: 4)
State: pipeline_time_0
Binding functional unit type: main_0_mean_local_mem_dual_port
Weight matrix for operation/function unit matching:
  %37 = load float* %scevgep3,... can share an output register with another operation already assigned to main_main_0_mean_local_mem_dual_port_0
                                                  main_main_0_mean_local_mem_dual_port_0
  %37 = load float* %scevgep3,... (idx: 0)        8                             
Solving Bipartite Weighted Matching (minimize weights)...
Assignment matrix after operation/function unit matching:
                                                  main_main_0_mean_local_mem_dual_port_0
  %37 = load float* %scevgep3,... (idx: 0)        1                             
Checking that every operator was assigned to a functional unit...yes
Binding operator -> functional unit assignments:
  %37 = load float* %scevgep3,... (idx: 0) -> main_main_0_mean_local_mem_dual_port_0 (mux inputs: 4)
State: pipeline_time_0
Binding functional unit type: main_0_stddev_local_mem_dual_port
Weight matrix for operation/function unit matching:
  %40 = load float* %scevgep, ... can share an output register with another operation already assigned to main_main_0_stddev_local_mem_dual_port_0
                                                  main_main_0_stddev_local_mem_dual_port_0
  %40 = load float* %scevgep, ... (idx: 0)        7                             
Solving Bipartite Weighted Matching (minimize weights)...
Assignment matrix after operation/function unit matching:
                                                  main_main_0_stddev_local_mem_dual_port_0
  %40 = load float* %scevgep, ... (idx: 0)        1                             
Checking that every operator was assigned to a functional unit...yes
Binding operator -> functional unit assignments:
  %40 = load float* %scevgep, ... (idx: 0) -> main_main_0_stddev_local_mem_dual_port_0 (mux inputs: 3)
State: pipeline_time_1
Binding functional unit type: altfp_multiply_32
Weight matrix for operation/function unit matching:
  %41 = fmul float %40, 0x3FF7... can share an output register with another operation already assigned to main_altfp_multiply_32_0
                                                  main_altfp_multiply_32_0      
  %41 = fmul float %40, 0x3FF7... (idx: 0)        7                             
Solving Bipartite Weighted Matching (minimize weights)...
Assignment matrix after operation/function unit matching:
                                                  main_altfp_multiply_32_0      
  %41 = fmul float %40, 0x3FF7... (idx: 0)        1                             
Checking that every operator was assigned to a functional unit...yes
Binding operator -> functional unit assignments:
  %41 = fmul float %40, 0x3FF7... (idx: 0) -> main_altfp_multiply_32_0 (mux inputs: 3)
State: pipeline_time_1
Binding functional unit type: main_0_data_local_mem_dual_port
Weight matrix for operation/function unit matching:
  %38 = load float* %scevgep2,... can share an input with another operation already assigned to main_main_0_data_local_mem_dual_port_0
  %38 = load float* %scevgep2,... can share an output register with another operation already assigned to main_main_0_data_local_mem_dual_port_0
                                                  main_main_0_data_local_mem_dual_port_0
  %38 = load float* %scevgep2,... (idx: 0)        -1                            
Solving Bipartite Weighted Matching (minimize weights)...
Assignment matrix after operation/function unit matching:
                                                  main_main_0_data_local_mem_dual_port_0
  %38 = load float* %scevgep2,... (idx: 0)        1                             
Checking that every operator was assigned to a functional unit...yes
Binding operator -> functional unit assignments:
  %38 = load float* %scevgep2,... (idx: 0) -> main_main_0_data_local_mem_dual_port_0 (mux inputs: 4)
State: pipeline_time_2
Binding functional unit type: altfp_subtract_32
Weight matrix for operation/function unit matching:
  %39 = fsub float %38, %37, !... can share an output register with another operation already assigned to main_altfp_subtract_32_0
                                                  main_altfp_subtract_32_0      
  %39 = fsub float %38, %37, !... (idx: 0)        17                            
Solving Bipartite Weighted Matching (minimize weights)...
Assignment matrix after operation/function unit matching:
                                                  main_altfp_subtract_32_0      
  %39 = fsub float %38, %37, !... (idx: 0)        1                             
Checking that every operator was assigned to a functional unit...yes
Binding operator -> functional unit assignments:
  %39 = fsub float %38, %37, !... (idx: 0) -> main_altfp_subtract_32_0 (mux inputs: 4)
State: pipeline_time_16
Binding functional unit type: altfp_divide_32
Weight matrix for operation/function unit matching:
  %42 = fdiv float %39, %41, !... can share an output register with another operation already assigned to main_altfp_divide_32_0
                                                  main_altfp_divide_32_0        
  %42 = fdiv float %39, %41, !... (idx: 0)        17                            
Solving Bipartite Weighted Matching (minimize weights)...
Assignment matrix after operation/function unit matching:
                                                  main_altfp_divide_32_0        
  %42 = fdiv float %39, %41, !... (idx: 0)        1                             
Checking that every operator was assigned to a functional unit...yes
Binding operator -> functional unit assignments:
  %42 = fdiv float %39, %41, !... (idx: 0) -> main_altfp_divide_32_0 (mux inputs: 4)

