//----------------------------------------------------------------------------//
// Generated by LegUp High-Level Synthesis Tool Version 4.0 (http://legup.org)
// Compiled: Tue Feb 14 19:47:56 2017
// University of Toronto
// For research and academic purposes only. Commercial use is prohibited.
// Please send bugs to: legup@eecg.toronto.edu
// Date: Fri Apr  7 13:44:18 2017
//----------------------------------------------------------------------------//

Found Loop: Loop at depth 2 containing: %34<header><latch><exiting>

Label: loop2
Trip count: 50
Induction variable:   %35 = phi i32 [ 0, %.preheader1 ], [ %43, %34 ]
Found load to ram main_0_mean at index i
Found load to ram main_0_stddev at index i
Found a loop carried dependency:
Distance: 1
Type: Same address
Store to ram: main_0_data at GEP: %scevgep2 I:   store float %42, float* %scevgep2, align 4, !tbaa !1
Load to ram: main_0_data at GEP: %scevgep2 I:   %38 = load float* %scevgep2, align 4, !tbaa !1
distance 1 from:   %43 = add nsw i32 %35, 1 to   %35 = phi i32 [ 0, %.preheader1 ], [ %43, %34 ], !legup.canonical_induction !5
Loop preheader: .preheader1
--------------------------------------------------------------------------------

Calculating resource MII using IMS technique
Constraints from FuName: altfp_divide_32 Issue Slots: 1
-  %42 = fdiv float %39, %41
resMII (due to altfp_divide_32): 1
Constraints from FuName: altfp_multiply_32 Issue Slots: 1
-  %41 = fmul float %40, 0x3FF70A3D80000000
resMII (due to altfp_multiply_32): 1
Constraints from FuName: altfp_subtract_32 Issue Slots: 1
-  %39 = fsub float %38, %37
resMII (due to altfp_subtract_32): 1
Constraints from FuName: main_0_data_local_mem_dual_port Issue Slots: 2
-  %38 = load float* %scevgep2, align 4, !tbaa !1
-  store float %42, float* %scevgep2, align 4, !tbaa !1
resMII (due to main_0_data_local_mem_dual_port): 1
Constraints from FuName: main_0_mean_local_mem_dual_port Issue Slots: 2
-  %37 = load float* %scevgep3, align 4, !tbaa !1
resMII (due to main_0_mean_local_mem_dual_port): 1
Constraints from FuName: main_0_stddev_local_mem_dual_port Issue Slots: 2
-  %40 = load float* %scevgep, align 4, !tbaa !1
resMII (due to main_0_stddev_local_mem_dual_port): 1
Overall resMII: 1
largestPossibleII: 17
resMII: 1
--------------------------------------------------------------------------------
--------------------------------------------------------------------------------
Finding all Loop Recurrences
Found 3 elementary recurrence cycles
Recurrence 1:
delay: 1 I:   %35 = phi i32 [ 0, %.preheader1 ], [ %43, %34 ], !legup.canonical_induction !5
delay: 1 I:   %43 = add nsw i32 %35, 1
distance 1 from:   %43 = add nsw i32 %35, 1 to   %35 = phi i32 [ 0, %.preheader1 ], [ %43, %34 ], !legup.canonical_induction !5
Total cycle delay: 1
Total cycle dependency distance: 1
recMII = ceil(delay/distance) = 1

Recurrence 2:
delay: 1 I:   %38 = load float* %scevgep2, align 4, !tbaa !1
delay: 15 I:   %39 = fsub float %38, %37
delay: 48 I:   %42 = fdiv float %39, %41
delay: 49 I:   store float %42, float* %scevgep2, align 4, !tbaa !1
Total cycle delay: 49
Total cycle dependency distance: 1
recMII = ceil(delay/distance) = 49

Recurrence 3:
delay: 1 I:   %38 = load float* %scevgep2, align 4, !tbaa !1
delay: 2 I:   store float %42, float* %scevgep2, align 4, !tbaa !1
Total cycle delay: 2
Total cycle dependency distance: 1
recMII = ceil(delay/distance) = 2

Overall recMII (max of recMII from all elementary recurrence cycles): 49
--------------------------------------------------------------------------------
Calculating recurrence MII using SDC scheduler
Trying recMII (SDC) = 49
--------------------------------------------------------------------------------
initializing SDC constraints for II = 49
Cross-iteration constraint: start of 'j' >= end of 'i' + chaining - II*distance(i, j)
	chaining: 0 II: 49 distance: 1
	i:   store float %42, float* %scevgep2, align 4, !tbaa !1
	j:   %38 = load float* %scevgep2, align 4, !tbaa !1
distance 1 from:   %43 = add nsw i32 %35, 1 to   %35 = phi i32 [ 0, %.preheader1 ], [ %43, %34 ], !legup.canonical_induction !5
Cross-iteration constraint: start of 'j' >= end of 'i' + chaining - II*distance(i, j)
	chaining: 0 II: 49 distance: 1
	i:   %43 = add nsw i32 %35, 1
	j:   %35 = phi i32 [ 0, %.preheader1 ], [ %43, %34 ], !legup.canonical_induction !5
--------------------------------------------------------------------------------
  Solving SDC LP problem (modulo resource constraints are not modeled in the formulation)
  Found solution to SDC LP problem
recMII = 49 using SDC scheduler
--------------------------------------------------------------------------------
Initial II = 49
--------------------------------------------------------------------------------
initializing SDC constraints for II = 49
Cross-iteration constraint: start of 'j' >= end of 'i' + chaining - II*distance(i, j)
	chaining: 0 II: 49 distance: 1
	i:   store float %42, float* %scevgep2, align 4, !tbaa !1
	j:   %38 = load float* %scevgep2, align 4, !tbaa !1
distance 1 from:   %43 = add nsw i32 %35, 1 to   %35 = phi i32 [ 0, %.preheader1 ], [ %43, %34 ], !legup.canonical_induction !5
Cross-iteration constraint: start of 'j' >= end of 'i' + chaining - II*distance(i, j)
	chaining: 0 II: 49 distance: 1
	i:   %43 = add nsw i32 %35, 1
	j:   %35 = phi i32 [ 0, %.preheader1 ], [ %43, %34 ], !legup.canonical_induction !5
--------------------------------------------------------------------------------
--------------------------------------------------------------------------------
Computing Heights
No children (height=0):   store float %42, float* %scevgep2, align 4, !tbaa !1
No children (height=0):   tail call void @__legup_label(i8* getelementptr inbounds ([6 x i8]* @.str2, i32 0, i32 0)) #2
No children (height=0):   br i1 %exitcond, label %44, label %34
distance 1 from:   %43 = add nsw i32 %35, 1 to   %35 = phi i32 [ 0, %.preheader1 ], [ %43, %34 ], !legup.canonical_induction !5
--------------------------------------------------------------------------------
Height: 0:   %35 = phi i32 [ 0, %.preheader1 ], [ %43, %34 ], !legup.canonical_induction !5
Height: 48:   %36 = add i32 %33, %35
Height: 48:   %scevgep2 = getelementptr [2500 x float]* %data, i32 0, i32 %36
Height: 45:   %scevgep = getelementptr [50 x float]* %stddev, i32 0, i32 %35
Height: 48:   %scevgep3 = getelementptr [50 x float]* %mean, i32 0, i32 %35
Height: 0:   tail call void @__legup_label(i8* getelementptr inbounds ([6 x i8]* @.str2, i32 0, i32 0)) #2
Height: 48:   %37 = load float* %scevgep3, align 4, !tbaa !1
Height: 48:   %38 = load float* %scevgep2, align 4, !tbaa !1
Height: 47:   %39 = fsub float %38, %37
Height: 45:   %40 = load float* %scevgep, align 4, !tbaa !1
Height: 44:   %41 = fmul float %40, 0x3FF70A3D80000000
Height: 33:   %42 = fdiv float %39, %41
Height: 0:   store float %42, float* %scevgep2, align 4, !tbaa !1
Height: 0:   %43 = add nsw i32 %35, 1
Height: 0:   %exitcond = icmp eq i32 %43, 50
Height: 0:   br i1 %exitcond, label %44, label %34
Modulo Scheduler Type: SDC_BACKTRACKING
--------------------------------------------------------------------------------
initializing SDC constraints for II = 49
Cross-iteration constraint: start of 'j' >= end of 'i' + chaining - II*distance(i, j)
	chaining: 0 II: 49 distance: 1
	i:   store float %42, float* %scevgep2, align 4, !tbaa !1
	j:   %38 = load float* %scevgep2, align 4, !tbaa !1
distance 1 from:   %43 = add nsw i32 %35, 1 to   %35 = phi i32 [ 0, %.preheader1 ], [ %43, %34 ], !legup.canonical_induction !5
Cross-iteration constraint: start of 'j' >= end of 'i' + chaining - II*distance(i, j)
	chaining: 0 II: 49 distance: 1
	i:   %43 = add nsw i32 %35, 1
	j:   %35 = phi i32 [ 0, %.preheader1 ], [ %43, %34 ], !legup.canonical_induction !5
--------------------------------------------------------------------------------
  Solving SDC LP problem (modulo resource constraints are not modeled in the formulation)
  Found solution to SDC LP problem
--------------------------------------------------------------------------------
Finding initial ASAP schedule
Time: 0 I:   %37 = load float* %scevgep3, align 4, !tbaa !1
Time: 0 I:   %40 = load float* %scevgep, align 4, !tbaa !1
Time: 1 I:   %38 = load float* %scevgep2, align 4, !tbaa !1
Time: 1 I:   %41 = fmul float %40, 0x3FF70A3D80000000
Time: 2 I:   %39 = fsub float %38, %37
Time: 16 I:   %42 = fdiv float %39, %41
Time: 49 I:   store float %42, float* %scevgep2, align 4, !tbaa !1
--------------------------------------------------------------------------------
--------------------------------------------------------------------------------
Calculating perturbation priority function
Constraining >= 1.00:   %37 = load float* %scevgep3, align 4, !tbaa !1
  Solving SDC LP problem (modulo resource constraints are not modeled in the formulation)
  Found solution to SDC LP problem
Perturbation: 1 for:   %37 = load float* %scevgep3, align 4, !tbaa !1
Constraining >= 2.00:   %38 = load float* %scevgep2, align 4, !tbaa !1
  Solving SDC LP problem (modulo resource constraints are not modeled in the formulation)
  Found solution to SDC LP problem
Perturbation: 4 for:   %38 = load float* %scevgep2, align 4, !tbaa !1
Constraining >= 4.00:   %39 = fsub float %38, %37
  Solving SDC LP problem (modulo resource constraints are not modeled in the formulation)
  Found solution to SDC LP problem
Perturbation: 4 for:   %39 = fsub float %38, %37
Constraining >= 1.00:   %40 = load float* %scevgep, align 4, !tbaa !1
  Solving SDC LP problem (modulo resource constraints are not modeled in the formulation)
  Found solution to SDC LP problem
Perturbation: 2 for:   %40 = load float* %scevgep, align 4, !tbaa !1
Constraining >= 3.00:   %41 = fmul float %40, 0x3FF70A3D80000000
  Solving SDC LP problem (modulo resource constraints are not modeled in the formulation)
  Found solution to SDC LP problem
Perturbation: 1 for:   %41 = fmul float %40, 0x3FF70A3D80000000
Constraining >= 17.00:   %42 = fdiv float %39, %41
  Solving SDC LP problem (modulo resource constraints are not modeled in the formulation)
  Found solution to SDC LP problem
Perturbation: 4 for:   %42 = fdiv float %39, %41
Constraining >= 51.00:   store float %42, float* %scevgep2, align 4, !tbaa !1
  Solving SDC LP problem (modulo resource constraints are not modeled in the formulation)
  Found solution to SDC LP problem
Perturbation: 4 for:   store float %42, float* %scevgep2, align 4, !tbaa !1
  Solving SDC LP problem (modulo resource constraints are not modeled in the formulation)
  Found solution to SDC LP problem
--------------------------------------------------------------------------------
Control Step: 0
Scheduling:   %40 = load float* %scevgep, align 4, !tbaa !1
--------------------------------------------------------------------------------
Is there a conflict (resource or dependency) when scheduling at time slot: 0?
No resource conflict: found available issue slot
Can we schedule instruction at time: 0 ignoring resource constraints?
Constraining == 0.00:   %40 = load float* %scevgep, align 4, !tbaa !1
  Solving SDC LP problem (modulo resource constraints are not modeled in the formulation)
  Found solution to SDC LP problem
Yes. Feasible to schedule instruction at time: 0 ignoring resource constraints.
No dependency conflict when scheduling at time slot: 0.
--------------------------------------------------------------------------------
Successfully scheduled (at time slot: 0):   %40 = load float* %scevgep, align 4, !tbaa !1
TimeSlot: 0 Scheduling:   %40 = load float* %scevgep, align 4, !tbaa !1
Constraining == 0.00:   %40 = load float* %scevgep, align 4, !tbaa !1
Control Step: 0
Scheduling:   %37 = load float* %scevgep3, align 4, !tbaa !1
--------------------------------------------------------------------------------
Is there a conflict (resource or dependency) when scheduling at time slot: 0?
No resource conflict: found available issue slot
Can we schedule instruction at time: 0 ignoring resource constraints?
Constraining == 0.00:   %37 = load float* %scevgep3, align 4, !tbaa !1
  Solving SDC LP problem (modulo resource constraints are not modeled in the formulation)
  Found solution to SDC LP problem
Yes. Feasible to schedule instruction at time: 0 ignoring resource constraints.
No dependency conflict when scheduling at time slot: 0.
--------------------------------------------------------------------------------
Successfully scheduled (at time slot: 0):   %37 = load float* %scevgep3, align 4, !tbaa !1
TimeSlot: 0 Scheduling:   %37 = load float* %scevgep3, align 4, !tbaa !1
Constraining == 0.00:   %37 = load float* %scevgep3, align 4, !tbaa !1
Control Step: 1
Scheduling:   %38 = load float* %scevgep2, align 4, !tbaa !1
--------------------------------------------------------------------------------
Is there a conflict (resource or dependency) when scheduling at time slot: 1?
No resource conflict: found available issue slot
Can we schedule instruction at time: 1 ignoring resource constraints?
Constraining == 1.00:   %38 = load float* %scevgep2, align 4, !tbaa !1
  Solving SDC LP problem (modulo resource constraints are not modeled in the formulation)
  Found solution to SDC LP problem
Yes. Feasible to schedule instruction at time: 1 ignoring resource constraints.
No dependency conflict when scheduling at time slot: 1.
--------------------------------------------------------------------------------
Successfully scheduled (at time slot: 1):   %38 = load float* %scevgep2, align 4, !tbaa !1
TimeSlot: 1 Scheduling:   %38 = load float* %scevgep2, align 4, !tbaa !1
Constraining == 1.00:   %38 = load float* %scevgep2, align 4, !tbaa !1
Control Step: 1
Scheduling:   %41 = fmul float %40, 0x3FF70A3D80000000
--------------------------------------------------------------------------------
Is there a conflict (resource or dependency) when scheduling at time slot: 1?
No resource conflict: found available issue slot
Can we schedule instruction at time: 1 ignoring resource constraints?
Constraining == 1.00:   %41 = fmul float %40, 0x3FF70A3D80000000
  Solving SDC LP problem (modulo resource constraints are not modeled in the formulation)
  Found solution to SDC LP problem
Yes. Feasible to schedule instruction at time: 1 ignoring resource constraints.
No dependency conflict when scheduling at time slot: 1.
--------------------------------------------------------------------------------
Successfully scheduled (at time slot: 1):   %41 = fmul float %40, 0x3FF70A3D80000000
TimeSlot: 1 Scheduling:   %41 = fmul float %40, 0x3FF70A3D80000000
Constraining == 1.00:   %41 = fmul float %40, 0x3FF70A3D80000000
Control Step: 2
Scheduling:   %39 = fsub float %38, %37
--------------------------------------------------------------------------------
Is there a conflict (resource or dependency) when scheduling at time slot: 2?
No resource conflict: found available issue slot
Can we schedule instruction at time: 2 ignoring resource constraints?
Constraining == 2.00:   %39 = fsub float %38, %37
  Solving SDC LP problem (modulo resource constraints are not modeled in the formulation)
  Found solution to SDC LP problem
Yes. Feasible to schedule instruction at time: 2 ignoring resource constraints.
No dependency conflict when scheduling at time slot: 2.
--------------------------------------------------------------------------------
Successfully scheduled (at time slot: 2):   %39 = fsub float %38, %37
TimeSlot: 2 Scheduling:   %39 = fsub float %38, %37
Constraining == 2.00:   %39 = fsub float %38, %37
Control Step: 16
Scheduling:   %42 = fdiv float %39, %41
--------------------------------------------------------------------------------
Is there a conflict (resource or dependency) when scheduling at time slot: 16?
No resource conflict: found available issue slot
Can we schedule instruction at time: 16 ignoring resource constraints?
Constraining == 16.00:   %42 = fdiv float %39, %41
  Solving SDC LP problem (modulo resource constraints are not modeled in the formulation)
  Found solution to SDC LP problem
Yes. Feasible to schedule instruction at time: 16 ignoring resource constraints.
No dependency conflict when scheduling at time slot: 16.
--------------------------------------------------------------------------------
Successfully scheduled (at time slot: 16):   %42 = fdiv float %39, %41
TimeSlot: 16 Scheduling:   %42 = fdiv float %39, %41
Constraining == 16.00:   %42 = fdiv float %39, %41
Control Step: 49
Scheduling:   store float %42, float* %scevgep2, align 4, !tbaa !1
--------------------------------------------------------------------------------
Is there a conflict (resource or dependency) when scheduling at time slot: 49?
No resource conflict: found available issue slot
Can we schedule instruction at time: 49 ignoring resource constraints?
Constraining == 49.00:   store float %42, float* %scevgep2, align 4, !tbaa !1
  Solving SDC LP problem (modulo resource constraints are not modeled in the formulation)
  Found solution to SDC LP problem
Yes. Feasible to schedule instruction at time: 49 ignoring resource constraints.
No dependency conflict when scheduling at time slot: 49.
--------------------------------------------------------------------------------
Successfully scheduled (at time slot: 49):   store float %42, float* %scevgep2, align 4, !tbaa !1
TimeSlot: 49 Scheduling:   store float %42, float* %scevgep2, align 4, !tbaa !1
Constraining == 49.00:   store float %42, float* %scevgep2, align 4, !tbaa !1
Assigning timeslot: 0 to   %35 = phi i32 [ 0, %.preheader1 ], [ %43, %34 ], !legup.canonical_induction !5
Assigning timeslot: 0 to   tail call void @__legup_label(i8* getelementptr inbounds ([6 x i8]* @.str2, i32 0, i32 0)) #2
Assigning timeslot: 0 to   %43 = add nsw i32 %35, 1
Assigning timeslot: 0 to   br i1 %exitcond, label %44, label %34
Assigning timeslot: 0 to   %36 = add i32 %33, %35
Assigning timeslot: 0 to   %exitcond = icmp eq i32 %43, 50
Assigning timeslot: 0 to   %scevgep = getelementptr [50 x float]* %stddev, i32 0, i32 %35
Assigning timeslot: 1 to   %scevgep2 = getelementptr [2500 x float]* %data, i32 0, i32 %36
Assigning timeslot: 0 to   %scevgep3 = getelementptr [50 x float]* %mean, i32 0, i32 %35
Scheduled.
MII = 49
II = 49
Final Modulo Reservation Table:
FuName: altfp_divide_32
time slot: 0 empty
time slot: 1 empty
time slot: 2 empty
time slot: 3 empty
time slot: 4 empty
time slot: 5 empty
time slot: 6 empty
time slot: 7 empty
time slot: 8 empty
time slot: 9 empty
time slot: 10 empty
time slot: 11 empty
time slot: 12 empty
time slot: 13 empty
time slot: 14 empty
time slot: 15 empty
time slot: 16
   issue slot: 0 instr:   %42 = fdiv float %39, %41
time slot: 17 empty
time slot: 18 empty
time slot: 19 empty
time slot: 20 empty
time slot: 21 empty
time slot: 22 empty
time slot: 23 empty
time slot: 24 empty
time slot: 25 empty
time slot: 26 empty
time slot: 27 empty
time slot: 28 empty
time slot: 29 empty
time slot: 30 empty
time slot: 31 empty
time slot: 32 empty
time slot: 33 empty
time slot: 34 empty
time slot: 35 empty
time slot: 36 empty
time slot: 37 empty
time slot: 38 empty
time slot: 39 empty
time slot: 40 empty
time slot: 41 empty
time slot: 42 empty
time slot: 43 empty
time slot: 44 empty
time slot: 45 empty
time slot: 46 empty
time slot: 47 empty
time slot: 48 empty
FuName: altfp_multiply_32
time slot: 0 empty
time slot: 1
   issue slot: 0 instr:   %41 = fmul float %40, 0x3FF70A3D80000000
time slot: 2 empty
time slot: 3 empty
time slot: 4 empty
time slot: 5 empty
time slot: 6 empty
time slot: 7 empty
time slot: 8 empty
time slot: 9 empty
time slot: 10 empty
time slot: 11 empty
time slot: 12 empty
time slot: 13 empty
time slot: 14 empty
time slot: 15 empty
time slot: 16 empty
time slot: 17 empty
time slot: 18 empty
time slot: 19 empty
time slot: 20 empty
time slot: 21 empty
time slot: 22 empty
time slot: 23 empty
time slot: 24 empty
time slot: 25 empty
time slot: 26 empty
time slot: 27 empty
time slot: 28 empty
time slot: 29 empty
time slot: 30 empty
time slot: 31 empty
time slot: 32 empty
time slot: 33 empty
time slot: 34 empty
time slot: 35 empty
time slot: 36 empty
time slot: 37 empty
time slot: 38 empty
time slot: 39 empty
time slot: 40 empty
time slot: 41 empty
time slot: 42 empty
time slot: 43 empty
time slot: 44 empty
time slot: 45 empty
time slot: 46 empty
time slot: 47 empty
time slot: 48 empty
FuName: altfp_subtract_32
time slot: 0 empty
time slot: 1 empty
time slot: 2
   issue slot: 0 instr:   %39 = fsub float %38, %37
time slot: 3 empty
time slot: 4 empty
time slot: 5 empty
time slot: 6 empty
time slot: 7 empty
time slot: 8 empty
time slot: 9 empty
time slot: 10 empty
time slot: 11 empty
time slot: 12 empty
time slot: 13 empty
time slot: 14 empty
time slot: 15 empty
time slot: 16 empty
time slot: 17 empty
time slot: 18 empty
time slot: 19 empty
time slot: 20 empty
time slot: 21 empty
time slot: 22 empty
time slot: 23 empty
time slot: 24 empty
time slot: 25 empty
time slot: 26 empty
time slot: 27 empty
time slot: 28 empty
time slot: 29 empty
time slot: 30 empty
time slot: 31 empty
time slot: 32 empty
time slot: 33 empty
time slot: 34 empty
time slot: 35 empty
time slot: 36 empty
time slot: 37 empty
time slot: 38 empty
time slot: 39 empty
time slot: 40 empty
time slot: 41 empty
time slot: 42 empty
time slot: 43 empty
time slot: 44 empty
time slot: 45 empty
time slot: 46 empty
time slot: 47 empty
time slot: 48 empty
FuName: main_0_data_local_mem_dual_port
time slot: 0
   issue slot: 0 instr:   store float %42, float* %scevgep2, align 4, !tbaa !2
   issue slot: 1 instr: printing a <null> value
time slot: 1
   issue slot: 0 instr:   %38 = load float* %scevgep2, align 4, !tbaa !2
   issue slot: 1 instr: printing a <null> value
time slot: 2 empty
time slot: 3 empty
time slot: 4 empty
time slot: 5 empty
time slot: 6 empty
time slot: 7 empty
time slot: 8 empty
time slot: 9 empty
time slot: 10 empty
time slot: 11 empty
time slot: 12 empty
time slot: 13 empty
time slot: 14 empty
time slot: 15 empty
time slot: 16 empty
time slot: 17 empty
time slot: 18 empty
time slot: 19 empty
time slot: 20 empty
time slot: 21 empty
time slot: 22 empty
time slot: 23 empty
time slot: 24 empty
time slot: 25 empty
time slot: 26 empty
time slot: 27 empty
time slot: 28 empty
time slot: 29 empty
time slot: 30 empty
time slot: 31 empty
time slot: 32 empty
time slot: 33 empty
time slot: 34 empty
time slot: 35 empty
time slot: 36 empty
time slot: 37 empty
time slot: 38 empty
time slot: 39 empty
time slot: 40 empty
time slot: 41 empty
time slot: 42 empty
time slot: 43 empty
time slot: 44 empty
time slot: 45 empty
time slot: 46 empty
time slot: 47 empty
time slot: 48 empty
FuName: main_0_mean_local_mem_dual_port
time slot: 0
   issue slot: 0 instr:   %37 = load float* %scevgep3, align 4, !tbaa !2
   issue slot: 1 instr: printing a <null> value
time slot: 1 empty
time slot: 2 empty
time slot: 3 empty
time slot: 4 empty
time slot: 5 empty
time slot: 6 empty
time slot: 7 empty
time slot: 8 empty
time slot: 9 empty
time slot: 10 empty
time slot: 11 empty
time slot: 12 empty
time slot: 13 empty
time slot: 14 empty
time slot: 15 empty
time slot: 16 empty
time slot: 17 empty
time slot: 18 empty
time slot: 19 empty
time slot: 20 empty
time slot: 21 empty
time slot: 22 empty
time slot: 23 empty
time slot: 24 empty
time slot: 25 empty
time slot: 26 empty
time slot: 27 empty
time slot: 28 empty
time slot: 29 empty
time slot: 30 empty
time slot: 31 empty
time slot: 32 empty
time slot: 33 empty
time slot: 34 empty
time slot: 35 empty
time slot: 36 empty
time slot: 37 empty
time slot: 38 empty
time slot: 39 empty
time slot: 40 empty
time slot: 41 empty
time slot: 42 empty
time slot: 43 empty
time slot: 44 empty
time slot: 45 empty
time slot: 46 empty
time slot: 47 empty
time slot: 48 empty
FuName: main_0_stddev_local_mem_dual_port
time slot: 0
   issue slot: 0 instr:   %40 = load float* %scevgep, align 4, !tbaa !2
   issue slot: 1 instr: printing a <null> value
time slot: 1 empty
time slot: 2 empty
time slot: 3 empty
time slot: 4 empty
time slot: 5 empty
time slot: 6 empty
time slot: 7 empty
time slot: 8 empty
time slot: 9 empty
time slot: 10 empty
time slot: 11 empty
time slot: 12 empty
time slot: 13 empty
time slot: 14 empty
time slot: 15 empty
time slot: 16 empty
time slot: 17 empty
time slot: 18 empty
time slot: 19 empty
time slot: 20 empty
time slot: 21 empty
time slot: 22 empty
time slot: 23 empty
time slot: 24 empty
time slot: 25 empty
time slot: 26 empty
time slot: 27 empty
time slot: 28 empty
time slot: 29 empty
time slot: 30 empty
time slot: 31 empty
time slot: 32 empty
time slot: 33 empty
time slot: 34 empty
time slot: 35 empty
time slot: 36 empty
time slot: 37 empty
time slot: 38 empty
time slot: 39 empty
time slot: 40 empty
time slot: 41 empty
time slot: 42 empty
time slot: 43 empty
time slot: 44 empty
time slot: 45 empty
time slot: 46 empty
time slot: 47 empty
time slot: 48 empty

Final Pipeline Schedule:
Total pipeline stages: 2
Stage: 0
Time: 0 Stage: 0 instr:   %35 = phi i32 [ 0, %.preheader1 ], [ %43, %34 ], !legup.canonical_induction !6
Time: 0 Stage: 0 instr:   %36 = add i32 %33, %35
Time: 0 Stage: 0 instr:   %scevgep = getelementptr [50 x float]* %stddev, i32 0, i32 %35
Time: 0 Stage: 0 instr:   %scevgep3 = getelementptr [50 x float]* %mean, i32 0, i32 %35
Time: 0 Stage: 0 instr:   tail call void @__legup_label(i8* getelementptr inbounds ([6 x i8]* @.str2, i32 0, i32 0)) #2
Time: 0 Stage: 0 instr:   %37 = load float* %scevgep3, align 4, !tbaa !2
Time: 0 Stage: 0 instr:   %40 = load float* %scevgep, align 4, !tbaa !2
Time: 0 Stage: 0 instr:   %43 = add nsw i32 %35, 1
Time: 0 Stage: 0 instr:   %exitcond = icmp eq i32 %43, 50
Time: 0 Stage: 0 instr:   br i1 %exitcond, label %44, label %34
Time: 1 Stage: 0 instr:   %scevgep2 = getelementptr [2500 x float]* %data, i32 0, i32 %36
Time: 1 Stage: 0 instr:   %38 = load float* %scevgep2, align 4, !tbaa !2
Time: 1 Stage: 0 instr:   %41 = fmul float %40, 0x3FF70A3D80000000
Time: 2 Stage: 0 instr:   %39 = fsub float %38, %37
Time: 16 Stage: 0 instr:   %42 = fdiv float %39, %41
Stage: 1
Time: 49 Stage: 1 instr:   store float %42, float* %scevgep2, align 4, !tbaa !2


Pipeline Table:
Total pipeline stages: 2
Stage:                                                                                                                                                                                                                                                                                                                                                                                0                                                                                                                                                                                                                                                                                                                                                                                                                                                                                                                                                                                                                                                                                                                                                              1
   II:        0              1              2              3              4              5              6              7              8              9             10             11             12             13             14             15             16             17             18             19             20             21             22             23             24             25             26             27             28             29             30             31             32             33             34             35             36             37             38             39             40             41             42             43             44             45             46             47             48     |        0              1              2              3              4              5              6              7              8              9             10             11             12             13             14             15             16             17             18             19             20             21             22             23             24             25             26             27             28             29             30             31             32             33             34             35             36             37             38             39             40             41             42             43             44             45             46             47             48
 Time:        0              1              2              3              4              5              6              7              8              9             10             11             12             13             14             15             16             17             18             19             20             21             22             23             24             25             26             27             28             29             30             31             32             33             34             35             36             37             38             39             40             41             42             43             44             45             46             47             48     |       49             50             51             52             53             54             55             56             57             58             59             60             61             62             63             64             65             66             67             68             69             70             71             72             73             74             75             76             77             78             79             80             81             82             83             84             85             86             87             88             89             90             91             92             93             94             95             96             97
            %35              -              -              -              -              -              -              -              -              -              -              -              -              -              -              -              -              -              -              -              -              -              -              -              -              -              -              -              -              -              -              -              -              -              -              -              -              -              -              -              -              -              -              -              -              -              -              -              -            %35              -              -              -              -              -              -              -              -              -              -              -              -              -              -              -              -              -              -              -              -              -              -              -              -              -              -              -              -              -              -              -              -              -              -              -              -              -              -              -              -              -              -              -              -              -              -              -              -
            %36              -              -              -              -              -              -              -              -              -              -              -              -              -              -              -              -              -              -              -              -              -              -              -              -              -              -              -              -              -              -              -              -              -              -              -              -              -              -              -              -              -              -              -              -              -              -              -              -            %36              -              -              -              -              -              -              -              -              -              -              -              -              -              -              -              -              -              -              -              -              -              -              -              -              -              -              -              -              -              -              -              -              -              -              -              -              -              -              -              -              -              -              -              -              -              -              -              -
              -      %scevgep2              -              -              -              -              -              -              -              -              -              -              -              -              -              -              -              -              -              -              -              -              -              -              -              -              -              -              -              -              -              -              -              -              -              -              -              -              -              -              -              -              -              -              -              -              -              -              -              -      %scevgep2              -              -              -              -              -              -              -              -              -              -              -              -              -              -              -              -              -              -              -              -              -              -              -              -              -              -              -              -              -              -              -              -              -              -              -              -              -              -              -              -              -              -              -              -              -              -              -
       %scevgep              -              -              -              -              -              -              -              -              -              -              -              -              -              -              -              -              -              -              -              -              -              -              -              -              -              -              -              -              -              -              -              -              -              -              -              -              -              -              -              -              -              -              -              -              -              -              -              -       %scevgep              -              -              -              -              -              -              -              -              -              -              -              -              -              -              -              -              -              -              -              -              -              -              -              -              -              -              -              -              -              -              -              -              -              -              -              -              -              -              -              -              -              -              -              -              -              -              -              -
      %scevgep3              -              -              -              -              -              -              -              -              -              -              -              -              -              -              -              -              -              -              -              -              -              -              -              -              -              -              -              -              -              -              -              -              -              -              -              -              -              -              -              -              -              -              -              -              -              -              -              -      %scevgep3              -              -              -              -              -              -              -              -              -              -              -              -              -              -              -              -              -              -              -              -              -              -              -              -              -              -              -              -              -              -              -              -              -              -              -              -              -              -              -              -              -              -              -              -              -              -              -              -
       <badref>              -              -              -              -              -              -              -              -              -              -              -              -              -              -              -              -              -              -              -              -              -              -              -              -              -              -              -              -              -              -              -              -              -              -              -              -              -              -              -              -              -              -              -              -              -              -              -              -       <badref>              -              -              -              -              -              -              -              -              -              -              -              -              -              -              -              -              -              -              -              -              -              -              -              -              -              -              -              -              -              -              -              -              -              -              -              -              -              -              -              -              -              -              -              -              -              -              -              -
            %37              -              -              -              -              -              -              -              -              -              -              -              -              -              -              -              -              -              -              -              -              -              -              -              -              -              -              -              -              -              -              -              -              -              -              -              -              -              -              -              -              -              -              -              -              -              -              -              -            %37              -              -              -              -              -              -              -              -              -              -              -              -              -              -              -              -              -              -              -              -              -              -              -              -              -              -              -              -              -              -              -              -              -              -              -              -              -              -              -              -              -              -              -              -              -              -              -              -
              -            %38              -              -              -              -              -              -              -              -              -              -              -              -              -              -              -              -              -              -              -              -              -              -              -              -              -              -              -              -              -              -              -              -              -              -              -              -              -              -              -              -              -              -              -              -              -              -              -              -            %38              -              -              -              -              -              -              -              -              -              -              -              -              -              -              -              -              -              -              -              -              -              -              -              -              -              -              -              -              -              -              -              -              -              -              -              -              -              -              -              -              -              -              -              -              -              -              -
              -              -            %39              -              -              -              -              -              -              -              -              -              -              -              -              -              -              -              -              -              -              -              -              -              -              -              -              -              -              -              -              -              -              -              -              -              -              -              -              -              -              -              -              -              -              -              -              -              -              -              -            %39              -              -              -              -              -              -              -              -              -              -              -              -              -              -              -              -              -              -              -              -              -              -              -              -              -              -              -              -              -              -              -              -              -              -              -              -              -              -              -              -              -              -              -              -              -              -
            %40              -              -              -              -              -              -              -              -              -              -              -              -              -              -              -              -              -              -              -              -              -              -              -              -              -              -              -              -              -              -              -              -              -              -              -              -              -              -              -              -              -              -              -              -              -              -              -              -            %40              -              -              -              -              -              -              -              -              -              -              -              -              -              -              -              -              -              -              -              -              -              -              -              -              -              -              -              -              -              -              -              -              -              -              -              -              -              -              -              -              -              -              -              -              -              -              -              -
              -            %41              -              -              -              -              -              -              -              -              -              -              -              -              -              -              -              -              -              -              -              -              -              -              -              -              -              -              -              -              -              -              -              -              -              -              -              -              -              -              -              -              -              -              -              -              -              -              -              -            %41              -              -              -              -              -              -              -              -              -              -              -              -              -              -              -              -              -              -              -              -              -              -              -              -              -              -              -              -              -              -              -              -              -              -              -              -              -              -              -              -              -              -              -              -              -              -              -
              -              -              -              -              -              -              -              -              -              -              -              -              -              -              -              -            %42              -              -              -              -              -              -              -              -              -              -              -              -              -              -              -              -              -              -              -              -              -              -              -              -              -              -              -              -              -              -              -              -              -              -              -              -              -              -              -              -              -              -              -              -              -              -              -              -            %42              -              -              -              -              -              -              -              -              -              -              -              -              -              -              -              -              -              -              -              -              -              -              -              -              -              -              -              -              -              -              -              -
              -              -              -              -              -              -              -              -              -              -              -              -              -              -              -              -              -              -              -              -              -              -              -              -              -              -              -              -              -              -              -              -              -              -              -              -              -              -              -              -              -              -              -              -              -              -              -              -              -       <badref>              -              -              -              -              -              -              -              -              -              -              -              -              -              -              -              -              -              -              -              -              -              -              -              -              -              -              -              -              -              -              -              -              -              -              -              -              -              -              -              -              -              -              -              -              -              -              -              -
            %43              -              -              -              -              -              -              -              -              -              -              -              -              -              -              -              -              -              -              -              -              -              -              -              -              -              -              -              -              -              -              -              -              -              -              -              -              -              -              -              -              -              -              -              -              -              -              -              -            %43              -              -              -              -              -              -              -              -              -              -              -              -              -              -              -              -              -              -              -              -              -              -              -              -              -              -              -              -              -              -              -              -              -              -              -              -              -              -              -              -              -              -              -              -              -              -              -              -
      %exitcond              -              -              -              -              -              -              -              -              -              -              -              -              -              -              -              -              -              -              -              -              -              -              -              -              -              -              -              -              -              -              -              -              -              -              -              -              -              -              -              -              -              -              -              -              -              -              -              -      %exitcond              -              -              -              -              -              -              -              -              -              -              -              -              -              -              -              -              -              -              -              -              -              -              -              -              -              -              -              -              -              -              -              -              -              -              -              -              -              -              -              -              -              -              -              -              -              -              -              -
       <badref>              -              -              -              -              -              -              -              -              -              -              -              -              -              -              -              -              -              -              -              -              -              -              -              -              -              -              -              -              -              -              -              -              -              -              -              -              -              -              -              -              -              -              -              -              -              -              -              -       <badref>              -              -              -              -              -              -              -              -              -              -              -              -              -              -              -              -              -              -              -              -              -              -              -              -              -              -              -              -              -              -              -              -              -              -              -              -              -              -              -              -              -              -              -              -              -              -              -              -

