//----------------------------------------------------------------------------//
// Generated by LegUp High-Level Synthesis Tool Version 4.0 (http://legup.org)
// Compiled: Tue Feb 14 19:47:56 2017
// University of Toronto
// For research and academic purposes only. Commercial use is prohibited.
// Please send bugs to: legup@eecg.toronto.edu
// Date: Fri Apr  7 13:44:18 2017
//----------------------------------------------------------------------------//

-------------------------- Datapath Operation Usage --------------------------

Operation "unknown" x 37 
Operation "altfp_add_32" x 2 
Operation "altfp_divide_32" x 3 
Operation "altfp_multiply_32" x 3 
Operation "altfp_subtract_32" x 2 
Operation "signed_add_32" x 9 
Operation "signed_comp_eq_32" x 6 
Operation "signed_comp_eq_mux_32" x 1 
Operation "signed_comp_ugt_32" x 1 
Operation "signed_multiply_32" x 3 

----------------------------- General Information -----------------------------

Number of declared variables in main: 55
Critical path contains operation: altfp_divide_32

------------------------------ Resource Estimate ------------------------------

Fmax: 209 MHz
Note: Assuming only 87 DSPs available
Warning: These estimates don't account for binding yet!
Logic Elements: 10627
    Combinational: 13639
    Registers: 1543
DSP Elements: 9
