//----------------------------------------------------------------------------//
// Generated by LegUp High-Level Synthesis Tool Version 4.0 (http://legup.org)
// Compiled: Tue Feb 14 19:47:56 2017
// University of Toronto
// For research and academic purposes only. Commercial use is prohibited.
// Please send bugs to: legup@eecg.toronto.edu
// Date: Fri Apr  7 13:44:18 2017
//----------------------------------------------------------------------------//

Target Family: CycloneV
Clock period constraint: 2.000000e+01ns
Start Function: main
state: LEGUP_0
   Transition: if (start): LEGUP_F_main_BB__0_1 default: LEGUP_0
state: LEGUP_F_main_BB__0_1
   %data = alloca [2500 x float], align 4 (endState: LEGUP_F_main_BB__0_1)
   %mean = alloca [50 x float], align 4 (endState: LEGUP_F_main_BB__0_1)
   %stddev = alloca [50 x float], align 4 (endState: LEGUP_F_main_BB__0_1)
   br label %1
   Transition: default: LEGUP_F_main_BB__1_2
state: LEGUP_F_main_BB__1_2
   %2 = phi i32 [ 0, %0 ], [ %13, %11 ] (endState: LEGUP_F_main_BB__1_2)
   %scevgep16 = getelementptr [50 x float]* %mean, i32 0, i32 %2 (endState: LEGUP_F_main_BB__1_2)
   store float 0.000000e+00, float* %scevgep16, align 4, !tbaa !2 (endState: LEGUP_F_main_BB__1_3)
   Transition: default: LEGUP_F_main_BB__1_3
state: LEGUP_F_main_BB__1_3
   br label %3
   Transition: default: LEGUP_F_main_BB__3_4
state: LEGUP_F_main_BB__3_4
   %4 = phi float [ 0.000000e+00, %1 ], [ %9, %3 ] (endState: LEGUP_F_main_BB__3_4)
   %5 = phi i32 [ 0, %1 ], [ %10, %3 ] (endState: LEGUP_F_main_BB__3_4)
   %6 = mul i32 %5, 50 (endState: LEGUP_F_main_BB__3_5)
   %10 = add nsw i32 %5, 1 (endState: LEGUP_F_main_BB__3_4)
   %exitcond12 = icmp eq i32 %10, 50 (endState: LEGUP_F_main_BB__3_4)
   Transition: default: LEGUP_F_main_BB__3_5
state: LEGUP_F_main_BB__3_5
   %7 = add i32 %2, %6 (endState: LEGUP_F_main_BB__3_5)
   Transition: default: LEGUP_F_main_BB__3_6
state: LEGUP_F_main_BB__3_6
   %scevgep13 = getelementptr [2500 x float]* %data, i32 0, i32 %7 (endState: LEGUP_F_main_BB__3_6)
   %8 = load float* %scevgep13, align 4, !tbaa !2 (endState: LEGUP_F_main_BB__3_7)
   Transition: default: LEGUP_F_main_BB__3_7
state: LEGUP_F_main_BB__3_7
   %9 = fadd float %8, %4 (endState: LEGUP_F_main_BB__3_21)
   Transition: default: LEGUP_F_main_BB__3_8
state: LEGUP_F_main_BB__3_8
   Transition: default: LEGUP_F_main_BB__3_9
state: LEGUP_F_main_BB__3_9
   Transition: default: LEGUP_F_main_BB__3_10
state: LEGUP_F_main_BB__3_10
   Transition: default: LEGUP_F_main_BB__3_11
state: LEGUP_F_main_BB__3_11
   Transition: default: LEGUP_F_main_BB__3_12
state: LEGUP_F_main_BB__3_12
   Transition: default: LEGUP_F_main_BB__3_13
state: LEGUP_F_main_BB__3_13
   Transition: default: LEGUP_F_main_BB__3_14
state: LEGUP_F_main_BB__3_14
   Transition: default: LEGUP_F_main_BB__3_15
state: LEGUP_F_main_BB__3_15
   Transition: default: LEGUP_F_main_BB__3_16
state: LEGUP_F_main_BB__3_16
   Transition: default: LEGUP_F_main_BB__3_17
state: LEGUP_F_main_BB__3_17
   Transition: default: LEGUP_F_main_BB__3_18
state: LEGUP_F_main_BB__3_18
   Transition: default: LEGUP_F_main_BB__3_19
state: LEGUP_F_main_BB__3_19
   Transition: default: LEGUP_F_main_BB__3_20
state: LEGUP_F_main_BB__3_20
   Transition: default: LEGUP_F_main_BB__3_21
state: LEGUP_F_main_BB__3_21
   br i1 %exitcond12, label %11, label %3
   Transition: if (%exitcond12): LEGUP_F_main_BB__11_22 default: LEGUP_F_main_BB__3_4
state: LEGUP_F_main_BB__11_22
   %12 = fdiv float %9, 0x3FF3333340000000 (endState: LEGUP_F_main_BB__11_55)
   %13 = add nsw i32 %2, 1 (endState: LEGUP_F_main_BB__11_22)
   %exitcond14 = icmp eq i32 %13, 50 (endState: LEGUP_F_main_BB__11_22)
   Transition: default: LEGUP_F_main_BB__11_23
state: LEGUP_F_main_BB__11_23
   Transition: default: LEGUP_F_main_BB__11_24
state: LEGUP_F_main_BB__11_24
   Transition: default: LEGUP_F_main_BB__11_25
state: LEGUP_F_main_BB__11_25
   Transition: default: LEGUP_F_main_BB__11_26
state: LEGUP_F_main_BB__11_26
   Transition: default: LEGUP_F_main_BB__11_27
state: LEGUP_F_main_BB__11_27
   Transition: default: LEGUP_F_main_BB__11_28
state: LEGUP_F_main_BB__11_28
   Transition: default: LEGUP_F_main_BB__11_29
state: LEGUP_F_main_BB__11_29
   Transition: default: LEGUP_F_main_BB__11_30
state: LEGUP_F_main_BB__11_30
   Transition: default: LEGUP_F_main_BB__11_31
state: LEGUP_F_main_BB__11_31
   Transition: default: LEGUP_F_main_BB__11_32
state: LEGUP_F_main_BB__11_32
   Transition: default: LEGUP_F_main_BB__11_33
state: LEGUP_F_main_BB__11_33
   Transition: default: LEGUP_F_main_BB__11_34
state: LEGUP_F_main_BB__11_34
   Transition: default: LEGUP_F_main_BB__11_35
state: LEGUP_F_main_BB__11_35
   Transition: default: LEGUP_F_main_BB__11_36
state: LEGUP_F_main_BB__11_36
   Transition: default: LEGUP_F_main_BB__11_37
state: LEGUP_F_main_BB__11_37
   Transition: default: LEGUP_F_main_BB__11_38
state: LEGUP_F_main_BB__11_38
   Transition: default: LEGUP_F_main_BB__11_39
state: LEGUP_F_main_BB__11_39
   Transition: default: LEGUP_F_main_BB__11_40
state: LEGUP_F_main_BB__11_40
   Transition: default: LEGUP_F_main_BB__11_41
state: LEGUP_F_main_BB__11_41
   Transition: default: LEGUP_F_main_BB__11_42
state: LEGUP_F_main_BB__11_42
   Transition: default: LEGUP_F_main_BB__11_43
state: LEGUP_F_main_BB__11_43
   Transition: default: LEGUP_F_main_BB__11_44
state: LEGUP_F_main_BB__11_44
   Transition: default: LEGUP_F_main_BB__11_45
state: LEGUP_F_main_BB__11_45
   Transition: default: LEGUP_F_main_BB__11_46
state: LEGUP_F_main_BB__11_46
   Transition: default: LEGUP_F_main_BB__11_47
state: LEGUP_F_main_BB__11_47
   Transition: default: LEGUP_F_main_BB__11_48
state: LEGUP_F_main_BB__11_48
   Transition: default: LEGUP_F_main_BB__11_49
state: LEGUP_F_main_BB__11_49
   Transition: default: LEGUP_F_main_BB__11_50
state: LEGUP_F_main_BB__11_50
   Transition: default: LEGUP_F_main_BB__11_51
state: LEGUP_F_main_BB__11_51
   Transition: default: LEGUP_F_main_BB__11_52
state: LEGUP_F_main_BB__11_52
   Transition: default: LEGUP_F_main_BB__11_53
state: LEGUP_F_main_BB__11_53
   Transition: default: LEGUP_F_main_BB__11_54
state: LEGUP_F_main_BB__11_54
   Transition: default: LEGUP_F_main_BB__11_55
state: LEGUP_F_main_BB__11_55
   store float %12, float* %scevgep16, align 4, !tbaa !2 (endState: LEGUP_F_main_BB__11_56)
   Transition: default: LEGUP_F_main_BB__11_56
state: LEGUP_F_main_BB__11_56
   br i1 %exitcond14, label %.preheader2.preheader, label %1
   Transition: if (%exitcond14): LEGUP_F_main_BB_preheader2preheader_57 default: LEGUP_F_main_BB__1_2
state: LEGUP_F_main_BB_preheader2preheader_57
   br label %.preheader2
   Transition: default: LEGUP_F_main_BB_preheader2_58
state: LEGUP_F_main_BB_preheader2_58
   %14 = phi i32 [ %31, %26 ], [ 0, %.preheader2.preheader ] (endState: LEGUP_F_main_BB_preheader2_58)
   %scevgep10 = getelementptr [50 x float]* %mean, i32 0, i32 %14 (endState: LEGUP_F_main_BB_preheader2_58)
   %scevgep11 = getelementptr [50 x float]* %stddev, i32 0, i32 %14 (endState: LEGUP_F_main_BB_preheader2_58)
   tail call void @__legup_label(i8* getelementptr inbounds ([6 x i8]* @.str, i32 0, i32 0)) #2 (endState: LEGUP_F_main_BB_preheader2_58)
   store float 0.000000e+00, float* %scevgep11, align 4, !tbaa !2 (endState: LEGUP_F_main_BB_preheader2_59)
   %15 = load float* %scevgep10, align 4, !tbaa !2 (endState: LEGUP_F_main_BB_preheader2_59)
   Transition: default: LEGUP_F_main_BB_preheader2_59
state: LEGUP_F_main_BB_preheader2_59
   br label %16
   Transition: default: LEGUP_F_main_BB__16_60
state: LEGUP_F_main_BB__16_60
   %17 = phi float [ 0.000000e+00, %.preheader2 ], [ %24, %16 ] (endState: LEGUP_F_main_BB__16_60)
   %18 = phi i32 [ 0, %.preheader2 ], [ %25, %16 ] (endState: LEGUP_F_main_BB__16_60)
   %19 = mul i32 %18, 50 (endState: LEGUP_F_main_BB__16_61)
   %25 = add nsw i32 %18, 1 (endState: LEGUP_F_main_BB__16_60)
   %exitcond6 = icmp eq i32 %25, 50 (endState: LEGUP_F_main_BB__16_60)
   Transition: default: LEGUP_F_main_BB__16_61
state: LEGUP_F_main_BB__16_61
   %20 = add i32 %14, %19 (endState: LEGUP_F_main_BB__16_61)
   Transition: default: LEGUP_F_main_BB__16_62
state: LEGUP_F_main_BB__16_62
   %scevgep7 = getelementptr [2500 x float]* %data, i32 0, i32 %20 (endState: LEGUP_F_main_BB__16_62)
   %21 = load float* %scevgep7, align 4, !tbaa !2 (endState: LEGUP_F_main_BB__16_63)
   Transition: default: LEGUP_F_main_BB__16_63
state: LEGUP_F_main_BB__16_63
   %22 = fsub float %21, %15 (endState: LEGUP_F_main_BB__16_77)
   Transition: default: LEGUP_F_main_BB__16_64
state: LEGUP_F_main_BB__16_64
   Transition: default: LEGUP_F_main_BB__16_65
state: LEGUP_F_main_BB__16_65
   Transition: default: LEGUP_F_main_BB__16_66
state: LEGUP_F_main_BB__16_66
   Transition: default: LEGUP_F_main_BB__16_67
state: LEGUP_F_main_BB__16_67
   Transition: default: LEGUP_F_main_BB__16_68
state: LEGUP_F_main_BB__16_68
   Transition: default: LEGUP_F_main_BB__16_69
state: LEGUP_F_main_BB__16_69
   Transition: default: LEGUP_F_main_BB__16_70
state: LEGUP_F_main_BB__16_70
   Transition: default: LEGUP_F_main_BB__16_71
state: LEGUP_F_main_BB__16_71
   Transition: default: LEGUP_F_main_BB__16_72
state: LEGUP_F_main_BB__16_72
   Transition: default: LEGUP_F_main_BB__16_73
state: LEGUP_F_main_BB__16_73
   Transition: default: LEGUP_F_main_BB__16_74
state: LEGUP_F_main_BB__16_74
   Transition: default: LEGUP_F_main_BB__16_75
state: LEGUP_F_main_BB__16_75
   Transition: default: LEGUP_F_main_BB__16_76
state: LEGUP_F_main_BB__16_76
   Transition: default: LEGUP_F_main_BB__16_77
state: LEGUP_F_main_BB__16_77
   %23 = fmul float %22, %22 (endState: LEGUP_F_main_BB__16_88)
   Transition: default: LEGUP_F_main_BB__16_78
state: LEGUP_F_main_BB__16_78
   Transition: default: LEGUP_F_main_BB__16_79
state: LEGUP_F_main_BB__16_79
   Transition: default: LEGUP_F_main_BB__16_80
state: LEGUP_F_main_BB__16_80
   Transition: default: LEGUP_F_main_BB__16_81
state: LEGUP_F_main_BB__16_81
   Transition: default: LEGUP_F_main_BB__16_82
state: LEGUP_F_main_BB__16_82
   Transition: default: LEGUP_F_main_BB__16_83
state: LEGUP_F_main_BB__16_83
   Transition: default: LEGUP_F_main_BB__16_84
state: LEGUP_F_main_BB__16_84
   Transition: default: LEGUP_F_main_BB__16_85
state: LEGUP_F_main_BB__16_85
   Transition: default: LEGUP_F_main_BB__16_86
state: LEGUP_F_main_BB__16_86
   Transition: default: LEGUP_F_main_BB__16_87
state: LEGUP_F_main_BB__16_87
   Transition: default: LEGUP_F_main_BB__16_88
state: LEGUP_F_main_BB__16_88
   %24 = fadd float %17, %23 (endState: LEGUP_F_main_BB__16_102)
   Transition: default: LEGUP_F_main_BB__16_89
state: LEGUP_F_main_BB__16_89
   Transition: default: LEGUP_F_main_BB__16_90
state: LEGUP_F_main_BB__16_90
   Transition: default: LEGUP_F_main_BB__16_91
state: LEGUP_F_main_BB__16_91
   Transition: default: LEGUP_F_main_BB__16_92
state: LEGUP_F_main_BB__16_92
   Transition: default: LEGUP_F_main_BB__16_93
state: LEGUP_F_main_BB__16_93
   Transition: default: LEGUP_F_main_BB__16_94
state: LEGUP_F_main_BB__16_94
   Transition: default: LEGUP_F_main_BB__16_95
state: LEGUP_F_main_BB__16_95
   Transition: default: LEGUP_F_main_BB__16_96
state: LEGUP_F_main_BB__16_96
   Transition: default: LEGUP_F_main_BB__16_97
state: LEGUP_F_main_BB__16_97
   Transition: default: LEGUP_F_main_BB__16_98
state: LEGUP_F_main_BB__16_98
   Transition: default: LEGUP_F_main_BB__16_99
state: LEGUP_F_main_BB__16_99
   Transition: default: LEGUP_F_main_BB__16_100
state: LEGUP_F_main_BB__16_100
   Transition: default: LEGUP_F_main_BB__16_101
state: LEGUP_F_main_BB__16_101
   Transition: default: LEGUP_F_main_BB__16_102
state: LEGUP_F_main_BB__16_102
   br i1 %exitcond6, label %26, label %16
   Transition: if (%exitcond6): LEGUP_F_main_BB__26_103 default: LEGUP_F_main_BB__16_60
state: LEGUP_F_main_BB__26_103
   %27 = fdiv float %24, 0x3FF3333340000000 (endState: LEGUP_F_main_BB__26_136)
   %31 = add nsw i32 %14, 1 (endState: LEGUP_F_main_BB__26_103)
   %exitcond8 = icmp eq i32 %31, 50 (endState: LEGUP_F_main_BB__26_103)
   Transition: default: LEGUP_F_main_BB__26_104
state: LEGUP_F_main_BB__26_104
   Transition: default: LEGUP_F_main_BB__26_105
state: LEGUP_F_main_BB__26_105
   Transition: default: LEGUP_F_main_BB__26_106
state: LEGUP_F_main_BB__26_106
   Transition: default: LEGUP_F_main_BB__26_107
state: LEGUP_F_main_BB__26_107
   Transition: default: LEGUP_F_main_BB__26_108
state: LEGUP_F_main_BB__26_108
   Transition: default: LEGUP_F_main_BB__26_109
state: LEGUP_F_main_BB__26_109
   Transition: default: LEGUP_F_main_BB__26_110
state: LEGUP_F_main_BB__26_110
   Transition: default: LEGUP_F_main_BB__26_111
state: LEGUP_F_main_BB__26_111
   Transition: default: LEGUP_F_main_BB__26_112
state: LEGUP_F_main_BB__26_112
   Transition: default: LEGUP_F_main_BB__26_113
state: LEGUP_F_main_BB__26_113
   Transition: default: LEGUP_F_main_BB__26_114
state: LEGUP_F_main_BB__26_114
   Transition: default: LEGUP_F_main_BB__26_115
state: LEGUP_F_main_BB__26_115
   Transition: default: LEGUP_F_main_BB__26_116
state: LEGUP_F_main_BB__26_116
   Transition: default: LEGUP_F_main_BB__26_117
state: LEGUP_F_main_BB__26_117
   Transition: default: LEGUP_F_main_BB__26_118
state: LEGUP_F_main_BB__26_118
   Transition: default: LEGUP_F_main_BB__26_119
state: LEGUP_F_main_BB__26_119
   Transition: default: LEGUP_F_main_BB__26_120
state: LEGUP_F_main_BB__26_120
   Transition: default: LEGUP_F_main_BB__26_121
state: LEGUP_F_main_BB__26_121
   Transition: default: LEGUP_F_main_BB__26_122
state: LEGUP_F_main_BB__26_122
   Transition: default: LEGUP_F_main_BB__26_123
state: LEGUP_F_main_BB__26_123
   Transition: default: LEGUP_F_main_BB__26_124
state: LEGUP_F_main_BB__26_124
   Transition: default: LEGUP_F_main_BB__26_125
state: LEGUP_F_main_BB__26_125
   Transition: default: LEGUP_F_main_BB__26_126
state: LEGUP_F_main_BB__26_126
   Transition: default: LEGUP_F_main_BB__26_127
state: LEGUP_F_main_BB__26_127
   Transition: default: LEGUP_F_main_BB__26_128
state: LEGUP_F_main_BB__26_128
   Transition: default: LEGUP_F_main_BB__26_129
state: LEGUP_F_main_BB__26_129
   Transition: default: LEGUP_F_main_BB__26_130
state: LEGUP_F_main_BB__26_130
   Transition: default: LEGUP_F_main_BB__26_131
state: LEGUP_F_main_BB__26_131
   Transition: default: LEGUP_F_main_BB__26_132
state: LEGUP_F_main_BB__26_132
   Transition: default: LEGUP_F_main_BB__26_133
state: LEGUP_F_main_BB__26_133
   Transition: default: LEGUP_F_main_BB__26_134
state: LEGUP_F_main_BB__26_134
   Transition: default: LEGUP_F_main_BB__26_135
state: LEGUP_F_main_BB__26_135
   Transition: default: LEGUP_F_main_BB__26_136
state: LEGUP_F_main_BB__26_136
   %28 = fmul float %27, %27 (endState: LEGUP_F_main_BB__26_147)
   Transition: default: LEGUP_F_main_BB__26_137
state: LEGUP_F_main_BB__26_137
   Transition: default: LEGUP_F_main_BB__26_138
state: LEGUP_F_main_BB__26_138
   Transition: default: LEGUP_F_main_BB__26_139
state: LEGUP_F_main_BB__26_139
   Transition: default: LEGUP_F_main_BB__26_140
state: LEGUP_F_main_BB__26_140
   Transition: default: LEGUP_F_main_BB__26_141
state: LEGUP_F_main_BB__26_141
   Transition: default: LEGUP_F_main_BB__26_142
state: LEGUP_F_main_BB__26_142
   Transition: default: LEGUP_F_main_BB__26_143
state: LEGUP_F_main_BB__26_143
   Transition: default: LEGUP_F_main_BB__26_144
state: LEGUP_F_main_BB__26_144
   Transition: default: LEGUP_F_main_BB__26_145
state: LEGUP_F_main_BB__26_145
   Transition: default: LEGUP_F_main_BB__26_146
state: LEGUP_F_main_BB__26_146
   Transition: default: LEGUP_F_main_BB__26_147
state: LEGUP_F_main_BB__26_147
   %29 = fcmp ugt float %28, 0x3FB99999A0000000 (endState: LEGUP_F_main_BB__26_148)
   Transition: default: LEGUP_F_main_BB__26_148
state: LEGUP_F_main_BB__26_148
   %30 = select i1 %29, float %28, float 1.000000e+00 (endState: LEGUP_F_main_BB__26_148)
   store float %30, float* %scevgep11, align 4, !tbaa !2 (endState: LEGUP_F_main_BB__26_149)
   Transition: default: LEGUP_F_main_BB__26_149
state: LEGUP_F_main_BB__26_149
   br i1 %exitcond8, label %.preheader1.preheader, label %.preheader2
   Transition: if (%exitcond8): LEGUP_F_main_BB_preheader1preheader_150 default: LEGUP_F_main_BB_preheader2_58
state: LEGUP_F_main_BB_preheader1preheader_150
   br label %.preheader1
   Transition: default: LEGUP_F_main_BB_preheader1_151
state: LEGUP_F_main_BB_preheader1_151
   %32 = phi i32 [ %45, %44 ], [ 0, %.preheader1.preheader ] (endState: LEGUP_F_main_BB_preheader1_151)
   %33 = mul i32 %32, 50 (endState: LEGUP_F_main_BB_preheader1_152)
   tail call void @__legup_label(i8* getelementptr inbounds ([6 x i8]* @.str1, i32 0, i32 0)) #2 (endState: LEGUP_F_main_BB_preheader1_151)
   Transition: default: LEGUP_F_main_BB_preheader1_152
state: LEGUP_F_main_BB_preheader1_152
   br label %34
   Transition: default: LEGUP_loop_pipeline_wait_loop2_1_153
state: LEGUP_loop_pipeline_wait_loop2_1_153
   %35 = phi i32 [ 0, %.preheader1 ], [ %43, %34 ], !legup.canonical_induction !6, !legup.pipeline.start_time !7, !legup.pipeline.avail_time !7, !legup.pipeline.stage !7 (endState: LEGUP_loop_pipeline_wait_loop2_1_153)
   br i1 %exitcond, label %44, label %34, !legup.pipelined !6, !legup.II !11, !legup.totalTime !13, !legup.maxStage !6, !legup.tripCount !12, !legup.label !14, !legup.pipeline.start_time !7, !legup.pipeline.avail_time !7, !legup.pipeline.stage !7
   Transition: if (loop2_1_pipeline_finish): LEGUP_F_main_BB__44_154 default: LEGUP_loop_pipeline_wait_loop2_1_153
state: LEGUP_F_main_BB__44_154
   %45 = add nsw i32 %32, 1 (endState: LEGUP_F_main_BB__44_154)
   %exitcond4 = icmp eq i32 %45, 50 (endState: LEGUP_F_main_BB__44_154)
   br i1 %exitcond4, label %.loopexit.preheader, label %.preheader1
   Transition: if (%exitcond4): LEGUP_F_main_BB_loopexitpreheader_155 default: LEGUP_F_main_BB_preheader1_151
state: LEGUP_F_main_BB_loopexitpreheader_155
   br label %.loopexit
   Transition: default: LEGUP_F_main_BB_loopexit_156
state: LEGUP_F_main_BB_loopexit_156
   ret i32 50
   Transition: default: LEGUP_0

Basic Block: %0 Num States: 1
Basic Block: %1 Num States: 2
Basic Block: %3 Num States: 18
Basic Block: %11 Num States: 35
Basic Block: %.preheader2.preheader Num States: 1
Basic Block: %.preheader2 Num States: 2
Basic Block: %16 Num States: 43
Basic Block: %26 Num States: 47
Basic Block: %.preheader1.preheader Num States: 1
Basic Block: %.preheader1 Num States: 2
Basic Block: %34 Num States: 1
Basic Block: %44 Num States: 1
Basic Block: %.loopexit.preheader Num States: 1
Basic Block: %.loopexit Num States: 1
End Function: main
--------------------------------------------------------------------------------

