//----------------------------------------------------------------------------//
// Generated by LegUp High-Level Synthesis Tool Version 4.0 (http://legup.org)
// Compiled: Tue Feb 14 19:47:56 2017
// University of Toronto
// For research and academic purposes only. Commercial use is prohibited.
// Please send bugs to: legup@eecg.toronto.edu
// Date: Fri Apr  7 13:44:18 2017
//----------------------------------------------------------------------------//

-----------------Function: main---------------
-------------------------1---------------------------
-----------------Delay of path:4.99 ns---------------
-----------------State:LEGUP_F_main_BB__44_154-----------------
(2.50 ns) --- (2.50 ns) ---   %45 = add nsw i32 %32, 1
(2.49 ns) --- (4.99 ns) ---   %exitcond4 = icmp eq i32 %45, 50
(0.00 ns) --- (4.99 ns) ---   br i1 %exitcond4, label %.loopexit.preheader, label %.preheader1

-----------------Function: main---------------
-------------------------2---------------------------
-----------------Delay of path:4.99 ns---------------
-----------------State:LEGUP_F_main_BB__26_103-----------------
(2.50 ns) --- (2.50 ns) ---   %31 = add nsw i32 %14, 1
(2.49 ns) --- (4.99 ns) ---   %exitcond8 = icmp eq i32 %31, 50
(0.00 ns) --- (4.99 ns) ---   br i1 %exitcond8, label %.preheader1.preheader, label %.preheader2

-----------------Function: main---------------
-------------------------3---------------------------
-----------------Delay of path:4.99 ns---------------
-----------------State:LEGUP_F_main_BB__16_60-----------------
(0.00 ns) --- (0.00 ns) ---   %18 = phi i32 [ 0, %.preheader2 ], [ %25, %16 ]
(2.50 ns) --- (2.50 ns) ---   %25 = add nsw i32 %18, 1
(2.49 ns) --- (4.99 ns) ---   %exitcond6 = icmp eq i32 %25, 50
(0.00 ns) --- (4.99 ns) ---   br i1 %exitcond6, label %26, label %16

-----------------Function: main---------------
-------------------------4---------------------------
-----------------Delay of path:4.99 ns---------------
-----------------State:LEGUP_F_main_BB__11_22-----------------
(2.50 ns) --- (2.50 ns) ---   %13 = add nsw i32 %2, 1
(2.49 ns) --- (4.99 ns) ---   %exitcond14 = icmp eq i32 %13, 50
(0.00 ns) --- (4.99 ns) ---   br i1 %exitcond14, label %.preheader2.preheader, label %1

-----------------Function: main---------------
-------------------------5---------------------------
-----------------Delay of path:4.99 ns---------------
-----------------State:LEGUP_F_main_BB__3_4-----------------
(0.00 ns) --- (0.00 ns) ---   %5 = phi i32 [ 0, %1 ], [ %10, %3 ]
(2.50 ns) --- (2.50 ns) ---   %10 = add nsw i32 %5, 1
(2.49 ns) --- (4.99 ns) ---   %exitcond12 = icmp eq i32 %10, 50
(0.00 ns) --- (4.99 ns) ---   br i1 %exitcond12, label %11, label %3

-----------------Function: main---------------
-------------------------6---------------------------
-----------------Delay of path:4.78 ns---------------
-----------------State:LEGUP_F_main_BB__26_103-----------------
(4.78 ns) --- (4.78 ns) ---   %27 = fdiv float %24, 0x3FF3333340000000

-----------------Function: main---------------
-------------------------7---------------------------
-----------------Delay of path:4.78 ns---------------
-----------------State:LEGUP_F_main_BB__11_22-----------------
(4.78 ns) --- (4.78 ns) ---   %12 = fdiv float %9, 0x3FF3333340000000

-----------------Function: main---------------
-------------------------8---------------------------
-----------------Delay of path:3.53 ns---------------
-----------------State:LEGUP_F_main_BB__26_147-----------------
(3.53 ns) --- (3.53 ns) ---   %29 = fcmp ugt float %28, 0x3FB99999A0000000

-----------------Function: main---------------
-------------------------9---------------------------
-----------------Delay of path:3.41 ns---------------
-----------------State:LEGUP_F_main_BB__26_136-----------------
(3.41 ns) --- (3.41 ns) ---   %28 = fmul float %27, %27

-----------------Function: main---------------
-------------------------10---------------------------
-----------------Delay of path:3.41 ns---------------
-----------------State:LEGUP_F_main_BB__16_77-----------------
(3.41 ns) --- (3.41 ns) ---   %23 = fmul float %22, %22


