//----------------------------------------------------------------------------//
// Generated by LegUp High-Level Synthesis Tool Version 4.0 (http://legup.org)
// Compiled: Mon Jun  4 15:32:40 2018
// University of Toronto
// For research and academic purposes only. Commercial use is prohibited.
// Please send bugs to: legup@eecg.toronto.edu
// Date: Mon Sep  3 15:08:42 2018
//----------------------------------------------------------------------------//

Target Family: StratixV
Clock period constraint: 5.000000e+00ns
Start Function: main
state: LEGUP_0
   br label %1
   Transition: if (start): LEGUP_loop_pipeline_wait_loop0_1_1 default: LEGUP_0
state: LEGUP_loop_pipeline_wait_loop0_1_1
   %sum.02 = phi i32 [ 0, %0 ], [ %19, %1 ], !legup.pipeline.start_time !2, !legup.pipeline.avail_time !2, !legup.pipeline.stage !3 (endState: LEGUP_loop_pipeline_wait_loop0_1_1)
   %i.01 = phi i32 [ 0, %0 ], [ %20, %1 ], !legup.canonical_induction !4, !legup.pipeline.start_time !5, !legup.pipeline.avail_time !5, !legup.pipeline.stage !5 (endState: LEGUP_loop_pipeline_wait_loop0_1_1)
   br i1 %exitcond1, label %21, label %1, !legup.pipelined !4, !legup.II !11, !legup.totalTime !21, !legup.maxStage !20, !legup.tripCount !2, !legup.label !22, !legup.pipeline.start_time !5, !legup.pipeline.avail_time !5, !legup.pipeline.stage !5
   Transition: if (loop0_1_pipeline_finish): LEGUP_F_main_BB__21_2 default: LEGUP_loop_pipeline_wait_loop0_1_1
state: LEGUP_F_main_BB__21_2
   %22 = tail call i32 (i8*, ...)* @printf(i8* getelementptr inbounds ([10 x i8]* @.str1, i32 0, i32 0), i32 %19) #2 (endState: LEGUP_F_main_BB__21_2)
   %23 = icmp eq i32 %19, 250102 (endState: LEGUP_F_main_BB__21_2)
   br i1 %23, label %24, label %26
   Transition: if (%23): LEGUP_F_main_BB__24_3 default: LEGUP_F_main_BB__26_4
state: LEGUP_F_main_BB__24_3
   %25 = tail call i32 (i8*, ...)* @printf(i8* getelementptr inbounds ([8 x i8]* @.str2, i32 0, i32 0)) #2 (endState: LEGUP_F_main_BB__24_3)
   br label %28
   Transition: default: LEGUP_F_main_BB__28_5
state: LEGUP_F_main_BB__26_4
   %27 = tail call i32 (i8*, ...)* @printf(i8* getelementptr inbounds ([8 x i8]* @.str3, i32 0, i32 0)) #2 (endState: LEGUP_F_main_BB__26_4)
   br label %28
   Transition: default: LEGUP_F_main_BB__28_5
state: LEGUP_F_main_BB__28_5
   ret i32 %19
   Transition: default: LEGUP_0

Basic Block: %0 Num States: 1
Basic Block: %1 Num States: 1
Basic Block: %21 Num States: 1
Basic Block: %24 Num States: 1
Basic Block: %26 Num States: 1
Basic Block: %28 Num States: 1
End Function: main
--------------------------------------------------------------------------------

