//----------------------------------------------------------------------------//
// Generated by LegUp High-Level Synthesis Tool Version 4.0 (http://legup.org)
// Compiled: Mon Jun  4 15:32:40 2018
// University of Toronto
// For research and academic purposes only. Commercial use is prohibited.
// Please send bugs to: legup@eecg.toronto.edu
// Date: Wed Jun  6 16:52:22 2018
//----------------------------------------------------------------------------//

-------------------------- Datapath Operation Usage --------------------------

Operation "unknown" x 52 
Operation "signed_add_32" x 86 
Operation "signed_comp_eq_32" x 2 

----------------------------- General Information -----------------------------

Number of declared variables in main: 171
Critical path contains operation: signed_add_32

------------------------------ Resource Estimate ------------------------------

Fmax: 717 MHz
Note: Assuming only 256 DSPs available
Warning: These estimates don't account for binding yet!
Logic Elements: 5733
    Combinational: 2780
    Registers: 5410
DSP Elements: 0
