//----------------------------------------------------------------------------//
// Generated by LegUp High-Level Synthesis Tool Version 4.0 (http://legup.org)
// Compiled: Mon Jun  4 15:32:40 2018
// University of Toronto
// For research and academic purposes only. Commercial use is prohibited.
// Please send bugs to: legup@eecg.toronto.edu
// Date: Wed Jun  6 16:52:21 2018
//----------------------------------------------------------------------------//

-----------------Function: main---------------
-------------------------1---------------------------
-----------------Delay of path:1.03 ns---------------
-----------------State:LEGUP_F_main_BB__129_4-----------------
(1.03 ns) --- (1.03 ns) ---   %132 = icmp eq i32 %130, 87301
(0.00 ns) --- (1.03 ns) ---   br i1 %132, label %133, label %135

-----------------Function: main---------------
-------------------------2---------------------------
-----------------Delay of path:0.00 ns---------------
-----------------State:LEGUP_F_main_BB__129_2-----------------
(0.00 ns) --- (0.00 ns) ---   %130 = load volatile i32* getelementptr inbounds ([100 x i32]* @dd, i32 0, i32 90), align 4, !tbaa !5

-----------------Function: main---------------
-------------------------3---------------------------
-----------------Delay of path:0.00 ns---------------
-----------------State:LEGUP_F_main_BB__129_4-----------------
(0.00 ns) --- (0.00 ns) ---   %131 = tail call i32 (i8*, ...)* @printf(i8* getelementptr inbounds ([10 x i8]* @.str1, i32 0, i32 0), i32 %130) #2

-----------------Function: main---------------
-------------------------4---------------------------
-----------------Delay of path:0.00 ns---------------
-----------------State:LEGUP_F_main_BB__133_5-----------------
(0.00 ns) --- (0.00 ns) ---   %134 = tail call i32 (i8*, ...)* @printf(i8* getelementptr inbounds ([8 x i8]* @.str2, i32 0, i32 0)) #2

-----------------Function: main---------------
-------------------------5---------------------------
-----------------Delay of path:0.00 ns---------------
-----------------State:LEGUP_F_main_BB__133_5-----------------
(0.00 ns) --- (0.00 ns) ---   br label %137

-----------------Function: main---------------
-------------------------6---------------------------
-----------------Delay of path:0.00 ns---------------
-----------------State:LEGUP_F_main_BB__135_6-----------------
(0.00 ns) --- (0.00 ns) ---   %136 = tail call i32 (i8*, ...)* @printf(i8* getelementptr inbounds ([8 x i8]* @.str3, i32 0, i32 0)) #2

-----------------Function: main---------------
-------------------------7---------------------------
-----------------Delay of path:0.00 ns---------------
-----------------State:LEGUP_F_main_BB__135_6-----------------
(0.00 ns) --- (0.00 ns) ---   br label %137

-----------------Function: main---------------
-------------------------8---------------------------
-----------------Delay of path:0.00 ns---------------
-----------------State:LEGUP_F_main_BB__137_7-----------------
(0.00 ns) --- (0.00 ns) ---   ret i32 %130


