//----------------------------------------------------------------------------//
// Generated by LegUp High-Level Synthesis Tool Version 4.0 (http://legup.org)
// Compiled: Sun Feb  3 21:13:51 2019
// University of Toronto
// For research and academic purposes only. Commercial use is prohibited.
// Please send bugs to: legup@eecg.toronto.edu
// Date: Fri Sep 20 22:03:14 2019
//----------------------------------------------------------------------------//

allocateRAM: @indata
Constant: 1
allocateRAM: @sha_info_digest.0
Constant: 0
allocateRAM: @sha_info_digest.1
Constant: 0
allocateRAM: @sha_info_digest.2
Constant: 0
allocateRAM: @sha_info_digest.3
Constant: 0
allocateRAM: @sha_info_digest.4
Constant: 0
allocateRAM: @sha_info_data
Constant: 0
allocating global ram: @indata
allocating global ram: @sha_info_digest.0
allocating global ram: @sha_info_digest.1
allocating global ram: @sha_info_digest.2
allocating global ram: @sha_info_digest.3
allocating global ram: @sha_info_digest.4
allocating global ram: @sha_info_data
allocateRAM: %W
Constant: 0
