//----------------------------------------------------------------------------//
// Generated by LegUp High-Level Synthesis Tool Version 4.0 (http://legup.org)
// Compiled: Sun Feb  3 21:13:51 2019
// University of Toronto
// For research and academic purposes only. Commercial use is prohibited.
// Please send bugs to: legup@eecg.toronto.edu
// Date: Fri Sep 20 22:03:14 2019
//----------------------------------------------------------------------------//

Changing state name of 'LEGUP_F_sha_transform_BB_forbody20' to 'LEGUP_loop_pipeline_wait_loop2_1'
Changing state name of 'LEGUP_F_sha_transform_BB_forbody35' to 'LEGUP_loop_pipeline_wait_loop3_1'
Changing state name of 'LEGUP_F_sha_transform_BB_forbody54' to 'LEGUP_loop_pipeline_wait_loop4_1'
Changing state name of 'LEGUP_F_sha_transform_BB_forbody76' to 'LEGUP_loop_pipeline_wait_loop5_1'
Found 4 loops to pipeline
Generating Loop Pipeline for label: "loop2_1"
BB: %for.body20
II: 2
Time: 4
maxStage: 1
Induction var:   %28 = phi i32 [ 0, %for.end17 ], [ %inc31, %for.body20 ], !legup.canonical_induction !8, !legup.pipeline.start_time !6, !legup.pipeline.avail_time !6, !legup.pipeline.stage !6
Label: loop2_1
Constant tripCount: 20
Generating Loop Pipeline for label: "loop3_1"
BB: %for.body35
II: 2
Time: 6
maxStage: 2
Induction var:   %indvar4 = phi i32 [ 0, %for.body35.preheader ], [ %indvar.next5, %for.body35 ], !legup.canonical_induction !8, !legup.pipeline.start_time !6, !legup.pipeline.avail_time !6, !legup.pipeline.stage !6
Label: loop3_1
Constant tripCount: 20
Generating Loop Pipeline for label: "loop4_1"
BB: %for.body54
II: 2
Time: 6
maxStage: 2
Induction var:   %indvar2 = phi i32 [ 0, %for.body54.preheader ], [ %indvar.next3, %for.body54 ], !legup.canonical_induction !8, !legup.pipeline.start_time !6, !legup.pipeline.avail_time !6, !legup.pipeline.stage !6
Label: loop4_1
Constant tripCount: 20
Generating Loop Pipeline for label: "loop5_1"
BB: %for.body76
II: 2
Time: 6
maxStage: 2
Induction var:   %indvar = phi i32 [ 0, %for.body76.preheader ], [ %indvar.next, %for.body76 ], !legup.canonical_induction !8, !legup.pipeline.start_time !6, !legup.pipeline.avail_time !6, !legup.pipeline.stage !6
Label: loop5_1
Constant tripCount: 20
Generating datapath for loop pipeline state: LEGUP_loop_pipeline_wait_loop2_1_30
Generating datapath for loop pipeline state: LEGUP_loop_pipeline_wait_loop3_1_32
Generating datapath for loop pipeline state: LEGUP_loop_pipeline_wait_loop4_1_34
Generating datapath for loop pipeline state: LEGUP_loop_pipeline_wait_loop5_1_36
Found 0 loops to pipeline
