//----------------------------------------------------------------------------//
// Generated by LegUp High-Level Synthesis Tool Version 4.0 (http://legup.org)
// Compiled: Sun Feb  3 21:13:51 2019
// University of Toronto
// For research and academic purposes only. Commercial use is prohibited.
// Please send bugs to: legup@eecg.toronto.edu
// Date: Fri Sep 20 22:03:15 2019
//----------------------------------------------------------------------------//

-------------------------- Datapath Operation Usage --------------------------

Operation "unknown" x 196 
Operation "bitwise_AND_32" x 4 
Operation "bitwise_OR_32" x 17 
Operation "bitwise_XOR_32" x 8 
Operation "signed_add_32" x 51 
Operation "signed_comp_eq_32" x 16 

----------------------------- General Information -----------------------------

Number of declared variables in main: 257
Critical path contains operation: bitwise_AND_32

------------------------------ Resource Estimate ------------------------------

Fmax: 717 MHz
Note: Assuming only 256 DSPs available
Warning: These estimates don't account for binding yet!
Logic Elements: 7223
    Combinational: 2784
    Registers: 7536
DSP Elements: 0
