//----------------------------------------------------------------------------//
// Generated by LegUp High-Level Synthesis Tool Version 4.0 (http://legup.org)
// Compiled: Sun Feb  3 21:13:51 2019
// University of Toronto
// For research and academic purposes only. Commercial use is prohibited.
// Please send bugs to: legup@eecg.toronto.edu
// Date: Fri Sep 20 22:03:15 2019
//----------------------------------------------------------------------------//

-----------------Function: main---------------
-------------------------1---------------------------
-----------------Delay of path:3.35 ns---------------
-----------------State:LEGUP_F_main_BB_sha_finalexit_37-----------------
(1.03 ns) --- (1.03 ns) ---   %cmp2.2 = icmp eq i32 %29, 742465810
(0.00 ns) --- (1.03 ns) ---   %conv.2 = zext i1 %cmp2.2 to i32
(1.16 ns) --- (2.19 ns) ---   %add.2 = add nuw nsw i32 %conv.2, %add.1
(1.16 ns) --- (3.35 ns) ---   %add.3 = add nuw nsw i32 %conv.3, %add.2

-----------------Function: main---------------
-------------------------2---------------------------
-----------------Delay of path:3.23 ns---------------
-----------------State:LEGUP_F_main_BB_sha_finalexit_38-----------------
(1.03 ns) --- (1.03 ns) ---   %cmp2.4 = icmp eq i32 %31, -1384908510
(0.00 ns) --- (1.03 ns) ---   %conv.4 = zext i1 %cmp2.4 to i32
(1.16 ns) --- (2.19 ns) ---   %add.4 = add nuw nsw i32 %conv.4, %add.3
(1.03 ns) --- (3.23 ns) ---   %cmp3 = icmp eq i32 %add.4, 5
(0.00 ns) --- (3.23 ns) ---   br i1 %cmp3, label %if.then, label %if.else

-----------------Function: main---------------
-------------------------3---------------------------
-----------------Delay of path:2.32 ns---------------
-----------------State:LEGUP_F_main_BB_sha_finalexit_37-----------------
(1.16 ns) --- (1.16 ns) ---   %add.2 = add nuw nsw i32 %conv.2, %add.1
(1.16 ns) --- (2.32 ns) ---   %add.3 = add nuw nsw i32 %conv.3, %add.2

-----------------Function: main---------------
-------------------------4---------------------------
-----------------Delay of path:2.19 ns---------------
-----------------State:LEGUP_F_main_BB_sha_finalexit_36-----------------
(1.03 ns) --- (1.03 ns) ---   %cmp2 = icmp eq i32 %27, 6969911
(0.00 ns) --- (1.03 ns) ---   %conv = zext i1 %cmp2 to i32
(1.16 ns) --- (2.19 ns) ---   %add.1 = add nuw nsw i32 %conv.1, %conv

-----------------Function: main---------------
-------------------------5---------------------------
-----------------Delay of path:2.19 ns---------------
-----------------State:LEGUP_F_main_BB_sha_finalexit_36-----------------
(1.03 ns) --- (1.03 ns) ---   %cmp2.1 = icmp eq i32 %28, -1814260603
(0.00 ns) --- (1.03 ns) ---   %conv.1 = zext i1 %cmp2.1 to i32
(1.16 ns) --- (2.19 ns) ---   %add.1 = add nuw nsw i32 %conv.1, %conv

-----------------Function: main---------------
-------------------------6---------------------------
-----------------Delay of path:2.19 ns---------------
-----------------State:LEGUP_F_main_BB_whilebody4i22i_28-----------------
(0.00 ns) --- (0.00 ns) ---   %indvar = phi i32 [ %indvar.next, %while.body4.i22.i ], [ 0, %while.body4.i22.preheader.i ]
(1.16 ns) --- (1.16 ns) ---   %indvar.next = add i32 %indvar, 1
(1.03 ns) --- (2.19 ns) ---   %exitcond = icmp eq i32 %indvar.next, 13
(0.00 ns) --- (2.19 ns) ---   br i1 %exitcond, label %sha_final.exit, label %while.body4.i22.i

-----------------Function: main---------------
-------------------------7---------------------------
-----------------Delay of path:2.19 ns---------------
-----------------State:LEGUP_F_main_BB_memcpyexiti34_23-----------------
(1.16 ns) --- (1.16 ns) ---   %indvar.next5 = add i32 %indvar4, 1
(1.03 ns) --- (2.19 ns) ---   %exitcond6 = icmp eq i32 %indvar.next5, 128
(0.00 ns) --- (2.19 ns) ---   br i1 %exitcond6, label %while.body4.i22.preheader.i, label %while.body.i.preheader.i9

-----------------Function: main---------------
-------------------------8---------------------------
-----------------Delay of path:2.19 ns---------------
-----------------State:LEGUP_F_main_BB_whilebodyii30_18-----------------
(1.16 ns) --- (1.16 ns) ---   %indvar.next2 = add i32 %indvar1, 1
(1.03 ns) --- (2.19 ns) ---   %exitcond3 = icmp eq i32 %indvar.next2, 16
(0.00 ns) --- (2.19 ns) ---   br i1 %exitcond3, label %memcpy.exit.i34, label %while.body.i.i30

-----------------Function: main---------------
-------------------------9---------------------------
-----------------Delay of path:2.19 ns---------------
-----------------State:LEGUP_F_main_BB_memcpyexiti_12-----------------
(1.16 ns) --- (1.16 ns) ---   %indvar.next11 = add i32 %indvar10, 1
(1.03 ns) --- (2.19 ns) ---   %exitcond12 = icmp eq i32 %indvar.next11, 128
(0.00 ns) --- (2.19 ns) ---   br i1 %exitcond12, label %if.end.i6, label %while.body.i.preheader.i

-----------------Function: main---------------
-------------------------10---------------------------
-----------------Delay of path:2.19 ns---------------
-----------------State:LEGUP_F_main_BB_whilebodyii_7-----------------
(1.16 ns) --- (1.16 ns) ---   %indvar.next8 = add i32 %indvar7, 1
(1.03 ns) --- (2.19 ns) ---   %exitcond9 = icmp eq i32 %indvar.next8, 16
(0.00 ns) --- (2.19 ns) ---   br i1 %exitcond9, label %memcpy.exit.i, label %while.body.i.i


