Flow report for top
Mon Sep  3 15:20:27 2018
Quartus Prime Version 16.1.2 Build 203 01/18/2017 SJ Standard Edition


---------------------
; Table of Contents ;
---------------------
  1. Legal Notice
  2. Flow Summary
  3. Flow Settings
  4. Flow Non-Default Global Settings
  5. Flow Elapsed Time
  6. Flow OS Summary
  7. Flow Log
  8. Flow Messages
  9. Flow Suppressed Messages



----------------
; Legal Notice ;
----------------
Copyright (C) 2017  Intel Corporation. All rights reserved.
Your use of Intel Corporation's design tools, logic functions 
and other software and tools, and its AMPP partner logic 
functions, and any output files from any of the foregoing 
(including device programming or simulation files), and any 
associated documentation or information are expressly subject 
to the terms and conditions of the Intel Program License 
Subscription Agreement, the Intel Quartus Prime License Agreement,
the Intel MegaCore Function License Agreement, or other 
applicable license agreement, including, without limitation, 
that your use is for the sole purpose of programming logic 
devices manufactured by Intel and sold by Intel or its 
authorized distributors.  Please refer to the applicable 
agreement for further details.



+-----------------------------------------------------------------------------------+
; Flow Summary                                                                      ;
+---------------------------------+-------------------------------------------------+
; Flow Status                     ; Successful - Mon Sep  3 15:20:27 2018           ;
; Quartus Prime Version           ; 16.1.2 Build 203 01/18/2017 SJ Standard Edition ;
; Revision Name                   ; top                                             ;
; Top-level Entity Name           ; top                                             ;
; Family                          ; Stratix V                                       ;
; Device                          ; 5SGXEA7N2F45C2                                  ;
; Timing Models                   ; Final                                           ;
; Logic utilization (in ALMs)     ; N/A                                             ;
; Total registers                 ; 2853                                            ;
; Total pins                      ; 37                                              ;
; Total virtual pins              ; 0                                               ;
; Total block memory bits         ; 690                                             ;
; Total DSP Blocks                ; 10                                              ;
; Total HSSI STD RX PCSs          ; 0                                               ;
; Total HSSI 10G RX PCSs          ; 0                                               ;
; Total HSSI GEN3 RX PCSs         ; 0                                               ;
; Total HSSI PMA RX Deserializers ; 0                                               ;
; Total HSSI STD TX PCSs          ; 0                                               ;
; Total HSSI 10G TX PCSs          ; 0                                               ;
; Total HSSI GEN3 TX PCSs         ; 0                                               ;
; Total HSSI PMA TX Serializers   ; 0                                               ;
; Total HSSI PIPE GEN1_2s         ; 0                                               ;
; Total HSSI GEN3s                ; 0                                               ;
; Total PLLs                      ; 0                                               ;
; Total DLLs                      ; 0                                               ;
+---------------------------------+-------------------------------------------------+


+-----------------------------------------+
; Flow Settings                           ;
+-------------------+---------------------+
; Option            ; Setting             ;
+-------------------+---------------------+
; Start date & time ; 09/03/2018 15:20:00 ;
; Main task         ; Compilation         ;
; Revision Name     ; top                 ;
+-------------------+---------------------+


+-----------------------------------------------------------------------------------------------------------------------------------------------------------------------------------------------+
; Flow Non-Default Global Settings                                                                                                                                                              ;
+---------------------------------+------------------------------------------------------------------------------------------------------------------+---------------+-------------+------------+
; Assignment Name                 ; Value                                                                                                            ; Default Value ; Entity Name ; Section Id ;
+---------------------------------+------------------------------------------------------------------------------------------------------------------+---------------+-------------+------------+
; AUTO_GLOBAL_CLOCK               ; Off                                                                                                              ; On            ; --          ; --         ;
; AUTO_GLOBAL_REGISTER_CONTROLS   ; Off                                                                                                              ; On            ; --          ; --         ;
; COMPILER_SIGNATURE_ID           ; 88623636234761.153599879916145                                                                                   ; --            ; --          ; --         ;
; MAX_CORE_JUNCTION_TEMP          ; 85                                                                                                               ; --            ; --          ; --         ;
; MIN_CORE_JUNCTION_TEMP          ; 0                                                                                                                ; --            ; --          ; --         ;
; OUTPUT_IO_TIMING_FAR_END_VMEAS  ; Half Signal Swing                                                                                                ; --            ; --          ; --         ;
; OUTPUT_IO_TIMING_FAR_END_VMEAS  ; Half Signal Swing                                                                                                ; --            ; --          ; --         ;
; OUTPUT_IO_TIMING_NEAR_END_VMEAS ; Half Vccio                                                                                                       ; --            ; --          ; --         ;
; OUTPUT_IO_TIMING_NEAR_END_VMEAS ; Half Vccio                                                                                                       ; --            ; --          ; --         ;
; POWER_BOARD_THERMAL_MODEL       ; Typical                                                                                                          ; --            ; --          ; --         ;
; POWER_PRESET_COOLING_SOLUTION   ; 23 MM HEAT SINK WITH 200 LFPM AIRFLOW                                                                            ; --            ; --          ; --         ;
; SEARCH_PATH                     ; /home/leandro/myLegUp/4.0/tiger/processor/altera_libs                                                            ; --            ; --          ; --         ;
; SEARCH_PATH                     ; /home/leandro/myLegUp/4.0/ip/libs/altera                                                                         ; --            ; --          ; --         ;
; TIMEQUEST_DO_REPORT_TIMING      ; On                                                                                                               ; Off           ; --          ; --         ;
; USER_LIBRARIES                  ; /home/leandro/myLegUp/4.0/tiger/processor/altera_libs;/home/leandro/myLegUp/4.0/ip/libs/altera;--source=module.v ; --            ; --          ; --         ;
+---------------------------------+------------------------------------------------------------------------------------------------------------------+---------------+-------------+------------+


+--------------------------------------------------------------------------------------------------------------------------+
; Flow Elapsed Time                                                                                                        ;
+----------------------+--------------+-------------------------+---------------------+------------------------------------+
; Module Name          ; Elapsed Time ; Average Processors Used ; Peak Virtual Memory ; Total CPU Time (on all processors) ;
+----------------------+--------------+-------------------------+---------------------+------------------------------------+
; Analysis & Synthesis ; 00:00:27     ; 1.0                     ; 1126 MB             ; 00:00:35                           ;
; Total                ; 00:00:27     ; --                      ; --                  ; 00:00:35                           ;
+----------------------+--------------+-------------------------+---------------------+------------------------------------+


+------------------------------------------------------------------------------------------+
; Flow OS Summary                                                                          ;
+----------------------+--------------------+----------------+------------+----------------+
; Module Name          ; Machine Hostname   ; OS Name        ; OS Version ; Processor type ;
+----------------------+--------------------+----------------+------------+----------------+
; Analysis & Synthesis ; MuroDasLamentacoes ; Ubuntu 14.04.5 ; 14         ; x86_64         ;
+----------------------+--------------------+----------------+------------+----------------+


------------
; Flow Log ;
------------
quartus_map --64bit top -l --source=module.v --family=StratixV



