//----------------------------------------------------------------------------//
// Generated by LegUp High-Level Synthesis Tool Version 4.0 (http://legup.org)
// Compiled: Mon Jun  4 15:32:40 2018
// University of Toronto
// For research and academic purposes only. Commercial use is prohibited.
// Please send bugs to: legup@eecg.toronto.edu
// Date: Wed Jun  6 16:27:20 2018
//----------------------------------------------------------------------------//

--------------------------------------------------------------------------------
Function: main
--------------------------------------------------------------------------------
Function unit type:           Number Required               
mem_dual_port                 2                             

Running Bipartite Weighted Matching on function: main
State: pipeline_time_0
Binding functional unit type: mem_dual_port
Weight matrix for operation/function unit matching:
                                                  main_mem_dual_port_0          main_mem_dual_port_1          
  %21 = load volatile i32* %sc... (idx: 0)        10                            10                            
  %29 = load volatile i32* %sc... (idx: 1)        10                            10                            
Solving Bipartite Weighted Matching (minimize weights)...
Assignment matrix after operation/function unit matching:
                                                  main_mem_dual_port_0          main_mem_dual_port_1          
  %21 = load volatile i32* %sc... (idx: 0)        1                             0                             
  %29 = load volatile i32* %sc... (idx: 1)        0                             1                             
Checking that every operator was assigned to a functional unit...yes
Binding operator -> functional unit assignments:
  %21 = load volatile i32* %sc... (idx: 0) -> main_mem_dual_port_0 (mux inputs: 1)
  %29 = load volatile i32* %sc... (idx: 1) -> main_mem_dual_port_1 (mux inputs: 1)
State: pipeline_time_1
Binding functional unit type: mem_dual_port
Weight matrix for operation/function unit matching:
                                                  main_mem_dual_port_0          main_mem_dual_port_1          
  %25 = load volatile i32* %sc... (idx: 0)        11                            11                            
  %50 = load volatile i32* %sc... (idx: 1)        11                            11                            
Solving Bipartite Weighted Matching (minimize weights)...
Assignment matrix after operation/function unit matching:
                                                  main_mem_dual_port_0          main_mem_dual_port_1          
  %25 = load volatile i32* %sc... (idx: 0)        1                             0                             
  %50 = load volatile i32* %sc... (idx: 1)        0                             1                             
Checking that every operator was assigned to a functional unit...yes
Binding operator -> functional unit assignments:
  %25 = load volatile i32* %sc... (idx: 0) -> main_mem_dual_port_0 (mux inputs: 2)
  %50 = load volatile i32* %sc... (idx: 1) -> main_mem_dual_port_1 (mux inputs: 2)
State: pipeline_time_2
Binding functional unit type: mem_dual_port
Weight matrix for operation/function unit matching:
                                                  main_mem_dual_port_0          main_mem_dual_port_1          
  %19 = load volatile i32* %sc... (idx: 0)        12                            12                            
  %81 = load volatile i32* %sc... (idx: 1)        12                            12                            
Solving Bipartite Weighted Matching (minimize weights)...
Assignment matrix after operation/function unit matching:
                                                  main_mem_dual_port_0          main_mem_dual_port_1          
  %19 = load volatile i32* %sc... (idx: 0)        1                             0                             
  %81 = load volatile i32* %sc... (idx: 1)        0                             1                             
Checking that every operator was assigned to a functional unit...yes
Binding operator -> functional unit assignments:
  %19 = load volatile i32* %sc... (idx: 0) -> main_mem_dual_port_0 (mux inputs: 3)
  %81 = load volatile i32* %sc... (idx: 1) -> main_mem_dual_port_1 (mux inputs: 3)
State: pipeline_time_3
Binding functional unit type: mem_dual_port
Weight matrix for operation/function unit matching:
                                                  main_mem_dual_port_0          main_mem_dual_port_1          
  %18 = load volatile i32* %sc... (idx: 0)        13                            13                            
  %71 = load volatile i32* %sc... (idx: 1)        13                            13                            
Solving Bipartite Weighted Matching (minimize weights)...
Assignment matrix after operation/function unit matching:
                                                  main_mem_dual_port_0          main_mem_dual_port_1          
  %18 = load volatile i32* %sc... (idx: 0)        1                             0                             
  %71 = load volatile i32* %sc... (idx: 1)        0                             1                             
Checking that every operator was assigned to a functional unit...yes
Binding operator -> functional unit assignments:
  %18 = load volatile i32* %sc... (idx: 0) -> main_mem_dual_port_0 (mux inputs: 4)
  %71 = load volatile i32* %sc... (idx: 1) -> main_mem_dual_port_1 (mux inputs: 4)
State: pipeline_time_4
Binding functional unit type: mem_dual_port
Weight matrix for operation/function unit matching:
                                                  main_mem_dual_port_0          main_mem_dual_port_1          
  %72 = load volatile i32* %sc... (idx: 0)        14                            14                            
  %73 = load volatile i32* %sc... (idx: 1)        14                            14                            
Solving Bipartite Weighted Matching (minimize weights)...
Assignment matrix after operation/function unit matching:
                                                  main_mem_dual_port_0          main_mem_dual_port_1          
  %72 = load volatile i32* %sc... (idx: 0)        1                             0                             
  %73 = load volatile i32* %sc... (idx: 1)        0                             1                             
Checking that every operator was assigned to a functional unit...yes
Binding operator -> functional unit assignments:
  %72 = load volatile i32* %sc... (idx: 0) -> main_mem_dual_port_0 (mux inputs: 5)
  %73 = load volatile i32* %sc... (idx: 1) -> main_mem_dual_port_1 (mux inputs: 5)
State: pipeline_time_5
Binding functional unit type: mem_dual_port
Weight matrix for operation/function unit matching:
  %75 = load volatile i32* %sc... can share an input with another operation already assigned to main_mem_dual_port_0
                                                  main_mem_dual_port_0          main_mem_dual_port_1          
  %74 = load volatile i32* %sc... (idx: 0)        15                            15                            
  %75 = load volatile i32* %sc... (idx: 1)        5                             15                            
Solving Bipartite Weighted Matching (minimize weights)...
Assignment matrix after operation/function unit matching:
                                                  main_mem_dual_port_0          main_mem_dual_port_1          
  %74 = load volatile i32* %sc... (idx: 0)        0                             1                             
  %75 = load volatile i32* %sc... (idx: 1)        1                             0                             
Checking that every operator was assigned to a functional unit...yes
Binding operator -> functional unit assignments:
  %75 = load volatile i32* %sc... (idx: 1) -> main_mem_dual_port_0 (mux inputs: 5)
  %74 = load volatile i32* %sc... (idx: 0) -> main_mem_dual_port_1 (mux inputs: 6)
State: pipeline_time_6
Binding functional unit type: mem_dual_port
Weight matrix for operation/function unit matching:
                                                  main_mem_dual_port_0          main_mem_dual_port_1          
  %14 = load volatile i32* %sc... (idx: 0)        15                            16                            
  %77 = load volatile i32* %sc... (idx: 1)        15                            16                            
Solving Bipartite Weighted Matching (minimize weights)...
Assignment matrix after operation/function unit matching:
                                                  main_mem_dual_port_0          main_mem_dual_port_1          
  %14 = load volatile i32* %sc... (idx: 0)        1                             0                             
  %77 = load volatile i32* %sc... (idx: 1)        0                             1                             
Checking that every operator was assigned to a functional unit...yes
Binding operator -> functional unit assignments:
  %14 = load volatile i32* %sc... (idx: 0) -> main_mem_dual_port_0 (mux inputs: 6)
  %77 = load volatile i32* %sc... (idx: 1) -> main_mem_dual_port_1 (mux inputs: 7)
State: pipeline_time_7
Binding functional unit type: mem_dual_port
Weight matrix for operation/function unit matching:
                                                  main_mem_dual_port_0          main_mem_dual_port_1          
  %78 = load volatile i32* %sc... (idx: 0)        16                            17                            
  %79 = load volatile i32* %sc... (idx: 1)        16                            17                            
Solving Bipartite Weighted Matching (minimize weights)...
Assignment matrix after operation/function unit matching:
                                                  main_mem_dual_port_0          main_mem_dual_port_1          
  %78 = load volatile i32* %sc... (idx: 0)        1                             0                             
  %79 = load volatile i32* %sc... (idx: 1)        0                             1                             
Checking that every operator was assigned to a functional unit...yes
Binding operator -> functional unit assignments:
  %78 = load volatile i32* %sc... (idx: 0) -> main_mem_dual_port_0 (mux inputs: 7)
  %79 = load volatile i32* %sc... (idx: 1) -> main_mem_dual_port_1 (mux inputs: 8)
State: pipeline_time_8
Binding functional unit type: mem_dual_port
Weight matrix for operation/function unit matching:
                                                  main_mem_dual_port_0          main_mem_dual_port_1          
  %76 = load volatile i32* %sc... (idx: 0)        17                            18                            
  %80 = load volatile i32* %sc... (idx: 1)        17                            18                            
Solving Bipartite Weighted Matching (minimize weights)...
Assignment matrix after operation/function unit matching:
                                                  main_mem_dual_port_0          main_mem_dual_port_1          
  %76 = load volatile i32* %sc... (idx: 0)        1                             0                             
  %80 = load volatile i32* %sc... (idx: 1)        0                             1                             
Checking that every operator was assigned to a functional unit...yes
Binding operator -> functional unit assignments:
  %76 = load volatile i32* %sc... (idx: 0) -> main_mem_dual_port_0 (mux inputs: 8)
  %80 = load volatile i32* %sc... (idx: 1) -> main_mem_dual_port_1 (mux inputs: 9)
State: pipeline_time_9
Binding functional unit type: mem_dual_port
Weight matrix for operation/function unit matching:
                                                  main_mem_dual_port_0          main_mem_dual_port_1          
  %82 = load volatile i32* %sc... (idx: 0)        18                            19                            
  %83 = load volatile i32* %sc... (idx: 1)        18                            19                            
Solving Bipartite Weighted Matching (minimize weights)...
Assignment matrix after operation/function unit matching:
                                                  main_mem_dual_port_0          main_mem_dual_port_1          
  %82 = load volatile i32* %sc... (idx: 0)        1                             0                             
  %83 = load volatile i32* %sc... (idx: 1)        0                             1                             
Checking that every operator was assigned to a functional unit...yes
Binding operator -> functional unit assignments:
  %82 = load volatile i32* %sc... (idx: 0) -> main_mem_dual_port_0 (mux inputs: 9)
  %83 = load volatile i32* %sc... (idx: 1) -> main_mem_dual_port_1 (mux inputs: 10)
State: pipeline_time_10
Binding functional unit type: mem_dual_port
Weight matrix for operation/function unit matching:
                                                  main_mem_dual_port_0          main_mem_dual_port_1          
  %84 = load volatile i32* %sc... (idx: 0)        19                            20                            
  %85 = load volatile i32* %sc... (idx: 1)        19                            20                            
Solving Bipartite Weighted Matching (minimize weights)...
Assignment matrix after operation/function unit matching:
                                                  main_mem_dual_port_0          main_mem_dual_port_1          
  %84 = load volatile i32* %sc... (idx: 0)        1                             0                             
  %85 = load volatile i32* %sc... (idx: 1)        0                             1                             
Checking that every operator was assigned to a functional unit...yes
Binding operator -> functional unit assignments:
  %84 = load volatile i32* %sc... (idx: 0) -> main_mem_dual_port_0 (mux inputs: 10)
  %85 = load volatile i32* %sc... (idx: 1) -> main_mem_dual_port_1 (mux inputs: 11)
State: pipeline_time_11
Binding functional unit type: mem_dual_port
Weight matrix for operation/function unit matching:
                                                  main_mem_dual_port_0          main_mem_dual_port_1          
  %86 = load volatile i32* %sc... (idx: 0)        20                            21                            
  %87 = load volatile i32* %sc... (idx: 1)        20                            21                            
Solving Bipartite Weighted Matching (minimize weights)...
Assignment matrix after operation/function unit matching:
                                                  main_mem_dual_port_0          main_mem_dual_port_1          
  %86 = load volatile i32* %sc... (idx: 0)        1                             0                             
  %87 = load volatile i32* %sc... (idx: 1)        0                             1                             
Checking that every operator was assigned to a functional unit...yes
Binding operator -> functional unit assignments:
  %86 = load volatile i32* %sc... (idx: 0) -> main_mem_dual_port_0 (mux inputs: 11)
  %87 = load volatile i32* %sc... (idx: 1) -> main_mem_dual_port_1 (mux inputs: 12)
State: pipeline_time_12
Binding functional unit type: mem_dual_port
Weight matrix for operation/function unit matching:
                                                  main_mem_dual_port_0          main_mem_dual_port_1          
  %88 = load volatile i32* %sc... (idx: 0)        21                            22                            
  %89 = load volatile i32* %sc... (idx: 1)        21                            22                            
Solving Bipartite Weighted Matching (minimize weights)...
Assignment matrix after operation/function unit matching:
                                                  main_mem_dual_port_0          main_mem_dual_port_1          
  %88 = load volatile i32* %sc... (idx: 0)        1                             0                             
  %89 = load volatile i32* %sc... (idx: 1)        0                             1                             
Checking that every operator was assigned to a functional unit...yes
Binding operator -> functional unit assignments:
  %88 = load volatile i32* %sc... (idx: 0) -> main_mem_dual_port_0 (mux inputs: 12)
  %89 = load volatile i32* %sc... (idx: 1) -> main_mem_dual_port_1 (mux inputs: 13)
State: pipeline_time_13
Binding functional unit type: mem_dual_port
Weight matrix for operation/function unit matching:
  %16 = load volatile i32* %sc... can share an input with another operation already assigned to main_mem_dual_port_1
                                                  main_mem_dual_port_0          main_mem_dual_port_1          
  %16 = load volatile i32* %sc... (idx: 0)        22                            13                            
  %17 = load volatile i32* %sc... (idx: 1)        22                            23                            
Solving Bipartite Weighted Matching (minimize weights)...
Assignment matrix after operation/function unit matching:
                                                  main_mem_dual_port_0          main_mem_dual_port_1          
  %16 = load volatile i32* %sc... (idx: 0)        0                             1                             
  %17 = load volatile i32* %sc... (idx: 1)        1                             0                             
Checking that every operator was assigned to a functional unit...yes
Binding operator -> functional unit assignments:
  %17 = load volatile i32* %sc... (idx: 1) -> main_mem_dual_port_0 (mux inputs: 13)
  %16 = load volatile i32* %sc... (idx: 0) -> main_mem_dual_port_1 (mux inputs: 13)
State: pipeline_time_14
Binding functional unit type: mem_dual_port
Weight matrix for operation/function unit matching:
  %13 = load volatile i32* %sc... can share an input with another operation already assigned to main_mem_dual_port_0
                                                  main_mem_dual_port_0          main_mem_dual_port_1          
  %13 = load volatile i32* %sc... (idx: 0)        13                            23                            
  %15 = load volatile i32* %sc... (idx: 1)        23                            23                            
Solving Bipartite Weighted Matching (minimize weights)...
Assignment matrix after operation/function unit matching:
                                                  main_mem_dual_port_0          main_mem_dual_port_1          
  %13 = load volatile i32* %sc... (idx: 0)        1                             0                             
  %15 = load volatile i32* %sc... (idx: 1)        0                             1                             
Checking that every operator was assigned to a functional unit...yes
Binding operator -> functional unit assignments:
  %13 = load volatile i32* %sc... (idx: 0) -> main_mem_dual_port_0 (mux inputs: 13)
  %15 = load volatile i32* %sc... (idx: 1) -> main_mem_dual_port_1 (mux inputs: 14)
State: pipeline_time_15
Binding functional unit type: mem_dual_port
Weight matrix for operation/function unit matching:
  %24 = load volatile i32* %sc... can share an input with another operation already assigned to main_mem_dual_port_1
  %26 = load volatile i32* %sc... can share an input with another operation already assigned to main_mem_dual_port_1
                                                  main_mem_dual_port_0          main_mem_dual_port_1          
  %24 = load volatile i32* %sc... (idx: 0)        23                            14                            
  %26 = load volatile i32* %sc... (idx: 1)        23                            14                            
Solving Bipartite Weighted Matching (minimize weights)...
Assignment matrix after operation/function unit matching:
                                                  main_mem_dual_port_0          main_mem_dual_port_1          
  %24 = load volatile i32* %sc... (idx: 0)        1                             0                             
  %26 = load volatile i32* %sc... (idx: 1)        0                             1                             
Checking that every operator was assigned to a functional unit...yes
Binding operator -> functional unit assignments:
  %24 = load volatile i32* %sc... (idx: 0) -> main_mem_dual_port_0 (mux inputs: 14)
  %26 = load volatile i32* %sc... (idx: 1) -> main_mem_dual_port_1 (mux inputs: 14)
State: pipeline_time_16
Binding functional unit type: mem_dual_port
Weight matrix for operation/function unit matching:
  %28 = load volatile i32* %sc... can share an input with another operation already assigned to main_mem_dual_port_1
                                                  main_mem_dual_port_0          main_mem_dual_port_1          
  %27 = load volatile i32* %sc... (idx: 0)        24                            24                            
  %28 = load volatile i32* %sc... (idx: 1)        24                            14                            
Solving Bipartite Weighted Matching (minimize weights)...
Assignment matrix after operation/function unit matching:
                                                  main_mem_dual_port_0          main_mem_dual_port_1          
  %27 = load volatile i32* %sc... (idx: 0)        1                             0                             
  %28 = load volatile i32* %sc... (idx: 1)        0                             1                             
Checking that every operator was assigned to a functional unit...yes
Binding operator -> functional unit assignments:
  %27 = load volatile i32* %sc... (idx: 0) -> main_mem_dual_port_0 (mux inputs: 15)
  %28 = load volatile i32* %sc... (idx: 1) -> main_mem_dual_port_1 (mux inputs: 14)
State: pipeline_time_17
Binding functional unit type: mem_dual_port
Weight matrix for operation/function unit matching:
  %31 = load volatile i32* %sc... can share an input with another operation already assigned to main_mem_dual_port_0
                                                  main_mem_dual_port_0          main_mem_dual_port_1          
  %30 = load volatile i32* %sc... (idx: 0)        25                            24                            
  %31 = load volatile i32* %sc... (idx: 1)        15                            24                            
Solving Bipartite Weighted Matching (minimize weights)...
Assignment matrix after operation/function unit matching:
                                                  main_mem_dual_port_0          main_mem_dual_port_1          
  %30 = load volatile i32* %sc... (idx: 0)        0                             1                             
  %31 = load volatile i32* %sc... (idx: 1)        1                             0                             
Checking that every operator was assigned to a functional unit...yes
Binding operator -> functional unit assignments:
  %31 = load volatile i32* %sc... (idx: 1) -> main_mem_dual_port_0 (mux inputs: 15)
  %30 = load volatile i32* %sc... (idx: 0) -> main_mem_dual_port_1 (mux inputs: 15)
State: pipeline_time_18
Binding functional unit type: mem_dual_port
Weight matrix for operation/function unit matching:
  %22 = load volatile i32* %sc... can share an input with another operation already assigned to main_mem_dual_port_1
                                                  main_mem_dual_port_0          main_mem_dual_port_1          
  %22 = load volatile i32* %sc... (idx: 0)        25                            15                            
  %23 = load volatile i32* %sc... (idx: 1)        25                            25                            
Solving Bipartite Weighted Matching (minimize weights)...
Assignment matrix after operation/function unit matching:
                                                  main_mem_dual_port_0          main_mem_dual_port_1          
  %22 = load volatile i32* %sc... (idx: 0)        0                             1                             
  %23 = load volatile i32* %sc... (idx: 1)        1                             0                             
Checking that every operator was assigned to a functional unit...yes
Binding operator -> functional unit assignments:
  %23 = load volatile i32* %sc... (idx: 1) -> main_mem_dual_port_0 (mux inputs: 16)
  %22 = load volatile i32* %sc... (idx: 0) -> main_mem_dual_port_1 (mux inputs: 15)
State: pipeline_time_19
Binding functional unit type: mem_dual_port
Weight matrix for operation/function unit matching:
  %20 = load volatile i32* %sc... can share an input with another operation already assigned to main_mem_dual_port_1
  store volatile i32 %96, i32*... can share an output register with another operation already assigned to main_mem_dual_port_0
  store volatile i32 %96, i32*... can share an output register with another operation already assigned to main_mem_dual_port_1
                                                  main_mem_dual_port_0          main_mem_dual_port_1          
  %20 = load volatile i32* %sc... (idx: 0)        26                            15                            
  store volatile i32 %96, i32*... (idx: 1)        31                            30                            
Solving Bipartite Weighted Matching (minimize weights)...
Assignment matrix after operation/function unit matching:
                                                  main_mem_dual_port_0          main_mem_dual_port_1          
  %20 = load volatile i32* %sc... (idx: 0)        0                             1                             
  store volatile i32 %96, i32*... (idx: 1)        1                             0                             
Checking that every operator was assigned to a functional unit...yes
Binding operator -> functional unit assignments:
  store volatile i32 %96, i32*... (idx: 1) -> main_mem_dual_port_0 (mux inputs: 18)
  %20 = load volatile i32* %sc... (idx: 0) -> main_mem_dual_port_1 (mux inputs: 15)
State: pipeline_time_20
Binding functional unit type: mem_dual_port
Weight matrix for operation/function unit matching:
  store volatile i32 %38, i32*... can share an output register with another operation already assigned to main_mem_dual_port_0
  store volatile i32 %38, i32*... can share an output register with another operation already assigned to main_mem_dual_port_1
  store volatile i32 %104, i32... can share an output register with another operation already assigned to main_mem_dual_port_0
  store volatile i32 %104, i32... can share an output register with another operation already assigned to main_mem_dual_port_1
                                                  main_mem_dual_port_0          main_mem_dual_port_1          
  store volatile i32 %38, i32*... (idx: 0)        33                            30                            
  store volatile i32 %104, i32... (idx: 1)        33                            30                            
Solving Bipartite Weighted Matching (minimize weights)...
Assignment matrix after operation/function unit matching:
                                                  main_mem_dual_port_0          main_mem_dual_port_1          
  store volatile i32 %38, i32*... (idx: 0)        1                             0                             
  store volatile i32 %104, i32... (idx: 1)        0                             1                             
Checking that every operator was assigned to a functional unit...yes
Binding operator -> functional unit assignments:
  store volatile i32 %38, i32*... (idx: 0) -> main_mem_dual_port_0 (mux inputs: 20)
  store volatile i32 %104, i32... (idx: 1) -> main_mem_dual_port_1 (mux inputs: 17)
State: pipeline_time_21
Binding functional unit type: mem_dual_port
Weight matrix for operation/function unit matching:
  store volatile i32 %46, i32*... can share an output register with another operation already assigned to main_mem_dual_port_0
  store volatile i32 %46, i32*... can share an output register with another operation already assigned to main_mem_dual_port_1
  store volatile i32 %107, i32... can share an output register with another operation already assigned to main_mem_dual_port_0
  store volatile i32 %107, i32... can share an output register with another operation already assigned to main_mem_dual_port_1
                                                  main_mem_dual_port_0          main_mem_dual_port_1          
  store volatile i32 %46, i32*... (idx: 0)        35                            32                            
  store volatile i32 %107, i32... (idx: 1)        35                            32                            
Solving Bipartite Weighted Matching (minimize weights)...
Assignment matrix after operation/function unit matching:
                                                  main_mem_dual_port_0          main_mem_dual_port_1          
  store volatile i32 %46, i32*... (idx: 0)        1                             0                             
  store volatile i32 %107, i32... (idx: 1)        0                             1                             
Checking that every operator was assigned to a functional unit...yes
Binding operator -> functional unit assignments:
  store volatile i32 %46, i32*... (idx: 0) -> main_mem_dual_port_0 (mux inputs: 22)
  store volatile i32 %107, i32... (idx: 1) -> main_mem_dual_port_1 (mux inputs: 19)
State: pipeline_time_22
Binding functional unit type: mem_dual_port
Weight matrix for operation/function unit matching:
  store volatile i32 %49, i32*... can share an output register with another operation already assigned to main_mem_dual_port_0
  store volatile i32 %49, i32*... can share an output register with another operation already assigned to main_mem_dual_port_1
  store volatile i32 %70, i32*... can share an output register with another operation already assigned to main_mem_dual_port_0
  store volatile i32 %70, i32*... can share an output register with another operation already assigned to main_mem_dual_port_1
                                                  main_mem_dual_port_0          main_mem_dual_port_1          
  store volatile i32 %49, i32*... (idx: 0)        37                            34                            
  store volatile i32 %70, i32*... (idx: 1)        37                            34                            
Solving Bipartite Weighted Matching (minimize weights)...
Assignment matrix after operation/function unit matching:
                                                  main_mem_dual_port_0          main_mem_dual_port_1          
  store volatile i32 %49, i32*... (idx: 0)        1                             0                             
  store volatile i32 %70, i32*... (idx: 1)        0                             1                             
Checking that every operator was assigned to a functional unit...yes
Binding operator -> functional unit assignments:
  store volatile i32 %49, i32*... (idx: 0) -> main_mem_dual_port_0 (mux inputs: 24)
  store volatile i32 %70, i32*... (idx: 1) -> main_mem_dual_port_1 (mux inputs: 21)
State: pipeline_time_23
Binding functional unit type: mem_dual_port
Weight matrix for operation/function unit matching:
  %108 = load volatile i32* %s... can share an output register with another operation already assigned to main_mem_dual_port_0
  %108 = load volatile i32* %s... can share an input with another operation already assigned to main_mem_dual_port_1
  %108 = load volatile i32* %s... can share an output register with another operation already assigned to main_mem_dual_port_1
  store volatile i32 %128, i32... can share an output register with another operation already assigned to main_mem_dual_port_0
  store volatile i32 %128, i32... can share an output register with another operation already assigned to main_mem_dual_port_1
                                                  main_mem_dual_port_0          main_mem_dual_port_1          
  %108 = load volatile i32* %s... (idx: 0)        29                            16                            
  store volatile i32 %128, i32... (idx: 1)        39                            36                            
Solving Bipartite Weighted Matching (minimize weights)...
Assignment matrix after operation/function unit matching:
                                                  main_mem_dual_port_0          main_mem_dual_port_1          
  %108 = load volatile i32* %s... (idx: 0)        0                             1                             
  store volatile i32 %128, i32... (idx: 1)        1                             0                             
Checking that every operator was assigned to a functional unit...yes
Binding operator -> functional unit assignments:
  store volatile i32 %128, i32... (idx: 1) -> main_mem_dual_port_0 (mux inputs: 26)
  %108 = load volatile i32* %s... (idx: 0) -> main_mem_dual_port_1 (mux inputs: 21)
State: LEGUP_F_main_BB__129
Binding functional unit type: mem_dual_port
Weight matrix for operation/function unit matching:
  %130 = load volatile i32* ge... can share an output register with another operation already assigned to main_mem_dual_port_0
  %130 = load volatile i32* ge... can share an output register with another operation already assigned to main_mem_dual_port_1
                                                  main_mem_dual_port_0          main_mem_dual_port_1          
  %130 = load volatile i32* ge... (idx: 0)        21                            16                            
Solving Bipartite Weighted Matching (minimize weights)...
Assignment matrix after operation/function unit matching:
                                                  main_mem_dual_port_0          main_mem_dual_port_1          
  %130 = load volatile i32* ge... (idx: 0)        0                             1                             
Checking that every operator was assigned to a functional unit...yes
Binding operator -> functional unit assignments:
  %130 = load volatile i32* ge... (idx: 0) -> main_mem_dual_port_1 (mux inputs: 21)

