//----------------------------------------------------------------------------//
// Generated by LegUp High-Level Synthesis Tool Version 4.0 (http://legup.org)
// Compiled: Mon Jun  4 15:32:40 2018
// University of Toronto
// For research and academic purposes only. Commercial use is prohibited.
// Please send bugs to: legup@eecg.toronto.edu
// Date: Mon Jun 25 17:09:50 2018
//----------------------------------------------------------------------------//

Target Family: StratixV
Clock period constraint: 5.000000e+00ns
Start Function: main
state: LEGUP_0
   br label %1
   Transition: if (start): LEGUP_loop_pipeline_wait_loop_1_1 default: LEGUP_0
state: LEGUP_loop_pipeline_wait_loop_1_1
   %i.05 = phi i32 [ 0, %0 ], [ %32, %1 ], !legup.canonical_induction !2, !legup.pipeline.start_time !3, !legup.pipeline.avail_time !3, !legup.pipeline.stage !3 (endState: LEGUP_loop_pipeline_wait_loop_1_1)
   br i1 %exitcond1, label %67, label %1, !legup.pipelined !2, !legup.II !40, !legup.totalTime !41, !legup.maxStage !12, !legup.tripCount !42, !legup.label !43, !legup.pipeline.start_time !3, !legup.pipeline.avail_time !3, !legup.pipeline.stage !3
   Transition: if (loop_1_pipeline_finish): LEGUP_F_main_BB__67_2 default: LEGUP_loop_pipeline_wait_loop_1_1
state: LEGUP_F_main_BB__67_2
   %68 = load volatile i64* getelementptr inbounds ([100 x i64]* @dd, i32 0, i32 90), align 8, !tbaa !4 (endState: LEGUP_F_main_BB__67_4)
   Transition: default: LEGUP_F_main_BB__67_3
state: LEGUP_F_main_BB__67_3
   Transition: default: LEGUP_F_main_BB__67_4
state: LEGUP_F_main_BB__67_4
   %69 = tail call i32 (i8*, ...)* @printf(i8* getelementptr inbounds ([12 x i8]* @.str1, i32 0, i32 0), i64 %68) #2 (endState: LEGUP_F_main_BB__67_4)
   %70 = icmp eq i64 %68, 40288495459 (endState: LEGUP_F_main_BB__67_4)
   br i1 %70, label %71, label %73
   Transition: if (%70): LEGUP_F_main_BB__71_5 default: LEGUP_F_main_BB__73_6
state: LEGUP_F_main_BB__71_5
   %72 = tail call i32 (i8*, ...)* @printf(i8* getelementptr inbounds ([8 x i8]* @.str2, i32 0, i32 0)) #2 (endState: LEGUP_F_main_BB__71_5)
   br label %75
   Transition: default: LEGUP_F_main_BB__75_7
state: LEGUP_F_main_BB__73_6
   %74 = tail call i32 (i8*, ...)* @printf(i8* getelementptr inbounds ([8 x i8]* @.str3, i32 0, i32 0)) #2 (endState: LEGUP_F_main_BB__73_6)
   br label %75
   Transition: default: LEGUP_F_main_BB__75_7
state: LEGUP_F_main_BB__75_7
   %76 = trunc i64 %68 to i32 (endState: LEGUP_F_main_BB__75_7)
   ret i32 %76
   Transition: default: LEGUP_0

Basic Block: %0 Num States: 1
Basic Block: %1 Num States: 1
Basic Block: %67 Num States: 3
Basic Block: %71 Num States: 1
Basic Block: %73 Num States: 1
Basic Block: %75 Num States: 1
End Function: main
--------------------------------------------------------------------------------

