//----------------------------------------------------------------------------//
// Generated by LegUp High-Level Synthesis Tool Version 4.0 (http://legup.org)
// Compiled: Mon Jun  4 15:32:40 2018
// University of Toronto
// For research and academic purposes only. Commercial use is prohibited.
// Please send bugs to: legup@eecg.toronto.edu
// Date: Mon Jun 25 17:09:50 2018
//----------------------------------------------------------------------------//

-----------------Function: main---------------
-------------------------1---------------------------
-----------------Delay of path:1.17 ns---------------
-----------------State:LEGUP_F_main_BB__67_4-----------------
(1.17 ns) --- (1.17 ns) ---   %70 = icmp eq i64 %68, 40288495459
(0.00 ns) --- (1.17 ns) ---   br i1 %70, label %71, label %73

-----------------Function: main---------------
-------------------------2---------------------------
-----------------Delay of path:0.00 ns---------------
-----------------State:LEGUP_F_main_BB__75_7-----------------
(0.00 ns) --- (0.00 ns) ---   %76 = trunc i64 %68 to i32
(0.00 ns) --- (0.00 ns) ---   ret i32 %76

-----------------Function: main---------------
-------------------------3---------------------------
-----------------Delay of path:0.00 ns---------------
-----------------State:LEGUP_F_main_BB__73_6-----------------
(0.00 ns) --- (0.00 ns) ---   br label %75

-----------------Function: main---------------
-------------------------4---------------------------
-----------------Delay of path:0.00 ns---------------
-----------------State:LEGUP_F_main_BB__73_6-----------------
(0.00 ns) --- (0.00 ns) ---   %74 = tail call i32 (i8*, ...)* @printf(i8* getelementptr inbounds ([8 x i8]* @.str3, i32 0, i32 0)) #2

-----------------Function: main---------------
-------------------------5---------------------------
-----------------Delay of path:0.00 ns---------------
-----------------State:LEGUP_F_main_BB__71_5-----------------
(0.00 ns) --- (0.00 ns) ---   br label %75

-----------------Function: main---------------
-------------------------6---------------------------
-----------------Delay of path:0.00 ns---------------
-----------------State:LEGUP_F_main_BB__71_5-----------------
(0.00 ns) --- (0.00 ns) ---   %72 = tail call i32 (i8*, ...)* @printf(i8* getelementptr inbounds ([8 x i8]* @.str2, i32 0, i32 0)) #2

-----------------Function: main---------------
-------------------------7---------------------------
-----------------Delay of path:0.00 ns---------------
-----------------State:LEGUP_F_main_BB__67_4-----------------
(0.00 ns) --- (0.00 ns) ---   %69 = tail call i32 (i8*, ...)* @printf(i8* getelementptr inbounds ([12 x i8]* @.str1, i32 0, i32 0), i64 %68) #2

-----------------Function: main---------------
-------------------------8---------------------------
-----------------Delay of path:0.00 ns---------------
-----------------State:LEGUP_F_main_BB__67_2-----------------
(0.00 ns) --- (0.00 ns) ---   %68 = load volatile i64* getelementptr inbounds ([100 x i64]* @dd, i32 0, i32 90), align 8, !tbaa !4


