//----------------------------------------------------------------------------//
// Generated by LegUp High-Level Synthesis Tool Version 4.0 (http://legup.org)
// Compiled: Tue Feb 14 19:47:56 2017
// University of Toronto
// For research and academic purposes only. Commercial use is prohibited.
// Please send bugs to: legup@eecg.toronto.edu
// Date: Mon Sep 25 15:02:39 2017
//----------------------------------------------------------------------------//

allocateRAM: @c
Constant: 0
allocateRAM: @aa
Constant: 0
allocateRAM: @bb
Constant: 0
allocateRAM: @cc
Constant: 0
allocateRAM: @dd
Constant: 0
allocating global ram: @c
allocating global ram: @aa
allocating global ram: @bb
allocating global ram: @cc
allocating global ram: @dd
