//----------------------------------------------------------------------------//
// Generated by LegUp High-Level Synthesis Tool Version 4.0 (http://legup.org)
// Compiled: Mon Jun  4 15:32:40 2018
// University of Toronto
// For research and academic purposes only. Commercial use is prohibited.
// Please send bugs to: legup@eecg.toronto.edu
// Date: Mon Jun 25 16:59:11 2018
//----------------------------------------------------------------------------//

-------------------------- Datapath Operation Usage --------------------------

Operation "unknown" x 54 
Operation "signed_add_32" x 8 
Operation "signed_add_64" x 4 
Operation "signed_comp_eq_32" x 2 
Operation "unsigned_divide_64" x 4 

----------------------------- General Information -----------------------------

Number of declared variables in main: 64
Critical path contains operation: unsigned_divide_64

------------------------------ Resource Estimate ------------------------------

Fmax: 9 MHz
Note: Assuming only 256 DSPs available
Warning: These estimates don't account for binding yet!
Logic Elements: 14656
    Combinational: 17928
    Registers: 3010
DSP Elements: 0
