//----------------------------------------------------------------------------//
// Generated by LegUp High-Level Synthesis Tool Version 4.0 (http://legup.org)
// Compiled: Mon Jun  4 15:32:40 2018
// University of Toronto
// For research and academic purposes only. Commercial use is prohibited.
// Please send bugs to: legup@eecg.toronto.edu
// Date: Mon Jun 25 16:59:10 2018
//----------------------------------------------------------------------------//

Target Family: StratixV
Clock period constraint: 5.000000e+00ns
Start Function: main
state: LEGUP_0
   br label %1
   Transition: if (start): LEGUP_loop_pipeline_wait_loop_1_1 default: LEGUP_0
state: LEGUP_loop_pipeline_wait_loop_1_1
   %i.01 = phi i32 [ 0, %0 ], [ %13, %1 ], !legup.canonical_induction !2, !legup.pipeline.start_time !3, !legup.pipeline.avail_time !3, !legup.pipeline.stage !3 (endState: LEGUP_loop_pipeline_wait_loop_1_1)
   br i1 %exitcond1, label %59, label %1, !legup.pipelined !2, !legup.II !19, !legup.totalTime !24, !legup.maxStage !10, !legup.tripCount !25, !legup.label !26, !legup.pipeline.start_time !3, !legup.pipeline.avail_time !3, !legup.pipeline.stage !3
   Transition: if (loop_1_pipeline_finish): LEGUP_F_main_BB__59_2 default: LEGUP_loop_pipeline_wait_loop_1_1
state: LEGUP_F_main_BB__59_2
   %60 = load volatile i32* getelementptr inbounds ([100 x i32]* @cc, i32 0, i32 40), align 4, !tbaa !14 (endState: LEGUP_F_main_BB__59_4)
   Transition: default: LEGUP_F_main_BB__59_3
state: LEGUP_F_main_BB__59_3
   Transition: default: LEGUP_F_main_BB__59_4
state: LEGUP_F_main_BB__59_4
   %61 = sext i32 %60 to i64 (endState: LEGUP_F_main_BB__59_4)
   %62 = tail call i32 (i8*, ...)* @printf(i8* getelementptr inbounds ([12 x i8]* @.str6, i32 0, i32 0), i64 %61) #2 (endState: LEGUP_F_main_BB__59_4)
   %63 = icmp eq i32 %60, 108 (endState: LEGUP_F_main_BB__59_4)
   br i1 %63, label %64, label %66
   Transition: if (%63): LEGUP_F_main_BB__64_5 default: LEGUP_F_main_BB__66_6
state: LEGUP_F_main_BB__64_5
   %65 = tail call i32 (i8*, ...)* @printf(i8* getelementptr inbounds ([8 x i8]* @.str7, i32 0, i32 0)) #2 (endState: LEGUP_F_main_BB__64_5)
   br label %68
   Transition: default: LEGUP_F_main_BB__68_7
state: LEGUP_F_main_BB__66_6
   %67 = tail call i32 (i8*, ...)* @printf(i8* getelementptr inbounds ([8 x i8]* @.str8, i32 0, i32 0)) #2 (endState: LEGUP_F_main_BB__66_6)
   br label %68
   Transition: default: LEGUP_F_main_BB__68_7
state: LEGUP_F_main_BB__68_7
   ret i32 %60
   Transition: default: LEGUP_0

Basic Block: %0 Num States: 1
Basic Block: %1 Num States: 1
Basic Block: %59 Num States: 3
Basic Block: %64 Num States: 1
Basic Block: %66 Num States: 1
Basic Block: %68 Num States: 1
End Function: main
--------------------------------------------------------------------------------

