//----------------------------------------------------------------------------//
// Generated by LegUp High-Level Synthesis Tool Version 4.0 (http://legup.org)
// Compiled: Mon Jun  4 15:32:40 2018
// University of Toronto
// For research and academic purposes only. Commercial use is prohibited.
// Please send bugs to: legup@eecg.toronto.edu
// Date: Mon Jun 25 16:59:10 2018
//----------------------------------------------------------------------------//

-----------------Function: main---------------
-------------------------1---------------------------
-----------------Delay of path:1.03 ns---------------
-----------------State:LEGUP_F_main_BB__59_4-----------------
(1.03 ns) --- (1.03 ns) ---   %63 = icmp eq i32 %60, 108
(0.00 ns) --- (1.03 ns) ---   br i1 %63, label %64, label %66

-----------------Function: main---------------
-------------------------2---------------------------
-----------------Delay of path:0.00 ns---------------
-----------------State:LEGUP_F_main_BB__59_2-----------------
(0.00 ns) --- (0.00 ns) ---   %60 = load volatile i32* getelementptr inbounds ([100 x i32]* @cc, i32 0, i32 40), align 4, !tbaa !14

-----------------Function: main---------------
-------------------------3---------------------------
-----------------Delay of path:0.00 ns---------------
-----------------State:LEGUP_F_main_BB__59_4-----------------
(0.00 ns) --- (0.00 ns) ---   %61 = sext i32 %60 to i64
(0.00 ns) --- (0.00 ns) ---   %62 = tail call i32 (i8*, ...)* @printf(i8* getelementptr inbounds ([12 x i8]* @.str6, i32 0, i32 0), i64 %61) #2

-----------------Function: main---------------
-------------------------4---------------------------
-----------------Delay of path:0.00 ns---------------
-----------------State:LEGUP_F_main_BB__64_5-----------------
(0.00 ns) --- (0.00 ns) ---   %65 = tail call i32 (i8*, ...)* @printf(i8* getelementptr inbounds ([8 x i8]* @.str7, i32 0, i32 0)) #2

-----------------Function: main---------------
-------------------------5---------------------------
-----------------Delay of path:0.00 ns---------------
-----------------State:LEGUP_F_main_BB__64_5-----------------
(0.00 ns) --- (0.00 ns) ---   br label %68

-----------------Function: main---------------
-------------------------6---------------------------
-----------------Delay of path:0.00 ns---------------
-----------------State:LEGUP_F_main_BB__66_6-----------------
(0.00 ns) --- (0.00 ns) ---   %67 = tail call i32 (i8*, ...)* @printf(i8* getelementptr inbounds ([8 x i8]* @.str8, i32 0, i32 0)) #2

-----------------Function: main---------------
-------------------------7---------------------------
-----------------Delay of path:0.00 ns---------------
-----------------State:LEGUP_F_main_BB__66_6-----------------
(0.00 ns) --- (0.00 ns) ---   br label %68

-----------------Function: main---------------
-------------------------8---------------------------
-----------------Delay of path:0.00 ns---------------
-----------------State:LEGUP_F_main_BB__68_7-----------------
(0.00 ns) --- (0.00 ns) ---   ret i32 %60


