//----------------------------------------------------------------------------//
// Generated by LegUp High-Level Synthesis Tool Version 4.0 (http://legup.org)
// Compiled: Mon Jun  4 15:32:40 2018
// University of Toronto
// For research and academic purposes only. Commercial use is prohibited.
// Please send bugs to: legup@eecg.toronto.edu
// Date: Wed Jun  6 16:31:49 2018
//----------------------------------------------------------------------------//

--------------------------------------------------------------------------------
Function: main
--------------------------------------------------------------------------------
Function unit type:           Number Required               
mem_dual_port                 2                             

Running Bipartite Weighted Matching on function: main
State: pipeline_time_0
Binding functional unit type: mem_dual_port
Weight matrix for operation/function unit matching:
                                                  main_mem_dual_port_0          main_mem_dual_port_1          
  %167 = load volatile i32* %s... (idx: 0)        10                            10                            
  store volatile i32 %187, i32... (idx: 1)        20                            20                            
Solving Bipartite Weighted Matching (minimize weights)...
Assignment matrix after operation/function unit matching:
                                                  main_mem_dual_port_0          main_mem_dual_port_1          
  %167 = load volatile i32* %s... (idx: 0)        1                             0                             
  store volatile i32 %187, i32... (idx: 1)        0                             1                             
Checking that every operator was assigned to a functional unit...yes
Binding operator -> functional unit assignments:
  %167 = load volatile i32* %s... (idx: 0) -> main_mem_dual_port_0 (mux inputs: 1)
  store volatile i32 %187, i32... (idx: 1) -> main_mem_dual_port_1 (mux inputs: 2)
State: pipeline_time_1
Binding functional unit type: mem_dual_port
Weight matrix for operation/function unit matching:
  %26 = load volatile i32* %sc... can share an output register with another operation already assigned to main_mem_dual_port_1
  %30 = load volatile i32* %sc... can share an output register with another operation already assigned to main_mem_dual_port_1
                                                  main_mem_dual_port_0          main_mem_dual_port_1          
  %26 = load volatile i32* %sc... (idx: 0)        11                            7                             
  %30 = load volatile i32* %sc... (idx: 1)        11                            7                             
Solving Bipartite Weighted Matching (minimize weights)...
Assignment matrix after operation/function unit matching:
                                                  main_mem_dual_port_0          main_mem_dual_port_1          
  %26 = load volatile i32* %sc... (idx: 0)        1                             0                             
  %30 = load volatile i32* %sc... (idx: 1)        0                             1                             
Checking that every operator was assigned to a functional unit...yes
Binding operator -> functional unit assignments:
  %26 = load volatile i32* %sc... (idx: 0) -> main_mem_dual_port_0 (mux inputs: 2)
  %30 = load volatile i32* %sc... (idx: 1) -> main_mem_dual_port_1 (mux inputs: 3)
State: pipeline_time_2
Binding functional unit type: mem_dual_port
Weight matrix for operation/function unit matching:
  %22 = load volatile i32* %sc... can share an output register with another operation already assigned to main_mem_dual_port_1
  %51 = load volatile i32* %sc... can share an output register with another operation already assigned to main_mem_dual_port_1
                                                  main_mem_dual_port_0          main_mem_dual_port_1          
  %22 = load volatile i32* %sc... (idx: 0)        12                            8                             
  %51 = load volatile i32* %sc... (idx: 1)        12                            8                             
Solving Bipartite Weighted Matching (minimize weights)...
Assignment matrix after operation/function unit matching:
                                                  main_mem_dual_port_0          main_mem_dual_port_1          
  %22 = load volatile i32* %sc... (idx: 0)        1                             0                             
  %51 = load volatile i32* %sc... (idx: 1)        0                             1                             
Checking that every operator was assigned to a functional unit...yes
Binding operator -> functional unit assignments:
  %22 = load volatile i32* %sc... (idx: 0) -> main_mem_dual_port_0 (mux inputs: 3)
  %51 = load volatile i32* %sc... (idx: 1) -> main_mem_dual_port_1 (mux inputs: 4)
State: pipeline_time_3
Binding functional unit type: mem_dual_port
Weight matrix for operation/function unit matching:
  %88 = load volatile i32* %sc... can share an output register with another operation already assigned to main_mem_dual_port_1
  %141 = load volatile i32* %s... can share an output register with another operation already assigned to main_mem_dual_port_1
                                                  main_mem_dual_port_0          main_mem_dual_port_1          
  %88 = load volatile i32* %sc... (idx: 0)        13                            9                             
  %141 = load volatile i32* %s... (idx: 1)        13                            9                             
Solving Bipartite Weighted Matching (minimize weights)...
Assignment matrix after operation/function unit matching:
                                                  main_mem_dual_port_0          main_mem_dual_port_1          
  %88 = load volatile i32* %sc... (idx: 0)        1                             0                             
  %141 = load volatile i32* %s... (idx: 1)        0                             1                             
Checking that every operator was assigned to a functional unit...yes
Binding operator -> functional unit assignments:
  %88 = load volatile i32* %sc... (idx: 0) -> main_mem_dual_port_0 (mux inputs: 4)
  %141 = load volatile i32* %s... (idx: 1) -> main_mem_dual_port_1 (mux inputs: 5)
State: pipeline_time_4
Binding functional unit type: mem_dual_port
Weight matrix for operation/function unit matching:
  %18 = load volatile i32* %sc... can share an output register with another operation already assigned to main_mem_dual_port_1
  %89 = load volatile i32* %sc... can share an output register with another operation already assigned to main_mem_dual_port_1
                                                  main_mem_dual_port_0          main_mem_dual_port_1          
  %18 = load volatile i32* %sc... (idx: 0)        14                            10                            
  %89 = load volatile i32* %sc... (idx: 1)        14                            10                            
Solving Bipartite Weighted Matching (minimize weights)...
Assignment matrix after operation/function unit matching:
                                                  main_mem_dual_port_0          main_mem_dual_port_1          
  %18 = load volatile i32* %sc... (idx: 0)        1                             0                             
  %89 = load volatile i32* %sc... (idx: 1)        0                             1                             
Checking that every operator was assigned to a functional unit...yes
Binding operator -> functional unit assignments:
  %18 = load volatile i32* %sc... (idx: 0) -> main_mem_dual_port_0 (mux inputs: 5)
  %89 = load volatile i32* %sc... (idx: 1) -> main_mem_dual_port_1 (mux inputs: 6)
State: pipeline_time_5
Binding functional unit type: mem_dual_port
Weight matrix for operation/function unit matching:
  %145 = load volatile i32* %s... can share an output register with another operation already assigned to main_mem_dual_port_1
  %146 = load volatile i32* %s... can share an output register with another operation already assigned to main_mem_dual_port_1
                                                  main_mem_dual_port_0          main_mem_dual_port_1          
  %145 = load volatile i32* %s... (idx: 0)        15                            11                            
  %146 = load volatile i32* %s... (idx: 1)        15                            11                            
Solving Bipartite Weighted Matching (minimize weights)...
Assignment matrix after operation/function unit matching:
                                                  main_mem_dual_port_0          main_mem_dual_port_1          
  %145 = load volatile i32* %s... (idx: 0)        1                             0                             
  %146 = load volatile i32* %s... (idx: 1)        0                             1                             
Checking that every operator was assigned to a functional unit...yes
Binding operator -> functional unit assignments:
  %145 = load volatile i32* %s... (idx: 0) -> main_mem_dual_port_0 (mux inputs: 6)
  %146 = load volatile i32* %s... (idx: 1) -> main_mem_dual_port_1 (mux inputs: 7)
State: pipeline_time_6
Binding functional unit type: mem_dual_port
Weight matrix for operation/function unit matching:
  %143 = load volatile i32* %s... can share an output register with another operation already assigned to main_mem_dual_port_1
  %144 = load volatile i32* %s... can share an output register with another operation already assigned to main_mem_dual_port_1
                                                  main_mem_dual_port_0          main_mem_dual_port_1          
  %143 = load volatile i32* %s... (idx: 0)        16                            12                            
  %144 = load volatile i32* %s... (idx: 1)        16                            12                            
Solving Bipartite Weighted Matching (minimize weights)...
Assignment matrix after operation/function unit matching:
                                                  main_mem_dual_port_0          main_mem_dual_port_1          
  %143 = load volatile i32* %s... (idx: 0)        1                             0                             
  %144 = load volatile i32* %s... (idx: 1)        0                             1                             
Checking that every operator was assigned to a functional unit...yes
Binding operator -> functional unit assignments:
  %143 = load volatile i32* %s... (idx: 0) -> main_mem_dual_port_0 (mux inputs: 7)
  %144 = load volatile i32* %s... (idx: 1) -> main_mem_dual_port_1 (mux inputs: 8)
State: pipeline_time_7
Binding functional unit type: mem_dual_port
Weight matrix for operation/function unit matching:
  %87 = load volatile i32* %sc... can share an input with another operation already assigned to main_mem_dual_port_1
  %87 = load volatile i32* %sc... can share an output register with another operation already assigned to main_mem_dual_port_1
  %142 = load volatile i32* %s... can share an output register with another operation already assigned to main_mem_dual_port_1
                                                  main_mem_dual_port_0          main_mem_dual_port_1          
  %87 = load volatile i32* %sc... (idx: 0)        17                            3                             
  %142 = load volatile i32* %s... (idx: 1)        17                            13                            
Solving Bipartite Weighted Matching (minimize weights)...
Assignment matrix after operation/function unit matching:
                                                  main_mem_dual_port_0          main_mem_dual_port_1          
  %87 = load volatile i32* %sc... (idx: 0)        0                             1                             
  %142 = load volatile i32* %s... (idx: 1)        1                             0                             
Checking that every operator was assigned to a functional unit...yes
Binding operator -> functional unit assignments:
  %142 = load volatile i32* %s... (idx: 1) -> main_mem_dual_port_0 (mux inputs: 8)
  %87 = load volatile i32* %sc... (idx: 0) -> main_mem_dual_port_1 (mux inputs: 8)
State: pipeline_time_8
Binding functional unit type: mem_dual_port
Weight matrix for operation/function unit matching:
  %139 = load volatile i32* %s... can share an output register with another operation already assigned to main_mem_dual_port_1
  %140 = load volatile i32* %s... can share an output register with another operation already assigned to main_mem_dual_port_1
                                                  main_mem_dual_port_0          main_mem_dual_port_1          
  %139 = load volatile i32* %s... (idx: 0)        18                            13                            
  %140 = load volatile i32* %s... (idx: 1)        18                            13                            
Solving Bipartite Weighted Matching (minimize weights)...
Assignment matrix after operation/function unit matching:
                                                  main_mem_dual_port_0          main_mem_dual_port_1          
  %139 = load volatile i32* %s... (idx: 0)        1                             0                             
  %140 = load volatile i32* %s... (idx: 1)        0                             1                             
Checking that every operator was assigned to a functional unit...yes
Binding operator -> functional unit assignments:
  %139 = load volatile i32* %s... (idx: 0) -> main_mem_dual_port_0 (mux inputs: 9)
  %140 = load volatile i32* %s... (idx: 1) -> main_mem_dual_port_1 (mux inputs: 9)
State: pipeline_time_9
Binding functional unit type: mem_dual_port
Weight matrix for operation/function unit matching:
  %137 = load volatile i32* %s... can share an output register with another operation already assigned to main_mem_dual_port_1
  %138 = load volatile i32* %s... can share an output register with another operation already assigned to main_mem_dual_port_1
                                                  main_mem_dual_port_0          main_mem_dual_port_1          
  %137 = load volatile i32* %s... (idx: 0)        19                            14                            
  %138 = load volatile i32* %s... (idx: 1)        19                            14                            
Solving Bipartite Weighted Matching (minimize weights)...
Assignment matrix after operation/function unit matching:
                                                  main_mem_dual_port_0          main_mem_dual_port_1          
  %137 = load volatile i32* %s... (idx: 0)        1                             0                             
  %138 = load volatile i32* %s... (idx: 1)        0                             1                             
Checking that every operator was assigned to a functional unit...yes
Binding operator -> functional unit assignments:
  %137 = load volatile i32* %s... (idx: 0) -> main_mem_dual_port_0 (mux inputs: 10)
  %138 = load volatile i32* %s... (idx: 1) -> main_mem_dual_port_1 (mux inputs: 10)
State: pipeline_time_10
Binding functional unit type: mem_dual_port
Weight matrix for operation/function unit matching:
  %134 = load volatile i32* %s... can share an output register with another operation already assigned to main_mem_dual_port_1
  %135 = load volatile i32* %s... can share an output register with another operation already assigned to main_mem_dual_port_1
                                                  main_mem_dual_port_0          main_mem_dual_port_1          
  %134 = load volatile i32* %s... (idx: 0)        20                            15                            
  %135 = load volatile i32* %s... (idx: 1)        20                            15                            
Solving Bipartite Weighted Matching (minimize weights)...
Assignment matrix after operation/function unit matching:
                                                  main_mem_dual_port_0          main_mem_dual_port_1          
  %134 = load volatile i32* %s... (idx: 0)        1                             0                             
  %135 = load volatile i32* %s... (idx: 1)        0                             1                             
Checking that every operator was assigned to a functional unit...yes
Binding operator -> functional unit assignments:
  %134 = load volatile i32* %s... (idx: 0) -> main_mem_dual_port_0 (mux inputs: 11)
  %135 = load volatile i32* %s... (idx: 1) -> main_mem_dual_port_1 (mux inputs: 11)
State: pipeline_time_11
Binding functional unit type: mem_dual_port
Weight matrix for operation/function unit matching:
  %79 = load volatile i32* %sc... can share an output register with another operation already assigned to main_mem_dual_port_1
  %133 = load volatile i32* %s... can share an output register with another operation already assigned to main_mem_dual_port_1
                                                  main_mem_dual_port_0          main_mem_dual_port_1          
  %79 = load volatile i32* %sc... (idx: 0)        21                            16                            
  %133 = load volatile i32* %s... (idx: 1)        21                            16                            
Solving Bipartite Weighted Matching (minimize weights)...
Assignment matrix after operation/function unit matching:
                                                  main_mem_dual_port_0          main_mem_dual_port_1          
  %79 = load volatile i32* %sc... (idx: 0)        1                             0                             
  %133 = load volatile i32* %s... (idx: 1)        0                             1                             
Checking that every operator was assigned to a functional unit...yes
Binding operator -> functional unit assignments:
  %79 = load volatile i32* %sc... (idx: 0) -> main_mem_dual_port_0 (mux inputs: 12)
  %133 = load volatile i32* %s... (idx: 1) -> main_mem_dual_port_1 (mux inputs: 12)
State: pipeline_time_12
Binding functional unit type: mem_dual_port
Weight matrix for operation/function unit matching:
  %72 = load volatile i32* %sc... can share an output register with another operation already assigned to main_mem_dual_port_1
  %73 = load volatile i32* %sc... can share an output register with another operation already assigned to main_mem_dual_port_1
                                                  main_mem_dual_port_0          main_mem_dual_port_1          
  %72 = load volatile i32* %sc... (idx: 0)        22                            17                            
  %73 = load volatile i32* %sc... (idx: 1)        22                            17                            
Solving Bipartite Weighted Matching (minimize weights)...
Assignment matrix after operation/function unit matching:
                                                  main_mem_dual_port_0          main_mem_dual_port_1          
  %72 = load volatile i32* %sc... (idx: 0)        1                             0                             
  %73 = load volatile i32* %sc... (idx: 1)        0                             1                             
Checking that every operator was assigned to a functional unit...yes
Binding operator -> functional unit assignments:
  %72 = load volatile i32* %sc... (idx: 0) -> main_mem_dual_port_0 (mux inputs: 13)
  %73 = load volatile i32* %sc... (idx: 1) -> main_mem_dual_port_1 (mux inputs: 13)
State: pipeline_time_13
Binding functional unit type: mem_dual_port
Weight matrix for operation/function unit matching:
  %17 = load volatile i32* %sc... can share an output register with another operation already assigned to main_mem_dual_port_1
  %74 = load volatile i32* %sc... can share an output register with another operation already assigned to main_mem_dual_port_1
                                                  main_mem_dual_port_0          main_mem_dual_port_1          
  %17 = load volatile i32* %sc... (idx: 0)        23                            18                            
  %74 = load volatile i32* %sc... (idx: 1)        23                            18                            
Solving Bipartite Weighted Matching (minimize weights)...
Assignment matrix after operation/function unit matching:
                                                  main_mem_dual_port_0          main_mem_dual_port_1          
  %17 = load volatile i32* %sc... (idx: 0)        1                             0                             
  %74 = load volatile i32* %sc... (idx: 1)        0                             1                             
Checking that every operator was assigned to a functional unit...yes
Binding operator -> functional unit assignments:
  %17 = load volatile i32* %sc... (idx: 0) -> main_mem_dual_port_0 (mux inputs: 14)
  %74 = load volatile i32* %sc... (idx: 1) -> main_mem_dual_port_1 (mux inputs: 14)
State: pipeline_time_14
Binding functional unit type: mem_dual_port
Weight matrix for operation/function unit matching:
  %75 = load volatile i32* %sc... can share an output register with another operation already assigned to main_mem_dual_port_1
  %76 = load volatile i32* %sc... can share an output register with another operation already assigned to main_mem_dual_port_1
                                                  main_mem_dual_port_0          main_mem_dual_port_1          
  %75 = load volatile i32* %sc... (idx: 0)        24                            19                            
  %76 = load volatile i32* %sc... (idx: 1)        24                            19                            
Solving Bipartite Weighted Matching (minimize weights)...
Assignment matrix after operation/function unit matching:
                                                  main_mem_dual_port_0          main_mem_dual_port_1          
  %75 = load volatile i32* %sc... (idx: 0)        1                             0                             
  %76 = load volatile i32* %sc... (idx: 1)        0                             1                             
Checking that every operator was assigned to a functional unit...yes
Binding operator -> functional unit assignments:
  %75 = load volatile i32* %sc... (idx: 0) -> main_mem_dual_port_0 (mux inputs: 15)
  %76 = load volatile i32* %sc... (idx: 1) -> main_mem_dual_port_1 (mux inputs: 15)
State: pipeline_time_15
Binding functional unit type: mem_dual_port
Weight matrix for operation/function unit matching:
  %77 = load volatile i32* %sc... can share an input with another operation already assigned to main_mem_dual_port_0
  %77 = load volatile i32* %sc... can share an output register with another operation already assigned to main_mem_dual_port_1
  %78 = load volatile i32* %sc... can share an output register with another operation already assigned to main_mem_dual_port_1
                                                  main_mem_dual_port_0          main_mem_dual_port_1          
  %77 = load volatile i32* %sc... (idx: 0)        15                            20                            
  %78 = load volatile i32* %sc... (idx: 1)        25                            20                            
Solving Bipartite Weighted Matching (minimize weights)...
Assignment matrix after operation/function unit matching:
                                                  main_mem_dual_port_0          main_mem_dual_port_1          
  %77 = load volatile i32* %sc... (idx: 0)        1                             0                             
  %78 = load volatile i32* %sc... (idx: 1)        0                             1                             
Checking that every operator was assigned to a functional unit...yes
Binding operator -> functional unit assignments:
  %77 = load volatile i32* %sc... (idx: 0) -> main_mem_dual_port_0 (mux inputs: 15)
  %78 = load volatile i32* %sc... (idx: 1) -> main_mem_dual_port_1 (mux inputs: 16)
State: pipeline_time_16
Binding functional unit type: mem_dual_port
Weight matrix for operation/function unit matching:
  %80 = load volatile i32* %sc... can share an output register with another operation already assigned to main_mem_dual_port_1
  %136 = load volatile i32* %s... can share an input with another operation already assigned to main_mem_dual_port_0
  %136 = load volatile i32* %s... can share an output register with another operation already assigned to main_mem_dual_port_1
                                                  main_mem_dual_port_0          main_mem_dual_port_1          
  %80 = load volatile i32* %sc... (idx: 0)        25                            21                            
  %136 = load volatile i32* %s... (idx: 1)        15                            21                            
Solving Bipartite Weighted Matching (minimize weights)...
Assignment matrix after operation/function unit matching:
                                                  main_mem_dual_port_0          main_mem_dual_port_1          
  %80 = load volatile i32* %sc... (idx: 0)        0                             1                             
  %136 = load volatile i32* %s... (idx: 1)        1                             0                             
Checking that every operator was assigned to a functional unit...yes
Binding operator -> functional unit assignments:
  %136 = load volatile i32* %s... (idx: 1) -> main_mem_dual_port_0 (mux inputs: 15)
  %80 = load volatile i32* %sc... (idx: 0) -> main_mem_dual_port_1 (mux inputs: 17)
State: pipeline_time_17
Binding functional unit type: mem_dual_port
Weight matrix for operation/function unit matching:
  %81 = load volatile i32* %sc... can share an input with another operation already assigned to main_mem_dual_port_1
  %81 = load volatile i32* %sc... can share an output register with another operation already assigned to main_mem_dual_port_1
  %82 = load volatile i32* %sc... can share an output register with another operation already assigned to main_mem_dual_port_1
                                                  main_mem_dual_port_0          main_mem_dual_port_1          
  %81 = load volatile i32* %sc... (idx: 0)        25                            12                            
  %82 = load volatile i32* %sc... (idx: 1)        25                            22                            
Solving Bipartite Weighted Matching (minimize weights)...
Assignment matrix after operation/function unit matching:
                                                  main_mem_dual_port_0          main_mem_dual_port_1          
  %81 = load volatile i32* %sc... (idx: 0)        0                             1                             
  %82 = load volatile i32* %sc... (idx: 1)        1                             0                             
Checking that every operator was assigned to a functional unit...yes
Binding operator -> functional unit assignments:
  %82 = load volatile i32* %sc... (idx: 1) -> main_mem_dual_port_0 (mux inputs: 16)
  %81 = load volatile i32* %sc... (idx: 0) -> main_mem_dual_port_1 (mux inputs: 17)
State: pipeline_time_18
Binding functional unit type: mem_dual_port
Weight matrix for operation/function unit matching:
  %83 = load volatile i32* %sc... can share an input with another operation already assigned to main_mem_dual_port_1
  %83 = load volatile i32* %sc... can share an output register with another operation already assigned to main_mem_dual_port_1
  %84 = load volatile i32* %sc... can share an output register with another operation already assigned to main_mem_dual_port_1
                                                  main_mem_dual_port_0          main_mem_dual_port_1          
  %83 = load volatile i32* %sc... (idx: 0)        26                            12                            
  %84 = load volatile i32* %sc... (idx: 1)        26                            22                            
Solving Bipartite Weighted Matching (minimize weights)...
Assignment matrix after operation/function unit matching:
                                                  main_mem_dual_port_0          main_mem_dual_port_1          
  %83 = load volatile i32* %sc... (idx: 0)        0                             1                             
  %84 = load volatile i32* %sc... (idx: 1)        1                             0                             
Checking that every operator was assigned to a functional unit...yes
Binding operator -> functional unit assignments:
  %84 = load volatile i32* %sc... (idx: 1) -> main_mem_dual_port_0 (mux inputs: 17)
  %83 = load volatile i32* %sc... (idx: 0) -> main_mem_dual_port_1 (mux inputs: 17)
State: pipeline_time_19
Binding functional unit type: mem_dual_port
Weight matrix for operation/function unit matching:
  %85 = load volatile i32* %sc... can share an input with another operation already assigned to main_mem_dual_port_0
  %85 = load volatile i32* %sc... can share an output register with another operation already assigned to main_mem_dual_port_1
  %86 = load volatile i32* %sc... can share an output register with another operation already assigned to main_mem_dual_port_1
                                                  main_mem_dual_port_0          main_mem_dual_port_1          
  %85 = load volatile i32* %sc... (idx: 0)        17                            22                            
  %86 = load volatile i32* %sc... (idx: 1)        27                            22                            
Solving Bipartite Weighted Matching (minimize weights)...
Assignment matrix after operation/function unit matching:
                                                  main_mem_dual_port_0          main_mem_dual_port_1          
  %85 = load volatile i32* %sc... (idx: 0)        1                             0                             
  %86 = load volatile i32* %sc... (idx: 1)        0                             1                             
Checking that every operator was assigned to a functional unit...yes
Binding operator -> functional unit assignments:
  %85 = load volatile i32* %sc... (idx: 0) -> main_mem_dual_port_0 (mux inputs: 17)
  %86 = load volatile i32* %sc... (idx: 1) -> main_mem_dual_port_1 (mux inputs: 18)
State: pipeline_time_20
Binding functional unit type: mem_dual_port
Weight matrix for operation/function unit matching:
  %15 = load volatile i32* %sc... can share an output register with another operation already assigned to main_mem_dual_port_1
  %131 = load volatile i32* %s... can share an input with another operation already assigned to main_mem_dual_port_0
  %131 = load volatile i32* %s... can share an output register with another operation already assigned to main_mem_dual_port_1
                                                  main_mem_dual_port_0          main_mem_dual_port_1          
  %15 = load volatile i32* %sc... (idx: 0)        27                            23                            
  %131 = load volatile i32* %s... (idx: 1)        17                            23                            
Solving Bipartite Weighted Matching (minimize weights)...
Assignment matrix after operation/function unit matching:
                                                  main_mem_dual_port_0          main_mem_dual_port_1          
  %15 = load volatile i32* %sc... (idx: 0)        0                             1                             
  %131 = load volatile i32* %s... (idx: 1)        1                             0                             
Checking that every operator was assigned to a functional unit...yes
Binding operator -> functional unit assignments:
  %131 = load volatile i32* %s... (idx: 1) -> main_mem_dual_port_0 (mux inputs: 17)
  %15 = load volatile i32* %sc... (idx: 0) -> main_mem_dual_port_1 (mux inputs: 19)
State: pipeline_time_21
Binding functional unit type: mem_dual_port
Weight matrix for operation/function unit matching:
  %16 = load volatile i32* %sc... can share an output register with another operation already assigned to main_mem_dual_port_1
  %19 = load volatile i32* %sc... can share an input with another operation already assigned to main_mem_dual_port_1
  %19 = load volatile i32* %sc... can share an output register with another operation already assigned to main_mem_dual_port_1
                                                  main_mem_dual_port_0          main_mem_dual_port_1          
  %16 = load volatile i32* %sc... (idx: 0)        27                            24                            
  %19 = load volatile i32* %sc... (idx: 1)        27                            14                            
Solving Bipartite Weighted Matching (minimize weights)...
Assignment matrix after operation/function unit matching:
                                                  main_mem_dual_port_0          main_mem_dual_port_1          
  %16 = load volatile i32* %sc... (idx: 0)        1                             0                             
  %19 = load volatile i32* %sc... (idx: 1)        0                             1                             
Checking that every operator was assigned to a functional unit...yes
Binding operator -> functional unit assignments:
  %16 = load volatile i32* %sc... (idx: 0) -> main_mem_dual_port_0 (mux inputs: 18)
  %19 = load volatile i32* %sc... (idx: 1) -> main_mem_dual_port_1 (mux inputs: 19)
State: pipeline_time_22
Binding functional unit type: mem_dual_port
Weight matrix for operation/function unit matching:
  %20 = load volatile i32* %sc... can share an output register with another operation already assigned to main_mem_dual_port_1
  %21 = load volatile i32* %sc... can share an input with another operation already assigned to main_mem_dual_port_1
  %21 = load volatile i32* %sc... can share an output register with another operation already assigned to main_mem_dual_port_1
                                                  main_mem_dual_port_0          main_mem_dual_port_1          
  %20 = load volatile i32* %sc... (idx: 0)        28                            24                            
  %21 = load volatile i32* %sc... (idx: 1)        28                            14                            
Solving Bipartite Weighted Matching (minimize weights)...
Assignment matrix after operation/function unit matching:
                                                  main_mem_dual_port_0          main_mem_dual_port_1          
  %20 = load volatile i32* %sc... (idx: 0)        1                             0                             
  %21 = load volatile i32* %sc... (idx: 1)        0                             1                             
Checking that every operator was assigned to a functional unit...yes
Binding operator -> functional unit assignments:
  %20 = load volatile i32* %sc... (idx: 0) -> main_mem_dual_port_0 (mux inputs: 19)
  %21 = load volatile i32* %sc... (idx: 1) -> main_mem_dual_port_1 (mux inputs: 19)
State: pipeline_time_23
Binding functional unit type: mem_dual_port
Weight matrix for operation/function unit matching:
  %23 = load volatile i32* %sc... can share an input with another operation already assigned to main_mem_dual_port_1
  %23 = load volatile i32* %sc... can share an output register with another operation already assigned to main_mem_dual_port_1
  %147 = load volatile i32* %s... can share an output register with another operation already assigned to main_mem_dual_port_1
                                                  main_mem_dual_port_0          main_mem_dual_port_1          
  %23 = load volatile i32* %sc... (idx: 0)        29                            14                            
  %147 = load volatile i32* %s... (idx: 1)        29                            24                            
Solving Bipartite Weighted Matching (minimize weights)...
Assignment matrix after operation/function unit matching:
                                                  main_mem_dual_port_0          main_mem_dual_port_1          
  %23 = load volatile i32* %sc... (idx: 0)        0                             1                             
  %147 = load volatile i32* %s... (idx: 1)        1                             0                             
Checking that every operator was assigned to a functional unit...yes
Binding operator -> functional unit assignments:
  %147 = load volatile i32* %s... (idx: 1) -> main_mem_dual_port_0 (mux inputs: 20)
  %23 = load volatile i32* %sc... (idx: 0) -> main_mem_dual_port_1 (mux inputs: 19)
State: pipeline_time_24
Binding functional unit type: mem_dual_port
Weight matrix for operation/function unit matching:
  %24 = load volatile i32* %sc... can share an output register with another operation already assigned to main_mem_dual_port_1
  %25 = load volatile i32* %sc... can share an input with another operation already assigned to main_mem_dual_port_0
  %25 = load volatile i32* %sc... can share an output register with another operation already assigned to main_mem_dual_port_1
                                                  main_mem_dual_port_0          main_mem_dual_port_1          
  %24 = load volatile i32* %sc... (idx: 0)        30                            24                            
  %25 = load volatile i32* %sc... (idx: 1)        20                            24                            
Solving Bipartite Weighted Matching (minimize weights)...
Assignment matrix after operation/function unit matching:
                                                  main_mem_dual_port_0          main_mem_dual_port_1          
  %24 = load volatile i32* %sc... (idx: 0)        0                             1                             
  %25 = load volatile i32* %sc... (idx: 1)        1                             0                             
Checking that every operator was assigned to a functional unit...yes
Binding operator -> functional unit assignments:
  %25 = load volatile i32* %sc... (idx: 1) -> main_mem_dual_port_0 (mux inputs: 20)
  %24 = load volatile i32* %sc... (idx: 0) -> main_mem_dual_port_1 (mux inputs: 20)
State: pipeline_time_25
Binding functional unit type: mem_dual_port
Weight matrix for operation/function unit matching:
  %27 = load volatile i32* %sc... can share an input with another operation already assigned to main_mem_dual_port_0
  %27 = load volatile i32* %sc... can share an output register with another operation already assigned to main_mem_dual_port_1
  %148 = load volatile i32* %s... can share an output register with another operation already assigned to main_mem_dual_port_1
                                                  main_mem_dual_port_0          main_mem_dual_port_1          
  %27 = load volatile i32* %sc... (idx: 0)        20                            25                            
  %148 = load volatile i32* %s... (idx: 1)        30                            25                            
Solving Bipartite Weighted Matching (minimize weights)...
Assignment matrix after operation/function unit matching:
                                                  main_mem_dual_port_0          main_mem_dual_port_1          
  %27 = load volatile i32* %sc... (idx: 0)        1                             0                             
  %148 = load volatile i32* %s... (idx: 1)        0                             1                             
Checking that every operator was assigned to a functional unit...yes
Binding operator -> functional unit assignments:
  %27 = load volatile i32* %sc... (idx: 0) -> main_mem_dual_port_0 (mux inputs: 20)
  %148 = load volatile i32* %s... (idx: 1) -> main_mem_dual_port_1 (mux inputs: 21)
State: pipeline_time_26
Binding functional unit type: mem_dual_port
Weight matrix for operation/function unit matching:
  %28 = load volatile i32* %sc... can share an output register with another operation already assigned to main_mem_dual_port_1
  %29 = load volatile i32* %sc... can share an input with another operation already assigned to main_mem_dual_port_1
  %29 = load volatile i32* %sc... can share an output register with another operation already assigned to main_mem_dual_port_1
                                                  main_mem_dual_port_0          main_mem_dual_port_1          
  %28 = load volatile i32* %sc... (idx: 0)        30                            26                            
  %29 = load volatile i32* %sc... (idx: 1)        30                            16                            
Solving Bipartite Weighted Matching (minimize weights)...
Assignment matrix after operation/function unit matching:
                                                  main_mem_dual_port_0          main_mem_dual_port_1          
  %28 = load volatile i32* %sc... (idx: 0)        1                             0                             
  %29 = load volatile i32* %sc... (idx: 1)        0                             1                             
Checking that every operator was assigned to a functional unit...yes
Binding operator -> functional unit assignments:
  %28 = load volatile i32* %sc... (idx: 0) -> main_mem_dual_port_0 (mux inputs: 21)
  %29 = load volatile i32* %sc... (idx: 1) -> main_mem_dual_port_1 (mux inputs: 21)
State: pipeline_time_27
Binding functional unit type: mem_dual_port
Weight matrix for operation/function unit matching:
  %31 = load volatile i32* %sc... can share an output register with another operation already assigned to main_mem_dual_port_1
  %32 = load volatile i32* %sc... can share an input with another operation already assigned to main_mem_dual_port_1
  %32 = load volatile i32* %sc... can share an output register with another operation already assigned to main_mem_dual_port_1
                                                  main_mem_dual_port_0          main_mem_dual_port_1          
  %31 = load volatile i32* %sc... (idx: 0)        31                            26                            
  %32 = load volatile i32* %sc... (idx: 1)        31                            16                            
Solving Bipartite Weighted Matching (minimize weights)...
Assignment matrix after operation/function unit matching:
                                                  main_mem_dual_port_0          main_mem_dual_port_1          
  %31 = load volatile i32* %sc... (idx: 0)        1                             0                             
  %32 = load volatile i32* %sc... (idx: 1)        0                             1                             
Checking that every operator was assigned to a functional unit...yes
Binding operator -> functional unit assignments:
  %31 = load volatile i32* %sc... (idx: 0) -> main_mem_dual_port_0 (mux inputs: 22)
  %32 = load volatile i32* %sc... (idx: 1) -> main_mem_dual_port_1 (mux inputs: 21)
State: pipeline_time_28
Binding functional unit type: mem_dual_port
Weight matrix for operation/function unit matching:
  %130 = load volatile i32* %s... can share an output register with another operation already assigned to main_mem_dual_port_1
  %132 = load volatile i32* %s... can share an input with another operation already assigned to main_mem_dual_port_0
  %132 = load volatile i32* %s... can share an output register with another operation already assigned to main_mem_dual_port_1
                                                  main_mem_dual_port_0          main_mem_dual_port_1          
  %130 = load volatile i32* %s... (idx: 0)        32                            26                            
  %132 = load volatile i32* %s... (idx: 1)        22                            26                            
Solving Bipartite Weighted Matching (minimize weights)...
Assignment matrix after operation/function unit matching:
                                                  main_mem_dual_port_0          main_mem_dual_port_1          
  %130 = load volatile i32* %s... (idx: 0)        0                             1                             
  %132 = load volatile i32* %s... (idx: 1)        1                             0                             
Checking that every operator was assigned to a functional unit...yes
Binding operator -> functional unit assignments:
  %132 = load volatile i32* %s... (idx: 1) -> main_mem_dual_port_0 (mux inputs: 22)
  %130 = load volatile i32* %s... (idx: 0) -> main_mem_dual_port_1 (mux inputs: 22)
State: pipeline_time_29
Binding functional unit type: mem_dual_port
Weight matrix for operation/function unit matching:
  %14 = load volatile i32* %sc... can share an input with another operation already assigned to main_mem_dual_port_1
  %14 = load volatile i32* %sc... can share an output register with another operation already assigned to main_mem_dual_port_1
  %90 = load volatile i32* %sc... can share an input with another operation already assigned to main_mem_dual_port_0
  %90 = load volatile i32* %sc... can share an output register with another operation already assigned to main_mem_dual_port_1
                                                  main_mem_dual_port_0          main_mem_dual_port_1          
  %14 = load volatile i32* %sc... (idx: 0)        32                            17                            
  %90 = load volatile i32* %sc... (idx: 1)        22                            27                            
Solving Bipartite Weighted Matching (minimize weights)...
Assignment matrix after operation/function unit matching:
                                                  main_mem_dual_port_0          main_mem_dual_port_1          
  %14 = load volatile i32* %sc... (idx: 0)        0                             1                             
  %90 = load volatile i32* %sc... (idx: 1)        1                             0                             
Checking that every operator was assigned to a functional unit...yes
Binding operator -> functional unit assignments:
  %90 = load volatile i32* %sc... (idx: 1) -> main_mem_dual_port_0 (mux inputs: 22)
  %14 = load volatile i32* %sc... (idx: 0) -> main_mem_dual_port_1 (mux inputs: 22)
State: pipeline_time_30
Binding functional unit type: mem_dual_port
Weight matrix for operation/function unit matching:
  store volatile i32 %97, i32*... can share an output register with another operation already assigned to main_mem_dual_port_0
  store volatile i32 %97, i32*... can share an output register with another operation already assigned to main_mem_dual_port_1
  store volatile i32 %155, i32... can share an output register with another operation already assigned to main_mem_dual_port_0
  store volatile i32 %155, i32... can share an output register with another operation already assigned to main_mem_dual_port_1
                                                  main_mem_dual_port_0          main_mem_dual_port_1          
  store volatile i32 %97, i32*... (idx: 0)        37                            37                            
  store volatile i32 %155, i32... (idx: 1)        37                            37                            
Solving Bipartite Weighted Matching (minimize weights)...
Assignment matrix after operation/function unit matching:
                                                  main_mem_dual_port_0          main_mem_dual_port_1          
  store volatile i32 %97, i32*... (idx: 0)        1                             0                             
  store volatile i32 %155, i32... (idx: 1)        0                             1                             
Checking that every operator was assigned to a functional unit...yes
Binding operator -> functional unit assignments:
  store volatile i32 %97, i32*... (idx: 0) -> main_mem_dual_port_0 (mux inputs: 24)
  store volatile i32 %155, i32... (idx: 1) -> main_mem_dual_port_1 (mux inputs: 24)
State: pipeline_time_31
Binding functional unit type: mem_dual_port
Weight matrix for operation/function unit matching:
  store volatile i32 %39, i32*... can share an output register with another operation already assigned to main_mem_dual_port_0
  store volatile i32 %39, i32*... can share an output register with another operation already assigned to main_mem_dual_port_1
  store volatile i32 %163, i32... can share an output register with another operation already assigned to main_mem_dual_port_0
  store volatile i32 %163, i32... can share an output register with another operation already assigned to main_mem_dual_port_1
                                                  main_mem_dual_port_0          main_mem_dual_port_1          
  store volatile i32 %39, i32*... (idx: 0)        39                            39                            
  store volatile i32 %163, i32... (idx: 1)        39                            39                            
Solving Bipartite Weighted Matching (minimize weights)...
Assignment matrix after operation/function unit matching:
                                                  main_mem_dual_port_0          main_mem_dual_port_1          
  store volatile i32 %39, i32*... (idx: 0)        1                             0                             
  store volatile i32 %163, i32... (idx: 1)        0                             1                             
Checking that every operator was assigned to a functional unit...yes
Binding operator -> functional unit assignments:
  store volatile i32 %39, i32*... (idx: 0) -> main_mem_dual_port_0 (mux inputs: 26)
  store volatile i32 %163, i32... (idx: 1) -> main_mem_dual_port_1 (mux inputs: 26)
State: pipeline_time_32
Binding functional unit type: mem_dual_port
Weight matrix for operation/function unit matching:
  store volatile i32 %47, i32*... can share an output register with another operation already assigned to main_mem_dual_port_0
  store volatile i32 %47, i32*... can share an output register with another operation already assigned to main_mem_dual_port_1
  store volatile i32 %105, i32... can share an output register with another operation already assigned to main_mem_dual_port_0
  store volatile i32 %105, i32... can share an output register with another operation already assigned to main_mem_dual_port_1
                                                  main_mem_dual_port_0          main_mem_dual_port_1          
  store volatile i32 %47, i32*... (idx: 0)        41                            41                            
  store volatile i32 %105, i32... (idx: 1)        41                            41                            
Solving Bipartite Weighted Matching (minimize weights)...
Assignment matrix after operation/function unit matching:
                                                  main_mem_dual_port_0          main_mem_dual_port_1          
  store volatile i32 %47, i32*... (idx: 0)        1                             0                             
  store volatile i32 %105, i32... (idx: 1)        0                             1                             
Checking that every operator was assigned to a functional unit...yes
Binding operator -> functional unit assignments:
  store volatile i32 %47, i32*... (idx: 0) -> main_mem_dual_port_0 (mux inputs: 28)
  store volatile i32 %105, i32... (idx: 1) -> main_mem_dual_port_1 (mux inputs: 28)
State: pipeline_time_33
Binding functional unit type: mem_dual_port
Weight matrix for operation/function unit matching:
  store volatile i32 %108, i32... can share an output register with another operation already assigned to main_mem_dual_port_0
  store volatile i32 %108, i32... can share an output register with another operation already assigned to main_mem_dual_port_1
  store volatile i32 %166, i32... can share an output register with another operation already assigned to main_mem_dual_port_0
  store volatile i32 %166, i32... can share an output register with another operation already assigned to main_mem_dual_port_1
                                                  main_mem_dual_port_0          main_mem_dual_port_1          
  store volatile i32 %108, i32... (idx: 0)        43                            43                            
  store volatile i32 %166, i32... (idx: 1)        43                            43                            
Solving Bipartite Weighted Matching (minimize weights)...
Assignment matrix after operation/function unit matching:
                                                  main_mem_dual_port_0          main_mem_dual_port_1          
  store volatile i32 %108, i32... (idx: 0)        1                             0                             
  store volatile i32 %166, i32... (idx: 1)        0                             1                             
Checking that every operator was assigned to a functional unit...yes
Binding operator -> functional unit assignments:
  store volatile i32 %108, i32... (idx: 0) -> main_mem_dual_port_0 (mux inputs: 30)
  store volatile i32 %166, i32... (idx: 1) -> main_mem_dual_port_1 (mux inputs: 30)
State: pipeline_time_34
Binding functional unit type: mem_dual_port
Weight matrix for operation/function unit matching:
  store volatile i32 %50, i32*... can share an output register with another operation already assigned to main_mem_dual_port_0
  store volatile i32 %50, i32*... can share an output register with another operation already assigned to main_mem_dual_port_1
  store volatile i32 %71, i32*... can share an output register with another operation already assigned to main_mem_dual_port_0
  store volatile i32 %71, i32*... can share an output register with another operation already assigned to main_mem_dual_port_1
                                                  main_mem_dual_port_0          main_mem_dual_port_1          
  store volatile i32 %50, i32*... (idx: 0)        45                            45                            
  store volatile i32 %71, i32*... (idx: 1)        45                            45                            
Solving Bipartite Weighted Matching (minimize weights)...
Assignment matrix after operation/function unit matching:
                                                  main_mem_dual_port_0          main_mem_dual_port_1          
  store volatile i32 %50, i32*... (idx: 0)        1                             0                             
  store volatile i32 %71, i32*... (idx: 1)        0                             1                             
Checking that every operator was assigned to a functional unit...yes
Binding operator -> functional unit assignments:
  store volatile i32 %50, i32*... (idx: 0) -> main_mem_dual_port_0 (mux inputs: 32)
  store volatile i32 %71, i32*... (idx: 1) -> main_mem_dual_port_1 (mux inputs: 32)
State: pipeline_time_35
Binding functional unit type: mem_dual_port
Weight matrix for operation/function unit matching:
  %109 = load volatile i32* %s... can share an output register with another operation already assigned to main_mem_dual_port_0
  %109 = load volatile i32* %s... can share an input with another operation already assigned to main_mem_dual_port_1
  %109 = load volatile i32* %s... can share an output register with another operation already assigned to main_mem_dual_port_1
  store volatile i32 %129, i32... can share an input with another operation already assigned to main_mem_dual_port_0
  store volatile i32 %129, i32... can share an output register with another operation already assigned to main_mem_dual_port_0
  store volatile i32 %129, i32... can share an output register with another operation already assigned to main_mem_dual_port_1
                                                  main_mem_dual_port_0          main_mem_dual_port_1          
  %109 = load volatile i32* %s... (idx: 0)        37                            27                            
  store volatile i32 %129, i32... (idx: 1)        37                            47                            
Solving Bipartite Weighted Matching (minimize weights)...
Assignment matrix after operation/function unit matching:
                                                  main_mem_dual_port_0          main_mem_dual_port_1          
  %109 = load volatile i32* %s... (idx: 0)        0                             1                             
  store volatile i32 %129, i32... (idx: 1)        1                             0                             
Checking that every operator was assigned to a functional unit...yes
Binding operator -> functional unit assignments:
  store volatile i32 %129, i32... (idx: 1) -> main_mem_dual_port_0 (mux inputs: 33)
  %109 = load volatile i32* %s... (idx: 0) -> main_mem_dual_port_1 (mux inputs: 32)
State: LEGUP_F_main_BB__188
Binding functional unit type: mem_dual_port
Weight matrix for operation/function unit matching:
  %189 = load volatile i32* ge... can share an output register with another operation already assigned to main_mem_dual_port_0
  %189 = load volatile i32* ge... can share an output register with another operation already assigned to main_mem_dual_port_1
                                                  main_mem_dual_port_0          main_mem_dual_port_1          
  %189 = load volatile i32* ge... (idx: 0)        28                            27                            
Solving Bipartite Weighted Matching (minimize weights)...
Assignment matrix after operation/function unit matching:
                                                  main_mem_dual_port_0          main_mem_dual_port_1          
  %189 = load volatile i32* ge... (idx: 0)        0                             1                             
Checking that every operator was assigned to a functional unit...yes
Binding operator -> functional unit assignments:
  %189 = load volatile i32* ge... (idx: 0) -> main_mem_dual_port_1 (mux inputs: 32)

