//----------------------------------------------------------------------------//
// Generated by LegUp High-Level Synthesis Tool Version 4.0 (http://legup.org)
// Compiled: Mon Jun  4 15:32:40 2018
// University of Toronto
// For research and academic purposes only. Commercial use is prohibited.
// Please send bugs to: legup@eecg.toronto.edu
// Date: Wed Jun  6 16:31:49 2018
//----------------------------------------------------------------------------//

Target Family: StratixV
Clock period constraint: 5.000000e+00ns
Start Function: main
state: LEGUP_0
   br label %1
   Transition: if (start): LEGUP_loop_pipeline_wait_loop_1_1 default: LEGUP_0
state: LEGUP_loop_pipeline_wait_loop_1_1
   %indvar = phi i32 [ %indvar.next, %1 ], [ 0, %0 ], !legup.canonical_induction !2, !legup.pipeline.start_time !3, !legup.pipeline.avail_time !3, !legup.pipeline.stage !3 (endState: LEGUP_loop_pipeline_wait_loop_1_1)
   br i1 %exitcond, label %188, label %1, !llvm.loop !53, !legup.pipelined !2, !legup.II !55, !legup.totalTime !56, !legup.maxStage !16, !legup.tripCount !46, !legup.label !57, !legup.pipeline.start_time !3, !legup.pipeline.avail_time !3, !legup.pipeline.stage !3
   Transition: if (loop_1_pipeline_finish): LEGUP_F_main_BB__188_2 default: LEGUP_loop_pipeline_wait_loop_1_1
state: LEGUP_F_main_BB__188_2
   %189 = load volatile i32* getelementptr inbounds ([100 x i32]* @dd, i32 0, i32 90), align 4, !tbaa !4 (endState: LEGUP_F_main_BB__188_4)
   Transition: default: LEGUP_F_main_BB__188_3
state: LEGUP_F_main_BB__188_3
   Transition: default: LEGUP_F_main_BB__188_4
state: LEGUP_F_main_BB__188_4
   %190 = tail call i32 (i8*, ...)* @printf(i8* getelementptr inbounds ([10 x i8]* @.str1, i32 0, i32 0), i32 %189) #2 (endState: LEGUP_F_main_BB__188_4)
   %191 = icmp eq i32 %189, 87301 (endState: LEGUP_F_main_BB__188_4)
   br i1 %191, label %192, label %194
   Transition: if (%191): LEGUP_F_main_BB__192_5 default: LEGUP_F_main_BB__194_6
state: LEGUP_F_main_BB__192_5
   %193 = tail call i32 (i8*, ...)* @printf(i8* getelementptr inbounds ([8 x i8]* @.str2, i32 0, i32 0)) #2 (endState: LEGUP_F_main_BB__192_5)
   br label %196
   Transition: default: LEGUP_F_main_BB__196_7
state: LEGUP_F_main_BB__194_6
   %195 = tail call i32 (i8*, ...)* @printf(i8* getelementptr inbounds ([8 x i8]* @.str3, i32 0, i32 0)) #2 (endState: LEGUP_F_main_BB__194_6)
   br label %196
   Transition: default: LEGUP_F_main_BB__196_7
state: LEGUP_F_main_BB__196_7
   ret i32 %189
   Transition: default: LEGUP_0

Basic Block: %0 Num States: 1
Basic Block: %1 Num States: 1
Basic Block: %188 Num States: 3
Basic Block: %192 Num States: 1
Basic Block: %194 Num States: 1
Basic Block: %196 Num States: 1
End Function: main
--------------------------------------------------------------------------------

