//----------------------------------------------------------------------------//
// Generated by LegUp High-Level Synthesis Tool Version 4.0 (http://legup.org)
// Compiled: Mon Jun  4 15:32:40 2018
// University of Toronto
// For research and academic purposes only. Commercial use is prohibited.
// Please send bugs to: legup@eecg.toronto.edu
// Date: Mon Jun 25 17:11:00 2018
//----------------------------------------------------------------------------//

-------------------------- Datapath Operation Usage --------------------------

Operation "unknown" x 35 
Operation "signed_add_32" x 48 
Operation "signed_comp_eq_32" x 2 

----------------------------- General Information -----------------------------

Number of declared variables in main: 97
Critical path contains operation: signed_add_32

------------------------------ Resource Estimate ------------------------------

Fmax: 717 MHz
Note: Assuming only 256 DSPs available
Warning: These estimates don't account for binding yet!
Logic Elements: 3224
    Combinational: 1564
    Registers: 3042
DSP Elements: 0
