//----------------------------------------------------------------------------//
// Generated by LegUp High-Level Synthesis Tool Version 4.0 (http://legup.org)
// Compiled: Mon Jun  4 15:32:40 2018
// University of Toronto
// For research and academic purposes only. Commercial use is prohibited.
// Please send bugs to: legup@eecg.toronto.edu
// Date: Mon Jun 25 17:11:00 2018
//----------------------------------------------------------------------------//

Target Family: StratixV
Clock period constraint: 5.000000e+00ns
Start Function: main
state: LEGUP_0
   br label %1
   Transition: if (start): LEGUP_loop_pipeline_wait_loop_1_1 default: LEGUP_0
state: LEGUP_loop_pipeline_wait_loop_1_1
   %i.01 = phi i32 [ 0, %0 ], [ %20, %1 ], !legup.canonical_induction !2, !legup.pipeline.start_time !3, !legup.pipeline.avail_time !3, !legup.pipeline.stage !3 (endState: LEGUP_loop_pipeline_wait_loop_1_1)
   br i1 %exitcond1, label %70, label %1, !legup.pipelined !2, !legup.II !18, !legup.totalTime !19, !legup.maxStage !3, !legup.tripCount !20, !legup.label !21, !legup.pipeline.start_time !3, !legup.pipeline.avail_time !3, !legup.pipeline.stage !3
   Transition: if (loop_1_pipeline_finish): LEGUP_F_main_BB__70_2 default: LEGUP_loop_pipeline_wait_loop_1_1
state: LEGUP_F_main_BB__70_2
   %71 = load volatile i32* getelementptr inbounds ([100 x i32]* @dd, i32 0, i32 90), align 4, !tbaa !4 (endState: LEGUP_F_main_BB__70_4)
   Transition: default: LEGUP_F_main_BB__70_3
state: LEGUP_F_main_BB__70_3
   Transition: default: LEGUP_F_main_BB__70_4
state: LEGUP_F_main_BB__70_4
   %72 = tail call i32 (i8*, ...)* @printf(i8* getelementptr inbounds ([10 x i8]* @.str1, i32 0, i32 0), i32 %71) #2 (endState: LEGUP_F_main_BB__70_4)
   %73 = icmp eq i32 %71, 87301 (endState: LEGUP_F_main_BB__70_4)
   br i1 %73, label %74, label %76
   Transition: if (%73): LEGUP_F_main_BB__74_5 default: LEGUP_F_main_BB__76_6
state: LEGUP_F_main_BB__74_5
   %75 = tail call i32 (i8*, ...)* @printf(i8* getelementptr inbounds ([8 x i8]* @.str2, i32 0, i32 0)) #2 (endState: LEGUP_F_main_BB__74_5)
   br label %78
   Transition: default: LEGUP_F_main_BB__78_7
state: LEGUP_F_main_BB__76_6
   %77 = tail call i32 (i8*, ...)* @printf(i8* getelementptr inbounds ([8 x i8]* @.str3, i32 0, i32 0)) #2 (endState: LEGUP_F_main_BB__76_6)
   br label %78
   Transition: default: LEGUP_F_main_BB__78_7
state: LEGUP_F_main_BB__78_7
   ret i32 %71
   Transition: default: LEGUP_0

Basic Block: %0 Num States: 1
Basic Block: %1 Num States: 1
Basic Block: %70 Num States: 3
Basic Block: %74 Num States: 1
Basic Block: %76 Num States: 1
Basic Block: %78 Num States: 1
End Function: main
--------------------------------------------------------------------------------

