//----------------------------------------------------------------------------//
// Generated by LegUp High-Level Synthesis Tool Version 4.0 (http://legup.org)
// Compiled: Mon Jun  4 15:32:40 2018
// University of Toronto
// For research and academic purposes only. Commercial use is prohibited.
// Please send bugs to: legup@eecg.toronto.edu
// Date: Mon Jun 25 16:54:31 2018
//----------------------------------------------------------------------------//

-------------------------- Datapath Operation Usage --------------------------

Operation "unknown" x 20 
Operation "signed_add_32" x 5 
Operation "signed_add_64" x 2 
Operation "signed_comp_eq_32" x 1 
Operation "signed_comp_eq_64" x 1 
Operation "signed_multiply_64" x 2 

----------------------------- General Information -----------------------------

Number of declared variables in main: 28
Critical path contains operation: signed_multiply_64

------------------------------ Resource Estimate ------------------------------

Fmax: 208 MHz
Note: Assuming only 256 DSPs available
Warning: These estimates don't account for binding yet!
Logic Elements: 1146
    Combinational: 452
    Registers: 1186
DSP Elements: 16
