//----------------------------------------------------------------------------//
// Generated by LegUp High-Level Synthesis Tool Version 4.0 (http://legup.org)
// Compiled: Mon Jun  4 15:32:40 2018
// University of Toronto
// For research and academic purposes only. Commercial use is prohibited.
// Please send bugs to: legup@eecg.toronto.edu
// Date: Mon Jun 25 16:54:31 2018
//----------------------------------------------------------------------------//

Target Family: StratixV
Clock period constraint: 5.000000e+00ns
Start Function: main
state: LEGUP_0
   br label %1
   Transition: if (start): LEGUP_loop_pipeline_wait_loop_1_1 default: LEGUP_0
state: LEGUP_loop_pipeline_wait_loop_1_1
   %i.01 = phi i32 [ 0, %0 ], [ %6, %1 ], !legup.canonical_induction !2, !legup.pipeline.start_time !3, !legup.pipeline.avail_time !3, !legup.pipeline.stage !3 (endState: LEGUP_loop_pipeline_wait_loop_1_1)
   br i1 %exitcond1, label %18, label %1, !legup.pipelined !2, !legup.II !14, !legup.totalTime !17, !legup.maxStage !12, !legup.tripCount !18, !legup.label !19, !legup.pipeline.start_time !3, !legup.pipeline.avail_time !3, !legup.pipeline.stage !3
   Transition: if (loop_1_pipeline_finish): LEGUP_F_main_BB__18_2 default: LEGUP_loop_pipeline_wait_loop_1_1
state: LEGUP_F_main_BB__18_2
   %19 = load volatile i64* getelementptr inbounds ([100 x i64]* @d, i32 0, i32 90), align 8, !tbaa !4 (endState: LEGUP_F_main_BB__18_4)
   Transition: default: LEGUP_F_main_BB__18_3
state: LEGUP_F_main_BB__18_3
   Transition: default: LEGUP_F_main_BB__18_4
state: LEGUP_F_main_BB__18_4
   %20 = tail call i32 (i8*, ...)* @printf(i8* getelementptr inbounds ([12 x i8]* @.str2, i32 0, i32 0), i64 %19) #2 (endState: LEGUP_F_main_BB__18_4)
   %21 = icmp eq i64 %19, 91 (endState: LEGUP_F_main_BB__18_4)
   br i1 %21, label %22, label %24
   Transition: if (%21): LEGUP_F_main_BB__22_5 default: LEGUP_F_main_BB__24_6
state: LEGUP_F_main_BB__22_5
   %23 = tail call i32 (i8*, ...)* @printf(i8* getelementptr inbounds ([8 x i8]* @.str3, i32 0, i32 0)) #2 (endState: LEGUP_F_main_BB__22_5)
   br label %26
   Transition: default: LEGUP_F_main_BB__26_7
state: LEGUP_F_main_BB__24_6
   %25 = tail call i32 (i8*, ...)* @printf(i8* getelementptr inbounds ([8 x i8]* @.str4, i32 0, i32 0)) #2 (endState: LEGUP_F_main_BB__24_6)
   br label %26
   Transition: default: LEGUP_F_main_BB__26_7
state: LEGUP_F_main_BB__26_7
   %27 = trunc i64 %19 to i32 (endState: LEGUP_F_main_BB__26_7)
   ret i32 %27
   Transition: default: LEGUP_0

Basic Block: %0 Num States: 1
Basic Block: %1 Num States: 1
Basic Block: %18 Num States: 3
Basic Block: %22 Num States: 1
Basic Block: %24 Num States: 1
Basic Block: %26 Num States: 1
End Function: main
--------------------------------------------------------------------------------

