//----------------------------------------------------------------------------//
// Generated by LegUp High-Level Synthesis Tool Version 4.0 (http://legup.org)
// Compiled: Mon Jun  4 15:32:40 2018
// University of Toronto
// For research and academic purposes only. Commercial use is prohibited.
// Please send bugs to: legup@eecg.toronto.edu
// Date: Mon Jun 25 16:54:31 2018
//----------------------------------------------------------------------------//

-----------------Function: main---------------
-------------------------1---------------------------
-----------------Delay of path:1.17 ns---------------
-----------------State:LEGUP_F_main_BB__18_4-----------------
(1.17 ns) --- (1.17 ns) ---   %21 = icmp eq i64 %19, 91
(0.00 ns) --- (1.17 ns) ---   br i1 %21, label %22, label %24

-----------------Function: main---------------
-------------------------2---------------------------
-----------------Delay of path:0.00 ns---------------
-----------------State:LEGUP_F_main_BB__18_2-----------------
(0.00 ns) --- (0.00 ns) ---   %19 = load volatile i64* getelementptr inbounds ([100 x i64]* @d, i32 0, i32 90), align 8, !tbaa !4

-----------------Function: main---------------
-------------------------3---------------------------
-----------------Delay of path:0.00 ns---------------
-----------------State:LEGUP_F_main_BB__18_4-----------------
(0.00 ns) --- (0.00 ns) ---   %20 = tail call i32 (i8*, ...)* @printf(i8* getelementptr inbounds ([12 x i8]* @.str2, i32 0, i32 0), i64 %19) #2

-----------------Function: main---------------
-------------------------4---------------------------
-----------------Delay of path:0.00 ns---------------
-----------------State:LEGUP_F_main_BB__22_5-----------------
(0.00 ns) --- (0.00 ns) ---   %23 = tail call i32 (i8*, ...)* @printf(i8* getelementptr inbounds ([8 x i8]* @.str3, i32 0, i32 0)) #2

-----------------Function: main---------------
-------------------------5---------------------------
-----------------Delay of path:0.00 ns---------------
-----------------State:LEGUP_F_main_BB__22_5-----------------
(0.00 ns) --- (0.00 ns) ---   br label %26

-----------------Function: main---------------
-------------------------6---------------------------
-----------------Delay of path:0.00 ns---------------
-----------------State:LEGUP_F_main_BB__24_6-----------------
(0.00 ns) --- (0.00 ns) ---   %25 = tail call i32 (i8*, ...)* @printf(i8* getelementptr inbounds ([8 x i8]* @.str4, i32 0, i32 0)) #2

-----------------Function: main---------------
-------------------------7---------------------------
-----------------Delay of path:0.00 ns---------------
-----------------State:LEGUP_F_main_BB__24_6-----------------
(0.00 ns) --- (0.00 ns) ---   br label %26

-----------------Function: main---------------
-------------------------8---------------------------
-----------------Delay of path:0.00 ns---------------
-----------------State:LEGUP_F_main_BB__26_7-----------------
(0.00 ns) --- (0.00 ns) ---   %27 = trunc i64 %19 to i32
(0.00 ns) --- (0.00 ns) ---   ret i32 %27


