//----------------------------------------------------------------------------//
// Generated by LegUp High-Level Synthesis Tool Version 4.0 (http://legup.org)
// Compiled: Tue Feb 14 19:47:56 2017
// University of Toronto
// For research and academic purposes only. Commercial use is prohibited.
// Please send bugs to: legup@eecg.toronto.edu
// Date: Fri Apr  7 15:18:39 2017
//----------------------------------------------------------------------------//

--------------------------------------------------------------------------------
Function: main
--------------------------------------------------------------------------------
Function unit type:           Number Required               
alphaalpha_lut_local_mem_dual_port1                             
gfinv_lutlut_local_mem_dual_port1                             
main_0_ai_local_mem_dual_port 1                             
main_0_alpha_inv_local_mem_dual_port1                             
main_0_alpha_inv_tempi_local_mem_dual_port1                             
main_0_ci_local_mem_dual_port 1                             
main_0_err_loc_local_mem_dual_port1                             
main_0_err_loc_tempi_local_mem_dual_port1                             
main_0_err_local_mem_dual_port1                             
main_0_in_d_2_local_mem_dual_port1                             
main_0_in_data_local_mem_dual_port1                             
main_0_lambda_local_mem_dual_port2                             
main_0_out_d_local_mem_dual_port1                             
main_0_pi_local_mem_dual_port 1                             
main_0_s_local_mem_dual_port  1                             
main_0_t1i_local_mem_dual_port1                             
main_0_t2i_local_mem_dual_port1                             
main_0_tempi_local_mem_dual_port2                             
main_0_wi_local_mem_dual_port 1                             
mainin_d_local_mem_dual_port  1                             
mem_dual_port                 2                             
--------------------------------------------------------------------------------
Function: gfmult_hw
--------------------------------------------------------------------------------
Function unit type:           Number Required               
--------------------------------------------------------------------------------
Function: poly_eval
--------------------------------------------------------------------------------
Function unit type:           Number Required               
mem_dual_port                 1                             

Running Bipartite Weighted Matching on function: gfmult_hw

