//----------------------------------------------------------------------------//
// Generated by LegUp High-Level Synthesis Tool Version 4.0 (http://legup.org)
// Compiled: Tue Feb 14 19:47:56 2017
// University of Toronto
// For research and academic purposes only. Commercial use is prohibited.
// Please send bugs to: legup@eecg.toronto.edu
// Date: Fri Apr  7 15:17:26 2017
//----------------------------------------------------------------------------//

-------------------------- Datapath Operation Usage --------------------------

Operation "unknown" x 421 
Operation "bitwise_AND_32" x 19 
Operation "bitwise_XOR_32" x 25 
Operation "bitwise_XOR_8" x 3 
Operation "shift_ll_32" x 38 
Operation "signed_add_32" x 62 
Operation "signed_add_8" x 1 
Operation "signed_comp_eq_32" x 75 
Operation "signed_comp_eq_mux_32" x 19 
Operation "signed_comp_eq_mux_8" x 2 
Operation "signed_comp_gt_32" x 1 
Operation "signed_comp_lt_32" x 3 
Operation "signed_subtract_32" x 28 

----------------------------- General Information -----------------------------

Number of declared variables in main: 540
Critical path contains operation: signed_comp_eq_mux_32

------------------------------ Resource Estimate ------------------------------

Fmax: 250 MHz
Note: Assuming only 87 DSPs available
Warning: These estimates don't account for binding yet!
Logic Elements: 15799
    Combinational: 9410
    Registers: 13161
DSP Elements: 0
