//----------------------------------------------------------------------------//
// Generated by LegUp High-Level Synthesis Tool Version 4.0 (http://legup.org)
// Compiled: Tue Feb 14 19:47:56 2017
// University of Toronto
// For research and academic purposes only. Commercial use is prohibited.
// Please send bugs to: legup@eecg.toronto.edu
// Date: Fri Apr  7 15:17:26 2017
//----------------------------------------------------------------------------//

-----------------Function: main---------------
-------------------------1---------------------------
-----------------Delay of path:13.99 ns---------------
-----------------State:LEGUP_F_main_BB__345_226-----------------
(2.40 ns) --- (2.40 ns) ---   %k.0.i.i.i.i = sub i32 15, %indvar172
(3.33 ns) --- (5.73 ns) ---   %347 = shl i32 1, %k.0.i.i.i.i
(0.87 ns) --- (6.59 ns) ---   %348 = and i32 %temp.2.i.i.i.i, %347
(2.49 ns) --- (9.09 ns) ---   %349 = icmp eq i32 %348, 0
(3.99 ns) --- (13.08 ns) ---   %351 = select i1 %349, i32 0, i32 %350
(0.91 ns) --- (13.99 ns) ---   %temp.3.i.i.i.i = xor i32 %temp.2.i.i.i.i, %351

-----------------Function: main---------------
-------------------------2---------------------------
-----------------Delay of path:13.99 ns---------------
-----------------State:LEGUP_F_main_BB__319_212-----------------
(2.40 ns) --- (2.40 ns) ---   %k.0.i.i.i5.i = sub i32 15, %indvar159
(3.33 ns) --- (5.73 ns) ---   %321 = shl i32 1, %k.0.i.i.i5.i
(0.87 ns) --- (6.59 ns) ---   %322 = and i32 %temp.2.i.i.i4.i, %321
(2.49 ns) --- (9.09 ns) ---   %323 = icmp eq i32 %322, 0
(3.99 ns) --- (13.08 ns) ---   %325 = select i1 %323, i32 0, i32 %324
(0.91 ns) --- (13.99 ns) ---   %temp.3.i.i.i6.i = xor i32 %temp.2.i.i.i4.i, %325

-----------------Function: main---------------
-------------------------3---------------------------
-----------------Delay of path:13.99 ns---------------
-----------------State:LEGUP_F_main_BB__300_202-----------------
(2.40 ns) --- (2.40 ns) ---   %k.0.i.i.i13.i = sub i32 15, %indvar151
(3.33 ns) --- (5.73 ns) ---   %302 = shl i32 1, %k.0.i.i.i13.i
(0.87 ns) --- (6.59 ns) ---   %303 = and i32 %temp.2.i.i.i12.i, %302
(2.49 ns) --- (9.09 ns) ---   %304 = icmp eq i32 %303, 0
(3.99 ns) --- (13.08 ns) ---   %306 = select i1 %304, i32 0, i32 %305
(0.91 ns) --- (13.99 ns) ---   %temp.3.i.i.i14.i = xor i32 %temp.2.i.i.i12.i, %306

-----------------Function: main---------------
-------------------------4---------------------------
-----------------Delay of path:13.99 ns---------------
-----------------State:LEGUP_F_main_BB__257_175-----------------
(2.40 ns) --- (2.40 ns) ---   %k.0.i.i = sub i32 15, %indvar136
(3.33 ns) --- (5.73 ns) ---   %259 = shl i32 1, %k.0.i.i
(0.87 ns) --- (6.59 ns) ---   %260 = and i32 %temp.2.i.i, %259
(2.49 ns) --- (9.09 ns) ---   %261 = icmp eq i32 %260, 0
(3.99 ns) --- (13.08 ns) ---   %263 = select i1 %261, i32 0, i32 %262
(0.91 ns) --- (13.99 ns) ---   %temp.3.i.i = xor i32 %temp.2.i.i, %263

-----------------Function: main---------------
-------------------------5---------------------------
-----------------Delay of path:13.99 ns---------------
-----------------State:LEGUP_F_main_BB__238_163-----------------
(2.40 ns) --- (2.40 ns) ---   %k.0.i5.i = sub i32 15, %indvar128
(3.33 ns) --- (5.73 ns) ---   %240 = shl i32 1, %k.0.i5.i
(0.87 ns) --- (6.59 ns) ---   %241 = and i32 %temp.2.i4.i, %240
(2.49 ns) --- (9.09 ns) ---   %242 = icmp eq i32 %241, 0
(3.99 ns) --- (13.08 ns) ---   %244 = select i1 %242, i32 0, i32 %243
(0.91 ns) --- (13.99 ns) ---   %temp.3.i6.i = xor i32 %temp.2.i4.i, %244

-----------------Function: main---------------
-------------------------6---------------------------
-----------------Delay of path:13.99 ns---------------
-----------------State:LEGUP_F_main_BB__189_127-----------------
(2.40 ns) --- (2.40 ns) ---   %k.0.i.i7.i = sub i32 15, %indvar105
(3.33 ns) --- (5.73 ns) ---   %191 = shl i32 1, %k.0.i.i7.i
(0.87 ns) --- (6.59 ns) ---   %192 = and i32 %temp.2.i.i6.i, %191
(2.49 ns) --- (9.09 ns) ---   %193 = icmp eq i32 %192, 0
(3.99 ns) --- (13.08 ns) ---   %195 = select i1 %193, i32 0, i32 %194
(0.91 ns) --- (13.99 ns) ---   %temp.3.i.i8.i = xor i32 %temp.2.i.i6.i, %195

-----------------Function: main---------------
-------------------------7---------------------------
-----------------Delay of path:13.99 ns---------------
-----------------State:LEGUP_F_main_BB__161_111-----------------
(2.40 ns) --- (2.40 ns) ---   %k.0.i.i16.i = sub i32 15, %indvar95
(3.33 ns) --- (5.73 ns) ---   %163 = shl i32 1, %k.0.i.i16.i
(0.87 ns) --- (6.59 ns) ---   %164 = and i32 %temp.2.i.i15.i, %163
(2.49 ns) --- (9.09 ns) ---   %165 = icmp eq i32 %164, 0
(3.99 ns) --- (13.08 ns) ---   %167 = select i1 %165, i32 0, i32 %166
(0.91 ns) --- (13.99 ns) ---   %temp.3.i.i17.i = xor i32 %temp.2.i.i15.i, %167

-----------------Function: main---------------
-------------------------8---------------------------
-----------------Delay of path:13.99 ns---------------
-----------------State:LEGUP_F_main_BB__113_84-----------------
(2.40 ns) --- (2.40 ns) ---   %k.0.i.i21 = sub i32 15, %indvar55
(3.33 ns) --- (5.73 ns) ---   %115 = shl i32 1, %k.0.i.i21
(0.87 ns) --- (6.59 ns) ---   %116 = and i32 %temp.2.i.i20, %115
(2.49 ns) --- (9.09 ns) ---   %117 = icmp eq i32 %116, 0
(3.99 ns) --- (13.08 ns) ---   %119 = select i1 %117, i32 0, i32 %118
(0.91 ns) --- (13.99 ns) ---   %temp.3.i.i22 = xor i32 %temp.2.i.i20, %119

-----------------Function: main---------------
-------------------------9---------------------------
-----------------Delay of path:13.99 ns---------------
-----------------State:LEGUP_F_main_BB__87_70-----------------
(2.40 ns) --- (2.40 ns) ---   %k.0.i.i.i = sub i32 15, %indvar42
(3.33 ns) --- (5.73 ns) ---   %89 = shl i32 1, %k.0.i.i.i
(0.87 ns) --- (6.59 ns) ---   %90 = and i32 %temp.2.i.i.i, %89
(2.49 ns) --- (9.09 ns) ---   %91 = icmp eq i32 %90, 0
(3.99 ns) --- (13.08 ns) ---   %93 = select i1 %91, i32 0, i32 %92
(0.91 ns) --- (13.99 ns) ---   %temp.3.i.i.i = xor i32 %temp.2.i.i.i, %93

-----------------Function: main---------------
-------------------------10---------------------------
-----------------Delay of path:13.99 ns---------------
-----------------State:LEGUP_F_main_BB__48_40-----------------
(2.40 ns) --- (2.40 ns) ---   %k.0.i.i12 = sub i32 15, %indvar13
(3.33 ns) --- (5.73 ns) ---   %50 = shl i32 1, %k.0.i.i12
(0.87 ns) --- (6.59 ns) ---   %51 = and i32 %temp.2.i.i11, %50
(2.49 ns) --- (9.09 ns) ---   %52 = icmp eq i32 %51, 0
(3.99 ns) --- (13.08 ns) ---   %54 = select i1 %52, i32 0, i32 %53
(0.91 ns) --- (13.99 ns) ---   %temp.3.i.i13 = xor i32 %temp.2.i.i11, %54


