//----------------------------------------------------------------------------//
// Generated by LegUp High-Level Synthesis Tool Version 4.0 (http://legup.org)
// Compiled: Tue Feb 14 19:47:56 2017
// University of Toronto
// For research and academic purposes only. Commercial use is prohibited.
// Please send bugs to: legup@eecg.toronto.edu
// Date: Fri Apr  7 15:18:39 2017
//----------------------------------------------------------------------------//

-----------------Function: gfmult_hw---------------
-------------------------1---------------------------
-----------------Delay of path:19.45 ns---------------
-----------------State:LEGUP_F_gfmult_hw_BB_preheader5_15-----------------
(0.00 ns) --- (0.00 ns) ---   %temp.1.7 = phi i32 [ %45, %43 ], [ %temp.1.6, %40 ]
(0.00 ns) --- (0.00 ns) ---   %46 = and i32 %temp.1.7, 32768
(2.49 ns) --- (2.49 ns) ---   %47 = icmp eq i32 %46, 0
(3.99 ns) --- (6.48 ns) ---   %temp.3 = select i1 %47, i32 %temp.1.7, i32 %48
(0.00 ns) --- (6.48 ns) ---   %49 = and i32 %temp.3, 16384
(2.49 ns) --- (8.98 ns) ---   %50 = icmp eq i32 %49, 0
(3.99 ns) --- (12.97 ns) ---   %temp.3. = select i1 %50, i32 %temp.3, i32 %51
(0.00 ns) --- (12.97 ns) ---   %52 = and i32 %temp.3., 8192
(2.49 ns) --- (15.46 ns) ---   %53 = icmp eq i32 %52, 0
(3.99 ns) --- (19.45 ns) ---   %temp.3.2 = select i1 %53, i32 %temp.3., i32 %54
(0.00 ns) --- (19.45 ns) ---   %55 = and i32 %temp.3.2, 4096

-----------------Function: gfmult_hw---------------
-------------------------2---------------------------
-----------------Delay of path:19.45 ns---------------
-----------------State:LEGUP_F_gfmult_hw_BB_preheader5_16-----------------
(2.49 ns) --- (2.49 ns) ---   %56 = icmp eq i32 %55, 0
(3.99 ns) --- (6.48 ns) ---   %temp.3.2. = select i1 %56, i32 %temp.3.2, i32 %57
(0.00 ns) --- (6.48 ns) ---   %58 = and i32 %temp.3.2., 2048
(2.49 ns) --- (8.98 ns) ---   %59 = icmp eq i32 %58, 0
(3.99 ns) --- (12.97 ns) ---   %temp.3.4 = select i1 %59, i32 %temp.3.2., i32 %60
(0.00 ns) --- (12.97 ns) ---   %61 = and i32 %temp.3.4, 1024
(2.49 ns) --- (15.46 ns) ---   %62 = icmp eq i32 %61, 0
(3.99 ns) --- (19.45 ns) ---   %temp.3.4. = select i1 %62, i32 %temp.3.4, i32 %63
(0.00 ns) --- (19.45 ns) ---   %64 = and i32 %temp.3.4., 512

-----------------Function: gfmult_hw---------------
-------------------------3---------------------------
-----------------Delay of path:17.87 ns---------------
-----------------State:LEGUP_F_gfmult_hw_BB_preheader5_15-----------------
(0.00 ns) --- (0.00 ns) ---   %temp.1.7 = phi i32 [ %45, %43 ], [ %temp.1.6, %40 ]
(0.91 ns) --- (0.91 ns) ---   %48 = xor i32 %temp.1.7, 3712
(3.99 ns) --- (4.90 ns) ---   %temp.3 = select i1 %47, i32 %temp.1.7, i32 %48
(0.00 ns) --- (4.90 ns) ---   %49 = and i32 %temp.3, 16384
(2.49 ns) --- (7.39 ns) ---   %50 = icmp eq i32 %49, 0
(3.99 ns) --- (11.38 ns) ---   %temp.3. = select i1 %50, i32 %temp.3, i32 %51
(0.00 ns) --- (11.38 ns) ---   %52 = and i32 %temp.3., 8192
(2.49 ns) --- (13.88 ns) ---   %53 = icmp eq i32 %52, 0
(3.99 ns) --- (17.86 ns) ---   %temp.3.2 = select i1 %53, i32 %temp.3., i32 %54
(0.00 ns) --- (17.86 ns) ---   %55 = and i32 %temp.3.2, 4096

-----------------Function: gfmult_hw---------------
-------------------------4---------------------------
-----------------Delay of path:17.87 ns---------------
-----------------State:LEGUP_F_gfmult_hw_BB_preheader5_15-----------------
(0.00 ns) --- (0.00 ns) ---   %temp.1.7 = phi i32 [ %45, %43 ], [ %temp.1.6, %40 ]
(0.00 ns) --- (0.00 ns) ---   %46 = and i32 %temp.1.7, 32768
(2.49 ns) --- (2.49 ns) ---   %47 = icmp eq i32 %46, 0
(3.99 ns) --- (6.48 ns) ---   %temp.3 = select i1 %47, i32 %temp.1.7, i32 %48
(0.91 ns) --- (7.39 ns) ---   %51 = xor i32 %temp.3, 1856
(3.99 ns) --- (11.38 ns) ---   %temp.3. = select i1 %50, i32 %temp.3, i32 %51
(0.00 ns) --- (11.38 ns) ---   %52 = and i32 %temp.3., 8192
(2.49 ns) --- (13.88 ns) ---   %53 = icmp eq i32 %52, 0
(3.99 ns) --- (17.86 ns) ---   %temp.3.2 = select i1 %53, i32 %temp.3., i32 %54
(0.00 ns) --- (17.86 ns) ---   %55 = and i32 %temp.3.2, 4096

-----------------Function: gfmult_hw---------------
-------------------------5---------------------------
-----------------Delay of path:17.87 ns---------------
-----------------State:LEGUP_F_gfmult_hw_BB_preheader5_15-----------------
(0.00 ns) --- (0.00 ns) ---   %temp.1.7 = phi i32 [ %45, %43 ], [ %temp.1.6, %40 ]
(0.00 ns) --- (0.00 ns) ---   %46 = and i32 %temp.1.7, 32768
(2.49 ns) --- (2.49 ns) ---   %47 = icmp eq i32 %46, 0
(3.99 ns) --- (6.48 ns) ---   %temp.3 = select i1 %47, i32 %temp.1.7, i32 %48
(0.00 ns) --- (6.48 ns) ---   %49 = and i32 %temp.3, 16384
(2.49 ns) --- (8.98 ns) ---   %50 = icmp eq i32 %49, 0
(3.99 ns) --- (12.97 ns) ---   %temp.3. = select i1 %50, i32 %temp.3, i32 %51
(0.91 ns) --- (13.88 ns) ---   %54 = xor i32 %temp.3., 928
(3.99 ns) --- (17.86 ns) ---   %temp.3.2 = select i1 %53, i32 %temp.3., i32 %54
(0.00 ns) --- (17.86 ns) ---   %55 = and i32 %temp.3.2, 4096

-----------------Function: gfmult_hw---------------
-------------------------6---------------------------
-----------------Delay of path:17.87 ns---------------
-----------------State:LEGUP_F_gfmult_hw_BB_preheader5_16-----------------
(0.91 ns) --- (0.91 ns) ---   %57 = xor i32 %temp.3.2, 464
(3.99 ns) --- (4.90 ns) ---   %temp.3.2. = select i1 %56, i32 %temp.3.2, i32 %57
(0.00 ns) --- (4.90 ns) ---   %58 = and i32 %temp.3.2., 2048
(2.49 ns) --- (7.39 ns) ---   %59 = icmp eq i32 %58, 0
(3.99 ns) --- (11.38 ns) ---   %temp.3.4 = select i1 %59, i32 %temp.3.2., i32 %60
(0.00 ns) --- (11.38 ns) ---   %61 = and i32 %temp.3.4, 1024
(2.49 ns) --- (13.88 ns) ---   %62 = icmp eq i32 %61, 0
(3.99 ns) --- (17.86 ns) ---   %temp.3.4. = select i1 %62, i32 %temp.3.4, i32 %63
(0.00 ns) --- (17.86 ns) ---   %64 = and i32 %temp.3.4., 512

-----------------Function: gfmult_hw---------------
-------------------------7---------------------------
-----------------Delay of path:17.87 ns---------------
-----------------State:LEGUP_F_gfmult_hw_BB_preheader5_16-----------------
(2.49 ns) --- (2.49 ns) ---   %56 = icmp eq i32 %55, 0
(3.99 ns) --- (6.48 ns) ---   %temp.3.2. = select i1 %56, i32 %temp.3.2, i32 %57
(0.91 ns) --- (7.39 ns) ---   %60 = xor i32 %temp.3.2., 232
(3.99 ns) --- (11.38 ns) ---   %temp.3.4 = select i1 %59, i32 %temp.3.2., i32 %60
(0.00 ns) --- (11.38 ns) ---   %61 = and i32 %temp.3.4, 1024
(2.49 ns) --- (13.88 ns) ---   %62 = icmp eq i32 %61, 0
(3.99 ns) --- (17.86 ns) ---   %temp.3.4. = select i1 %62, i32 %temp.3.4, i32 %63
(0.00 ns) --- (17.86 ns) ---   %64 = and i32 %temp.3.4., 512

-----------------Function: gfmult_hw---------------
-------------------------8---------------------------
-----------------Delay of path:17.87 ns---------------
-----------------State:LEGUP_F_gfmult_hw_BB_preheader5_16-----------------
(2.49 ns) --- (2.49 ns) ---   %56 = icmp eq i32 %55, 0
(3.99 ns) --- (6.48 ns) ---   %temp.3.2. = select i1 %56, i32 %temp.3.2, i32 %57
(0.00 ns) --- (6.48 ns) ---   %58 = and i32 %temp.3.2., 2048
(2.49 ns) --- (8.98 ns) ---   %59 = icmp eq i32 %58, 0
(3.99 ns) --- (12.97 ns) ---   %temp.3.4 = select i1 %59, i32 %temp.3.2., i32 %60
(0.91 ns) --- (13.88 ns) ---   %63 = xor i32 %temp.3.4, 116
(3.99 ns) --- (17.86 ns) ---   %temp.3.4. = select i1 %62, i32 %temp.3.4, i32 %63
(0.00 ns) --- (17.86 ns) ---   %64 = and i32 %temp.3.4., 512

-----------------Function: gfmult_hw---------------
-------------------------9---------------------------
-----------------Delay of path:16.96 ns---------------
-----------------State:LEGUP_F_gfmult_hw_BB_preheader5_15-----------------
(0.00 ns) --- (0.00 ns) ---   %temp.1.7 = phi i32 [ %45, %43 ], [ %temp.1.6, %40 ]
(3.99 ns) --- (3.99 ns) ---   %temp.3 = select i1 %47, i32 %temp.1.7, i32 %48
(0.00 ns) --- (3.99 ns) ---   %49 = and i32 %temp.3, 16384
(2.49 ns) --- (6.48 ns) ---   %50 = icmp eq i32 %49, 0
(3.99 ns) --- (10.47 ns) ---   %temp.3. = select i1 %50, i32 %temp.3, i32 %51
(0.00 ns) --- (10.47 ns) ---   %52 = and i32 %temp.3., 8192
(2.49 ns) --- (12.97 ns) ---   %53 = icmp eq i32 %52, 0
(3.99 ns) --- (16.96 ns) ---   %temp.3.2 = select i1 %53, i32 %temp.3., i32 %54
(0.00 ns) --- (16.96 ns) ---   %55 = and i32 %temp.3.2, 4096

-----------------Function: gfmult_hw---------------
-------------------------10---------------------------
-----------------Delay of path:16.96 ns---------------
-----------------State:LEGUP_F_gfmult_hw_BB_preheader5_15-----------------
(0.00 ns) --- (0.00 ns) ---   %temp.1.7 = phi i32 [ %45, %43 ], [ %temp.1.6, %40 ]
(0.00 ns) --- (0.00 ns) ---   %46 = and i32 %temp.1.7, 32768
(2.49 ns) --- (2.49 ns) ---   %47 = icmp eq i32 %46, 0
(3.99 ns) --- (6.48 ns) ---   %temp.3 = select i1 %47, i32 %temp.1.7, i32 %48
(3.99 ns) --- (10.47 ns) ---   %temp.3. = select i1 %50, i32 %temp.3, i32 %51
(0.00 ns) --- (10.47 ns) ---   %52 = and i32 %temp.3., 8192
(2.49 ns) --- (12.97 ns) ---   %53 = icmp eq i32 %52, 0
(3.99 ns) --- (16.96 ns) ---   %temp.3.2 = select i1 %53, i32 %temp.3., i32 %54
(0.00 ns) --- (16.96 ns) ---   %55 = and i32 %temp.3.2, 4096


