//----------------------------------------------------------------------------//
// Generated by LegUp High-Level Synthesis Tool Version 4.0 (http://legup.org)
// Compiled: Mon Jun  4 15:32:40 2018
// University of Toronto
// For research and academic purposes only. Commercial use is prohibited.
// Please send bugs to: legup@eecg.toronto.edu
// Date: Tue Sep  4 16:39:48 2018
//----------------------------------------------------------------------------//

-------------------------- Datapath Operation Usage --------------------------

Operation "unknown" x 33 
Operation "signed_add_32" x 1 
Operation "signed_comp_eq_32" x 1 
Operation "signed_divide_32" x 3 
Operation "signed_multiply_32" x 6 

----------------------------- General Information -----------------------------

Number of declared variables in main: 58
Critical path contains operation: signed_divide_32

------------------------------ Resource Estimate ------------------------------

Fmax: 22 MHz
Note: Assuming only 256 DSPs available
Warning: These estimates don't account for binding yet!
Logic Elements: 3922
    Combinational: 3778
    Registers: 1825
DSP Elements: 12
