//----------------------------------------------------------------------------//
// Generated by LegUp High-Level Synthesis Tool Version 4.0 (http://legup.org)
// Compiled: Tue Feb 14 19:47:56 2017
// University of Toronto
// For research and academic purposes only. Commercial use is prohibited.
// Please send bugs to: legup@eecg.toronto.edu
// Date: Tue Nov  7 16:34:27 2017
//----------------------------------------------------------------------------//

-------------------------- Datapath Operation Usage --------------------------

Operation "unknown" x 35 
Operation "signed_add_32" x 238 
Operation "signed_comp_eq_32" x 2 

----------------------------- General Information -----------------------------

Number of declared variables in main: 387
Critical path contains operation: signed_add_32

------------------------------ Resource Estimate ------------------------------

Fmax: 400 MHz
Note: Assuming only 87 DSPs available
Warning: These estimates don't account for binding yet!
Logic Elements: 13976
    Combinational: 7644
    Registers: 12322
DSP Elements: 0
