//----------------------------------------------------------------------------//
// Generated by LegUp High-Level Synthesis Tool Version 4.0 (http://legup.org)
// Compiled: Tue Feb 14 19:47:56 2017
// University of Toronto
// For research and academic purposes only. Commercial use is prohibited.
// Please send bugs to: legup@eecg.toronto.edu
// Date: Tue Nov  7 16:34:27 2017
//----------------------------------------------------------------------------//

Target Family: CycloneV
Clock period constraint: 2.000000e+01ns
Start Function: main
state: LEGUP_0
   br label %1
   Transition: if (start): LEGUP_loop_pipeline_wait_loop_1_1 default: LEGUP_0
state: LEGUP_loop_pipeline_wait_loop_1_1
   %2 = phi i32 [ 0, %0 ], [ %21, %1 ], !legup.canonical_induction !2, !legup.pipeline.start_time !3, !legup.pipeline.avail_time !3, !legup.pipeline.stage !3 (endState: LEGUP_loop_pipeline_wait_loop_1_1)
   br i1 %exitcond1, label %361, label %1, !legup.pipelined !2, !legup.II !16, !legup.totalTime !28, !legup.maxStage !2, !legup.tripCount !29, !legup.label !30, !legup.pipeline.start_time !3, !legup.pipeline.avail_time !3, !legup.pipeline.stage !3
   Transition: if (loop_1_pipeline_finish): LEGUP_F_main_BB__361_2 default: LEGUP_loop_pipeline_wait_loop_1_1
state: LEGUP_F_main_BB__361_2
   %362 = load volatile i32* getelementptr inbounds ([100 x i32]* @dd, i32 0, i32 90), align 4, !tbaa !4 (endState: LEGUP_F_main_BB__361_3)
   Transition: default: LEGUP_F_main_BB__361_3
state: LEGUP_F_main_BB__361_3
   %363 = tail call i32 (i8*, ...)* @printf(i8* getelementptr inbounds ([10 x i8]* @.str1, i32 0, i32 0), i32 %362) #2 (endState: LEGUP_F_main_BB__361_3)
   %364 = icmp eq i32 %362, 87301 (endState: LEGUP_F_main_BB__361_3)
   br i1 %364, label %365, label %367
   Transition: if (%364): LEGUP_F_main_BB__365_4 default: LEGUP_F_main_BB__367_5
state: LEGUP_F_main_BB__365_4
   %366 = tail call i32 (i8*, ...)* @printf(i8* getelementptr inbounds ([8 x i8]* @.str2, i32 0, i32 0)) #2 (endState: LEGUP_F_main_BB__365_4)
   br label %369
   Transition: default: LEGUP_F_main_BB__369_6
state: LEGUP_F_main_BB__367_5
   %368 = tail call i32 (i8*, ...)* @printf(i8* getelementptr inbounds ([8 x i8]* @.str3, i32 0, i32 0)) #2 (endState: LEGUP_F_main_BB__367_5)
   br label %369
   Transition: default: LEGUP_F_main_BB__369_6
state: LEGUP_F_main_BB__369_6
   ret i32 %362
   Transition: default: LEGUP_0

Basic Block: %0 Num States: 1
Basic Block: %1 Num States: 1
Basic Block: %361 Num States: 2
Basic Block: %365 Num States: 1
Basic Block: %367 Num States: 1
Basic Block: %369 Num States: 1
End Function: main
--------------------------------------------------------------------------------

