//----------------------------------------------------------------------------//
// Generated by LegUp High-Level Synthesis Tool Version 4.0 (http://legup.org)
// Compiled: Tue Feb 14 19:47:56 2017
// University of Toronto
// For research and academic purposes only. Commercial use is prohibited.
// Please send bugs to: legup@eecg.toronto.edu
// Date: Tue Nov  7 16:34:27 2017
//----------------------------------------------------------------------------//

-----------------Function: main---------------
-------------------------1---------------------------
-----------------Delay of path:2.49 ns---------------
-----------------State:LEGUP_F_main_BB__361_3-----------------
(2.49 ns) --- (2.49 ns) ---   %364 = icmp eq i32 %362, 87301
(0.00 ns) --- (2.49 ns) ---   br i1 %364, label %365, label %367

-----------------Function: main---------------
-------------------------2---------------------------
-----------------Delay of path:0.00 ns---------------
-----------------State:LEGUP_F_main_BB__361_2-----------------
(0.00 ns) --- (0.00 ns) ---   %362 = load volatile i32* getelementptr inbounds ([100 x i32]* @dd, i32 0, i32 90), align 4, !tbaa !4

-----------------Function: main---------------
-------------------------3---------------------------
-----------------Delay of path:0.00 ns---------------
-----------------State:LEGUP_F_main_BB__361_3-----------------
(0.00 ns) --- (0.00 ns) ---   %363 = tail call i32 (i8*, ...)* @printf(i8* getelementptr inbounds ([10 x i8]* @.str1, i32 0, i32 0), i32 %362) #2

-----------------Function: main---------------
-------------------------4---------------------------
-----------------Delay of path:0.00 ns---------------
-----------------State:LEGUP_F_main_BB__365_4-----------------
(0.00 ns) --- (0.00 ns) ---   %366 = tail call i32 (i8*, ...)* @printf(i8* getelementptr inbounds ([8 x i8]* @.str2, i32 0, i32 0)) #2

-----------------Function: main---------------
-------------------------5---------------------------
-----------------Delay of path:0.00 ns---------------
-----------------State:LEGUP_F_main_BB__365_4-----------------
(0.00 ns) --- (0.00 ns) ---   br label %369

-----------------Function: main---------------
-------------------------6---------------------------
-----------------Delay of path:0.00 ns---------------
-----------------State:LEGUP_F_main_BB__367_5-----------------
(0.00 ns) --- (0.00 ns) ---   %368 = tail call i32 (i8*, ...)* @printf(i8* getelementptr inbounds ([8 x i8]* @.str3, i32 0, i32 0)) #2

-----------------Function: main---------------
-------------------------7---------------------------
-----------------Delay of path:0.00 ns---------------
-----------------State:LEGUP_F_main_BB__367_5-----------------
(0.00 ns) --- (0.00 ns) ---   br label %369

-----------------Function: main---------------
-------------------------8---------------------------
-----------------Delay of path:0.00 ns---------------
-----------------State:LEGUP_F_main_BB__369_6-----------------
(0.00 ns) --- (0.00 ns) ---   ret i32 %362


