//----------------------------------------------------------------------------//
// Generated by LegUp High-Level Synthesis Tool Version 4.0 (http://legup.org)
// Compiled: Mon Jun  4 15:32:40 2018
// University of Toronto
// For research and academic purposes only. Commercial use is prohibited.
// Please send bugs to: legup@eecg.toronto.edu
// Date: Mon Sep  3 14:57:00 2018
//----------------------------------------------------------------------------//

-------------------------- Datapath Operation Usage --------------------------

Operation "unknown" x 25 
Operation "signed_add_32" x 2 
Operation "signed_comp_eq_32" x 2 
Operation "signed_multiply_32" x 11 

----------------------------- General Information -----------------------------

Number of declared variables in main: 42
Critical path contains operation: signed_multiply_32

------------------------------ Resource Estimate ------------------------------

Fmax: 444 MHz
Note: Assuming only 256 DSPs available
Warning: These estimates don't account for binding yet!
Logic Elements: 961
    Combinational: 92
    Registers: 1282
DSP Elements: 22
