//----------------------------------------------------------------------------//
// Generated by LegUp High-Level Synthesis Tool Version 4.0 (http://legup.org)
// Compiled: Mon Jun  4 15:32:40 2018
// University of Toronto
// For research and academic purposes only. Commercial use is prohibited.
// Please send bugs to: legup@eecg.toronto.edu
// Date: Wed Jun  6 16:48:17 2018
//----------------------------------------------------------------------------//

--------------------------------------------------------------------------------
Function: main
--------------------------------------------------------------------------------
Function unit type:           Number Required               
mem_dual_port                 2                             

Running Bipartite Weighted Matching on function: main
State: pipeline_time_0
Binding functional unit type: mem_dual_port
Weight matrix for operation/function unit matching:
                                                  main_mem_dual_port_0          main_mem_dual_port_1          
  store volatile i32 %45, i32*... (idx: 0)        20                            20                            
  store volatile i32 %48, i32*... (idx: 1)        20                            20                            
Solving Bipartite Weighted Matching (minimize weights)...
Assignment matrix after operation/function unit matching:
                                                  main_mem_dual_port_0          main_mem_dual_port_1          
  store volatile i32 %45, i32*... (idx: 0)        1                             0                             
  store volatile i32 %48, i32*... (idx: 1)        0                             1                             
Checking that every operator was assigned to a functional unit...yes
Binding operator -> functional unit assignments:
  store volatile i32 %45, i32*... (idx: 0) -> main_mem_dual_port_0 (mux inputs: 2)
  store volatile i32 %48, i32*... (idx: 1) -> main_mem_dual_port_1 (mux inputs: 2)
State: pipeline_time_1
Binding functional unit type: mem_dual_port
Weight matrix for operation/function unit matching:
  %11 = load volatile i32* %sc... can share an output register with another operation already assigned to main_mem_dual_port_0
  %11 = load volatile i32* %sc... can share an output register with another operation already assigned to main_mem_dual_port_1
  %12 = load volatile i32* %sc... can share an output register with another operation already assigned to main_mem_dual_port_0
  %12 = load volatile i32* %sc... can share an output register with another operation already assigned to main_mem_dual_port_1
                                                  main_mem_dual_port_0          main_mem_dual_port_1          
  %11 = load volatile i32* %sc... (idx: 0)        7                             7                             
  %12 = load volatile i32* %sc... (idx: 1)        7                             7                             
Solving Bipartite Weighted Matching (minimize weights)...
Assignment matrix after operation/function unit matching:
                                                  main_mem_dual_port_0          main_mem_dual_port_1          
  %11 = load volatile i32* %sc... (idx: 0)        1                             0                             
  %12 = load volatile i32* %sc... (idx: 1)        0                             1                             
Checking that every operator was assigned to a functional unit...yes
Binding operator -> functional unit assignments:
  %11 = load volatile i32* %sc... (idx: 0) -> main_mem_dual_port_0 (mux inputs: 3)
  %12 = load volatile i32* %sc... (idx: 1) -> main_mem_dual_port_1 (mux inputs: 3)
State: pipeline_time_2
Binding functional unit type: mem_dual_port
Weight matrix for operation/function unit matching:
  %13 = load volatile i32* %sc... can share an output register with another operation already assigned to main_mem_dual_port_0
  %13 = load volatile i32* %sc... can share an output register with another operation already assigned to main_mem_dual_port_1
  %14 = load volatile i32* %sc... can share an output register with another operation already assigned to main_mem_dual_port_0
  %14 = load volatile i32* %sc... can share an output register with another operation already assigned to main_mem_dual_port_1
                                                  main_mem_dual_port_0          main_mem_dual_port_1          
  %13 = load volatile i32* %sc... (idx: 0)        8                             8                             
  %14 = load volatile i32* %sc... (idx: 1)        8                             8                             
Solving Bipartite Weighted Matching (minimize weights)...
Assignment matrix after operation/function unit matching:
                                                  main_mem_dual_port_0          main_mem_dual_port_1          
  %13 = load volatile i32* %sc... (idx: 0)        1                             0                             
  %14 = load volatile i32* %sc... (idx: 1)        0                             1                             
Checking that every operator was assigned to a functional unit...yes
Binding operator -> functional unit assignments:
  %13 = load volatile i32* %sc... (idx: 0) -> main_mem_dual_port_0 (mux inputs: 4)
  %14 = load volatile i32* %sc... (idx: 1) -> main_mem_dual_port_1 (mux inputs: 4)
State: pipeline_time_3
Binding functional unit type: mem_dual_port
Weight matrix for operation/function unit matching:
  %15 = load volatile i32* %sc... can share an output register with another operation already assigned to main_mem_dual_port_0
  %15 = load volatile i32* %sc... can share an output register with another operation already assigned to main_mem_dual_port_1
  %27 = load volatile i32* %sc... can share an output register with another operation already assigned to main_mem_dual_port_0
  %27 = load volatile i32* %sc... can share an output register with another operation already assigned to main_mem_dual_port_1
                                                  main_mem_dual_port_0          main_mem_dual_port_1          
  %15 = load volatile i32* %sc... (idx: 0)        9                             9                             
  %27 = load volatile i32* %sc... (idx: 1)        9                             9                             
Solving Bipartite Weighted Matching (minimize weights)...
Assignment matrix after operation/function unit matching:
                                                  main_mem_dual_port_0          main_mem_dual_port_1          
  %15 = load volatile i32* %sc... (idx: 0)        1                             0                             
  %27 = load volatile i32* %sc... (idx: 1)        0                             1                             
Checking that every operator was assigned to a functional unit...yes
Binding operator -> functional unit assignments:
  %15 = load volatile i32* %sc... (idx: 0) -> main_mem_dual_port_0 (mux inputs: 5)
  %27 = load volatile i32* %sc... (idx: 1) -> main_mem_dual_port_1 (mux inputs: 5)
State: pipeline_time_4
Binding functional unit type: mem_dual_port
Weight matrix for operation/function unit matching:
  %29 = load volatile i32* %sc... can share an output register with another operation already assigned to main_mem_dual_port_0
  %29 = load volatile i32* %sc... can share an output register with another operation already assigned to main_mem_dual_port_1
  store volatile i32 %69, i32*... can share an output register with another operation already assigned to main_mem_dual_port_0
  store volatile i32 %69, i32*... can share an output register with another operation already assigned to main_mem_dual_port_1
                                                  main_mem_dual_port_0          main_mem_dual_port_1          
  %29 = load volatile i32* %sc... (idx: 0)        10                            10                            
  store volatile i32 %69, i32*... (idx: 1)        20                            20                            
Solving Bipartite Weighted Matching (minimize weights)...
Assignment matrix after operation/function unit matching:
                                                  main_mem_dual_port_0          main_mem_dual_port_1          
  %29 = load volatile i32* %sc... (idx: 0)        1                             0                             
  store volatile i32 %69, i32*... (idx: 1)        0                             1                             
Checking that every operator was assigned to a functional unit...yes
Binding operator -> functional unit assignments:
  %29 = load volatile i32* %sc... (idx: 0) -> main_mem_dual_port_0 (mux inputs: 6)
  store volatile i32 %69, i32*... (idx: 1) -> main_mem_dual_port_1 (mux inputs: 7)
State: pipeline_time_5
Binding functional unit type: mem_dual_port
Weight matrix for operation/function unit matching:
  %30 = load volatile i32* %sc... can share an output register with another operation already assigned to main_mem_dual_port_0
  %30 = load volatile i32* %sc... can share an output register with another operation already assigned to main_mem_dual_port_1
  %49 = load volatile i32* %sc... can share an output register with another operation already assigned to main_mem_dual_port_0
  %49 = load volatile i32* %sc... can share an output register with another operation already assigned to main_mem_dual_port_1
                                                  main_mem_dual_port_0          main_mem_dual_port_1          
  %30 = load volatile i32* %sc... (idx: 0)        11                            12                            
  %49 = load volatile i32* %sc... (idx: 1)        11                            12                            
Solving Bipartite Weighted Matching (minimize weights)...
Assignment matrix after operation/function unit matching:
                                                  main_mem_dual_port_0          main_mem_dual_port_1          
  %30 = load volatile i32* %sc... (idx: 0)        1                             0                             
  %49 = load volatile i32* %sc... (idx: 1)        0                             1                             
Checking that every operator was assigned to a functional unit...yes
Binding operator -> functional unit assignments:
  %30 = load volatile i32* %sc... (idx: 0) -> main_mem_dual_port_0 (mux inputs: 7)
  %49 = load volatile i32* %sc... (idx: 1) -> main_mem_dual_port_1 (mux inputs: 8)
State: pipeline_time_6
Binding functional unit type: mem_dual_port
Weight matrix for operation/function unit matching:
  %16 = load volatile i32* %sc... can share an output register with another operation already assigned to main_mem_dual_port_0
  %16 = load volatile i32* %sc... can share an output register with another operation already assigned to main_mem_dual_port_1
  %17 = load volatile i32* %sc... can share an output register with another operation already assigned to main_mem_dual_port_0
  %17 = load volatile i32* %sc... can share an output register with another operation already assigned to main_mem_dual_port_1
                                                  main_mem_dual_port_0          main_mem_dual_port_1          
  %16 = load volatile i32* %sc... (idx: 0)        12                            13                            
  %17 = load volatile i32* %sc... (idx: 1)        12                            13                            
Solving Bipartite Weighted Matching (minimize weights)...
Assignment matrix after operation/function unit matching:
                                                  main_mem_dual_port_0          main_mem_dual_port_1          
  %16 = load volatile i32* %sc... (idx: 0)        1                             0                             
  %17 = load volatile i32* %sc... (idx: 1)        0                             1                             
Checking that every operator was assigned to a functional unit...yes
Binding operator -> functional unit assignments:
  %16 = load volatile i32* %sc... (idx: 0) -> main_mem_dual_port_0 (mux inputs: 8)
  %17 = load volatile i32* %sc... (idx: 1) -> main_mem_dual_port_1 (mux inputs: 9)
State: pipeline_time_7
Binding functional unit type: mem_dual_port
Weight matrix for operation/function unit matching:
  %18 = load volatile i32* %sc... can share an output register with another operation already assigned to main_mem_dual_port_0
  %18 = load volatile i32* %sc... can share an output register with another operation already assigned to main_mem_dual_port_1
  %19 = load volatile i32* %sc... can share an output register with another operation already assigned to main_mem_dual_port_0
  %19 = load volatile i32* %sc... can share an output register with another operation already assigned to main_mem_dual_port_1
                                                  main_mem_dual_port_0          main_mem_dual_port_1          
  %18 = load volatile i32* %sc... (idx: 0)        13                            14                            
  %19 = load volatile i32* %sc... (idx: 1)        13                            14                            
Solving Bipartite Weighted Matching (minimize weights)...
Assignment matrix after operation/function unit matching:
                                                  main_mem_dual_port_0          main_mem_dual_port_1          
  %18 = load volatile i32* %sc... (idx: 0)        1                             0                             
  %19 = load volatile i32* %sc... (idx: 1)        0                             1                             
Checking that every operator was assigned to a functional unit...yes
Binding operator -> functional unit assignments:
  %18 = load volatile i32* %sc... (idx: 0) -> main_mem_dual_port_0 (mux inputs: 9)
  %19 = load volatile i32* %sc... (idx: 1) -> main_mem_dual_port_1 (mux inputs: 10)
State: pipeline_time_8
Binding functional unit type: mem_dual_port
Weight matrix for operation/function unit matching:
  %21 = load volatile i32* %sc... can share an output register with another operation already assigned to main_mem_dual_port_0
  %21 = load volatile i32* %sc... can share an output register with another operation already assigned to main_mem_dual_port_1
  %22 = load volatile i32* %sc... can share an output register with another operation already assigned to main_mem_dual_port_0
  %22 = load volatile i32* %sc... can share an output register with another operation already assigned to main_mem_dual_port_1
                                                  main_mem_dual_port_0          main_mem_dual_port_1          
  %21 = load volatile i32* %sc... (idx: 0)        14                            15                            
  %22 = load volatile i32* %sc... (idx: 1)        14                            15                            
Solving Bipartite Weighted Matching (minimize weights)...
Assignment matrix after operation/function unit matching:
                                                  main_mem_dual_port_0          main_mem_dual_port_1          
  %21 = load volatile i32* %sc... (idx: 0)        1                             0                             
  %22 = load volatile i32* %sc... (idx: 1)        0                             1                             
Checking that every operator was assigned to a functional unit...yes
Binding operator -> functional unit assignments:
  %21 = load volatile i32* %sc... (idx: 0) -> main_mem_dual_port_0 (mux inputs: 10)
  %22 = load volatile i32* %sc... (idx: 1) -> main_mem_dual_port_1 (mux inputs: 11)
State: pipeline_time_9
Binding functional unit type: mem_dual_port
Weight matrix for operation/function unit matching:
  %23 = load volatile i32* %sc... can share an output register with another operation already assigned to main_mem_dual_port_0
  %23 = load volatile i32* %sc... can share an output register with another operation already assigned to main_mem_dual_port_1
  store volatile i32 %37, i32*... can share an output register with another operation already assigned to main_mem_dual_port_0
  store volatile i32 %37, i32*... can share an output register with another operation already assigned to main_mem_dual_port_1
                                                  main_mem_dual_port_0          main_mem_dual_port_1          
  %23 = load volatile i32* %sc... (idx: 0)        15                            16                            
  store volatile i32 %37, i32*... (idx: 1)        25                            26                            
Solving Bipartite Weighted Matching (minimize weights)...
Assignment matrix after operation/function unit matching:
                                                  main_mem_dual_port_0          main_mem_dual_port_1          
  %23 = load volatile i32* %sc... (idx: 0)        1                             0                             
  store volatile i32 %37, i32*... (idx: 1)        0                             1                             
Checking that every operator was assigned to a functional unit...yes
Binding operator -> functional unit assignments:
  %23 = load volatile i32* %sc... (idx: 0) -> main_mem_dual_port_0 (mux inputs: 11)
  store volatile i32 %37, i32*... (idx: 1) -> main_mem_dual_port_1 (mux inputs: 13)
State: pipeline_time_10
Binding functional unit type: mem_dual_port
Weight matrix for operation/function unit matching:
                                                  main_mem_dual_port_0          main_mem_dual_port_1          
  %24 = load volatile i32* %sc... (idx: 0)        21                            23                            
  %25 = load volatile i32* %sc... (idx: 1)        21                            23                            
Solving Bipartite Weighted Matching (minimize weights)...
Assignment matrix after operation/function unit matching:
                                                  main_mem_dual_port_0          main_mem_dual_port_1          
  %24 = load volatile i32* %sc... (idx: 0)        1                             0                             
  %25 = load volatile i32* %sc... (idx: 1)        0                             1                             
Checking that every operator was assigned to a functional unit...yes
Binding operator -> functional unit assignments:
  %24 = load volatile i32* %sc... (idx: 0) -> main_mem_dual_port_0 (mux inputs: 12)
  %25 = load volatile i32* %sc... (idx: 1) -> main_mem_dual_port_1 (mux inputs: 14)
State: pipeline_time_11
Binding functional unit type: mem_dual_port
Weight matrix for operation/function unit matching:
  %26 = load volatile i32* %sc... can share an output register with another operation already assigned to main_mem_dual_port_0
  %26 = load volatile i32* %sc... can share an output register with another operation already assigned to main_mem_dual_port_1
  %28 = load volatile i32* %sc... can share an output register with another operation already assigned to main_mem_dual_port_0
  %28 = load volatile i32* %sc... can share an output register with another operation already assigned to main_mem_dual_port_1
                                                  main_mem_dual_port_0          main_mem_dual_port_1          
  %26 = load volatile i32* %sc... (idx: 0)        17                            19                            
  %28 = load volatile i32* %sc... (idx: 1)        17                            19                            
Solving Bipartite Weighted Matching (minimize weights)...
Assignment matrix after operation/function unit matching:
                                                  main_mem_dual_port_0          main_mem_dual_port_1          
  %26 = load volatile i32* %sc... (idx: 0)        1                             0                             
  %28 = load volatile i32* %sc... (idx: 1)        0                             1                             
Checking that every operator was assigned to a functional unit...yes
Binding operator -> functional unit assignments:
  %26 = load volatile i32* %sc... (idx: 0) -> main_mem_dual_port_0 (mux inputs: 13)
  %28 = load volatile i32* %sc... (idx: 1) -> main_mem_dual_port_1 (mux inputs: 15)
State: LEGUP_F_main_BB__70
Binding functional unit type: mem_dual_port
Weight matrix for operation/function unit matching:
  %71 = load volatile i32* get... can share an output register with another operation already assigned to main_mem_dual_port_0
  %71 = load volatile i32* get... can share an output register with another operation already assigned to main_mem_dual_port_1
                                                  main_mem_dual_port_0          main_mem_dual_port_1          
  %71 = load volatile i32* get... (idx: 0)        8                             10                            
Solving Bipartite Weighted Matching (minimize weights)...
Assignment matrix after operation/function unit matching:
                                                  main_mem_dual_port_0          main_mem_dual_port_1          
  %71 = load volatile i32* get... (idx: 0)        1                             0                             
Checking that every operator was assigned to a functional unit...yes
Binding operator -> functional unit assignments:
  %71 = load volatile i32* get... (idx: 0) -> main_mem_dual_port_0 (mux inputs: 13)

