--------------------------------------------------------------------------------
Initial II = 20


----- Initialize MRT ---- 

[C48:m=3:r=0] 
[C49:m=3:r=1] 
[C50:m=1:r=0] 
[C1:m=0:r=0] 
[C2:m=0:r=0] 
[C3:m=0:r=0] 
[C4:m=0:r=0] 
[C5:m=0:r=0] 
[C6:m=0:r=0] 
[C7:m=0:r=0] 
[C8:m=0:r=0] 
[C9:m=0:r=0] 
[C10:m=0:r=0] 
[C11:m=0:r=0] 
[C12:m=0:r=0] 
[C13:m=0:r=0] 
[C14:m=0:r=0] 
[C15:m=0:r=0] 
[C16:m=0:r=0] 
[C17:m=0:r=0] 
[C18:m=0:r=0] 
[C19:m=0:r=0] 
[C20:m=0:r=0] 
[C21:m=0:r=0] 
[C22:m=0:r=0] 
[C23:m=0:r=0] 
[C24:m=0:r=0] 
[C25:m=0:r=0] 
[C26:m=0:r=0] 
[C27:m=0:r=0] 
[C28:m=0:r=0] 
[C29:m=0:r=0] 
[C30:m=0:r=0] 
[C31:m=0:r=0] 
[C32:m=0:r=0] 
[C33:m=0:r=0] 
[C34:m=0:r=0] 
[C35:m=0:r=0] 
[C36:m=12:r=0] 
[C37:m=11:r=1] 
[C38:m=2:r=0] 
[C39:m=2:r=0] 
[C40:m=2:r=1] 
[C41:m=4:r=1] 
[C42:m=3:r=1] 
[C43:m=2:r=0] 
[C44:m=3:r=2] 
[C45:m=1:r=0] 
[C46:m=5:r=0] 
[C47:m=2:r=1] 
[C96:m=0:r=0] 
[C97:m=0:r=0] 
[C98:m=0:r=0] 
[C51:m=2:r=0] 
[C52:m=1:r=0] 
[C53:m=3:r=0] 
[C54:m=3:r=0] 
[C55:m=1:r=0] 
[C56:m=1:r=1] 
[C57:m=0:r=0] 
[C58:m=0:r=1] 
[C59:m=2:r=0] 
[C60:m=2:r=0] 
[C61:m=4:r=0] 
[C62:m=3:r=0] 
[C63:m=3:r=0] 
[C64:m=7:r=0] 
[C65:m=6:r=1] 
[C66:m=6:r=0] 
[C67:m=5:r=1] 
[C68:m=9:r=0] 
[C69:m=8:r=0] 
[C70:m=7:r=1] 
[C71:m=6:r=0] 
[C72:m=6:r=1] 
[C73:m=4:r=0] 
[C74:m=2:r=0] 
[C75:m=2:r=0] 
[C76:m=3:r=0] 
[C77:m=4:r=0] 
[C78:m=1:r=0] 
[C79:m=6:r=0] 
[C80:m=6:r=0] 
[C81:m=4:r=0] 
[C82:m=2:r=0] 
[C83:m=11:r=0] 
[C84:m=2:r=0] 
[C85:m=10:r=1] 
[C86:m=2:r=0] 
[C87:m=3:r=0] 
[C88:m=2:r=0] 
[C89:m=10:r=0] 
[C90:m=9:r=1] 
[C91:m=8:r=1] 
[C92:m=2:r=0] 
[C93:m=2:r=0] 
[C94:m=0:r=0] 
[C95:m=0:r=0] 


------conflict solved congruence class:
inst: C48 - newM: 3
inst: C49 - newM: 3
inst: C50 - newM: 1
inst: C1 - newM: 0
inst: C2 - newM: 0
inst: C3 - newM: 0
inst: C4 - newM: 0
inst: C5 - newM: 0
inst: C6 - newM: 0
inst: C7 - newM: 0
inst: C8 - newM: 0
inst: C9 - newM: 0
inst: C10 - newM: 0
inst: C11 - newM: 0
inst: C12 - newM: 0
inst: C13 - newM: 0
inst: C14 - newM: 0
inst: C15 - newM: 0
inst: C16 - newM: 0
inst: C17 - newM: 0
inst: C18 - newM: 0
inst: C19 - newM: 0
inst: C20 - newM: 0
inst: C21 - newM: 0
inst: C22 - newM: 0
inst: C23 - newM: 0
inst: C24 - newM: 0
inst: C25 - newM: 0
inst: C26 - newM: 0
inst: C27 - newM: 0
inst: C28 - newM: 0
inst: C29 - newM: 0
inst: C30 - newM: 0
inst: C31 - newM: 0
inst: C32 - newM: 0
inst: C33 - newM: 0
inst: C34 - newM: 0
inst: C35 - newM: 0
inst: C36 - newM: 12
inst: C37 - newM: 11
inst: C38 - newM: 2
inst: C39 - newM: 2
inst: C40 - newM: 2
inst: C41 - newM: 4
inst: C42 - newM: 3
inst: C43 - newM: 2
inst: C44 - newM: 3
inst: C45 - newM: 1
inst: C46 - newM: 5
inst: C47 - newM: 2
inst: C96 - newM: 0
inst: C97 - newM: 0
inst: C98 - newM: 0
inst: C51 - newM: 2
inst: C52 - newM: 1
inst: C53 - newM: 3
inst: C54 - newM: 3
inst: C55 - newM: 1
inst: C56 - newM: 1
inst: C57 - newM: 0
inst: C58 - newM: 0
inst: C59 - newM: 2
inst: C60 - newM: 2
inst: C61 - newM: 4
inst: C62 - newM: 3
inst: C63 - newM: 3
inst: C64 - newM: 7
inst: C65 - newM: 6
inst: C66 - newM: 6
inst: C67 - newM: 5
inst: C68 - newM: 9
inst: C69 - newM: 8
inst: C70 - newM: 7
inst: C71 - newM: 6
inst: C72 - newM: 6
inst: C73 - newM: 4
inst: C74 - newM: 2
inst: C75 - newM: 2
inst: C76 - newM: 3
inst: C77 - newM: 4
inst: C78 - newM: 1
inst: C79 - newM: 6
inst: C80 - newM: 6
inst: C81 - newM: 4
inst: C82 - newM: 2
inst: C83 - newM: 11
inst: C84 - newM: 2
inst: C85 - newM: 10
inst: C86 - newM: 2
inst: C87 - newM: 3
inst: C88 - newM: 2
inst: C89 - newM: 10
inst: C90 - newM: 9
inst: C91 - newM: 8
inst: C92 - newM: 2
inst: C93 - newM: 2
inst: C94 - newM: 0
inst: C95 - newM: 0


--------------- Creating Schedule ----------
back-edge: C1 --> C57 - dist: 1
back-edge: C41 --> C96 - dist: 7
back-edge: C42 --> C96 - dist: 6
back-edge: C46 --> C96 - dist: 5
back-edge: C47 --> C96 - dist: 4
back-edge: C51 --> C96 - dist: 3
back-edge: C52 --> C96 - dist: 2
back-edge: C56 --> C96 - dist: 9
back-edge: C58 --> C96 - dist: 8
back-edge: C61 --> C96 - dist: 7
back-edge: C62 --> C96 - dist: 6
back-edge: C64 --> C96 - dist: 9
back-edge: C65 --> C96 - dist: 8
back-edge: C66 --> C96 - dist: 7
back-edge: C67 --> C96 - dist: 6
back-edge: C68 --> C96 - dist: 9
back-edge: C69 --> C96 - dist: 7
back-edge: C70 --> C96 - dist: 6
back-edge: C90 --> C96 - dist: 9
back-edge: C91 --> C96 - dist: 9


u = C96 - FuName: mem_dual_port - instances: 2 - constrained: 1
Pred: C95 - C3 - C41 - C42 - C46 - C47 - C51 - C52 - C56 - C58 - C61 - C62 - C64 - C65 - C66 - C67 - C68 - C69 - C70 - C90 - C91 - 
Suc: empty set
PS set: empty set
pred-u intersec ps: empty set
suc-u intesec ps: empty set
neither pred or suc
earlyStart: 120 - lateStart: 139
scheduler with t: 120

u = C95 - FuName: signed_add_64 - instances: 0 - constrained: 0
Pred: C94 - C90 - 
Suc: C96 - 
PS set: C96 - 
pred-u intersec ps: empty set
suc-u intesec ps: C96 - 
only suc
C96 - predt: 120 - u_latency: 0 - t: 120 - prev lateStart:1960
scheduler with t: 120

u = C94 - FuName:  - instances: 0 - constrained: 0
Pred: C93 - 
Suc: C95 - 
PS set: C96 - C95 - 
pred-u intersec ps: empty set
suc-u intesec ps: C95 - 
only suc
C95 - predt: 120 - u_latency: 0 - t: 120 - prev lateStart:1960
scheduler with t: 120

u = C93 - FuName: signed_multiply_64 - instances: 3 - constrained: 1
Pred: C92 - C91 - 
Suc: C94 - 
PS set: C96 - C94 - C95 - 
pred-u intersec ps: empty set
suc-u intesec ps: C94 - 
only suc
C94 - predt: 120 - u_latency: 18 - t: 102 - prev lateStart:1960
scheduler with t: 102

u = C92 - FuName:  - instances: 0 - constrained: 0
Pred: C88 - 
Suc: C93 - 
PS set: C96 - C93 - C94 - C95 - 
pred-u intersec ps: empty set
suc-u intesec ps: C93 - 
only suc
C93 - predt: 102 - u_latency: 0 - t: 102 - prev lateStart:1960
scheduler with t: 102

u = C88 - FuName: signed_add_64 - instances: 0 - constrained: 0
Pred: C87 - C84 - 
Suc: C89 - C92 - 
PS set: C96 - C92 - C93 - C94 - C95 - 
pred-u intersec ps: empty set
suc-u intesec ps: C92 - 
only suc
C92 - predt: 102 - u_latency: 0 - t: 102 - prev lateStart:1960
scheduler with t: 102

u = C84 - FuName: signed_add_64 - instances: 0 - constrained: 0
Pred: C82 - C78 - 
Suc: C85 - C88 - 
PS set: C96 - C88 - C92 - C93 - C94 - C95 - 
pred-u intersec ps: empty set
suc-u intesec ps: C88 - 
only suc
C88 - predt: 102 - u_latency: 0 - t: 102 - prev lateStart:1960
scheduler with t: 102

u = C78 - FuName: signed_subtract_64 - instances: 0 - constrained: 0
Pred: C77 - C55 - 
Suc: C83 - C84 - 
PS set: C96 - C84 - C88 - C92 - C93 - C94 - C95 - 
pred-u intersec ps: empty set
suc-u intesec ps: C84 - 
only suc
C84 - predt: 102 - u_latency: 0 - t: 102 - prev lateStart:1960
scheduler with t: 102

u = C55 - FuName:  - instances: 0 - constrained: 0
Pred: C54 - 
Suc: C78 - 
PS set: C96 - C78 - C84 - C88 - C92 - C93 - C94 - C95 - 
pred-u intersec ps: empty set
suc-u intesec ps: C78 - 
only suc
C78 - predt: 102 - u_latency: 0 - t: 102 - prev lateStart:1960
scheduler with t: 102

u = C54 - FuName: signed_multiply_64 - instances: 3 - constrained: 1
Pred: C53 - C52 - 
Suc: C55 - 
PS set: C96 - C55 - C78 - C84 - C88 - C92 - C93 - C94 - C95 - 
pred-u intersec ps: empty set
suc-u intesec ps: C55 - 
only suc
C55 - predt: 102 - u_latency: 18 - t: 84 - prev lateStart:1960
scheduler with t: 84

u = C52 - FuName: mem_dual_port - instances: 2 - constrained: 1
Pred: C16 - 
Suc: C54 - C96 - 
PS set: C96 - C54 - C55 - C78 - C84 - C88 - C92 - C93 - C94 - C95 - 
pred-u intersec ps: empty set
suc-u intesec ps: C54 - C96 - 
only suc
C54 - predt: 84 - u_latency: 2 - t: 82 - prev lateStart:1960
C96 - predt: 120 - u_latency: 2 - t: 118 - prev lateStart:82
scheduler with t: 82

u = C82 - FuName:  - instances: 0 - constrained: 0
Pred: C81 - 
Suc: C84 - 
PS set: C96 - C52 - C54 - C55 - C78 - C84 - C88 - C92 - C93 - C94 - C95 - 
pred-u intersec ps: empty set
suc-u intesec ps: C84 - 
only suc
C84 - predt: 102 - u_latency: 0 - t: 102 - prev lateStart:1960
scheduler with t: 102

u = C81 - FuName: signed_multiply_64 - instances: 3 - constrained: 1
Pred: C80 - C76 - 
Suc: C82 - 
PS set: C96 - C52 - C54 - C55 - C78 - C82 - C84 - C88 - C92 - C93 - C94 - C95 - 
pred-u intersec ps: empty set
suc-u intesec ps: C82 - 
only suc
C82 - predt: 102 - u_latency: 18 - t: 84 - prev lateStart:1960
scheduler with t: 84

u = C80 - FuName: signed_multiply_64 - instances: 3 - constrained: 1
Pred: C79 - C63 - 
Suc: C81 - 
PS set: C96 - C52 - C54 - C55 - C78 - C81 - C82 - C84 - C88 - C92 - C93 - C94 - C95 - 
pred-u intersec ps: empty set
suc-u intesec ps: C81 - 
only suc
C81 - predt: 84 - u_latency: 18 - t: 66 - prev lateStart:1960
scheduler with t: 66

u = C79 - FuName:  - instances: 0 - constrained: 0
Pred: C60 - 
Suc: C80 - 
PS set: C96 - C52 - C54 - C55 - C78 - C80 - C81 - C82 - C84 - C88 - C92 - C93 - C94 - C95 - 
pred-u intersec ps: empty set
suc-u intesec ps: C80 - 
only suc
C80 - predt: 66 - u_latency: 0 - t: 66 - prev lateStart:1960
scheduler with t: 66

u = C60 - FuName: unsigned_divide_64 - instances: 3 - constrained: 1
Pred: C59 - C58 - 
Suc: C79 - 
PS set: C96 - C52 - C54 - C55 - C78 - C79 - C80 - C81 - C82 - C84 - C88 - C92 - C93 - C94 - C95 - 
pred-u intersec ps: empty set
suc-u intesec ps: C79 - 
only suc
C79 - predt: 66 - u_latency: 64 - t: 2 - prev lateStart:1960
scheduler with t: 2

u = C58 - FuName: mem_dual_port - instances: 2 - constrained: 1
Pred: C13 - 
Suc: C60 - C96 - 
PS set: C96 - C52 - C54 - C55 - C60 - C78 - C79 - C80 - C81 - C82 - C84 - C88 - C92 - C93 - C94 - C95 - 
pred-u intersec ps: empty set
suc-u intesec ps: C60 - C96 - 
only suc
C60 - predt: 2 - u_latency: 2 - t: 0 - prev lateStart:1960
C96 - predt: 120 - u_latency: 2 - t: 118 - prev lateStart:0
scheduler with t: 0

u = C59 - FuName:  - instances: 0 - constrained: 0
Pred: C56 - 
Suc: C60 - 
PS set: C96 - C52 - C54 - C55 - C58 - C60 - C78 - C79 - C80 - C81 - C82 - C84 - C88 - C92 - C93 - C94 - C95 - 
pred-u intersec ps: empty set
suc-u intesec ps: C60 - 
only suc
C60 - predt: 2 - u_latency: 0 - t: 2 - prev lateStart:1960
scheduler with t: 2

u = C56 - FuName: mem_dual_port - instances: 2 - constrained: 1
Pred: C14 - 
Suc: C59 - C96 - 
PS set: C96 - C52 - C54 - C55 - C58 - C59 - C60 - C78 - C79 - C80 - C81 - C82 - C84 - C88 - C92 - C93 - C94 - C95 - 
pred-u intersec ps: empty set
suc-u intesec ps: C59 - C96 - 
only suc
C59 - predt: 2 - u_latency: 2 - t: 0 - prev lateStart:1960
C96 - predt: 120 - u_latency: 2 - t: 118 - prev lateStart:0
could not find slot


----- Initialize MRT ---- 

[C48:m=18:r=0] 
[C49:m=18:r=2] 
[C50:m=15:r=0] 
[C1:m=0:r=0] 
[C2:m=0:r=0] 
[C3:m=0:r=0] 
[C4:m=0:r=0] 
[C5:m=0:r=0] 
[C6:m=0:r=0] 
[C7:m=0:r=0] 
[C8:m=0:r=0] 
[C9:m=0:r=0] 
[C10:m=0:r=0] 
[C11:m=0:r=0] 
[C12:m=0:r=0] 
[C13:m=0:r=0] 
[C14:m=0:r=0] 
[C15:m=0:r=0] 
[C16:m=0:r=0] 
[C17:m=0:r=0] 
[C18:m=0:r=0] 
[C19:m=0:r=0] 
[C20:m=0:r=0] 
[C21:m=0:r=0] 
[C22:m=0:r=0] 
[C23:m=0:r=0] 
[C24:m=0:r=0] 
[C25:m=0:r=0] 
[C26:m=0:r=0] 
[C27:m=0:r=0] 
[C28:m=0:r=0] 
[C29:m=0:r=0] 
[C30:m=0:r=0] 
[C31:m=0:r=0] 
[C32:m=0:r=0] 
[C33:m=0:r=0] 
[C34:m=0:r=0] 
[C35:m=0:r=0] 
[C36:m=8:r=0] 
[C37:m=7:r=1] 
[C38:m=2:r=0] 
[C39:m=2:r=0] 
[C40:m=2:r=1] 
[C41:m=2:r=1] 
[C42:m=1:r=1] 
[C43:m=2:r=0] 
[C44:m=2:r=0] 
[C45:m=20:r=0] 
[C46:m=17:r=1] 
[C47:m=17:r=0] 
[C96:m=15:r=0] 
[C97:m=0:r=0] 
[C98:m=0:r=0] 
[C51:m=16:r=1] 
[C52:m=16:r=0] 
[C53:m=18:r=0] 
[C54:m=18:r=1] 
[C55:m=15:r=0] 
[C56:m=0:r=1] 
[C57:m=0:r=0] 
[C58:m=0:r=0] 
[C59:m=2:r=0] 
[C60:m=2:r=0] 
[C61:m=2:r=0] 
[C62:m=1:r=0] 
[C63:m=2:r=0] 
[C64:m=4:r=1] 
[C65:m=4:r=0] 
[C66:m=3:r=1] 
[C67:m=3:r=0] 
[C68:m=6:r=1] 
[C69:m=5:r=1] 
[C70:m=5:r=0] 
[C71:m=3:r=0] 
[C72:m=3:r=1] 
[C73:m=0:r=0] 
[C74:m=2:r=0] 
[C75:m=2:r=0] 
[C76:m=2:r=0] 
[C77:m=0:r=0] 
[C78:m=15:r=0] 
[C79:m=3:r=0] 
[C80:m=3:r=0] 
[C81:m=0:r=0] 
[C82:m=18:r=0] 
[C83:m=15:r=1] 
[C84:m=18:r=0] 
[C85:m=18:r=1] 
[C86:m=2:r=0] 
[C87:m=2:r=0] 
[C88:m=18:r=0] 
[C89:m=18:r=0] 
[C90:m=7:r=0] 
[C91:m=6:r=0] 
[C92:m=18:r=0] 
[C93:m=18:r=0] 
[C94:m=15:r=0] 
[C95:m=15:r=0] 


------conflict solved congruence class:
inst: C48 - newM: 18
inst: C49 - newM: 18
inst: C50 - newM: 15
inst: C1 - newM: 0
inst: C2 - newM: 0
inst: C3 - newM: 0
inst: C4 - newM: 0
inst: C5 - newM: 0
inst: C6 - newM: 0
inst: C7 - newM: 0
inst: C8 - newM: 0
inst: C9 - newM: 0
inst: C10 - newM: 0
inst: C11 - newM: 0
inst: C12 - newM: 0
inst: C13 - newM: 0
inst: C14 - newM: 0
inst: C15 - newM: 0
inst: C16 - newM: 0
inst: C17 - newM: 0
inst: C18 - newM: 0
inst: C19 - newM: 0
inst: C20 - newM: 0
inst: C21 - newM: 0
inst: C22 - newM: 0
inst: C23 - newM: 0
inst: C24 - newM: 0
inst: C25 - newM: 0
inst: C26 - newM: 0
inst: C27 - newM: 0
inst: C28 - newM: 0
inst: C29 - newM: 0
inst: C30 - newM: 0
inst: C31 - newM: 0
inst: C32 - newM: 0
inst: C33 - newM: 0
inst: C34 - newM: 0
inst: C35 - newM: 0
inst: C36 - newM: 8
inst: C37 - newM: 7
inst: C38 - newM: 2
inst: C39 - newM: 2
inst: C40 - newM: 2
inst: C41 - newM: 2
inst: C42 - newM: 1
inst: C43 - newM: 2
inst: C44 - newM: 2
inst: C45 - newM: 20
inst: C46 - newM: 17
inst: C47 - newM: 17
inst: C96 - newM: 15
inst: C97 - newM: 0
inst: C98 - newM: 0
inst: C51 - newM: 16
inst: C52 - newM: 16
inst: C53 - newM: 18
inst: C54 - newM: 18
inst: C55 - newM: 15
inst: C56 - newM: 0
inst: C57 - newM: 0
inst: C58 - newM: 0
inst: C59 - newM: 2
inst: C60 - newM: 2
inst: C61 - newM: 2
inst: C62 - newM: 1
inst: C63 - newM: 2
inst: C64 - newM: 4
inst: C65 - newM: 4
inst: C66 - newM: 3
inst: C67 - newM: 3
inst: C68 - newM: 6
inst: C69 - newM: 5
inst: C70 - newM: 5
inst: C71 - newM: 3
inst: C72 - newM: 3
inst: C73 - newM: 0
inst: C74 - newM: 2
inst: C75 - newM: 2
inst: C76 - newM: 2
inst: C77 - newM: 0
inst: C78 - newM: 15
inst: C79 - newM: 3
inst: C80 - newM: 3
inst: C81 - newM: 0
inst: C82 - newM: 18
inst: C83 - newM: 15
inst: C84 - newM: 18
inst: C85 - newM: 18
inst: C86 - newM: 2
inst: C87 - newM: 2
inst: C88 - newM: 18
inst: C89 - newM: 18
inst: C90 - newM: 7
inst: C91 - newM: 6
inst: C92 - newM: 18
inst: C93 - newM: 18
inst: C94 - newM: 15
inst: C95 - newM: 15


--------------- Creating Schedule ----------
back-edge: C1 --> C57 - dist: 1
back-edge: C41 --> C96 - dist: 7
back-edge: C42 --> C96 - dist: 6
back-edge: C46 --> C96 - dist: 5
back-edge: C47 --> C96 - dist: 4
back-edge: C51 --> C96 - dist: 3
back-edge: C52 --> C96 - dist: 2
back-edge: C56 --> C96 - dist: 9
back-edge: C58 --> C96 - dist: 8
back-edge: C61 --> C96 - dist: 7
back-edge: C62 --> C96 - dist: 6
back-edge: C64 --> C96 - dist: 9
back-edge: C65 --> C96 - dist: 8
back-edge: C66 --> C96 - dist: 7
back-edge: C67 --> C96 - dist: 6
back-edge: C68 --> C96 - dist: 9
back-edge: C69 --> C96 - dist: 7
back-edge: C70 --> C96 - dist: 6
back-edge: C90 --> C96 - dist: 9
back-edge: C91 --> C96 - dist: 9


u = C96 - FuName: mem_dual_port - instances: 2 - constrained: 1
Pred: C95 - C3 - C41 - C42 - C46 - C47 - C51 - C52 - C56 - C58 - C61 - C62 - C64 - C65 - C66 - C67 - C68 - C69 - C70 - C90 - C91 - 
Suc: empty set
PS set: empty set
pred-u intersec ps: empty set
suc-u intesec ps: empty set
neither pred or suc
earlyStart: 120 - lateStart: 140
scheduler with t: 120

u = C95 - FuName: signed_add_64 - instances: 0 - constrained: 0
Pred: C94 - C90 - 
Suc: C96 - 
PS set: C96 - 
pred-u intersec ps: empty set
suc-u intesec ps: C96 - 
only suc
C96 - predt: 120 - u_latency: 0 - t: 120 - prev lateStart:2058
scheduler with t: 120

u = C94 - FuName:  - instances: 0 - constrained: 0
Pred: C93 - 
Suc: C95 - 
PS set: C96 - C95 - 
pred-u intersec ps: empty set
suc-u intesec ps: C95 - 
only suc
C95 - predt: 120 - u_latency: 0 - t: 120 - prev lateStart:2058
scheduler with t: 120

u = C93 - FuName: signed_multiply_64 - instances: 3 - constrained: 1
Pred: C92 - C91 - 
Suc: C94 - 
PS set: C96 - C94 - C95 - 
pred-u intersec ps: empty set
suc-u intesec ps: C94 - 
only suc
C94 - predt: 120 - u_latency: 18 - t: 102 - prev lateStart:2058
scheduler with t: 102

u = C92 - FuName:  - instances: 0 - constrained: 0
Pred: C88 - 
Suc: C93 - 
PS set: C96 - C93 - C94 - C95 - 
pred-u intersec ps: empty set
suc-u intesec ps: C93 - 
only suc
C93 - predt: 102 - u_latency: 0 - t: 102 - prev lateStart:2058
scheduler with t: 102

u = C88 - FuName: signed_add_64 - instances: 0 - constrained: 0
Pred: C87 - C84 - 
Suc: C89 - C92 - 
PS set: C96 - C92 - C93 - C94 - C95 - 
pred-u intersec ps: empty set
suc-u intesec ps: C92 - 
only suc
C92 - predt: 102 - u_latency: 0 - t: 102 - prev lateStart:2058
scheduler with t: 102

u = C84 - FuName: signed_add_64 - instances: 0 - constrained: 0
Pred: C82 - C78 - 
Suc: C85 - C88 - 
PS set: C96 - C88 - C92 - C93 - C94 - C95 - 
pred-u intersec ps: empty set
suc-u intesec ps: C88 - 
only suc
C88 - predt: 102 - u_latency: 0 - t: 102 - prev lateStart:2058
scheduler with t: 102

u = C78 - FuName: signed_subtract_64 - instances: 0 - constrained: 0
Pred: C77 - C55 - 
Suc: C83 - C84 - 
PS set: C96 - C84 - C88 - C92 - C93 - C94 - C95 - 
pred-u intersec ps: empty set
suc-u intesec ps: C84 - 
only suc
C84 - predt: 102 - u_latency: 0 - t: 102 - prev lateStart:2058
scheduler with t: 102

u = C55 - FuName:  - instances: 0 - constrained: 0
Pred: C54 - 
Suc: C78 - 
PS set: C96 - C78 - C84 - C88 - C92 - C93 - C94 - C95 - 
pred-u intersec ps: empty set
suc-u intesec ps: C78 - 
only suc
C78 - predt: 102 - u_latency: 0 - t: 102 - prev lateStart:2058
scheduler with t: 102

u = C54 - FuName: signed_multiply_64 - instances: 3 - constrained: 1
Pred: C53 - C52 - 
Suc: C55 - 
PS set: C96 - C55 - C78 - C84 - C88 - C92 - C93 - C94 - C95 - 
pred-u intersec ps: empty set
suc-u intesec ps: C55 - 
only suc
C55 - predt: 102 - u_latency: 18 - t: 84 - prev lateStart:2058
scheduler with t: 84

u = C52 - FuName: mem_dual_port - instances: 2 - constrained: 1
Pred: C16 - 
Suc: C54 - C96 - 
PS set: C96 - C54 - C55 - C78 - C84 - C88 - C92 - C93 - C94 - C95 - 
pred-u intersec ps: empty set
suc-u intesec ps: C54 - C96 - 
only suc
C54 - predt: 84 - u_latency: 2 - t: 82 - prev lateStart:2058
C96 - predt: 120 - u_latency: 2 - t: 118 - prev lateStart:82
scheduler with t: 82

u = C82 - FuName:  - instances: 0 - constrained: 0
Pred: C81 - 
Suc: C84 - 
PS set: C96 - C52 - C54 - C55 - C78 - C84 - C88 - C92 - C93 - C94 - C95 - 
pred-u intersec ps: empty set
suc-u intesec ps: C84 - 
only suc
C84 - predt: 102 - u_latency: 0 - t: 102 - prev lateStart:2058
scheduler with t: 102

u = C81 - FuName: signed_multiply_64 - instances: 3 - constrained: 1
Pred: C80 - C76 - 
Suc: C82 - 
PS set: C96 - C52 - C54 - C55 - C78 - C82 - C84 - C88 - C92 - C93 - C94 - C95 - 
pred-u intersec ps: empty set
suc-u intesec ps: C82 - 
only suc
C82 - predt: 102 - u_latency: 18 - t: 84 - prev lateStart:2058
scheduler with t: 84

u = C80 - FuName: signed_multiply_64 - instances: 3 - constrained: 1
Pred: C79 - C63 - 
Suc: C81 - 
PS set: C96 - C52 - C54 - C55 - C78 - C81 - C82 - C84 - C88 - C92 - C93 - C94 - C95 - 
pred-u intersec ps: empty set
suc-u intesec ps: C81 - 
only suc
C81 - predt: 84 - u_latency: 18 - t: 66 - prev lateStart:2058
scheduler with t: 66

u = C79 - FuName:  - instances: 0 - constrained: 0
Pred: C60 - 
Suc: C80 - 
PS set: C96 - C52 - C54 - C55 - C78 - C80 - C81 - C82 - C84 - C88 - C92 - C93 - C94 - C95 - 
pred-u intersec ps: empty set
suc-u intesec ps: C80 - 
only suc
C80 - predt: 66 - u_latency: 0 - t: 66 - prev lateStart:2058
scheduler with t: 66

u = C60 - FuName: unsigned_divide_64 - instances: 3 - constrained: 1
Pred: C59 - C58 - 
Suc: C79 - 
PS set: C96 - C52 - C54 - C55 - C78 - C79 - C80 - C81 - C82 - C84 - C88 - C92 - C93 - C94 - C95 - 
pred-u intersec ps: empty set
suc-u intesec ps: C79 - 
only suc
C79 - predt: 66 - u_latency: 64 - t: 2 - prev lateStart:2058
scheduler with t: 2

u = C58 - FuName: mem_dual_port - instances: 2 - constrained: 1
Pred: C13 - 
Suc: C60 - C96 - 
PS set: C96 - C52 - C54 - C55 - C60 - C78 - C79 - C80 - C81 - C82 - C84 - C88 - C92 - C93 - C94 - C95 - 
pred-u intersec ps: empty set
suc-u intesec ps: C60 - C96 - 
only suc
C60 - predt: 2 - u_latency: 2 - t: 0 - prev lateStart:2058
C96 - predt: 120 - u_latency: 2 - t: 118 - prev lateStart:0
scheduler with t: 0

u = C59 - FuName:  - instances: 0 - constrained: 0
Pred: C56 - 
Suc: C60 - 
PS set: C96 - C52 - C54 - C55 - C58 - C60 - C78 - C79 - C80 - C81 - C82 - C84 - C88 - C92 - C93 - C94 - C95 - 
pred-u intersec ps: empty set
suc-u intesec ps: C60 - 
only suc
C60 - predt: 2 - u_latency: 0 - t: 2 - prev lateStart:2058
scheduler with t: 2

u = C56 - FuName: mem_dual_port - instances: 2 - constrained: 1
Pred: C14 - 
Suc: C59 - C96 - 
PS set: C96 - C52 - C54 - C55 - C58 - C59 - C60 - C78 - C79 - C80 - C81 - C82 - C84 - C88 - C92 - C93 - C94 - C95 - 
pred-u intersec ps: empty set
suc-u intesec ps: C59 - C96 - 
only suc
C59 - predt: 2 - u_latency: 2 - t: 0 - prev lateStart:2058
C96 - predt: 120 - u_latency: 2 - t: 118 - prev lateStart:0
scheduler with t: 0

u = C53 - FuName:  - instances: 0 - constrained: 0
Pred: C51 - 
Suc: C54 - 
PS set: C96 - C52 - C54 - C55 - C56 - C58 - C59 - C60 - C78 - C79 - C80 - C81 - C82 - C84 - C88 - C92 - C93 - C94 - C95 - 
pred-u intersec ps: empty set
suc-u intesec ps: C54 - 
only suc
C54 - predt: 84 - u_latency: 0 - t: 84 - prev lateStart:2058
scheduler with t: 84

u = C51 - FuName: mem_dual_port - instances: 2 - constrained: 1
Pred: C18 - 
Suc: C53 - C96 - 
PS set: C96 - C52 - C53 - C54 - C55 - C56 - C58 - C59 - C60 - C78 - C79 - C80 - C81 - C82 - C84 - C88 - C92 - C93 - C94 - C95 - 
pred-u intersec ps: empty set
suc-u intesec ps: C53 - C96 - 
only suc
C53 - predt: 84 - u_latency: 2 - t: 82 - prev lateStart:2058
C96 - predt: 120 - u_latency: 2 - t: 118 - prev lateStart:82
scheduler with t: 82

u = C77 - FuName: signed_subtract_64 - instances: 0 - constrained: 0
Pred: C73 - C50 - 
Suc: C78 - 
PS set: C96 - C51 - C52 - C53 - C54 - C55 - C56 - C58 - C59 - C60 - C78 - C79 - C80 - C81 - C82 - C84 - C88 - C92 - C93 - C94 - C95 - 
pred-u intersec ps: empty set
suc-u intesec ps: C78 - 
only suc
C78 - predt: 102 - u_latency: 0 - t: 102 - prev lateStart:2058
scheduler with t: 102

u = C73 - FuName:  - instances: 0 - constrained: 0
Pred: C72 - 
Suc: C77 - 
PS set: C96 - C51 - C52 - C53 - C54 - C55 - C56 - C58 - C59 - C60 - C77 - C78 - C79 - C80 - C81 - C82 - C84 - C88 - C92 - C93 - C94 - C95 - 
pred-u intersec ps: empty set
suc-u intesec ps: C77 - 
only suc
C77 - predt: 102 - u_latency: 0 - t: 102 - prev lateStart:2058
scheduler with t: 102

u = C72 - FuName: signed_multiply_64 - instances: 3 - constrained: 1
Pred: C71 - C45 - 
Suc: C73 - 
PS set: C96 - C51 - C52 - C53 - C54 - C55 - C56 - C58 - C59 - C60 - C73 - C77 - C78 - C79 - C80 - C81 - C82 - C84 - C88 - C92 - C93 - C94 - C95 - 
pred-u intersec ps: empty set
suc-u intesec ps: C73 - 
only suc
C73 - predt: 102 - u_latency: 18 - t: 84 - prev lateStart:2058
scheduler with t: 84

u = C50 - FuName:  - instances: 0 - constrained: 0
Pred: C49 - 
Suc: C77 - 
PS set: C96 - C51 - C52 - C53 - C54 - C55 - C56 - C58 - C59 - C60 - C72 - C73 - C77 - C78 - C79 - C80 - C81 - C82 - C84 - C88 - C92 - C93 - C94 - C95 - 
pred-u intersec ps: empty set
suc-u intesec ps: C77 - 
only suc
C77 - predt: 102 - u_latency: 0 - t: 102 - prev lateStart:2058
scheduler with t: 102

u = C45 - FuName:  - instances: 0 - constrained: 0
Pred: C44 - 
Suc: C72 - 
PS set: C50 - C96 - C51 - C52 - C53 - C54 - C55 - C56 - C58 - C59 - C60 - C72 - C73 - C77 - C78 - C79 - C80 - C81 - C82 - C84 - C88 - C92 - C93 - C94 - C95 - 
pred-u intersec ps: empty set
suc-u intesec ps: C72 - 
only suc
C72 - predt: 84 - u_latency: 0 - t: 84 - prev lateStart:2058
scheduler with t: 84

u = C49 - FuName: signed_multiply_64 - instances: 3 - constrained: 1
Pred: C48 - C47 - 
Suc: C50 - 
PS set: C50 - C45 - C96 - C51 - C52 - C53 - C54 - C55 - C56 - C58 - C59 - C60 - C72 - C73 - C77 - C78 - C79 - C80 - C81 - C82 - C84 - C88 - C92 - C93 - C94 - C95 - 
pred-u intersec ps: empty set
suc-u intesec ps: C50 - 
only suc
C50 - predt: 102 - u_latency: 18 - t: 84 - prev lateStart:2058
scheduler with t: 81

u = C44 - FuName: signed_multiply_64 - instances: 3 - constrained: 1
Pred: C43 - C42 - 
Suc: C45 - 
PS set: C49 - C50 - C45 - C96 - C51 - C52 - C53 - C54 - C55 - C56 - C58 - C59 - C60 - C72 - C73 - C77 - C78 - C79 - C80 - C81 - C82 - C84 - C88 - C92 - C93 - C94 - C95 - 
pred-u intersec ps: empty set
suc-u intesec ps: C45 - 
only suc
C45 - predt: 84 - u_latency: 18 - t: 66 - prev lateStart:2058
scheduler with t: 66

u = C63 - FuName: signed_add_64 - instances: 0 - constrained: 0
Pred: C62 - C61 - 
Suc: C80 - 
PS set: C49 - C50 - C44 - C45 - C96 - C51 - C52 - C53 - C54 - C55 - C56 - C58 - C59 - C60 - C72 - C73 - C77 - C78 - C79 - C80 - C81 - C82 - C84 - C88 - C92 - C93 - C94 - C95 - 
pred-u intersec ps: empty set
suc-u intesec ps: C80 - 
only suc
C80 - predt: 66 - u_latency: 0 - t: 66 - prev lateStart:2058
scheduler with t: 66

u = C47 - FuName: mem_dual_port - instances: 2 - constrained: 1
Pred: C20 - 
Suc: C49 - C96 - 
PS set: C49 - C50 - C44 - C45 - C96 - C51 - C52 - C53 - C54 - C55 - C56 - C58 - C59 - C60 - C63 - C72 - C73 - C77 - C78 - C79 - C80 - C81 - C82 - C84 - C88 - C92 - C93 - C94 - C95 - 
pred-u intersec ps: empty set
suc-u intesec ps: C49 - C96 - 
only suc
C49 - predt: 81 - u_latency: 2 - t: 79 - prev lateStart:2058
C96 - predt: 120 - u_latency: 2 - t: 118 - prev lateStart:79
scheduler with t: 79

u = C62 - FuName: mem_dual_port - instances: 2 - constrained: 1
Pred: C26 - 
Suc: C63 - C96 - 
PS set: C49 - C50 - C44 - C45 - C47 - C96 - C51 - C52 - C53 - C54 - C55 - C56 - C58 - C59 - C60 - C63 - C72 - C73 - C77 - C78 - C79 - C80 - C81 - C82 - C84 - C88 - C92 - C93 - C94 - C95 - 
pred-u intersec ps: empty set
suc-u intesec ps: C63 - C96 - 
only suc
C63 - predt: 66 - u_latency: 2 - t: 64 - prev lateStart:2058
C96 - predt: 120 - u_latency: 2 - t: 118 - prev lateStart:64
scheduler with t: 64

u = C42 - FuName: mem_dual_port - instances: 2 - constrained: 1
Pred: C27 - 
Suc: C44 - C96 - 
PS set: C49 - C50 - C44 - C45 - C47 - C96 - C51 - C52 - C53 - C54 - C55 - C56 - C58 - C59 - C60 - C62 - C63 - C72 - C73 - C77 - C78 - C79 - C80 - C81 - C82 - C84 - C88 - C92 - C93 - C94 - C95 - 
pred-u intersec ps: empty set
suc-u intesec ps: C44 - C96 - 
only suc
C44 - predt: 66 - u_latency: 2 - t: 64 - prev lateStart:2058
C96 - predt: 120 - u_latency: 2 - t: 118 - prev lateStart:64
scheduler with t: 64

u = C43 - FuName:  - instances: 0 - constrained: 0
Pred: C41 - 
Suc: C44 - 
PS set: C49 - C50 - C42 - C44 - C45 - C47 - C96 - C51 - C52 - C53 - C54 - C55 - C56 - C58 - C59 - C60 - C62 - C63 - C72 - C73 - C77 - C78 - C79 - C80 - C81 - C82 - C84 - C88 - C92 - C93 - C94 - C95 - 
pred-u intersec ps: empty set
suc-u intesec ps: C44 - 
only suc
C44 - predt: 66 - u_latency: 0 - t: 66 - prev lateStart:2058
scheduler with t: 66

u = C61 - FuName: mem_dual_port - instances: 2 - constrained: 1
Pred: C31 - 
Suc: C63 - C96 - 
PS set: C49 - C50 - C42 - C43 - C44 - C45 - C47 - C96 - C51 - C52 - C53 - C54 - C55 - C56 - C58 - C59 - C60 - C62 - C63 - C72 - C73 - C77 - C78 - C79 - C80 - C81 - C82 - C84 - C88 - C92 - C93 - C94 - C95 - 
pred-u intersec ps: empty set
suc-u intesec ps: C63 - C96 - 
only suc
C63 - predt: 66 - u_latency: 2 - t: 64 - prev lateStart:2058
C96 - predt: 120 - u_latency: 2 - t: 118 - prev lateStart:64
scheduler with t: 59

u = C41 - FuName: mem_dual_port - instances: 2 - constrained: 1
Pred: C32 - 
Suc: C43 - C96 - 
PS set: C49 - C50 - C42 - C43 - C44 - C45 - C47 - C96 - C51 - C52 - C53 - C54 - C55 - C56 - C58 - C59 - C60 - C61 - C62 - C63 - C72 - C73 - C77 - C78 - C79 - C80 - C81 - C82 - C84 - C88 - C92 - C93 - C94 - C95 - 
pred-u intersec ps: empty set
suc-u intesec ps: C43 - C96 - 
only suc
C43 - predt: 66 - u_latency: 2 - t: 64 - prev lateStart:2058
C96 - predt: 120 - u_latency: 2 - t: 118 - prev lateStart:64
scheduler with t: 57

u = C48 - FuName:  - instances: 0 - constrained: 0
Pred: C46 - 
Suc: C49 - 
PS set: C49 - C50 - C41 - C42 - C43 - C44 - C45 - C47 - C96 - C51 - C52 - C53 - C54 - C55 - C56 - C58 - C59 - C60 - C61 - C62 - C63 - C72 - C73 - C77 - C78 - C79 - C80 - C81 - C82 - C84 - C88 - C92 - C93 - C94 - C95 - 
pred-u intersec ps: empty set
suc-u intesec ps: C49 - 
only suc
C49 - predt: 81 - u_latency: 0 - t: 81 - prev lateStart:2058
scheduler with t: 81

u = C46 - FuName: mem_dual_port - instances: 2 - constrained: 1
Pred: C22 - 
Suc: C48 - C96 - 
PS set: C48 - C49 - C50 - C41 - C42 - C43 - C44 - C45 - C47 - C96 - C51 - C52 - C53 - C54 - C55 - C56 - C58 - C59 - C60 - C61 - C62 - C63 - C72 - C73 - C77 - C78 - C79 - C80 - C81 - C82 - C84 - C88 - C92 - C93 - C94 - C95 - 
pred-u intersec ps: empty set
suc-u intesec ps: C48 - C96 - 
only suc
C48 - predt: 81 - u_latency: 2 - t: 79 - prev lateStart:2058
C96 - predt: 120 - u_latency: 2 - t: 118 - prev lateStart:79
scheduler with t: 79

u = C76 - FuName: signed_subtract_64 - instances: 0 - constrained: 0
Pred: C75 - C67 - 
Suc: C81 - 
PS set: C48 - C49 - C50 - C41 - C42 - C43 - C44 - C45 - C46 - C47 - C96 - C51 - C52 - C53 - C54 - C55 - C56 - C58 - C59 - C60 - C61 - C62 - C63 - C72 - C73 - C77 - C78 - C79 - C80 - C81 - C82 - C84 - C88 - C92 - C93 - C94 - C95 - 
pred-u intersec ps: empty set
suc-u intesec ps: C81 - 
only suc
C81 - predt: 84 - u_latency: 0 - t: 84 - prev lateStart:2058
scheduler with t: 84

u = C67 - FuName: mem_dual_port - instances: 2 - constrained: 1
Pred: C25 - 
Suc: C76 - C96 - 
PS set: C48 - C49 - C50 - C41 - C42 - C43 - C44 - C45 - C46 - C47 - C96 - C51 - C52 - C53 - C54 - C55 - C56 - C58 - C59 - C60 - C61 - C62 - C63 - C72 - C73 - C76 - C77 - C78 - C79 - C80 - C81 - C82 - C84 - C88 - C92 - C93 - C94 - C95 - 
pred-u intersec ps: empty set
suc-u intesec ps: C76 - C96 - 
only suc
C76 - predt: 84 - u_latency: 2 - t: 82 - prev lateStart:2058
C96 - predt: 120 - u_latency: 2 - t: 118 - prev lateStart:82
scheduler with t: 81

u = C75 - FuName: signed_add_64 - instances: 0 - constrained: 0
Pred: C74 - C66 - 
Suc: C76 - 
PS set: C48 - C49 - C50 - C41 - C42 - C43 - C44 - C45 - C46 - C47 - C96 - C51 - C52 - C53 - C54 - C55 - C56 - C58 - C59 - C60 - C61 - C62 - C63 - C67 - C72 - C73 - C76 - C77 - C78 - C79 - C80 - C81 - C82 - C84 - C88 - C92 - C93 - C94 - C95 - 
pred-u intersec ps: empty set
suc-u intesec ps: C76 - 
only suc
C76 - predt: 84 - u_latency: 0 - t: 84 - prev lateStart:2058
scheduler with t: 84

u = C66 - FuName: mem_dual_port - instances: 2 - constrained: 1
Pred: C30 - 
Suc: C75 - C96 - 
PS set: C48 - C49 - C50 - C41 - C42 - C43 - C44 - C45 - C46 - C47 - C96 - C51 - C52 - C53 - C54 - C55 - C56 - C58 - C59 - C60 - C61 - C62 - C63 - C67 - C72 - C73 - C75 - C76 - C77 - C78 - C79 - C80 - C81 - C82 - C84 - C88 - C92 - C93 - C94 - C95 - 
pred-u intersec ps: empty set
suc-u intesec ps: C75 - C96 - 
only suc
C75 - predt: 84 - u_latency: 2 - t: 82 - prev lateStart:2058
C96 - predt: 120 - u_latency: 2 - t: 118 - prev lateStart:82
scheduler with t: 81

u = C74 - FuName: signed_add_64 - instances: 0 - constrained: 0
Pred: C65 - C64 - 
Suc: C75 - 
PS set: C48 - C49 - C50 - C41 - C42 - C43 - C44 - C45 - C46 - C47 - C96 - C51 - C52 - C53 - C54 - C55 - C56 - C58 - C59 - C60 - C61 - C62 - C63 - C66 - C67 - C72 - C73 - C75 - C76 - C77 - C78 - C79 - C80 - C81 - C82 - C84 - C88 - C92 - C93 - C94 - C95 - 
pred-u intersec ps: empty set
suc-u intesec ps: C75 - 
only suc
C75 - predt: 84 - u_latency: 0 - t: 84 - prev lateStart:2058
scheduler with t: 84

u = C65 - FuName: mem_dual_port - instances: 2 - constrained: 1
Pred: C12 - 
Suc: C74 - C96 - 
PS set: C48 - C49 - C50 - C41 - C42 - C43 - C44 - C45 - C46 - C47 - C96 - C51 - C52 - C53 - C54 - C55 - C56 - C58 - C59 - C60 - C61 - C62 - C63 - C66 - C67 - C72 - C73 - C74 - C75 - C76 - C77 - C78 - C79 - C80 - C81 - C82 - C84 - C88 - C92 - C93 - C94 - C95 - 
pred-u intersec ps: empty set
suc-u intesec ps: C74 - C96 - 
only suc
C74 - predt: 84 - u_latency: 2 - t: 82 - prev lateStart:2058
C96 - predt: 120 - u_latency: 2 - t: 118 - prev lateStart:82
scheduler with t: 80

u = C64 - FuName: mem_dual_port - instances: 2 - constrained: 1
Pred: C10 - 
Suc: C74 - C96 - 
PS set: C48 - C49 - C50 - C41 - C42 - C43 - C44 - C45 - C46 - C47 - C96 - C51 - C52 - C53 - C54 - C55 - C56 - C58 - C59 - C60 - C61 - C62 - C63 - C65 - C66 - C67 - C72 - C73 - C74 - C75 - C76 - C77 - C78 - C79 - C80 - C81 - C82 - C84 - C88 - C92 - C93 - C94 - C95 - 
pred-u intersec ps: empty set
suc-u intesec ps: C74 - C96 - 
only suc
C74 - predt: 84 - u_latency: 2 - t: 82 - prev lateStart:2058
C96 - predt: 120 - u_latency: 2 - t: 118 - prev lateStart:82
scheduler with t: 80

u = C87 - FuName: signed_subtract_64 - instances: 0 - constrained: 0
Pred: C86 - C70 - 
Suc: C88 - 
PS set: C48 - C49 - C50 - C41 - C42 - C43 - C44 - C45 - C46 - C47 - C96 - C51 - C52 - C53 - C54 - C55 - C56 - C58 - C59 - C60 - C61 - C62 - C63 - C64 - C65 - C66 - C67 - C72 - C73 - C74 - C75 - C76 - C77 - C78 - C79 - C80 - C81 - C82 - C84 - C88 - C92 - C93 - C94 - C95 - 
pred-u intersec ps: empty set
suc-u intesec ps: C88 - 
only suc
C88 - predt: 102 - u_latency: 0 - t: 102 - prev lateStart:2058
scheduler with t: 102

u = C70 - FuName: mem_dual_port - instances: 2 - constrained: 1
Pred: C24 - 
Suc: C87 - C96 - 
PS set: C48 - C49 - C50 - C41 - C42 - C43 - C44 - C45 - C46 - C47 - C96 - C51 - C52 - C53 - C54 - C55 - C56 - C58 - C59 - C60 - C61 - C62 - C63 - C64 - C65 - C66 - C67 - C72 - C73 - C74 - C75 - C76 - C77 - C78 - C79 - C80 - C81 - C82 - C84 - C87 - C88 - C92 - C93 - C94 - C95 - 
pred-u intersec ps: empty set
suc-u intesec ps: C87 - C96 - 
only suc
C87 - predt: 102 - u_latency: 2 - t: 100 - prev lateStart:2058
C96 - predt: 120 - u_latency: 2 - t: 118 - prev lateStart:100
scheduler with t: 99

u = C86 - FuName: signed_add_64 - instances: 0 - constrained: 0
Pred: C69 - C68 - 
Suc: C87 - 
PS set: C48 - C49 - C50 - C41 - C42 - C43 - C44 - C45 - C46 - C47 - C96 - C51 - C52 - C53 - C54 - C55 - C56 - C58 - C59 - C60 - C61 - C62 - C63 - C64 - C65 - C66 - C67 - C70 - C72 - C73 - C74 - C75 - C76 - C77 - C78 - C79 - C80 - C81 - C82 - C84 - C87 - C88 - C92 - C93 - C94 - C95 - 
pred-u intersec ps: empty set
suc-u intesec ps: C87 - 
only suc
C87 - predt: 102 - u_latency: 0 - t: 102 - prev lateStart:2058
scheduler with t: 102

u = C69 - FuName: mem_dual_port - instances: 2 - constrained: 1
Pred: C29 - 
Suc: C86 - C96 - 
PS set: C48 - C49 - C50 - C41 - C42 - C43 - C44 - C45 - C46 - C47 - C96 - C51 - C52 - C53 - C54 - C55 - C56 - C58 - C59 - C60 - C61 - C62 - C63 - C64 - C65 - C66 - C67 - C70 - C72 - C73 - C74 - C75 - C76 - C77 - C78 - C79 - C80 - C81 - C82 - C84 - C86 - C87 - C88 - C92 - C93 - C94 - C95 - 
pred-u intersec ps: empty set
suc-u intesec ps: C86 - C96 - 
only suc
C86 - predt: 102 - u_latency: 2 - t: 100 - prev lateStart:2058
C96 - predt: 120 - u_latency: 2 - t: 118 - prev lateStart:100
scheduler with t: 98

u = C91 - FuName: mem_dual_port - instances: 2 - constrained: 1
Pred: C4 - 
Suc: C93 - C96 - 
PS set: C48 - C49 - C50 - C41 - C42 - C43 - C44 - C45 - C46 - C47 - C96 - C51 - C52 - C53 - C54 - C55 - C56 - C58 - C59 - C60 - C61 - C62 - C63 - C64 - C65 - C66 - C67 - C69 - C70 - C72 - C73 - C74 - C75 - C76 - C77 - C78 - C79 - C80 - C81 - C82 - C84 - C86 - C87 - C88 - C92 - C93 - C94 - C95 - 
pred-u intersec ps: empty set
suc-u intesec ps: C93 - C96 - 
only suc
C93 - predt: 102 - u_latency: 2 - t: 100 - prev lateStart:2058
C96 - predt: 120 - u_latency: 2 - t: 118 - prev lateStart:100
scheduler with t: 98

u = C68 - FuName: mem_dual_port - instances: 2 - constrained: 1
Pred: C9 - 
Suc: C86 - C96 - 
PS set: C48 - C49 - C50 - C41 - C42 - C43 - C44 - C45 - C46 - C47 - C96 - C51 - C52 - C53 - C54 - C55 - C56 - C58 - C59 - C60 - C61 - C62 - C63 - C64 - C65 - C66 - C67 - C69 - C70 - C72 - C73 - C74 - C75 - C76 - C77 - C78 - C79 - C80 - C81 - C82 - C84 - C86 - C87 - C88 - C91 - C92 - C93 - C94 - C95 - 
pred-u intersec ps: empty set
suc-u intesec ps: C86 - C96 - 
only suc
C86 - predt: 102 - u_latency: 2 - t: 100 - prev lateStart:2058
C96 - predt: 120 - u_latency: 2 - t: 118 - prev lateStart:100
scheduler with t: 97

u = C90 - FuName: mem_dual_port - instances: 2 - constrained: 1
Pred: C5 - 
Suc: C95 - C96 - 
PS set: C48 - C49 - C50 - C41 - C42 - C43 - C44 - C45 - C46 - C47 - C96 - C51 - C52 - C53 - C54 - C55 - C56 - C58 - C59 - C60 - C61 - C62 - C63 - C64 - C65 - C66 - C67 - C68 - C69 - C70 - C72 - C73 - C74 - C75 - C76 - C77 - C78 - C79 - C80 - C81 - C82 - C84 - C86 - C87 - C88 - C91 - C92 - C93 - C94 - C95 - 
pred-u intersec ps: empty set
suc-u intesec ps: C95 - C96 - 
only suc
C95 - predt: 120 - u_latency: 2 - t: 118 - prev lateStart:2058
C96 - predt: 120 - u_latency: 2 - t: 118 - prev lateStart:118
scheduler with t: 118

u = C57 - FuName: signed_add_32 - instances: 0 - constrained: 0
Pred: C1 - 
Suc: C97 - 
PS set: C48 - C49 - C50 - C41 - C42 - C43 - C44 - C45 - C46 - C47 - C96 - C51 - C52 - C53 - C54 - C55 - C56 - C58 - C59 - C60 - C61 - C62 - C63 - C64 - C65 - C66 - C67 - C68 - C69 - C70 - C72 - C73 - C74 - C75 - C76 - C77 - C78 - C79 - C80 - C81 - C82 - C84 - C86 - C87 - C88 - C90 - C91 - C92 - C93 - C94 - C95 - 
pred-u intersec ps: empty set
suc-u intesec ps: empty set
neither pred or suc
earlyStart: 0 - lateStart: 20
scheduler with t: 0

u = C1 - FuName:  - instances: 0 - constrained: 0
Pred: empty set
Suc: C2 - C4 - C5 - C6 - C7 - C8 - C9 - C10 - C11 - C14 - C15 - C17 - C19 - C21 - C23 - C28 - C33 - C57 - 
PS set: C48 - C49 - C50 - C41 - C42 - C43 - C44 - C45 - C46 - C47 - C96 - C51 - C52 - C53 - C54 - C55 - C56 - C57 - C58 - C59 - C60 - C61 - C62 - C63 - C64 - C65 - C66 - C67 - C68 - C69 - C70 - C72 - C73 - C74 - C75 - C76 - C77 - C78 - C79 - C80 - C81 - C82 - C84 - C86 - C87 - C88 - C90 - C91 - C92 - C93 - C94 - C95 - 
pred-u intersec ps: empty set
suc-u intesec ps: C57 - 
only suc
C57 - predt: 0 - u_latency: 0 - t: 0 - prev lateStart:2058
scheduler with t: 0

u = C89 - FuName: mem_dual_port - instances: 2 - constrained: 1
Pred: C88 - C6 - 
Suc: empty set
PS set: C48 - C49 - C50 - C1 - C41 - C42 - C43 - C44 - C45 - C46 - C47 - C96 - C51 - C52 - C53 - C54 - C55 - C56 - C57 - C58 - C59 - C60 - C61 - C62 - C63 - C64 - C65 - C66 - C67 - C68 - C69 - C70 - C72 - C73 - C74 - C75 - C76 - C77 - C78 - C79 - C80 - C81 - C82 - C84 - C86 - C87 - C88 - C90 - C91 - C92 - C93 - C94 - C95 - 
pred-u intersec ps: C88 - 
suc-u intesec ps: empty set
only pred
C88 - t: 102 - pred_latency: 0
scheduler with t: 104

u = C85 - FuName: mem_dual_port - instances: 2 - constrained: 1
Pred: C84 - C7 - 
Suc: empty set
PS set: C48 - C49 - C50 - C1 - C41 - C42 - C43 - C44 - C45 - C46 - C47 - C96 - C51 - C52 - C53 - C54 - C55 - C56 - C57 - C58 - C59 - C60 - C61 - C62 - C63 - C64 - C65 - C66 - C67 - C68 - C69 - C70 - C72 - C73 - C74 - C75 - C76 - C77 - C78 - C79 - C80 - C81 - C82 - C84 - C86 - C87 - C88 - C89 - C90 - C91 - C92 - C93 - C94 - C95 - 
pred-u intersec ps: C84 - 
suc-u intesec ps: empty set
only pred
C84 - t: 102 - pred_latency: 0
scheduler with t: 104

u = C83 - FuName: mem_dual_port - instances: 2 - constrained: 1
Pred: C78 - C8 - 
Suc: empty set
PS set: C48 - C49 - C50 - C1 - C41 - C42 - C43 - C44 - C45 - C46 - C47 - C96 - C51 - C52 - C53 - C54 - C55 - C56 - C57 - C58 - C59 - C60 - C61 - C62 - C63 - C64 - C65 - C66 - C67 - C68 - C69 - C70 - C72 - C73 - C74 - C75 - C76 - C77 - C78 - C79 - C80 - C81 - C82 - C84 - C85 - C86 - C87 - C88 - C89 - C90 - C91 - C92 - C93 - C94 - C95 - 
pred-u intersec ps: C78 - 
suc-u intesec ps: empty set
only pred
C78 - t: 102 - pred_latency: 0
scheduler with t: 107

u = C71 - FuName:  - instances: 0 - constrained: 0
Pred: C40 - 
Suc: C72 - 
PS set: C48 - C49 - C50 - C1 - C41 - C42 - C43 - C44 - C45 - C46 - C47 - C96 - C51 - C52 - C53 - C54 - C55 - C56 - C57 - C58 - C59 - C60 - C61 - C62 - C63 - C64 - C65 - C66 - C67 - C68 - C69 - C70 - C72 - C73 - C74 - C75 - C76 - C77 - C78 - C79 - C80 - C81 - C82 - C83 - C84 - C85 - C86 - C87 - C88 - C89 - C90 - C91 - C92 - C93 - C94 - C95 - 
pred-u intersec ps: empty set
suc-u intesec ps: C72 - 
only suc
C72 - predt: 84 - u_latency: 0 - t: 84 - prev lateStart:2058
scheduler with t: 84

u = C40 - FuName: unsigned_divide_64 - instances: 3 - constrained: 1
Pred: C39 - C38 - 
Suc: C71 - 
PS set: C48 - C49 - C50 - C1 - C41 - C42 - C43 - C44 - C45 - C46 - C47 - C96 - C51 - C52 - C53 - C54 - C55 - C56 - C57 - C58 - C59 - C60 - C61 - C62 - C63 - C64 - C65 - C66 - C67 - C68 - C69 - C70 - C71 - C72 - C73 - C74 - C75 - C76 - C77 - C78 - C79 - C80 - C81 - C82 - C83 - C84 - C85 - C86 - C87 - C88 - C89 - C90 - C91 - C92 - C93 - C94 - C95 - 
pred-u intersec ps: empty set
suc-u intesec ps: C71 - 
only suc
C71 - predt: 84 - u_latency: 64 - t: 20 - prev lateStart:2058
scheduler with t: 20

u = C38 - FuName:  - instances: 0 - constrained: 0
Pred: C37 - 
Suc: C40 - 
PS set: C48 - C49 - C50 - C1 - C40 - C41 - C42 - C43 - C44 - C45 - C46 - C47 - C96 - C51 - C52 - C53 - C54 - C55 - C56 - C57 - C58 - C59 - C60 - C61 - C62 - C63 - C64 - C65 - C66 - C67 - C68 - C69 - C70 - C71 - C72 - C73 - C74 - C75 - C76 - C77 - C78 - C79 - C80 - C81 - C82 - C83 - C84 - C85 - C86 - C87 - C88 - C89 - C90 - C91 - C92 - C93 - C94 - C95 - 
pred-u intersec ps: empty set
suc-u intesec ps: C40 - 
only suc
C40 - predt: 20 - u_latency: 0 - t: 20 - prev lateStart:2058
scheduler with t: 20

u = C39 - FuName:  - instances: 0 - constrained: 0
Pred: C36 - 
Suc: C40 - 
PS set: C48 - C49 - C50 - C1 - C38 - C40 - C41 - C42 - C43 - C44 - C45 - C46 - C47 - C96 - C51 - C52 - C53 - C54 - C55 - C56 - C57 - C58 - C59 - C60 - C61 - C62 - C63 - C64 - C65 - C66 - C67 - C68 - C69 - C70 - C71 - C72 - C73 - C74 - C75 - C76 - C77 - C78 - C79 - C80 - C81 - C82 - C83 - C84 - C85 - C86 - C87 - C88 - C89 - C90 - C91 - C92 - C93 - C94 - C95 - 
pred-u intersec ps: empty set
suc-u intesec ps: C40 - 
only suc
C40 - predt: 20 - u_latency: 0 - t: 20 - prev lateStart:2058
scheduler with t: 20

u = C37 - FuName: mem_dual_port - instances: 2 - constrained: 1
Pred: C34 - 
Suc: C38 - 
PS set: C48 - C49 - C50 - C1 - C38 - C39 - C40 - C41 - C42 - C43 - C44 - C45 - C46 - C47 - C96 - C51 - C52 - C53 - C54 - C55 - C56 - C57 - C58 - C59 - C60 - C61 - C62 - C63 - C64 - C65 - C66 - C67 - C68 - C69 - C70 - C71 - C72 - C73 - C74 - C75 - C76 - C77 - C78 - C79 - C80 - C81 - C82 - C83 - C84 - C85 - C86 - C87 - C88 - C89 - C90 - C91 - C92 - C93 - C94 - C95 - 
pred-u intersec ps: empty set
suc-u intesec ps: C38 - 
only suc
C38 - predt: 20 - u_latency: 2 - t: 18 - prev lateStart:2058
scheduler with t: 12

u = C98 - FuName:  - instances: 0 - constrained: 0
Pred: C97 - 
Suc: empty set
PS set: C48 - C49 - C50 - C1 - C37 - C38 - C39 - C40 - C41 - C42 - C43 - C44 - C45 - C46 - C47 - C96 - C51 - C52 - C53 - C54 - C55 - C56 - C57 - C58 - C59 - C60 - C61 - C62 - C63 - C64 - C65 - C66 - C67 - C68 - C69 - C70 - C71 - C72 - C73 - C74 - C75 - C76 - C77 - C78 - C79 - C80 - C81 - C82 - C83 - C84 - C85 - C86 - C87 - C88 - C89 - C90 - C91 - C92 - C93 - C94 - C95 - 
pred-u intersec ps: empty set
suc-u intesec ps: empty set
neither pred or suc
earlyStart: 0 - lateStart: 20
scheduler with t: 0

u = C36 - FuName: mem_dual_port - instances: 2 - constrained: 1
Pred: C34 - 
Suc: C39 - 
PS set: C48 - C49 - C50 - C1 - C37 - C38 - C39 - C40 - C41 - C42 - C43 - C44 - C45 - C46 - C47 - C96 - C98 - C51 - C52 - C53 - C54 - C55 - C56 - C57 - C58 - C59 - C60 - C61 - C62 - C63 - C64 - C65 - C66 - C67 - C68 - C69 - C70 - C71 - C72 - C73 - C74 - C75 - C76 - C77 - C78 - C79 - C80 - C81 - C82 - C83 - C84 - C85 - C86 - C87 - C88 - C89 - C90 - C91 - C92 - C93 - C94 - C95 - 
pred-u intersec ps: empty set
suc-u intesec ps: C39 - 
only suc
C39 - predt: 20 - u_latency: 2 - t: 18 - prev lateStart:2058
scheduler with t: 12

u = C16 - FuName:  - instances: 0 - constrained: 0
Pred: C15 - 
Suc: C52 - 
PS set: C48 - C49 - C50 - C1 - C36 - C37 - C38 - C39 - C40 - C41 - C42 - C43 - C44 - C45 - C46 - C47 - C96 - C98 - C51 - C52 - C53 - C54 - C55 - C56 - C57 - C58 - C59 - C60 - C61 - C62 - C63 - C64 - C65 - C66 - C67 - C68 - C69 - C70 - C71 - C72 - C73 - C74 - C75 - C76 - C77 - C78 - C79 - C80 - C81 - C82 - C83 - C84 - C85 - C86 - C87 - C88 - C89 - C90 - C91 - C92 - C93 - C94 - C95 - 
pred-u intersec ps: empty set
suc-u intesec ps: C52 - 
only suc
C52 - predt: 82 - u_latency: 0 - t: 82 - prev lateStart:2058
scheduler with t: 82

u = C30 - FuName:  - instances: 0 - constrained: 0
Pred: C28 - 
Suc: C66 - 
PS set: C48 - C49 - C50 - C1 - C16 - C36 - C37 - C38 - C39 - C40 - C41 - C42 - C43 - C44 - C45 - C46 - C47 - C96 - C98 - C51 - C52 - C53 - C54 - C55 - C56 - C57 - C58 - C59 - C60 - C61 - C62 - C63 - C64 - C65 - C66 - C67 - C68 - C69 - C70 - C71 - C72 - C73 - C74 - C75 - C76 - C77 - C78 - C79 - C80 - C81 - C82 - C83 - C84 - C85 - C86 - C87 - C88 - C89 - C90 - C91 - C92 - C93 - C94 - C95 - 
pred-u intersec ps: empty set
suc-u intesec ps: C66 - 
only suc
C66 - predt: 81 - u_latency: 0 - t: 81 - prev lateStart:2058
scheduler with t: 81

u = C13 - FuName:  - instances: 0 - constrained: 0
Pred: C11 - 
Suc: C58 - 
PS set: C48 - C49 - C50 - C1 - C16 - C30 - C36 - C37 - C38 - C39 - C40 - C41 - C42 - C43 - C44 - C45 - C46 - C47 - C96 - C98 - C51 - C52 - C53 - C54 - C55 - C56 - C57 - C58 - C59 - C60 - C61 - C62 - C63 - C64 - C65 - C66 - C67 - C68 - C69 - C70 - C71 - C72 - C73 - C74 - C75 - C76 - C77 - C78 - C79 - C80 - C81 - C82 - C83 - C84 - C85 - C86 - C87 - C88 - C89 - C90 - C91 - C92 - C93 - C94 - C95 - 
pred-u intersec ps: empty set
suc-u intesec ps: C58 - 
only suc
C58 - predt: 0 - u_latency: 0 - t: 0 - prev lateStart:2058
scheduler with t: 0

u = C25 - FuName:  - instances: 0 - constrained: 0
Pred: C23 - 
Suc: C67 - 
PS set: C48 - C49 - C50 - C1 - C13 - C16 - C30 - C36 - C37 - C38 - C39 - C40 - C41 - C42 - C43 - C44 - C45 - C46 - C47 - C96 - C98 - C51 - C52 - C53 - C54 - C55 - C56 - C57 - C58 - C59 - C60 - C61 - C62 - C63 - C64 - C65 - C66 - C67 - C68 - C69 - C70 - C71 - C72 - C73 - C74 - C75 - C76 - C77 - C78 - C79 - C80 - C81 - C82 - C83 - C84 - C85 - C86 - C87 - C88 - C89 - C90 - C91 - C92 - C93 - C94 - C95 - 
pred-u intersec ps: empty set
suc-u intesec ps: C67 - 
only suc
C67 - predt: 81 - u_latency: 0 - t: 81 - prev lateStart:2058
scheduler with t: 81

u = C18 - FuName:  - instances: 0 - constrained: 0
Pred: C17 - 
Suc: C51 - 
PS set: C48 - C49 - C50 - C1 - C13 - C16 - C25 - C30 - C36 - C37 - C38 - C39 - C40 - C41 - C42 - C43 - C44 - C45 - C46 - C47 - C96 - C98 - C51 - C52 - C53 - C54 - C55 - C56 - C57 - C58 - C59 - C60 - C61 - C62 - C63 - C64 - C65 - C66 - C67 - C68 - C69 - C70 - C71 - C72 - C73 - C74 - C75 - C76 - C77 - C78 - C79 - C80 - C81 - C82 - C83 - C84 - C85 - C86 - C87 - C88 - C89 - C90 - C91 - C92 - C93 - C94 - C95 - 
pred-u intersec ps: empty set
suc-u intesec ps: C51 - 
only suc
C51 - predt: 82 - u_latency: 0 - t: 82 - prev lateStart:2058
scheduler with t: 82

u = C29 - FuName:  - instances: 0 - constrained: 0
Pred: C28 - 
Suc: C69 - 
PS set: C48 - C49 - C50 - C1 - C13 - C16 - C18 - C25 - C30 - C36 - C37 - C38 - C39 - C40 - C41 - C42 - C43 - C44 - C45 - C46 - C47 - C96 - C98 - C51 - C52 - C53 - C54 - C55 - C56 - C57 - C58 - C59 - C60 - C61 - C62 - C63 - C64 - C65 - C66 - C67 - C68 - C69 - C70 - C71 - C72 - C73 - C74 - C75 - C76 - C77 - C78 - C79 - C80 - C81 - C82 - C83 - C84 - C85 - C86 - C87 - C88 - C89 - C90 - C91 - C92 - C93 - C94 - C95 - 
pred-u intersec ps: empty set
suc-u intesec ps: C69 - 
only suc
C69 - predt: 98 - u_latency: 0 - t: 98 - prev lateStart:2058
scheduler with t: 98

u = C34 - FuName:  - instances: 0 - constrained: 0
Pred: C33 - 
Suc: C36 - C37 - 
PS set: C48 - C49 - C50 - C1 - C13 - C16 - C18 - C25 - C29 - C30 - C36 - C37 - C38 - C39 - C40 - C41 - C42 - C43 - C44 - C45 - C46 - C47 - C96 - C98 - C51 - C52 - C53 - C54 - C55 - C56 - C57 - C58 - C59 - C60 - C61 - C62 - C63 - C64 - C65 - C66 - C67 - C68 - C69 - C70 - C71 - C72 - C73 - C74 - C75 - C76 - C77 - C78 - C79 - C80 - C81 - C82 - C83 - C84 - C85 - C86 - C87 - C88 - C89 - C90 - C91 - C92 - C93 - C94 - C95 - 
pred-u intersec ps: empty set
suc-u intesec ps: C36 - C37 - 
only suc
C36 - predt: 12 - u_latency: 0 - t: 12 - prev lateStart:2058
C37 - predt: 12 - u_latency: 0 - t: 12 - prev lateStart:12
scheduler with t: 12

u = C26 - FuName:  - instances: 0 - constrained: 0
Pred: C23 - 
Suc: C62 - 
PS set: C48 - C49 - C50 - C1 - C13 - C16 - C18 - C25 - C29 - C30 - C34 - C36 - C37 - C38 - C39 - C40 - C41 - C42 - C43 - C44 - C45 - C46 - C47 - C96 - C98 - C51 - C52 - C53 - C54 - C55 - C56 - C57 - C58 - C59 - C60 - C61 - C62 - C63 - C64 - C65 - C66 - C67 - C68 - C69 - C70 - C71 - C72 - C73 - C74 - C75 - C76 - C77 - C78 - C79 - C80 - C81 - C82 - C83 - C84 - C85 - C86 - C87 - C88 - C89 - C90 - C91 - C92 - C93 - C94 - C95 - 
pred-u intersec ps: empty set
suc-u intesec ps: C62 - 
only suc
C62 - predt: 64 - u_latency: 0 - t: 64 - prev lateStart:2058
scheduler with t: 64

u = C20 - FuName:  - instances: 0 - constrained: 0
Pred: C19 - 
Suc: C47 - 
PS set: C48 - C49 - C50 - C1 - C13 - C16 - C18 - C25 - C26 - C29 - C30 - C34 - C36 - C37 - C38 - C39 - C40 - C41 - C42 - C43 - C44 - C45 - C46 - C47 - C96 - C98 - C51 - C52 - C53 - C54 - C55 - C56 - C57 - C58 - C59 - C60 - C61 - C62 - C63 - C64 - C65 - C66 - C67 - C68 - C69 - C70 - C71 - C72 - C73 - C74 - C75 - C76 - C77 - C78 - C79 - C80 - C81 - C82 - C83 - C84 - C85 - C86 - C87 - C88 - C89 - C90 - C91 - C92 - C93 - C94 - C95 - 
pred-u intersec ps: empty set
suc-u intesec ps: C47 - 
only suc
C47 - predt: 79 - u_latency: 0 - t: 79 - prev lateStart:2058
scheduler with t: 79

u = C31 - FuName:  - instances: 0 - constrained: 0
Pred: C28 - 
Suc: C61 - 
PS set: C48 - C49 - C50 - C1 - C13 - C16 - C18 - C20 - C25 - C26 - C29 - C30 - C34 - C36 - C37 - C38 - C39 - C40 - C41 - C42 - C43 - C44 - C45 - C46 - C47 - C96 - C98 - C51 - C52 - C53 - C54 - C55 - C56 - C57 - C58 - C59 - C60 - C61 - C62 - C63 - C64 - C65 - C66 - C67 - C68 - C69 - C70 - C71 - C72 - C73 - C74 - C75 - C76 - C77 - C78 - C79 - C80 - C81 - C82 - C83 - C84 - C85 - C86 - C87 - C88 - C89 - C90 - C91 - C92 - C93 - C94 - C95 - 
pred-u intersec ps: empty set
suc-u intesec ps: C61 - 
only suc
C61 - predt: 59 - u_latency: 0 - t: 59 - prev lateStart:2058
scheduler with t: 59

u = C32 - FuName:  - instances: 0 - constrained: 0
Pred: C28 - 
Suc: C41 - 
PS set: C48 - C49 - C50 - C1 - C13 - C16 - C18 - C20 - C25 - C26 - C29 - C30 - C31 - C34 - C36 - C37 - C38 - C39 - C40 - C41 - C42 - C43 - C44 - C45 - C46 - C47 - C96 - C98 - C51 - C52 - C53 - C54 - C55 - C56 - C57 - C58 - C59 - C60 - C61 - C62 - C63 - C64 - C65 - C66 - C67 - C68 - C69 - C70 - C71 - C72 - C73 - C74 - C75 - C76 - C77 - C78 - C79 - C80 - C81 - C82 - C83 - C84 - C85 - C86 - C87 - C88 - C89 - C90 - C91 - C92 - C93 - C94 - C95 - 
pred-u intersec ps: empty set
suc-u intesec ps: C41 - 
only suc
C41 - predt: 57 - u_latency: 0 - t: 57 - prev lateStart:2058
scheduler with t: 57

u = C3 - FuName:  - instances: 0 - constrained: 0
Pred: C2 - 
Suc: C96 - 
PS set: C48 - C49 - C50 - C1 - C13 - C16 - C18 - C20 - C25 - C26 - C29 - C30 - C31 - C32 - C34 - C36 - C37 - C38 - C39 - C40 - C41 - C42 - C43 - C44 - C45 - C46 - C47 - C96 - C98 - C51 - C52 - C53 - C54 - C55 - C56 - C57 - C58 - C59 - C60 - C61 - C62 - C63 - C64 - C65 - C66 - C67 - C68 - C69 - C70 - C71 - C72 - C73 - C74 - C75 - C76 - C77 - C78 - C79 - C80 - C81 - C82 - C83 - C84 - C85 - C86 - C87 - C88 - C89 - C90 - C91 - C92 - C93 - C94 - C95 - 
pred-u intersec ps: empty set
suc-u intesec ps: C96 - 
only suc
C96 - predt: 120 - u_latency: 0 - t: 120 - prev lateStart:2058
scheduler with t: 120

u = C97 - FuName: signed_comp_eq_32 - instances: 0 - constrained: 0
Pred: C57 - 
Suc: C98 - 
PS set: C48 - C49 - C50 - C1 - C3 - C13 - C16 - C18 - C20 - C25 - C26 - C29 - C30 - C31 - C32 - C34 - C36 - C37 - C38 - C39 - C40 - C41 - C42 - C43 - C44 - C45 - C46 - C47 - C96 - C98 - C51 - C52 - C53 - C54 - C55 - C56 - C57 - C58 - C59 - C60 - C61 - C62 - C63 - C64 - C65 - C66 - C67 - C68 - C69 - C70 - C71 - C72 - C73 - C74 - C75 - C76 - C77 - C78 - C79 - C80 - C81 - C82 - C83 - C84 - C85 - C86 - C87 - C88 - C89 - C90 - C91 - C92 - C93 - C94 - C95 - 
pred-u intersec ps: C57 - 
suc-u intesec ps: C98 - 
both pred and suc
C57 - t: 0 - pred_latency: 0
C98 - t: 0 - u_latency: 0
scheduler with t: 0

u = C27 - FuName:  - instances: 0 - constrained: 0
Pred: C23 - 
Suc: C42 - 
PS set: C48 - C49 - C50 - C1 - C3 - C13 - C16 - C18 - C20 - C25 - C26 - C29 - C30 - C31 - C32 - C34 - C36 - C37 - C38 - C39 - C40 - C41 - C42 - C43 - C44 - C45 - C46 - C47 - C96 - C97 - C98 - C51 - C52 - C53 - C54 - C55 - C56 - C57 - C58 - C59 - C60 - C61 - C62 - C63 - C64 - C65 - C66 - C67 - C68 - C69 - C70 - C71 - C72 - C73 - C74 - C75 - C76 - C77 - C78 - C79 - C80 - C81 - C82 - C83 - C84 - C85 - C86 - C87 - C88 - C89 - C90 - C91 - C92 - C93 - C94 - C95 - 
pred-u intersec ps: empty set
suc-u intesec ps: C42 - 
only suc
C42 - predt: 64 - u_latency: 0 - t: 64 - prev lateStart:2058
scheduler with t: 64

u = C12 - FuName:  - instances: 0 - constrained: 0
Pred: C11 - 
Suc: C65 - 
PS set: C48 - C49 - C50 - C1 - C3 - C13 - C16 - C18 - C20 - C25 - C26 - C27 - C29 - C30 - C31 - C32 - C34 - C36 - C37 - C38 - C39 - C40 - C41 - C42 - C43 - C44 - C45 - C46 - C47 - C96 - C97 - C98 - C51 - C52 - C53 - C54 - C55 - C56 - C57 - C58 - C59 - C60 - C61 - C62 - C63 - C64 - C65 - C66 - C67 - C68 - C69 - C70 - C71 - C72 - C73 - C74 - C75 - C76 - C77 - C78 - C79 - C80 - C81 - C82 - C83 - C84 - C85 - C86 - C87 - C88 - C89 - C90 - C91 - C92 - C93 - C94 - C95 - 
pred-u intersec ps: empty set
suc-u intesec ps: C65 - 
only suc
C65 - predt: 80 - u_latency: 0 - t: 80 - prev lateStart:2058
scheduler with t: 80

u = C24 - FuName:  - instances: 0 - constrained: 0
Pred: C23 - 
Suc: C70 - 
PS set: C48 - C49 - C50 - C1 - C3 - C12 - C13 - C16 - C18 - C20 - C25 - C26 - C27 - C29 - C30 - C31 - C32 - C34 - C36 - C37 - C38 - C39 - C40 - C41 - C42 - C43 - C44 - C45 - C46 - C47 - C96 - C97 - C98 - C51 - C52 - C53 - C54 - C55 - C56 - C57 - C58 - C59 - C60 - C61 - C62 - C63 - C64 - C65 - C66 - C67 - C68 - C69 - C70 - C71 - C72 - C73 - C74 - C75 - C76 - C77 - C78 - C79 - C80 - C81 - C82 - C83 - C84 - C85 - C86 - C87 - C88 - C89 - C90 - C91 - C92 - C93 - C94 - C95 - 
pred-u intersec ps: empty set
suc-u intesec ps: C70 - 
only suc
C70 - predt: 99 - u_latency: 0 - t: 99 - prev lateStart:2058
scheduler with t: 99

u = C22 - FuName:  - instances: 0 - constrained: 0
Pred: C21 - 
Suc: C46 - 
PS set: C48 - C49 - C50 - C1 - C3 - C12 - C13 - C16 - C18 - C20 - C24 - C25 - C26 - C27 - C29 - C30 - C31 - C32 - C34 - C36 - C37 - C38 - C39 - C40 - C41 - C42 - C43 - C44 - C45 - C46 - C47 - C96 - C97 - C98 - C51 - C52 - C53 - C54 - C55 - C56 - C57 - C58 - C59 - C60 - C61 - C62 - C63 - C64 - C65 - C66 - C67 - C68 - C69 - C70 - C71 - C72 - C73 - C74 - C75 - C76 - C77 - C78 - C79 - C80 - C81 - C82 - C83 - C84 - C85 - C86 - C87 - C88 - C89 - C90 - C91 - C92 - C93 - C94 - C95 - 
pred-u intersec ps: empty set
suc-u intesec ps: C46 - 
only suc
C46 - predt: 79 - u_latency: 0 - t: 79 - prev lateStart:2058
scheduler with t: 79

u = C6 - FuName:  - instances: 0 - constrained: 0
Pred: C1 - 
Suc: C89 - 
PS set: C48 - C49 - C50 - C1 - C3 - C12 - C13 - C16 - C18 - C20 - C22 - C24 - C25 - C26 - C27 - C29 - C30 - C31 - C32 - C34 - C36 - C37 - C38 - C39 - C40 - C41 - C42 - C43 - C44 - C45 - C46 - C47 - C96 - C97 - C98 - C51 - C52 - C53 - C54 - C55 - C56 - C57 - C58 - C59 - C60 - C61 - C62 - C63 - C64 - C65 - C66 - C67 - C68 - C69 - C70 - C71 - C72 - C73 - C74 - C75 - C76 - C77 - C78 - C79 - C80 - C81 - C82 - C83 - C84 - C85 - C86 - C87 - C88 - C89 - C90 - C91 - C92 - C93 - C94 - C95 - 
pred-u intersec ps: C1 - 
suc-u intesec ps: C89 - 
both pred and suc
C1 - t: 0 - pred_latency: 0
C89 - t: 104 - u_latency: 0
scheduler with t: 0

u = C17 - FuName: signed_add_32 - instances: 0 - constrained: 0
Pred: C1 - 
Suc: C18 - 
PS set: C48 - C49 - C50 - C1 - C3 - C6 - C12 - C13 - C16 - C18 - C20 - C22 - C24 - C25 - C26 - C27 - C29 - C30 - C31 - C32 - C34 - C36 - C37 - C38 - C39 - C40 - C41 - C42 - C43 - C44 - C45 - C46 - C47 - C96 - C97 - C98 - C51 - C52 - C53 - C54 - C55 - C56 - C57 - C58 - C59 - C60 - C61 - C62 - C63 - C64 - C65 - C66 - C67 - C68 - C69 - C70 - C71 - C72 - C73 - C74 - C75 - C76 - C77 - C78 - C79 - C80 - C81 - C82 - C83 - C84 - C85 - C86 - C87 - C88 - C89 - C90 - C91 - C92 - C93 - C94 - C95 - 
pred-u intersec ps: C1 - 
suc-u intesec ps: C18 - 
both pred and suc
C1 - t: 0 - pred_latency: 0
C18 - t: 82 - u_latency: 0
scheduler with t: 0

u = C10 - FuName:  - instances: 0 - constrained: 0
Pred: C1 - 
Suc: C64 - 
PS set: C48 - C49 - C50 - C1 - C3 - C6 - C12 - C13 - C16 - C17 - C18 - C20 - C22 - C24 - C25 - C26 - C27 - C29 - C30 - C31 - C32 - C34 - C36 - C37 - C38 - C39 - C40 - C41 - C42 - C43 - C44 - C45 - C46 - C47 - C96 - C97 - C98 - C51 - C52 - C53 - C54 - C55 - C56 - C57 - C58 - C59 - C60 - C61 - C62 - C63 - C64 - C65 - C66 - C67 - C68 - C69 - C70 - C71 - C72 - C73 - C74 - C75 - C76 - C77 - C78 - C79 - C80 - C81 - C82 - C83 - C84 - C85 - C86 - C87 - C88 - C89 - C90 - C91 - C92 - C93 - C94 - C95 - 
pred-u intersec ps: C1 - 
suc-u intesec ps: C64 - 
both pred and suc
C1 - t: 0 - pred_latency: 0
C64 - t: 80 - u_latency: 0
scheduler with t: 0

u = C15 - FuName: signed_add_32 - instances: 0 - constrained: 0
Pred: C1 - 
Suc: C16 - 
PS set: C48 - C49 - C50 - C1 - C3 - C6 - C10 - C12 - C13 - C16 - C17 - C18 - C20 - C22 - C24 - C25 - C26 - C27 - C29 - C30 - C31 - C32 - C34 - C36 - C37 - C38 - C39 - C40 - C41 - C42 - C43 - C44 - C45 - C46 - C47 - C96 - C97 - C98 - C51 - C52 - C53 - C54 - C55 - C56 - C57 - C58 - C59 - C60 - C61 - C62 - C63 - C64 - C65 - C66 - C67 - C68 - C69 - C70 - C71 - C72 - C73 - C74 - C75 - C76 - C77 - C78 - C79 - C80 - C81 - C82 - C83 - C84 - C85 - C86 - C87 - C88 - C89 - C90 - C91 - C92 - C93 - C94 - C95 - 
pred-u intersec ps: C1 - 
suc-u intesec ps: C16 - 
both pred and suc
C1 - t: 0 - pred_latency: 0
C16 - t: 82 - u_latency: 0
scheduler with t: 0

u = C23 - FuName: signed_add_32 - instances: 0 - constrained: 0
Pred: C1 - 
Suc: C24 - C25 - C26 - C27 - 
PS set: C48 - C49 - C50 - C1 - C3 - C6 - C10 - C12 - C13 - C15 - C16 - C17 - C18 - C20 - C22 - C24 - C25 - C26 - C27 - C29 - C30 - C31 - C32 - C34 - C36 - C37 - C38 - C39 - C40 - C41 - C42 - C43 - C44 - C45 - C46 - C47 - C96 - C97 - C98 - C51 - C52 - C53 - C54 - C55 - C56 - C57 - C58 - C59 - C60 - C61 - C62 - C63 - C64 - C65 - C66 - C67 - C68 - C69 - C70 - C71 - C72 - C73 - C74 - C75 - C76 - C77 - C78 - C79 - C80 - C81 - C82 - C83 - C84 - C85 - C86 - C87 - C88 - C89 - C90 - C91 - C92 - C93 - C94 - C95 - 
pred-u intersec ps: C1 - 
suc-u intesec ps: C24 - C25 - C26 - C27 - 
both pred and suc
C1 - t: 0 - pred_latency: 0
C24 - t: 99 - u_latency: 0
C25 - t: 81 - u_latency: 0
C26 - t: 64 - u_latency: 0
C27 - t: 64 - u_latency: 0
scheduler with t: 0

u = C11 - FuName: signed_add_32 - instances: 0 - constrained: 0
Pred: C1 - 
Suc: C12 - C13 - 
PS set: C48 - C49 - C50 - C1 - C3 - C6 - C10 - C12 - C13 - C15 - C16 - C17 - C18 - C20 - C22 - C23 - C24 - C25 - C26 - C27 - C29 - C30 - C31 - C32 - C34 - C36 - C37 - C38 - C39 - C40 - C41 - C42 - C43 - C44 - C45 - C46 - C47 - C96 - C97 - C98 - C51 - C52 - C53 - C54 - C55 - C56 - C57 - C58 - C59 - C60 - C61 - C62 - C63 - C64 - C65 - C66 - C67 - C68 - C69 - C70 - C71 - C72 - C73 - C74 - C75 - C76 - C77 - C78 - C79 - C80 - C81 - C82 - C83 - C84 - C85 - C86 - C87 - C88 - C89 - C90 - C91 - C92 - C93 - C94 - C95 - 
pred-u intersec ps: C1 - 
suc-u intesec ps: C12 - C13 - 
both pred and suc
C1 - t: 0 - pred_latency: 0
C12 - t: 80 - u_latency: 0
C13 - t: 0 - u_latency: 0
scheduler with t: 0

u = C4 - FuName:  - instances: 0 - constrained: 0
Pred: C1 - 
Suc: C91 - 
PS set: C48 - C49 - C50 - C1 - C3 - C6 - C10 - C11 - C12 - C13 - C15 - C16 - C17 - C18 - C20 - C22 - C23 - C24 - C25 - C26 - C27 - C29 - C30 - C31 - C32 - C34 - C36 - C37 - C38 - C39 - C40 - C41 - C42 - C43 - C44 - C45 - C46 - C47 - C96 - C97 - C98 - C51 - C52 - C53 - C54 - C55 - C56 - C57 - C58 - C59 - C60 - C61 - C62 - C63 - C64 - C65 - C66 - C67 - C68 - C69 - C70 - C71 - C72 - C73 - C74 - C75 - C76 - C77 - C78 - C79 - C80 - C81 - C82 - C83 - C84 - C85 - C86 - C87 - C88 - C89 - C90 - C91 - C92 - C93 - C94 - C95 - 
pred-u intersec ps: C1 - 
suc-u intesec ps: C91 - 
both pred and suc
C1 - t: 0 - pred_latency: 0
C91 - t: 98 - u_latency: 0
scheduler with t: 0

u = C21 - FuName: signed_add_32 - instances: 0 - constrained: 0
Pred: C1 - 
Suc: C22 - 
PS set: C48 - C49 - C50 - C1 - C3 - C4 - C6 - C10 - C11 - C12 - C13 - C15 - C16 - C17 - C18 - C20 - C22 - C23 - C24 - C25 - C26 - C27 - C29 - C30 - C31 - C32 - C34 - C36 - C37 - C38 - C39 - C40 - C41 - C42 - C43 - C44 - C45 - C46 - C47 - C96 - C97 - C98 - C51 - C52 - C53 - C54 - C55 - C56 - C57 - C58 - C59 - C60 - C61 - C62 - C63 - C64 - C65 - C66 - C67 - C68 - C69 - C70 - C71 - C72 - C73 - C74 - C75 - C76 - C77 - C78 - C79 - C80 - C81 - C82 - C83 - C84 - C85 - C86 - C87 - C88 - C89 - C90 - C91 - C92 - C93 - C94 - C95 - 
pred-u intersec ps: C1 - 
suc-u intesec ps: C22 - 
both pred and suc
C1 - t: 0 - pred_latency: 0
C22 - t: 79 - u_latency: 0
scheduler with t: 0

u = C19 - FuName: signed_add_32 - instances: 0 - constrained: 0
Pred: C1 - 
Suc: C20 - 
PS set: C48 - C49 - C50 - C1 - C3 - C4 - C6 - C10 - C11 - C12 - C13 - C15 - C16 - C17 - C18 - C20 - C21 - C22 - C23 - C24 - C25 - C26 - C27 - C29 - C30 - C31 - C32 - C34 - C36 - C37 - C38 - C39 - C40 - C41 - C42 - C43 - C44 - C45 - C46 - C47 - C96 - C97 - C98 - C51 - C52 - C53 - C54 - C55 - C56 - C57 - C58 - C59 - C60 - C61 - C62 - C63 - C64 - C65 - C66 - C67 - C68 - C69 - C70 - C71 - C72 - C73 - C74 - C75 - C76 - C77 - C78 - C79 - C80 - C81 - C82 - C83 - C84 - C85 - C86 - C87 - C88 - C89 - C90 - C91 - C92 - C93 - C94 - C95 - 
pred-u intersec ps: C1 - 
suc-u intesec ps: C20 - 
both pred and suc
C1 - t: 0 - pred_latency: 0
C20 - t: 79 - u_latency: 0
scheduler with t: 0

u = C2 - FuName: signed_add_32 - instances: 0 - constrained: 0
Pred: C1 - 
Suc: C3 - 
PS set: C48 - C49 - C50 - C1 - C3 - C4 - C6 - C10 - C11 - C12 - C13 - C15 - C16 - C17 - C18 - C19 - C20 - C21 - C22 - C23 - C24 - C25 - C26 - C27 - C29 - C30 - C31 - C32 - C34 - C36 - C37 - C38 - C39 - C40 - C41 - C42 - C43 - C44 - C45 - C46 - C47 - C96 - C97 - C98 - C51 - C52 - C53 - C54 - C55 - C56 - C57 - C58 - C59 - C60 - C61 - C62 - C63 - C64 - C65 - C66 - C67 - C68 - C69 - C70 - C71 - C72 - C73 - C74 - C75 - C76 - C77 - C78 - C79 - C80 - C81 - C82 - C83 - C84 - C85 - C86 - C87 - C88 - C89 - C90 - C91 - C92 - C93 - C94 - C95 - 
pred-u intersec ps: C1 - 
suc-u intesec ps: C3 - 
both pred and suc
C1 - t: 0 - pred_latency: 0
C3 - t: 120 - u_latency: 0
scheduler with t: 0

u = C5 - FuName:  - instances: 0 - constrained: 0
Pred: C1 - 
Suc: C90 - 
PS set: C48 - C49 - C50 - C1 - C2 - C3 - C4 - C6 - C10 - C11 - C12 - C13 - C15 - C16 - C17 - C18 - C19 - C20 - C21 - C22 - C23 - C24 - C25 - C26 - C27 - C29 - C30 - C31 - C32 - C34 - C36 - C37 - C38 - C39 - C40 - C41 - C42 - C43 - C44 - C45 - C46 - C47 - C96 - C97 - C98 - C51 - C52 - C53 - C54 - C55 - C56 - C57 - C58 - C59 - C60 - C61 - C62 - C63 - C64 - C65 - C66 - C67 - C68 - C69 - C70 - C71 - C72 - C73 - C74 - C75 - C76 - C77 - C78 - C79 - C80 - C81 - C82 - C83 - C84 - C85 - C86 - C87 - C88 - C89 - C90 - C91 - C92 - C93 - C94 - C95 - 
pred-u intersec ps: C1 - 
suc-u intesec ps: C90 - 
both pred and suc
C1 - t: 0 - pred_latency: 0
C90 - t: 118 - u_latency: 0
scheduler with t: 0

u = C7 - FuName:  - instances: 0 - constrained: 0
Pred: C1 - 
Suc: C85 - 
PS set: C48 - C49 - C50 - C1 - C2 - C3 - C4 - C5 - C6 - C10 - C11 - C12 - C13 - C15 - C16 - C17 - C18 - C19 - C20 - C21 - C22 - C23 - C24 - C25 - C26 - C27 - C29 - C30 - C31 - C32 - C34 - C36 - C37 - C38 - C39 - C40 - C41 - C42 - C43 - C44 - C45 - C46 - C47 - C96 - C97 - C98 - C51 - C52 - C53 - C54 - C55 - C56 - C57 - C58 - C59 - C60 - C61 - C62 - C63 - C64 - C65 - C66 - C67 - C68 - C69 - C70 - C71 - C72 - C73 - C74 - C75 - C76 - C77 - C78 - C79 - C80 - C81 - C82 - C83 - C84 - C85 - C86 - C87 - C88 - C89 - C90 - C91 - C92 - C93 - C94 - C95 - 
pred-u intersec ps: C1 - 
suc-u intesec ps: C85 - 
both pred and suc
C1 - t: 0 - pred_latency: 0
C85 - t: 104 - u_latency: 0
scheduler with t: 0

u = C8 - FuName:  - instances: 0 - constrained: 0
Pred: C1 - 
Suc: C83 - 
PS set: C48 - C49 - C50 - C1 - C2 - C3 - C4 - C5 - C6 - C7 - C10 - C11 - C12 - C13 - C15 - C16 - C17 - C18 - C19 - C20 - C21 - C22 - C23 - C24 - C25 - C26 - C27 - C29 - C30 - C31 - C32 - C34 - C36 - C37 - C38 - C39 - C40 - C41 - C42 - C43 - C44 - C45 - C46 - C47 - C96 - C97 - C98 - C51 - C52 - C53 - C54 - C55 - C56 - C57 - C58 - C59 - C60 - C61 - C62 - C63 - C64 - C65 - C66 - C67 - C68 - C69 - C70 - C71 - C72 - C73 - C74 - C75 - C76 - C77 - C78 - C79 - C80 - C81 - C82 - C83 - C84 - C85 - C86 - C87 - C88 - C89 - C90 - C91 - C92 - C93 - C94 - C95 - 
pred-u intersec ps: C1 - 
suc-u intesec ps: C83 - 
both pred and suc
C1 - t: 0 - pred_latency: 0
C83 - t: 107 - u_latency: 0
scheduler with t: 0

u = C28 - FuName: signed_add_32 - instances: 0 - constrained: 0
Pred: C1 - 
Suc: C29 - C30 - C31 - C32 - 
PS set: C48 - C49 - C50 - C1 - C2 - C3 - C4 - C5 - C6 - C7 - C8 - C10 - C11 - C12 - C13 - C15 - C16 - C17 - C18 - C19 - C20 - C21 - C22 - C23 - C24 - C25 - C26 - C27 - C29 - C30 - C31 - C32 - C34 - C36 - C37 - C38 - C39 - C40 - C41 - C42 - C43 - C44 - C45 - C46 - C47 - C96 - C97 - C98 - C51 - C52 - C53 - C54 - C55 - C56 - C57 - C58 - C59 - C60 - C61 - C62 - C63 - C64 - C65 - C66 - C67 - C68 - C69 - C70 - C71 - C72 - C73 - C74 - C75 - C76 - C77 - C78 - C79 - C80 - C81 - C82 - C83 - C84 - C85 - C86 - C87 - C88 - C89 - C90 - C91 - C92 - C93 - C94 - C95 - 
pred-u intersec ps: C1 - 
suc-u intesec ps: C29 - C30 - C31 - C32 - 
both pred and suc
C1 - t: 0 - pred_latency: 0
C29 - t: 98 - u_latency: 0
C30 - t: 81 - u_latency: 0
C31 - t: 59 - u_latency: 0
C32 - t: 57 - u_latency: 0
scheduler with t: 0

u = C9 - FuName:  - instances: 0 - constrained: 0
Pred: C1 - 
Suc: C68 - 
PS set: C48 - C49 - C50 - C1 - C2 - C3 - C4 - C5 - C6 - C7 - C8 - C10 - C11 - C12 - C13 - C15 - C16 - C17 - C18 - C19 - C20 - C21 - C22 - C23 - C24 - C25 - C26 - C27 - C28 - C29 - C30 - C31 - C32 - C34 - C36 - C37 - C38 - C39 - C40 - C41 - C42 - C43 - C44 - C45 - C46 - C47 - C96 - C97 - C98 - C51 - C52 - C53 - C54 - C55 - C56 - C57 - C58 - C59 - C60 - C61 - C62 - C63 - C64 - C65 - C66 - C67 - C68 - C69 - C70 - C71 - C72 - C73 - C74 - C75 - C76 - C77 - C78 - C79 - C80 - C81 - C82 - C83 - C84 - C85 - C86 - C87 - C88 - C89 - C90 - C91 - C92 - C93 - C94 - C95 - 
pred-u intersec ps: C1 - 
suc-u intesec ps: C68 - 
both pred and suc
C1 - t: 0 - pred_latency: 0
C68 - t: 97 - u_latency: 0
scheduler with t: 0

u = C14 - FuName:  - instances: 0 - constrained: 0
Pred: C1 - 
Suc: C56 - 
PS set: C48 - C49 - C50 - C1 - C2 - C3 - C4 - C5 - C6 - C7 - C8 - C9 - C10 - C11 - C12 - C13 - C15 - C16 - C17 - C18 - C19 - C20 - C21 - C22 - C23 - C24 - C25 - C26 - C27 - C28 - C29 - C30 - C31 - C32 - C34 - C36 - C37 - C38 - C39 - C40 - C41 - C42 - C43 - C44 - C45 - C46 - C47 - C96 - C97 - C98 - C51 - C52 - C53 - C54 - C55 - C56 - C57 - C58 - C59 - C60 - C61 - C62 - C63 - C64 - C65 - C66 - C67 - C68 - C69 - C70 - C71 - C72 - C73 - C74 - C75 - C76 - C77 - C78 - C79 - C80 - C81 - C82 - C83 - C84 - C85 - C86 - C87 - C88 - C89 - C90 - C91 - C92 - C93 - C94 - C95 - 
pred-u intersec ps: C1 - 
suc-u intesec ps: C56 - 
both pred and suc
C1 - t: 0 - pred_latency: 0
C56 - t: 0 - u_latency: 0
scheduler with t: 0

u = C33 - FuName: signed_add_32 - instances: 0 - constrained: 0
Pred: C1 - 
Suc: C34 - 
PS set: C48 - C49 - C50 - C1 - C2 - C3 - C4 - C5 - C6 - C7 - C8 - C9 - C10 - C11 - C12 - C13 - C14 - C15 - C16 - C17 - C18 - C19 - C20 - C21 - C22 - C23 - C24 - C25 - C26 - C27 - C28 - C29 - C30 - C31 - C32 - C34 - C36 - C37 - C38 - C39 - C40 - C41 - C42 - C43 - C44 - C45 - C46 - C47 - C96 - C97 - C98 - C51 - C52 - C53 - C54 - C55 - C56 - C57 - C58 - C59 - C60 - C61 - C62 - C63 - C64 - C65 - C66 - C67 - C68 - C69 - C70 - C71 - C72 - C73 - C74 - C75 - C76 - C77 - C78 - C79 - C80 - C81 - C82 - C83 - C84 - C85 - C86 - C87 - C88 - C89 - C90 - C91 - C92 - C93 - C94 - C95 - 
pred-u intersec ps: C1 - 
suc-u intesec ps: C34 - 
both pred and suc
C1 - t: 0 - pred_latency: 0
C34 - t: 12 - u_latency: 0
scheduler with t: 0

u = C35 - FuName:  - instances: 0 - constrained: 0
Pred: empty set
Suc: empty set
PS set: C48 - C49 - C50 - C1 - C2 - C3 - C4 - C5 - C6 - C7 - C8 - C9 - C10 - C11 - C12 - C13 - C14 - C15 - C16 - C17 - C18 - C19 - C20 - C21 - C22 - C23 - C24 - C25 - C26 - C27 - C28 - C29 - C30 - C31 - C32 - C33 - C34 - C36 - C37 - C38 - C39 - C40 - C41 - C42 - C43 - C44 - C45 - C46 - C47 - C96 - C97 - C98 - C51 - C52 - C53 - C54 - C55 - C56 - C57 - C58 - C59 - C60 - C61 - C62 - C63 - C64 - C65 - C66 - C67 - C68 - C69 - C70 - C71 - C72 - C73 - C74 - C75 - C76 - C77 - C78 - C79 - C80 - C81 - C82 - C83 - C84 - C85 - C86 - C87 - C88 - C89 - C90 - C91 - C92 - C93 - C94 - C95 - 
pred-u intersec ps: empty set
suc-u intesec ps: empty set
neither pred or suc
earlyStart: 0 - lateStart: 20
