//----------------------------------------------------------------------------//
// Generated by LegUp High-Level Synthesis Tool Version 4.0 (http://legup.org)
// Compiled: Mon Jun  4 15:32:40 2018
// University of Toronto
// For research and academic purposes only. Commercial use is prohibited.
// Please send bugs to: legup@eecg.toronto.edu
// Date: Mon Jul  2 15:35:45 2018
//----------------------------------------------------------------------------//

-------------------------- Datapath Operation Usage --------------------------

Operation "unknown" x 51 
Operation "signed_add_32" x 10 
Operation "signed_add_64" x 7 
Operation "signed_comp_eq_32" x 1 
Operation "signed_comp_eq_64" x 1 
Operation "signed_multiply_64" x 7 
Operation "signed_subtract_64" x 4 
Operation "unsigned_divide_64" x 2 

----------------------------- General Information -----------------------------

Number of declared variables in main: 96
Critical path contains operation: unsigned_divide_64

------------------------------ Resource Estimate ------------------------------

Fmax: 9 MHz
Note: Assuming only 256 DSPs available
Warning: These estimates don't account for binding yet!
Logic Elements: 10518
    Combinational: 10192
    Registers: 4834
DSP Elements: 56
